 [2024-01-27 11:36:56] <42304> START NicepayLite PYO (V1.1B20140314(OS:Linux2.6.32-754.35.1.el6.x86_64,PHP:7.3.15))
 [2024-01-27 11:36:56] <42304> Connect to ssl://web.nicepay.co.kr:443
 [2024-01-27 11:36:56] <42304> ssl://web.nicepay.co.kr:443 Server Connect OK
 [2024-01-27 11:36:56] <42304> MSG_TO_SVR::[/lite/payProcess.jsp]
 [2024-01-27 11:36:56] <42304> TID -> [ilooda001m01012401271136577575]
 [2024-01-27 11:36:56] <42304> 3001[카드 결제 성공]
 [2024-01-27 11:36:56] <42304> END PYO  Laptime:[0.457sec]
 [2024-01-27 11:36:56] <42304> ===============================================================
 [2024-01-27 13:48:12] <30401> START NicepayLite PYO (V1.1B20140314(OS:Linux2.6.32-754.35.1.el6.x86_64,PHP:7.3.15))
 [2024-01-27 13:48:12] <30401> Connect to ssl://web.nicepay.co.kr:443
 [2024-01-27 13:48:12] <30401> ssl://web.nicepay.co.kr:443 Server Connect OK
 [2024-01-27 13:48:12] <30401> MSG_TO_SVR::[/lite/payProcess.jsp]
 [2024-01-27 13:48:13] <30401> TID -> [ilooda001m01012401271348139535]
 [2024-01-27 13:48:13] <30401> 3001[카드 결제 성공]
 [2024-01-27 13:48:13] <30401> END PYO  Laptime:[0.714sec]
 [2024-01-27 13:48:13] <30401> ===============================================================
 [2024-01-27 16:20:05] <22322> START NicepayLite PYO (V1.1B20140314(OS:Linux2.6.32-754.35.1.el6.x86_64,PHP:7.3.15))
 [2024-01-27 16:20:05] <22322> Connect to ssl://web.nicepay.co.kr:443
 [2024-01-27 16:20:05] <22322> ssl://web.nicepay.co.kr:443 Server Connect OK
 [2024-01-27 16:20:05] <22322> MSG_TO_SVR::[/lite/payProcess.jsp]
 [2024-01-27 16:20:06] <22322> TID -> [ilooda001m01012401271620071888]
 [2024-01-27 16:20:06] <22322> 3001[카드 결제 성공]
 [2024-01-27 16:20:06] <22322> END PYO  Laptime:[1.076sec]
 [2024-01-27 16:20:06] <22322> ===============================================================
