 [2024-03-27 09:48:33] <77283> START NicepayLite PYO (V1.1B20140314(OS:Linux2.6.32-754.35.1.el6.x86_64,PHP:7.3.15))
 [2024-03-27 09:48:33] <77283> Connect to ssl://web.nicepay.co.kr:443
 [2024-03-27 09:48:33] <77283> ssl://web.nicepay.co.kr:443 Server Connect OK
 [2024-03-27 09:48:33] <77283> MSG_TO_SVR::[/lite/payProcess.jsp]
 [2024-03-27 09:48:34] <77283> TID -> [ilooda001m01012403270948354079]
 [2024-03-27 09:48:34] <77283> 3001[카드 결제 성공]
 [2024-03-27 09:48:34] <77283> END PYO  Laptime:[0.754sec]
 [2024-03-27 09:48:34] <77283> ===============================================================
 [2024-03-27 10:44:18] <102378> START NicepayLite PYO (V1.1B20140314(OS:Linux2.6.32-754.35.1.el6.x86_64,PHP:7.3.15))
 [2024-03-27 10:44:18] <102378> Connect to ssl://web.nicepay.co.kr:443
 [2024-03-27 10:44:18] <102378> ssl://web.nicepay.co.kr:443 Server Connect OK
 [2024-03-27 10:44:18] <102378> MSG_TO_SVR::[/lite/payProcess.jsp]
 [2024-03-27 10:44:19] <102378> TID -> [ilooda001m01012403271044201331]
 [2024-03-27 10:44:19] <102378> 3001[카드 결제 성공]
 [2024-03-27 10:44:19] <102378> END PYO  Laptime:[0.894sec]
 [2024-03-27 10:44:19] <102378> ===============================================================
 [2024-03-27 11:34:01] <71971> START NicepayLite PYO (V1.1B20140314(OS:Linux2.6.32-754.35.1.el6.x86_64,PHP:7.3.15))
 [2024-03-27 11:34:01] <71971> Connect to ssl://web.nicepay.co.kr:443
 [2024-03-27 11:34:01] <71971> ssl://web.nicepay.co.kr:443 Server Connect OK
 [2024-03-27 11:34:01] <71971> MSG_TO_SVR::[/lite/payProcess.jsp]
 [2024-03-27 11:34:02] <71971> TID -> [ilooda001m01012403271134032080]
 [2024-03-27 11:34:02] <71971> 3001[카드 결제 성공]
 [2024-03-27 11:34:02] <71971> END PYO  Laptime:[0.712sec]
 [2024-03-27 11:34:02] <71971> ===============================================================
 [2024-03-27 16:06:06] <886> START NicepayLite PYO (V1.1B20140314(OS:Linux2.6.32-754.35.1.el6.x86_64,PHP:7.3.15))
 [2024-03-27 16:06:06] <886> Connect to ssl://web.nicepay.co.kr:443
 [2024-03-27 16:06:06] <886> ssl://web.nicepay.co.kr:443 Server Connect OK
 [2024-03-27 16:06:06] <886> MSG_TO_SVR::[/lite/payProcess.jsp]
 [2024-03-27 16:06:07] <886> TID -> [ilooda001m01012403271606085239]
 [2024-03-27 16:06:07] <886> 3001[카드 결제 성공]
 [2024-03-27 16:06:07] <886> END PYO  Laptime:[0.854sec]
 [2024-03-27 16:06:07] <886> ===============================================================
 [2024-03-27 18:25:38] <128768> START NicepayLite PYO (V1.1B20140314(OS:Linux2.6.32-754.35.1.el6.x86_64,PHP:7.3.15))
 [2024-03-27 18:25:38] <128768> Connect to ssl://web.nicepay.co.kr:443
 [2024-03-27 18:25:38] <128768> ssl://web.nicepay.co.kr:443 Server Connect OK
 [2024-03-27 18:25:38] <128768> MSG_TO_SVR::[/lite/payProcess.jsp]
 [2024-03-27 18:25:38] <128768> TID -> [ilooda001m01012403271825403199]
 [2024-03-27 18:25:38] <128768> 3001[카드 결제 성공]
 [2024-03-27 18:25:38] <128768> END PYO  Laptime:[0.311sec]
 [2024-03-27 18:25:38] <128768> ===============================================================
 [2024-03-27 19:40:41] <22243> START NicepayLite PYO (V1.1B20140314(OS:Linux2.6.32-754.35.1.el6.x86_64,PHP:7.3.15))
 [2024-03-27 19:40:41] <22243> Connect to ssl://web.nicepay.co.kr:443
 [2024-03-27 19:40:41] <22243> ssl://web.nicepay.co.kr:443 Server Connect OK
 [2024-03-27 19:40:41] <22243> MSG_TO_SVR::[/lite/payProcess.jsp]
 [2024-03-27 19:40:42] <22243> TID -> [ilooda001m01012403271940435559]
 [2024-03-27 19:40:42] <22243> 3001[카드 결제 성공]
 [2024-03-27 19:40:42] <22243> END PYO  Laptime:[0.727sec]
 [2024-03-27 19:40:42] <22243> ===============================================================
 [2024-03-27 19:42:00] <30969> START NicepayLite PYO (V1.1B20140314(OS:Linux2.6.32-754.35.1.el6.x86_64,PHP:7.3.15))
 [2024-03-27 19:42:00] <30969> Connect to ssl://web.nicepay.co.kr:443
 [2024-03-27 19:42:00] <30969> ssl://web.nicepay.co.kr:443 Server Connect OK
 [2024-03-27 19:42:00] <30969> MSG_TO_SVR::[/lite/payProcess.jsp]
 [2024-03-27 19:42:01] <30969> TID -> [ilooda001m01012403271942026566]
 [2024-03-27 19:42:01] <30969> 3001[카드 결제 성공]
 [2024-03-27 19:42:01] <30969> END PYO  Laptime:[0.813sec]
 [2024-03-27 19:42:01] <30969> ===============================================================
