 [2023-12-15 09:29:18] <147417> START NicepayLite PYO (V1.1B20140314(OS:Linux2.6.32-754.35.1.el6.x86_64,PHP:7.3.15))
 [2023-12-15 09:29:18] <147417> Connect to ssl://web.nicepay.co.kr:443
 [2023-12-15 09:29:18] <147417> ssl://web.nicepay.co.kr:443 Server Connect OK
 [2023-12-15 09:29:18] <147417> MSG_TO_SVR::[/lite/payProcess.jsp]
 [2023-12-15 09:29:18] <147417> TID -> [ilooda001m01012312150929191759]
 [2023-12-15 09:29:18] <147417> 3001[카드 결제 성공]
 [2023-12-15 09:29:18] <147417> END PYO  Laptime:[0.892sec]
 [2023-12-15 09:29:18] <147417> ===============================================================
 [2023-12-15 10:28:37] <94256> START NicepayLite PYO (V1.1B20140314(OS:Linux2.6.32-754.35.1.el6.x86_64,PHP:7.3.15))
 [2023-12-15 10:28:37] <94256> Connect to ssl://web.nicepay.co.kr:443
 [2023-12-15 10:28:38] <94256> ssl://web.nicepay.co.kr:443 Server Connect OK
 [2023-12-15 10:28:38] <94256> MSG_TO_SVR::[/lite/payProcess.jsp]
 [2023-12-15 10:28:38] <94256> TID -> [ilooda001m01012312151028390591]
 [2023-12-15 10:28:38] <94256> 3001[카드 결제 성공]
 [2023-12-15 10:28:38] <94256> END PYO  Laptime:[0.572sec]
 [2023-12-15 10:28:38] <94256> ===============================================================
 [2023-12-15 10:34:54] <134190> START NicepayLite PYO (V1.1B20140314(OS:Linux2.6.32-754.35.1.el6.x86_64,PHP:7.3.15))
 [2023-12-15 10:34:54] <134190> Connect to ssl://web.nicepay.co.kr:443
 [2023-12-15 10:34:54] <134190> ssl://web.nicepay.co.kr:443 Server Connect OK
 [2023-12-15 10:34:54] <134190> MSG_TO_SVR::[/lite/payProcess.jsp]
 [2023-12-15 10:34:54] <134190> TID -> [ilooda001m01012312151034555414]
 [2023-12-15 10:34:54] <134190> 3001[카드 결제 성공]
 [2023-12-15 10:34:54] <134190> END PYO  Laptime:[0.38sec]
 [2023-12-15 10:34:54] <134190> ===============================================================
 [2023-12-15 10:55:23] <125004> START NicepayLite PYO (V1.1B20140314(OS:Linux2.6.32-754.35.1.el6.x86_64,PHP:7.3.15))
 [2023-12-15 10:55:23] <125004> Connect to ssl://web.nicepay.co.kr:443
 [2023-12-15 10:55:23] <125004> ssl://web.nicepay.co.kr:443 Server Connect OK
 [2023-12-15 10:55:23] <125004> MSG_TO_SVR::[/lite/payProcess.jsp]
 [2023-12-15 10:55:24] <125004> TID -> [ilooda001m01012312151055244004]
 [2023-12-15 10:55:24] <125004> 3001[카드 결제 성공]
 [2023-12-15 10:55:24] <125004> END PYO  Laptime:[1.152sec]
 [2023-12-15 10:55:24] <125004> ===============================================================
 [2023-12-15 15:31:01] <22474> START NicepayLite PYO (V1.1B20140314(OS:Linux2.6.32-754.35.1.el6.x86_64,PHP:7.3.15))
 [2023-12-15 15:31:01] <22474> Connect to ssl://web.nicepay.co.kr:443
 [2023-12-15 15:31:01] <22474> ssl://web.nicepay.co.kr:443 Server Connect OK
 [2023-12-15 15:31:01] <22474> MSG_TO_SVR::[/lite/payProcess.jsp]
 [2023-12-15 15:31:01] <22474> TID -> [ilooda001m01012312151531023633]
 [2023-12-15 15:31:01] <22474> 3001[카드 결제 성공]
 [2023-12-15 15:31:01] <22474> END PYO  Laptime:[0.433sec]
 [2023-12-15 15:31:01] <22474> ===============================================================
 [2023-12-15 17:58:57] <121928> START NicepayLite PYO (V1.1B20140314(OS:Linux2.6.32-754.35.1.el6.x86_64,PHP:7.3.15))
 [2023-12-15 17:58:57] <121928> Connect to ssl://web.nicepay.co.kr:443
 [2023-12-15 17:58:57] <121928> ssl://web.nicepay.co.kr:443 Server Connect OK
 [2023-12-15 17:58:57] <121928> MSG_TO_SVR::[/lite/payProcess.jsp]
 [2023-12-15 17:58:58] <121928> TID -> [ilooda001m01012312151758591073]
 [2023-12-15 17:58:58] <121928> 3001[카드 결제 성공]
 [2023-12-15 17:58:58] <121928> END PYO  Laptime:[0.345sec]
 [2023-12-15 17:58:58] <121928> ===============================================================
 [2023-12-15 17:59:19] <128176> START NicepayLite PYO (V1.1B20140314(OS:Linux2.6.32-754.35.1.el6.x86_64,PHP:7.3.15))
 [2023-12-15 17:59:19] <128176> Connect to ssl://web.nicepay.co.kr:443
 [2023-12-15 17:59:19] <128176> ssl://web.nicepay.co.kr:443 Server Connect OK
 [2023-12-15 17:59:19] <128176> MSG_TO_SVR::[/lite/payProcess.jsp]
 [2023-12-15 17:59:19] <128176> TID -> [ilooda001m01012312151759203362]
 [2023-12-15 17:59:19] <128176> 3001[카드 결제 성공]
 [2023-12-15 17:59:19] <128176> END PYO  Laptime:[0.569sec]
 [2023-12-15 17:59:19] <128176> ===============================================================
