 [2024-03-08 15:13:52] <41959> START NicepayLite PYO (V1.1B20140314(OS:Linux2.6.32-754.35.1.el6.x86_64,PHP:7.3.15))
 [2024-03-08 15:13:52] <41959> Connect to ssl://web.nicepay.co.kr:443
 [2024-03-08 15:13:52] <41959> ssl://web.nicepay.co.kr:443 Server Connect OK
 [2024-03-08 15:13:52] <41959> MSG_TO_SVR::[/lite/payProcess.jsp]
 [2024-03-08 15:13:52] <41959> TID -> [ilooda001m01012403081513535239]
 [2024-03-08 15:13:52] <41959> 3001[카드 결제 성공]
 [2024-03-08 15:13:52] <41959> END PYO  Laptime:[0.664sec]
 [2024-03-08 15:13:52] <41959> ===============================================================
 [2024-03-08 16:06:44] <45043> START NicepayLite PYO (V1.1B20140314(OS:Linux2.6.32-754.35.1.el6.x86_64,PHP:7.3.15))
 [2024-03-08 16:06:44] <45043> Connect to ssl://web.nicepay.co.kr:443
 [2024-03-08 16:06:44] <45043> ssl://web.nicepay.co.kr:443 Server Connect OK
 [2024-03-08 16:06:44] <45043> MSG_TO_SVR::[/lite/payProcess.jsp]
 [2024-03-08 16:06:44] <45043> TID -> [ilooda001m01012403081606455063]
 [2024-03-08 16:06:44] <45043> 3001[카드 결제 성공]
 [2024-03-08 16:06:44] <45043> END PYO  Laptime:[0.352sec]
 [2024-03-08 16:06:44] <45043> ===============================================================
 [2024-03-08 18:30:19] <67873> START NicepayLite PYO (V1.1B20140314(OS:Linux2.6.32-754.35.1.el6.x86_64,PHP:7.3.15))
 [2024-03-08 18:30:19] <67873> Connect to ssl://web.nicepay.co.kr:443
 [2024-03-08 18:30:19] <67873> ssl://web.nicepay.co.kr:443 Server Connect OK
 [2024-03-08 18:30:19] <67873> MSG_TO_SVR::[/lite/payProcess.jsp]
 [2024-03-08 18:30:20] <67873> TID -> [ilooda001m01012403081830210047]
 [2024-03-08 18:30:20] <67873> 3001[카드 결제 성공]
 [2024-03-08 18:30:20] <67873> END PYO  Laptime:[0.537sec]
 [2024-03-08 18:30:20] <67873> ===============================================================
 [2024-03-08 19:49:51] <121818> START NicepayLite PYO (V1.1B20140314(OS:Linux2.6.32-754.35.1.el6.x86_64,PHP:7.3.15))
 [2024-03-08 19:49:51] <121818> Connect to ssl://web.nicepay.co.kr:443
 [2024-03-08 19:49:51] <121818> ssl://web.nicepay.co.kr:443 Server Connect OK
 [2024-03-08 19:49:51] <121818> MSG_TO_SVR::[/lite/payProcess.jsp]
 [2024-03-08 19:49:51] <121818> TID -> [ilooda001m01012403081949529304]
 [2024-03-08 19:49:51] <121818> 3001[카드 결제 성공]
 [2024-03-08 19:49:51] <121818> END PYO  Laptime:[0.275sec]
 [2024-03-08 19:49:51] <121818> ===============================================================
