 [2023-12-21 00:32:36] <25312> START NicepayLite PYO (V1.1B20140314(OS:Linux2.6.32-754.35.1.el6.x86_64,PHP:7.3.15))
 [2023-12-21 00:32:36] <25312> Connect to ssl://web.nicepay.co.kr:443
 [2023-12-21 00:32:36] <25312> ssl://web.nicepay.co.kr:443 Server Connect OK
 [2023-12-21 00:32:36] <25312> MSG_TO_SVR::[/lite/payProcess.jsp]
 [2023-12-21 00:32:37] <25312> TID -> [ilooda001m01012312210032374655]
 [2023-12-21 00:32:37] <25312> 3001[카드 결제 성공]
 [2023-12-21 00:32:37] <25312> END PYO  Laptime:[0.895sec]
 [2023-12-21 00:32:37] <25312> ===============================================================
 [2023-12-21 10:43:52] <142850> START NicepayLite PYO (V1.1B20140314(OS:Linux2.6.32-754.35.1.el6.x86_64,PHP:7.3.15))
 [2023-12-21 10:43:52] <142850> Connect to ssl://web.nicepay.co.kr:443
 [2023-12-21 10:43:52] <142850> ssl://web.nicepay.co.kr:443 Server Connect OK
 [2023-12-21 10:43:52] <142850> MSG_TO_SVR::[/lite/payProcess.jsp]
 [2023-12-21 10:43:53] <142850> TID -> [ilooda001m01012312211043537834]
 [2023-12-21 10:43:53] <142850> 3001[카드 결제 성공]
 [2023-12-21 10:43:53] <142850> END PYO  Laptime:[0.95sec]
 [2023-12-21 10:43:53] <142850> ===============================================================
 [2023-12-21 11:15:37] <80417> START NicepayLite PYO (V1.1B20140314(OS:Linux2.6.32-754.35.1.el6.x86_64,PHP:7.3.15))
 [2023-12-21 11:15:37] <80417> Connect to ssl://web.nicepay.co.kr:443
 [2023-12-21 11:15:37] <80417> ssl://web.nicepay.co.kr:443 Server Connect OK
 [2023-12-21 11:15:37] <80417> MSG_TO_SVR::[/lite/payProcess.jsp]
 [2023-12-21 11:15:37] <80417> TID -> [ilooda001m01012312211115383032]
 [2023-12-21 11:15:37] <80417> 3001[카드 결제 성공]
 [2023-12-21 11:15:37] <80417> END PYO  Laptime:[0.56sec]
 [2023-12-21 11:15:37] <80417> ===============================================================
 [2023-12-21 11:54:36] <65904> START NicepayLite PYO (V1.1B20140314(OS:Linux2.6.32-754.35.1.el6.x86_64,PHP:7.3.15))
 [2023-12-21 11:54:36] <65904> Connect to ssl://web.nicepay.co.kr:443
 [2023-12-21 11:54:36] <65904> ssl://web.nicepay.co.kr:443 Server Connect OK
 [2023-12-21 11:54:36] <65904> MSG_TO_SVR::[/lite/payProcess.jsp]
 [2023-12-21 11:54:37] <65904> TID -> [ilooda001m01012312211154379914]
 [2023-12-21 11:54:37] <65904> 3001[카드 결제 성공]
 [2023-12-21 11:54:37] <65904> END PYO  Laptime:[0.879sec]
 [2023-12-21 11:54:37] <65904> ===============================================================
 [2023-12-21 12:02:01] <116213> START NicepayLite PYO (V1.1B20140314(OS:Linux2.6.32-754.35.1.el6.x86_64,PHP:7.3.15))
 [2023-12-21 12:02:01] <116213> Connect to ssl://web.nicepay.co.kr:443
 [2023-12-21 12:02:01] <116213> ssl://web.nicepay.co.kr:443 Server Connect OK
 [2023-12-21 12:02:01] <116213> MSG_TO_SVR::[/lite/payProcess.jsp]
 [2023-12-21 12:02:02] <116213> TID -> [ilooda001m01012312211202023264]
 [2023-12-21 12:02:02] <116213> 3001[카드 결제 성공]
 [2023-12-21 12:02:02] <116213> END PYO  Laptime:[1.092sec]
 [2023-12-21 12:02:02] <116213> ===============================================================
 [2023-12-21 14:50:33] <5057> START NicepayLite PYO (V1.1B20140314(OS:Linux2.6.32-754.35.1.el6.x86_64,PHP:7.3.15))
 [2023-12-21 14:50:33] <5057> Connect to ssl://web.nicepay.co.kr:443
 [2023-12-21 14:50:33] <5057> ssl://web.nicepay.co.kr:443 Server Connect OK
 [2023-12-21 14:50:33] <5057> MSG_TO_SVR::[/lite/payProcess.jsp]
 [2023-12-21 14:50:33] <5057> TID -> [ilooda001m01012312211450344921]
 [2023-12-21 14:50:33] <5057> 3001[카드 결제 성공]
 [2023-12-21 14:50:33] <5057> END PYO  Laptime:[0.434sec]
 [2023-12-21 14:50:33] <5057> ===============================================================
 [2023-12-21 15:46:05] <110125> START NicepayLite PYO (V1.1B20140314(OS:Linux2.6.32-754.35.1.el6.x86_64,PHP:7.3.15))
 [2023-12-21 15:46:05] <110125> Connect to ssl://web.nicepay.co.kr:443
 [2023-12-21 15:46:05] <110125> ssl://web.nicepay.co.kr:443 Server Connect OK
 [2023-12-21 15:46:05] <110125> MSG_TO_SVR::[/lite/payProcess.jsp]
 [2023-12-21 15:46:06] <110125> TID -> [ilooda001m01012312211546069604]
 [2023-12-21 15:46:06] <110125> 3001[카드 결제 성공]
 [2023-12-21 15:46:06] <110125> END PYO  Laptime:[0.636sec]
 [2023-12-21 15:46:06] <110125> ===============================================================
 [2023-12-21 16:29:26] <123675> START NicepayLite PYO (V1.1B20140314(OS:Linux2.6.32-754.35.1.el6.x86_64,PHP:7.3.15))
 [2023-12-21 16:29:26] <123675> Connect to ssl://web.nicepay.co.kr:443
 [2023-12-21 16:29:26] <123675> ssl://web.nicepay.co.kr:443 Server Connect OK
 [2023-12-21 16:29:26] <123675> MSG_TO_SVR::[/lite/payProcess.jsp]
 [2023-12-21 16:29:26] <123675> TID -> [ilooda001m01012312211629274101]
 [2023-12-21 16:29:26] <123675> 3001[카드 결제 성공]
 [2023-12-21 16:29:26] <123675> END PYO  Laptime:[0.704sec]
 [2023-12-21 16:29:26] <123675> ===============================================================
 [2023-12-21 16:46:10] <98437> START NicepayLite PYO (V1.1B20140314(OS:Linux2.6.32-754.35.1.el6.x86_64,PHP:7.3.15))
 [2023-12-21 16:46:10] <98437> Connect to ssl://web.nicepay.co.kr:443
 [2023-12-21 16:46:10] <98437> ssl://web.nicepay.co.kr:443 Server Connect OK
 [2023-12-21 16:46:10] <98437> MSG_TO_SVR::[/lite/payProcess.jsp]
 [2023-12-21 16:46:11] <98437> TID -> [ilooda001m01012312211646116914]
 [2023-12-21 16:46:11] <98437> 3001[카드 결제 성공]
 [2023-12-21 16:46:11] <98437> END PYO  Laptime:[0.978sec]
 [2023-12-21 16:46:11] <98437> ===============================================================
 [2023-12-21 17:59:56] <31528> START NicepayLite PYO (V1.1B20140314(OS:Linux2.6.32-754.35.1.el6.x86_64,PHP:7.3.15))
 [2023-12-21 17:59:56] <31528> Connect to ssl://web.nicepay.co.kr:443
 [2023-12-21 17:59:56] <31528> ssl://web.nicepay.co.kr:443 Server Connect OK
 [2023-12-21 17:59:56] <31528> MSG_TO_SVR::[/lite/payProcess.jsp]
 [2023-12-21 17:59:57] <31528> TID -> [ilooda001m01012312211759578748]
 [2023-12-21 17:59:57] <31528> 3001[카드 결제 성공]
 [2023-12-21 17:59:57] <31528> END PYO  Laptime:[0.643sec]
 [2023-12-21 17:59:57] <31528> ===============================================================
 [2023-12-21 19:23:02] <31559> START NicepayLite PYO (V1.1B20140314(OS:Linux2.6.32-754.35.1.el6.x86_64,PHP:7.3.15))
 [2023-12-21 19:23:02] <31559> Connect to ssl://web.nicepay.co.kr:443
 [2023-12-21 19:23:02] <31559> ssl://web.nicepay.co.kr:443 Server Connect OK
 [2023-12-21 19:23:02] <31559> MSG_TO_SVR::[/lite/payProcess.jsp]
 [2023-12-21 19:23:02] <31559> TID -> [ilooda001m01012312211923035554]
 [2023-12-21 19:23:02] <31559> 3001[카드 결제 성공]
 [2023-12-21 19:23:02] <31559> END PYO  Laptime:[0.728sec]
 [2023-12-21 19:23:02] <31559> ===============================================================
