 [2024-05-13 09:38:47] <80867> START NicepayLite PYO (V1.1B20140314(OS:Linux2.6.32-754.35.1.el6.x86_64,PHP:7.3.15))
 [2024-05-13 09:38:47] <80867> Connect to ssl://web.nicepay.co.kr:443
 [2024-05-13 09:38:47] <80867> ssl://web.nicepay.co.kr:443 Server Connect OK
 [2024-05-13 09:38:47] <80867> MSG_TO_SVR::[/lite/payProcess.jsp]
 [2024-05-13 09:38:48] <80867> TID -> [ilooda001m01012405130938477856]
 [2024-05-13 09:38:48] <80867> 1082[한도 초과]
 [2024-05-13 09:38:48] <80867> END PYO  Laptime:[1.153sec]
 [2024-05-13 09:38:48] <80867> ===============================================================
 [2024-05-13 09:40:00] <89375> START NicepayLite PYO (V1.1B20140314(OS:Linux2.6.32-754.35.1.el6.x86_64,PHP:7.3.15))
 [2024-05-13 09:40:00] <89375> Connect to ssl://web.nicepay.co.kr:443
 [2024-05-13 09:40:00] <89375> ssl://web.nicepay.co.kr:443 Server Connect OK
 [2024-05-13 09:40:00] <89375> MSG_TO_SVR::[/lite/payProcess.jsp]
 [2024-05-13 09:40:01] <89375> TID -> [ilooda001m01012405130940006117]
 [2024-05-13 09:40:01] <89375> 3001[카드 결제 성공]
 [2024-05-13 09:40:01] <89375> END PYO  Laptime:[1.169sec]
 [2024-05-13 09:40:01] <89375> ===============================================================
 [2024-05-13 09:40:59] <98043> START NicepayLite PYO (V1.1B20140314(OS:Linux2.6.32-754.35.1.el6.x86_64,PHP:7.3.15))
 [2024-05-13 09:40:59] <98043> Connect to ssl://web.nicepay.co.kr:443
 [2024-05-13 09:40:59] <98043> ssl://web.nicepay.co.kr:443 Server Connect OK
 [2024-05-13 09:40:59] <98043> MSG_TO_SVR::[/lite/payProcess.jsp]
 [2024-05-13 09:41:00] <98043> TID -> [ilooda001m01012405130940599958]
 [2024-05-13 09:41:00] <98043> 3001[카드 결제 성공]
 [2024-05-13 09:41:00] <98043> END PYO  Laptime:[0.656sec]
 [2024-05-13 09:41:00] <98043> ===============================================================
 [2024-05-13 09:58:53] <104139> START NicepayLite PYO (V1.1B20140314(OS:Linux2.6.32-754.35.1.el6.x86_64,PHP:7.3.15))
 [2024-05-13 09:58:53] <104139> Connect to ssl://web.nicepay.co.kr:443
 [2024-05-13 09:58:53] <104139> ssl://web.nicepay.co.kr:443 Server Connect OK
 [2024-05-13 09:58:53] <104139> MSG_TO_SVR::[/lite/payProcess.jsp]
 [2024-05-13 09:58:54] <104139> TID -> [ilooda001m01012405130958538212]
 [2024-05-13 09:58:54] <104139> 3001[카드 결제 성공]
 [2024-05-13 09:58:54] <104139> END PYO  Laptime:[0.654sec]
 [2024-05-13 09:58:54] <104139> ===============================================================
 [2024-05-13 10:15:57] <94297> START NicepayLite PYO (V1.1B20140314(OS:Linux2.6.32-754.35.1.el6.x86_64,PHP:7.3.15))
 [2024-05-13 10:15:57] <94297> Connect to ssl://web.nicepay.co.kr:443
 [2024-05-13 10:15:57] <94297> ssl://web.nicepay.co.kr:443 Server Connect OK
 [2024-05-13 10:15:57] <94297> MSG_TO_SVR::[/lite/payProcess.jsp]
 [2024-05-13 10:15:58] <94297> TID -> [ilooda001m01012405131015582405]
 [2024-05-13 10:15:58] <94297> 3001[카드 결제 성공]
 [2024-05-13 10:15:58] <94297> END PYO  Laptime:[0.629sec]
 [2024-05-13 10:15:58] <94297> ===============================================================
 [2024-05-13 11:21:33] <31096> START NicepayLite PYO (V1.1B20140314(OS:Linux2.6.32-754.35.1.el6.x86_64,PHP:7.3.15))
 [2024-05-13 11:21:33] <31096> Connect to ssl://web.nicepay.co.kr:443
 [2024-05-13 11:21:34] <31096> ssl://web.nicepay.co.kr:443 Server Connect OK
 [2024-05-13 11:21:34] <31096> MSG_TO_SVR::[/lite/payProcess.jsp]
 [2024-05-13 11:21:34] <31096> TID -> [ilooda001m01012405131121343332]
 [2024-05-13 11:21:34] <31096> 3001[카드 결제 성공]
 [2024-05-13 11:21:34] <31096> END PYO  Laptime:[0.676sec]
 [2024-05-13 11:21:34] <31096> ===============================================================
 [2024-05-13 12:06:41] <102873> START NicepayLite PYO (V1.1B20140314(OS:Linux2.6.32-754.35.1.el6.x86_64,PHP:7.3.15))
 [2024-05-13 12:06:41] <102873> Connect to ssl://web.nicepay.co.kr:443
 [2024-05-13 12:06:41] <102873> ssl://web.nicepay.co.kr:443 Server Connect OK
 [2024-05-13 12:06:41] <102873> MSG_TO_SVR::[/lite/payProcess.jsp]
 [2024-05-13 12:06:42] <102873> TID -> [ilooda001m01012405131206422091]
 [2024-05-13 12:06:42] <102873> 3001[카드 결제 성공]
 [2024-05-13 12:06:42] <102873> END PYO  Laptime:[0.846sec]
 [2024-05-13 12:06:42] <102873> ===============================================================
 [2024-05-13 12:42:59] <106682> START NicepayLite PYO (V1.1B20140314(OS:Linux2.6.32-754.35.1.el6.x86_64,PHP:7.3.15))
 [2024-05-13 12:42:59] <106682> Connect to ssl://web.nicepay.co.kr:443
 [2024-05-13 12:42:59] <106682> ssl://web.nicepay.co.kr:443 Server Connect OK
 [2024-05-13 12:42:59] <106682> MSG_TO_SVR::[/lite/payProcess.jsp]
 [2024-05-13 12:42:59] <106682> TID -> [ilooda001m01012405131242594187]
 [2024-05-13 12:42:59] <106682> 3001[카드 결제 성공]
 [2024-05-13 12:42:59] <106682> END PYO  Laptime:[0.412sec]
 [2024-05-13 12:42:59] <106682> ===============================================================
 [2024-05-13 13:39:22] <117258> START NicepayLite PYO (V1.1B20140314(OS:Linux2.6.32-754.35.1.el6.x86_64,PHP:7.3.15))
 [2024-05-13 13:39:22] <117258> Connect to ssl://web.nicepay.co.kr:443
 [2024-05-13 13:39:22] <117258> ssl://web.nicepay.co.kr:443 Server Connect OK
 [2024-05-13 13:39:22] <117258> MSG_TO_SVR::[/lite/payProcess.jsp]
 [2024-05-13 13:39:23] <117258> TID -> [ilooda001m01012405131339231867]
 [2024-05-13 13:39:23] <117258> 3001[카드 결제 성공]
 [2024-05-13 13:39:23] <117258> END PYO  Laptime:[0.652sec]
 [2024-05-13 13:39:23] <117258> ===============================================================
 [2024-05-13 14:59:36] <22132> START NicepayLite PYO (V1.1B20140314(OS:Linux2.6.32-754.35.1.el6.x86_64,PHP:7.3.15))
 [2024-05-13 14:59:36] <22132> Connect to ssl://web.nicepay.co.kr:443
 [2024-05-13 14:59:36] <22132> ssl://web.nicepay.co.kr:443 Server Connect OK
 [2024-05-13 14:59:36] <22132> MSG_TO_SVR::[/lite/payProcess.jsp]
 [2024-05-13 14:59:37] <22132> TID -> [ilooda001m01012405131459372493]
 [2024-05-13 14:59:37] <22132> 3001[카드 결제 성공]
 [2024-05-13 14:59:37] <22132> END PYO  Laptime:[0.793sec]
 [2024-05-13 14:59:37] <22132> ===============================================================
 [2024-05-13 15:10:12] <109107> START NicepayLite PYO (V1.1B20140314(OS:Linux2.6.32-754.35.1.el6.x86_64,PHP:7.3.15))
 [2024-05-13 15:10:12] <109107> Connect to ssl://web.nicepay.co.kr:443
 [2024-05-13 15:10:12] <109107> ssl://web.nicepay.co.kr:443 Server Connect OK
 [2024-05-13 15:10:12] <109107> MSG_TO_SVR::[/lite/payProcess.jsp]
 [2024-05-13 15:10:12] <109107> TID -> [ilooda001m01012405131510126701]
 [2024-05-13 15:10:12] <109107> 3001[카드 결제 성공]
 [2024-05-13 15:10:12] <109107> END PYO  Laptime:[0.718sec]
 [2024-05-13 15:10:12] <109107> ===============================================================
 [2024-05-13 15:13:23] <132756> START NicepayLite PYO (V1.1B20140314(OS:Linux2.6.32-754.35.1.el6.x86_64,PHP:7.3.15))
 [2024-05-13 15:13:23] <132756> Connect to ssl://web.nicepay.co.kr:443
 [2024-05-13 15:13:23] <132756> ssl://web.nicepay.co.kr:443 Server Connect OK
 [2024-05-13 15:13:23] <132756> MSG_TO_SVR::[/lite/payProcess.jsp]
 [2024-05-13 15:13:23] <132756> TID -> [ilooda001m01012405131513236173]
 [2024-05-13 15:13:23] <132756> 3001[카드 결제 성공]
 [2024-05-13 15:13:23] <132756> END PYO  Laptime:[0.481sec]
 [2024-05-13 15:13:23] <132756> ===============================================================
 [2024-05-13 15:36:14] <21702> START NicepayLite PYO (V1.1B20140314(OS:Linux2.6.32-754.35.1.el6.x86_64,PHP:7.3.15))
 [2024-05-13 15:36:14] <21702> Connect to ssl://web.nicepay.co.kr:443
 [2024-05-13 15:36:14] <21702> ssl://web.nicepay.co.kr:443 Server Connect OK
 [2024-05-13 15:36:14] <21702> MSG_TO_SVR::[/lite/payProcess.jsp]
 [2024-05-13 15:36:14] <21702> TID -> [ilooda001m01012405131536146433]
 [2024-05-13 15:36:14] <21702> 3001[카드 결제 성공]
 [2024-05-13 15:36:14] <21702> END PYO  Laptime:[0.624sec]
 [2024-05-13 15:36:14] <21702> ===============================================================
 [2024-05-13 15:41:41] <62046> START NicepayLite PYO (V1.1B20140314(OS:Linux2.6.32-754.35.1.el6.x86_64,PHP:7.3.15))
 [2024-05-13 15:41:41] <62046> Connect to ssl://web.nicepay.co.kr:443
 [2024-05-13 15:41:41] <62046> ssl://web.nicepay.co.kr:443 Server Connect OK
 [2024-05-13 15:41:41] <62046> MSG_TO_SVR::[/lite/payProcess.jsp]
 [2024-05-13 15:41:41] <62046> TID -> [ilooda001m01012405131541415806]
 [2024-05-13 15:41:41] <62046> 3001[카드 결제 성공]
 [2024-05-13 15:41:41] <62046> END PYO  Laptime:[0.489sec]
 [2024-05-13 15:41:41] <62046> ===============================================================
 [2024-05-13 16:55:30] <62744> START NicepayLite PYO (V1.1B20140314(OS:Linux2.6.32-754.35.1.el6.x86_64,PHP:7.3.15))
 [2024-05-13 16:55:30] <62744> Connect to ssl://web.nicepay.co.kr:443
 [2024-05-13 16:55:30] <62744> ssl://web.nicepay.co.kr:443 Server Connect OK
 [2024-05-13 16:55:30] <62744> MSG_TO_SVR::[/lite/payProcess.jsp]
 [2024-05-13 16:55:31] <62744> TID -> [ilooda001m01012405131655307600]
 [2024-05-13 16:55:31] <62744> 3001[카드 결제 성공]
 [2024-05-13 16:55:31] <62744> END PYO  Laptime:[0.882sec]
 [2024-05-13 16:55:31] <62744> ===============================================================
 [2024-05-13 17:26:47] <16467> START NicepayLite PYO (V1.1B20140314(OS:Linux2.6.32-754.35.1.el6.x86_64,PHP:7.3.15))
 [2024-05-13 17:26:47] <16467> Connect to ssl://web.nicepay.co.kr:443
 [2024-05-13 17:26:47] <16467> ssl://web.nicepay.co.kr:443 Server Connect OK
 [2024-05-13 17:26:47] <16467> MSG_TO_SVR::[/lite/payProcess.jsp]
 [2024-05-13 17:26:47] <16467> TID -> [ilooda001m01012405131726475145]
 [2024-05-13 17:26:47] <16467> 3001[카드 결제 성공]
 [2024-05-13 17:26:47] <16467> END PYO  Laptime:[0.69sec]
 [2024-05-13 17:26:47] <16467> ===============================================================
 [2024-05-13 18:22:58] <20461> START NicepayLite PYO (V1.1B20140314(OS:Linux2.6.32-754.35.1.el6.x86_64,PHP:7.3.15))
 [2024-05-13 18:22:58] <20461> Connect to ssl://web.nicepay.co.kr:443
 [2024-05-13 18:22:58] <20461> ssl://web.nicepay.co.kr:443 Server Connect OK
 [2024-05-13 18:22:58] <20461> MSG_TO_SVR::[/lite/payProcess.jsp]
 [2024-05-13 18:22:58] <20461> TID -> [ilooda001m01012405131822587741]
 [2024-05-13 18:22:58] <20461> 3001[카드 결제 성공]
 [2024-05-13 18:22:58] <20461> END PYO  Laptime:[0.441sec]
 [2024-05-13 18:22:58] <20461> ===============================================================
 [2024-05-13 19:54:33] <34690> START NicepayLite PYO (V1.1B20140314(OS:Linux2.6.32-754.35.1.el6.x86_64,PHP:7.3.15))
 [2024-05-13 19:54:33] <34690> Connect to ssl://web.nicepay.co.kr:443
 [2024-05-13 19:54:33] <34690> ssl://web.nicepay.co.kr:443 Server Connect OK
 [2024-05-13 19:54:33] <34690> MSG_TO_SVR::[/lite/payProcess.jsp]
 [2024-05-13 19:54:33] <34690> TID -> [ilooda001m01012405131954338725]
 [2024-05-13 19:54:33] <34690> 3001[카드 결제 성공]
 [2024-05-13 19:54:33] <34690> END PYO  Laptime:[0.685sec]
 [2024-05-13 19:54:33] <34690> ===============================================================
