 [2023-11-03 10:33:31] <136753> START NicepayLite PYO (V1.1B20140314(OS:Linux2.6.32-754.35.1.el6.x86_64,PHP:7.3.15))
 [2023-11-03 10:33:31] <136753> Connect to ssl://web.nicepay.co.kr:443
 [2023-11-03 10:33:31] <136753> ssl://web.nicepay.co.kr:443 Server Connect OK
 [2023-11-03 10:33:31] <136753> MSG_TO_SVR::[/lite/payProcess.jsp]
 [2023-11-03 10:33:32] <136753> TID -> [ilooda001m01012311031033332166]
 [2023-11-03 10:33:32] <136753> 3001[카드 결제 성공]
 [2023-11-03 10:33:32] <136753> END PYO  Laptime:[0.569sec]
 [2023-11-03 10:33:32] <136753> ===============================================================
 [2023-11-03 10:49:40] <111991> START NicepayLite PYO (V1.1B20140314(OS:Linux2.6.32-754.35.1.el6.x86_64,PHP:7.3.15))
 [2023-11-03 10:49:40] <111991> Connect to ssl://web.nicepay.co.kr:443
 [2023-11-03 10:49:41] <111991> ssl://web.nicepay.co.kr:443 Server Connect OK
 [2023-11-03 10:49:41] <111991> MSG_TO_SVR::[/lite/payProcess.jsp]
 [2023-11-03 10:49:41] <111991> TID -> [ilooda001m01012311031049422610]
 [2023-11-03 10:49:41] <111991> 3001[카드 결제 성공]
 [2023-11-03 10:49:41] <111991> END PYO  Laptime:[0.405sec]
 [2023-11-03 10:49:41] <111991> ===============================================================
 [2023-11-03 13:23:37] <106386> START NicepayLite PYO (V1.1B20140314(OS:Linux2.6.32-754.35.1.el6.x86_64,PHP:7.3.15))
 [2023-11-03 13:23:37] <106386> Connect to ssl://web.nicepay.co.kr:443
 [2023-11-03 13:23:37] <106386> ssl://web.nicepay.co.kr:443 Server Connect OK
 [2023-11-03 13:23:37] <106386> MSG_TO_SVR::[/lite/payProcess.jsp]
 [2023-11-03 13:23:37] <106386> TID -> [ilooda001m01012311031323386746]
 [2023-11-03 13:23:37] <106386> 3001[카드 결제 성공]
 [2023-11-03 13:23:37] <106386> END PYO  Laptime:[0.55sec]
 [2023-11-03 13:23:37] <106386> ===============================================================
 [2023-11-03 14:33:26] <49706> START NicepayLite PYO (V1.1B20140314(OS:Linux2.6.32-754.35.1.el6.x86_64,PHP:7.3.15))
 [2023-11-03 14:33:26] <49706> Connect to ssl://web.nicepay.co.kr:443
 [2023-11-03 14:33:26] <49706> ssl://web.nicepay.co.kr:443 Server Connect OK
 [2023-11-03 14:33:26] <49706> MSG_TO_SVR::[/lite/payProcess.jsp]
 [2023-11-03 14:33:27] <49706> TID -> [ilooda001m01012311031433283186]
 [2023-11-03 14:33:27] <49706> 3001[카드 결제 성공]
 [2023-11-03 14:33:27] <49706> END PYO  Laptime:[0.816sec]
 [2023-11-03 14:33:27] <49706> ===============================================================
 [2023-11-03 14:52:29] <46235> START NicepayLite PYO (V1.1B20140314(OS:Linux2.6.32-754.35.1.el6.x86_64,PHP:7.3.15))
 [2023-11-03 14:52:29] <46235> Connect to ssl://web.nicepay.co.kr:443
 [2023-11-03 14:52:29] <46235> ssl://web.nicepay.co.kr:443 Server Connect OK
 [2023-11-03 14:52:29] <46235> MSG_TO_SVR::[/lite/payProcess.jsp]
 [2023-11-03 14:52:29] <46235> TID -> [ilooda001m01012311031452304049]
 [2023-11-03 14:52:29] <46235> 3001[카드 결제 성공]
 [2023-11-03 14:52:29] <46235> END PYO  Laptime:[0.694sec]
 [2023-11-03 14:52:29] <46235> ===============================================================
 [2023-11-03 14:58:21] <91471> START NicepayLite PYO (V1.1B20140314(OS:Linux2.6.32-754.35.1.el6.x86_64,PHP:7.3.15))
 [2023-11-03 14:58:21] <91471> Connect to ssl://web.nicepay.co.kr:443
 [2023-11-03 14:58:21] <91471> ssl://web.nicepay.co.kr:443 Server Connect OK
 [2023-11-03 14:58:21] <91471> MSG_TO_SVR::[/lite/payProcess.jsp]
 [2023-11-03 14:58:21] <91471> TID -> [ilooda001m01012311031458227042]
 [2023-11-03 14:58:21] <91471> 3001[카드 결제 성공]
 [2023-11-03 14:58:21] <91471> END PYO  Laptime:[0.649sec]
 [2023-11-03 14:58:21] <91471> ===============================================================
 [2023-11-03 15:47:51] <24311> START NicepayLite PYO (V1.1B20140314(OS:Linux2.6.32-754.35.1.el6.x86_64,PHP:7.3.15))
 [2023-11-03 15:47:51] <24311> Connect to ssl://web.nicepay.co.kr:443
 [2023-11-03 15:47:51] <24311> ssl://web.nicepay.co.kr:443 Server Connect OK
 [2023-11-03 15:47:51] <24311> MSG_TO_SVR::[/lite/payProcess.jsp]
 [2023-11-03 15:47:52] <24311> TID -> [ilooda001m01012311031547525443]
 [2023-11-03 15:47:52] <24311> 3001[카드 결제 성공]
 [2023-11-03 15:47:52] <24311> END PYO  Laptime:[1.186sec]
 [2023-11-03 15:47:52] <24311> ===============================================================
 [2023-11-03 16:24:48] <14041> START NicepayLite PYO (V1.1B20140314(OS:Linux2.6.32-754.35.1.el6.x86_64,PHP:7.3.15))
 [2023-11-03 16:24:48] <14041> Connect to ssl://web.nicepay.co.kr:443
 [2023-11-03 16:24:48] <14041> ssl://web.nicepay.co.kr:443 Server Connect OK
 [2023-11-03 16:24:48] <14041> MSG_TO_SVR::[/lite/payProcess.jsp]
 [2023-11-03 16:24:49] <14041> TID -> [ilooda001m01012311031624501936]
 [2023-11-03 16:24:49] <14041> 3001[카드 결제 성공]
 [2023-11-03 16:24:49] <14041> END PYO  Laptime:[0.799sec]
 [2023-11-03 16:24:49] <14041> ===============================================================
 [2023-11-03 18:01:47] <23763> START NicepayLite PYO (V1.1B20140314(OS:Linux2.6.32-754.35.1.el6.x86_64,PHP:7.3.15))
 [2023-11-03 18:01:47] <23763> Connect to ssl://web.nicepay.co.kr:443
 [2023-11-03 18:01:47] <23763> ssl://web.nicepay.co.kr:443 Server Connect OK
 [2023-11-03 18:01:47] <23763> MSG_TO_SVR::[/lite/payProcess.jsp]
 [2023-11-03 18:01:48] <23763> TID -> [ilooda001m01012311031801492552]
 [2023-11-03 18:01:48] <23763> 3001[카드 결제 성공]
 [2023-11-03 18:01:48] <23763> END PYO  Laptime:[0.646sec]
 [2023-11-03 18:01:48] <23763> ===============================================================
