 [2024-01-22 11:08:44] <75957> START NicepayLite PYO (V1.1B20140314(OS:Linux2.6.32-754.35.1.el6.x86_64,PHP:7.3.15))
 [2024-01-22 11:08:44] <75957> Connect to ssl://web.nicepay.co.kr:443
 [2024-01-22 11:08:44] <75957> ssl://web.nicepay.co.kr:443 Server Connect OK
 [2024-01-22 11:08:44] <75957> MSG_TO_SVR::[/lite/payProcess.jsp]
 [2024-01-22 11:08:45] <75957> TID -> [ilooda001m01012401221108454370]
 [2024-01-22 11:08:45] <75957> 3001[카드 결제 성공]
 [2024-01-22 11:08:45] <75957> END PYO  Laptime:[1.356sec]
 [2024-01-22 11:08:45] <75957> ===============================================================
 [2024-01-22 12:42:34] <144657> START NicepayLite PYO (V1.1B20140314(OS:Linux2.6.32-754.35.1.el6.x86_64,PHP:7.3.15))
 [2024-01-22 12:42:34] <144657> Connect to ssl://web.nicepay.co.kr:443
 [2024-01-22 12:42:34] <144657> ssl://web.nicepay.co.kr:443 Server Connect OK
 [2024-01-22 12:42:34] <144657> MSG_TO_SVR::[/lite/payProcess.jsp]
 [2024-01-22 12:42:35] <144657> TID -> [ilooda001m01012401221242358451]
 [2024-01-22 12:42:35] <144657> 3001[카드 결제 성공]
 [2024-01-22 12:42:35] <144657> END PYO  Laptime:[0.74sec]
 [2024-01-22 12:42:35] <144657> ===============================================================
 [2024-01-22 14:43:38] <103738> START NicepayLite PYO (V1.1B20140314(OS:Linux2.6.32-754.35.1.el6.x86_64,PHP:7.3.15))
 [2024-01-22 14:43:38] <103738> Connect to ssl://web.nicepay.co.kr:443
 [2024-01-22 14:43:38] <103738> ssl://web.nicepay.co.kr:443 Server Connect OK
 [2024-01-22 14:43:38] <103738> MSG_TO_SVR::[/lite/payProcess.jsp]
 [2024-01-22 14:43:38] <103738> TID -> [ilooda001m01012401221443393939]
 [2024-01-22 14:43:38] <103738> 3001[카드 결제 성공]
 [2024-01-22 14:43:38] <103738> END PYO  Laptime:[0.464sec]
 [2024-01-22 14:43:38] <103738> ===============================================================
 [2024-01-22 16:18:58] <35232> START NicepayLite PYO (V1.1B20140314(OS:Linux2.6.32-754.35.1.el6.x86_64,PHP:7.3.15))
 [2024-01-22 16:18:58] <35232> Connect to ssl://web.nicepay.co.kr:443
 [2024-01-22 16:18:58] <35232> ssl://web.nicepay.co.kr:443 Server Connect OK
 [2024-01-22 16:18:58] <35232> MSG_TO_SVR::[/lite/payProcess.jsp]
 [2024-01-22 16:18:58] <35232> TID -> [ilooda001m01012401221618592968]
 [2024-01-22 16:18:58] <35232> 3001[카드 결제 성공]
 [2024-01-22 16:18:58] <35232> END PYO  Laptime:[0.705sec]
 [2024-01-22 16:18:58] <35232> ===============================================================
 [2024-01-22 16:30:46] <118852> START NicepayLite PYO (V1.1B20140314(OS:Linux2.6.32-754.35.1.el6.x86_64,PHP:7.3.15))
 [2024-01-22 16:30:46] <118852> Connect to ssl://web.nicepay.co.kr:443
 [2024-01-22 16:30:46] <118852> ssl://web.nicepay.co.kr:443 Server Connect OK
 [2024-01-22 16:30:46] <118852> MSG_TO_SVR::[/lite/payProcess.jsp]
 [2024-01-22 16:30:47] <118852> TID -> [ilooda001m01012401221630474522]
 [2024-01-22 16:30:47] <118852> 3001[카드 결제 성공]
 [2024-01-22 16:30:47] <118852> END PYO  Laptime:[0.824sec]
 [2024-01-22 16:30:47] <118852> ===============================================================
 [2024-01-22 16:53:59] <132179> START NicepayLite PYO (V1.1B20140314(OS:Linux2.6.32-754.35.1.el6.x86_64,PHP:7.3.15))
 [2024-01-22 16:53:59] <132179> Connect to ssl://web.nicepay.co.kr:443
 [2024-01-22 16:53:59] <132179> ssl://web.nicepay.co.kr:443 Server Connect OK
 [2024-01-22 16:53:59] <132179> MSG_TO_SVR::[/lite/payProcess.jsp]
 [2024-01-22 16:54:00] <132179> TID -> [ilooda001m01012401221654011607]
 [2024-01-22 16:54:00] <132179> 3001[카드 결제 성공]
 [2024-01-22 16:54:00] <132179> END PYO  Laptime:[0.313sec]
 [2024-01-22 16:54:00] <132179> ===============================================================
 [2024-01-22 17:00:38] <33936> START NicepayLite PYO (V1.1B20140314(OS:Linux2.6.32-754.35.1.el6.x86_64,PHP:7.3.15))
 [2024-01-22 17:00:38] <33936> Connect to ssl://web.nicepay.co.kr:443
 [2024-01-22 17:00:38] <33936> ssl://web.nicepay.co.kr:443 Server Connect OK
 [2024-01-22 17:00:38] <33936> MSG_TO_SVR::[/lite/payProcess.jsp]
 [2024-01-22 17:00:39] <33936> TID -> [ilooda001m01012401221700396962]
 [2024-01-22 17:00:39] <33936> 3001[카드 결제 성공]
 [2024-01-22 17:00:39] <33936> END PYO  Laptime:[0.714sec]
 [2024-01-22 17:00:39] <33936> ===============================================================
 [2024-01-22 18:19:42] <143450> START NicepayLite PYO (V1.1B20140314(OS:Linux2.6.32-754.35.1.el6.x86_64,PHP:7.3.15))
 [2024-01-22 18:19:42] <143450> Connect to ssl://web.nicepay.co.kr:443
 [2024-01-22 18:19:42] <143450> ssl://web.nicepay.co.kr:443 Server Connect OK
 [2024-01-22 18:19:42] <143450> MSG_TO_SVR::[/lite/payProcess.jsp]
 [2024-01-22 18:19:42] <143450> TID -> [ilooda001m01012401221819435462]
 [2024-01-22 18:19:42] <143450> 3001[카드 결제 성공]
 [2024-01-22 18:19:42] <143450> END PYO  Laptime:[0.497sec]
 [2024-01-22 18:19:42] <143450> ===============================================================
 [2024-01-22 18:43:34] <15876> START NicepayLite PYO (V1.1B20140314(OS:Linux2.6.32-754.35.1.el6.x86_64,PHP:7.3.15))
 [2024-01-22 18:43:34] <15876> Connect to ssl://web.nicepay.co.kr:443
 [2024-01-22 18:43:34] <15876> ssl://web.nicepay.co.kr:443 Server Connect OK
 [2024-01-22 18:43:34] <15876> MSG_TO_SVR::[/lite/payProcess.jsp]
 [2024-01-22 18:43:35] <15876> TID -> [ilooda001m01012401221843359174]
 [2024-01-22 18:43:35] <15876> 3001[카드 결제 성공]
 [2024-01-22 18:43:35] <15876> END PYO  Laptime:[0.543sec]
 [2024-01-22 18:43:35] <15876> ===============================================================
 [2024-01-22 18:47:42] <43759> START NicepayLite PYO (V1.1B20140314(OS:Linux2.6.32-754.35.1.el6.x86_64,PHP:7.3.15))
 [2024-01-22 18:47:42] <43759> Connect to ssl://web.nicepay.co.kr:443
 [2024-01-22 18:47:42] <43759> ssl://web.nicepay.co.kr:443 Server Connect OK
 [2024-01-22 18:47:42] <43759> MSG_TO_SVR::[/lite/payProcess.jsp]
 [2024-01-22 18:47:43] <43759> TID -> [ilooda001m01012401221847439530]
 [2024-01-22 18:47:43] <43759> 3001[카드 결제 성공]
 [2024-01-22 18:47:43] <43759> END PYO  Laptime:[0.588sec]
 [2024-01-22 18:47:43] <43759> ===============================================================
 [2024-01-22 19:09:19] <49888> START NicepayLite PYO (V1.1B20140314(OS:Linux2.6.32-754.35.1.el6.x86_64,PHP:7.3.15))
 [2024-01-22 19:09:19] <49888> Connect to ssl://web.nicepay.co.kr:443
 [2024-01-22 19:09:19] <49888> ssl://web.nicepay.co.kr:443 Server Connect OK
 [2024-01-22 19:09:19] <49888> MSG_TO_SVR::[/lite/payProcess.jsp]
 [2024-01-22 19:09:20] <49888> TID -> [ilooda001m01012401221909208220]
 [2024-01-22 19:09:20] <49888> 3001[카드 결제 성공]
 [2024-01-22 19:09:20] <49888> END PYO  Laptime:[0.696sec]
 [2024-01-22 19:09:20] <49888> ===============================================================
 [2024-01-22 19:29:59] <42854> START NicepayLite PYO (V1.1B20140314(OS:Linux2.6.32-754.35.1.el6.x86_64,PHP:7.3.15))
 [2024-01-22 19:29:59] <42854> Connect to ssl://web.nicepay.co.kr:443
 [2024-01-22 19:29:59] <42854> ssl://web.nicepay.co.kr:443 Server Connect OK
 [2024-01-22 19:29:59] <42854> MSG_TO_SVR::[/lite/payProcess.jsp]
 [2024-01-22 19:29:59] <42854> TID -> [ilooda001m01012401221930005033]
 [2024-01-22 19:29:59] <42854> 3001[카드 결제 성공]
 [2024-01-22 19:29:59] <42854> END PYO  Laptime:[0.367sec]
 [2024-01-22 19:29:59] <42854> ===============================================================
 [2024-01-22 20:02:35] <125810> START NicepayLite PYO (V1.1B20140314(OS:Linux2.6.32-754.35.1.el6.x86_64,PHP:7.3.15))
 [2024-01-22 20:02:35] <125810> Connect to ssl://web.nicepay.co.kr:443
 [2024-01-22 20:02:35] <125810> ssl://web.nicepay.co.kr:443 Server Connect OK
 [2024-01-22 20:02:35] <125810> MSG_TO_SVR::[/lite/payProcess.jsp]
 [2024-01-22 20:02:35] <125810> TID -> [ilooda001m01012401222002363269]
 [2024-01-22 20:02:35] <125810> 3001[카드 결제 성공]
 [2024-01-22 20:02:35] <125810> END PYO  Laptime:[0.362sec]
 [2024-01-22 20:02:35] <125810> ===============================================================
