 [2023-10-31 19:27:57] <84507> START NicepayLite CLO (V1.1B20140314(OS:Linux2.6.32-754.35.1.el6.x86_64,PHP:7.3.15))
 [2023-10-31 19:27:57] <84507> nictest00m01012310311922237079
 [2023-10-31 19:27:57] <84507> Connect to ssl://web.nicepay.co.kr:443
 [2023-10-31 19:27:57] <84507> ssl://web.nicepay.co.kr:443 Server Connect OK
 [2023-10-31 19:27:57] <84507> MSG_TO_SVR::[/lite/cancelProcess.jsp]
 [2023-10-31 19:27:57] <84507> TID -> [nictest00m01012310311922237079]
 [2023-10-31 19:27:57] <84507> 2001[취소 성공]
 [2023-10-31 19:27:57] <84507> END CLO  Laptime:[0.306sec]
 [2023-10-31 19:27:57] <84507> ===============================================================
 [2023-10-31 22:59:29] <76865> START NicepayLite CLO (V1.1B20140314(OS:Linux2.6.32-754.35.1.el6.x86_64,PHP:7.3.15))
 [2023-10-31 22:59:29] <76865> ilooda001m01012310312258311138
 [2023-10-31 22:59:29] <76865> Connect to ssl://web.nicepay.co.kr:443
 [2023-10-31 22:59:30] <76865> ssl://web.nicepay.co.kr:443 Server Connect OK
 [2023-10-31 22:59:30] <76865> MSG_TO_SVR::[/lite/cancelProcess.jsp]
 [2023-10-31 22:59:30] <76865> TID -> [ilooda001m01012310312258311138]
 [2023-10-31 22:59:30] <76865> 2024[취소패스워드 불일치]
 [2023-10-31 22:59:30] <76865> END CLO  Laptime:[0.099sec]
 [2023-10-31 22:59:30] <76865> ===============================================================
 [2023-10-31 22:59:37] <69612> START NicepayLite CLO (V1.1B20140314(OS:Linux2.6.32-754.35.1.el6.x86_64,PHP:7.3.15))
 [2023-10-31 22:59:37] <69612> ilooda001m01012310312258311138
 [2023-10-31 22:59:37] <69612> Connect to ssl://web.nicepay.co.kr:443
 [2023-10-31 22:59:37] <69612> ssl://web.nicepay.co.kr:443 Server Connect OK
 [2023-10-31 22:59:37] <69612> MSG_TO_SVR::[/lite/cancelProcess.jsp]
 [2023-10-31 22:59:37] <69612> TID -> [ilooda001m01012310312258311138]
 [2023-10-31 22:59:37] <69612> 2024[취소패스워드 불일치]
 [2023-10-31 22:59:37] <69612> END CLO  Laptime:[0.049sec]
 [2023-10-31 22:59:37] <69612> ===============================================================
 [2023-10-31 23:01:05] <84763> START NicepayLite CLO (V1.1B20140314(OS:Linux2.6.32-754.35.1.el6.x86_64,PHP:7.3.15))
 [2023-10-31 23:01:05] <84763> ilooda001m01012310312255478944
 [2023-10-31 23:01:05] <84763> Connect to ssl://web.nicepay.co.kr:443
 [2023-10-31 23:01:05] <84763> ssl://web.nicepay.co.kr:443 Server Connect OK
 [2023-10-31 23:01:05] <84763> MSG_TO_SVR::[/lite/cancelProcess.jsp]
 [2023-10-31 23:01:05] <84763> TID -> [ilooda001m01012310312255478944]
 [2023-10-31 23:01:05] <84763> 2001[취소 성공]
 [2023-10-31 23:01:05] <84763> END CLO  Laptime:[0.699sec]
 [2023-10-31 23:01:05] <84763> ===============================================================
 [2023-10-31 23:01:06] <84763> START NicepayLite CLO (V1.1B20140314(OS:Linux2.6.32-754.35.1.el6.x86_64,PHP:7.3.15))
 [2023-10-31 23:01:06] <84763> ilooda001m01012310312258311138
 [2023-10-31 23:01:06] <84763> Connect to ssl://web.nicepay.co.kr:443
 [2023-10-31 23:01:06] <84763> ssl://web.nicepay.co.kr:443 Server Connect OK
 [2023-10-31 23:01:06] <84763> MSG_TO_SVR::[/lite/cancelProcess.jsp]
 [2023-10-31 23:01:06] <84763> TID -> [ilooda001m01012310312258311138]
 [2023-10-31 23:01:06] <84763> 2001[취소 성공]
 [2023-10-31 23:01:06] <84763> END CLO  Laptime:[0.247sec]
 [2023-10-31 23:01:06] <84763> ===============================================================
 [2023-10-31 23:01:28] <84763> START NicepayLite CLO (V1.1B20140314(OS:Linux2.6.32-754.35.1.el6.x86_64,PHP:7.3.15))
 [2023-10-31 23:01:28] <84763> ilooda001m01012310312255478944
 [2023-10-31 23:01:28] <84763> Connect to ssl://web.nicepay.co.kr:443
 [2023-10-31 23:01:28] <84763> ssl://web.nicepay.co.kr:443 Server Connect OK
 [2023-10-31 23:01:28] <84763> MSG_TO_SVR::[/lite/cancelProcess.jsp]
 [2023-10-31 23:01:28] <84763> TID -> [ilooda001m01012310312255478944]
 [2023-10-31 23:01:28] <84763> 2015[해당거래 취소실패(기취소성공) : 전화 문의(1661-0808)]
 [2023-10-31 23:01:28] <84763> END CLO  Laptime:[0.069sec]
 [2023-10-31 23:01:28] <84763> ===============================================================
 [2023-10-31 23:01:43] <84763> START NicepayLite CLO (V1.1B20140314(OS:Linux2.6.32-754.35.1.el6.x86_64,PHP:7.3.15))
 [2023-10-31 23:01:43] <84763> ilooda001m01012310312258311138
 [2023-10-31 23:01:43] <84763> Connect to ssl://web.nicepay.co.kr:443
 [2023-10-31 23:01:43] <84763> ssl://web.nicepay.co.kr:443 Server Connect OK
 [2023-10-31 23:01:43] <84763> MSG_TO_SVR::[/lite/cancelProcess.jsp]
 [2023-10-31 23:01:43] <84763> TID -> [ilooda001m01012310312258311138]
 [2023-10-31 23:01:43] <84763> 2015[해당거래 취소실패(기취소성공) : 전화 문의(1661-0808)]
 [2023-10-31 23:01:43] <84763> END CLO  Laptime:[0.069sec]
 [2023-10-31 23:01:43] <84763> ===============================================================
