 [2024-03-11 09:23:41] <15446> START NicepayLite PYO (V1.1B20140314(OS:Linux2.6.32-754.35.1.el6.x86_64,PHP:7.3.15))
 [2024-03-11 09:23:41] <15446> Connect to ssl://web.nicepay.co.kr:443
 [2024-03-11 09:23:41] <15446> ssl://web.nicepay.co.kr:443 Server Connect OK
 [2024-03-11 09:23:41] <15446> MSG_TO_SVR::[/lite/payProcess.jsp]
 [2024-03-11 09:23:42] <15446> TID -> [ilooda001m01012403110923428086]
 [2024-03-11 09:23:42] <15446> 3001[카드 결제 성공]
 [2024-03-11 09:23:42] <15446> END PYO  Laptime:[0.678sec]
 [2024-03-11 09:23:42] <15446> ===============================================================
 [2024-03-11 10:09:06] <90499> START NicepayLite PYO (V1.1B20140314(OS:Linux2.6.32-754.35.1.el6.x86_64,PHP:7.3.15))
 [2024-03-11 10:09:06] <90499> Connect to ssl://web.nicepay.co.kr:443
 [2024-03-11 10:09:06] <90499> ssl://web.nicepay.co.kr:443 Server Connect OK
 [2024-03-11 10:09:06] <90499> MSG_TO_SVR::[/lite/payProcess.jsp]
 [2024-03-11 10:09:06] <90499> TID -> [ilooda001m01012403111009072343]
 [2024-03-11 10:09:06] <90499> 3001[카드 결제 성공]
 [2024-03-11 10:09:06] <90499> END PYO  Laptime:[0.845sec]
 [2024-03-11 10:09:06] <90499> ===============================================================
 [2024-03-11 12:04:36] <126464> START NicepayLite PYO (V1.1B20140314(OS:Linux2.6.32-754.35.1.el6.x86_64,PHP:7.3.15))
 [2024-03-11 12:04:36] <126464> Connect to ssl://web.nicepay.co.kr:443
 [2024-03-11 12:04:36] <126464> ssl://web.nicepay.co.kr:443 Server Connect OK
 [2024-03-11 12:04:36] <126464> MSG_TO_SVR::[/lite/payProcess.jsp]
 [2024-03-11 12:04:37] <126464> TID -> [ilooda001m01012403111204375967]
 [2024-03-11 12:04:37] <126464> 3001[카드 결제 성공]
 [2024-03-11 12:04:37] <126464> END PYO  Laptime:[0.795sec]
 [2024-03-11 12:04:37] <126464> ===============================================================
 [2024-03-11 13:20:18] <143789> START NicepayLite PYO (V1.1B20140314(OS:Linux2.6.32-754.35.1.el6.x86_64,PHP:7.3.15))
 [2024-03-11 13:20:18] <143789> Connect to ssl://web.nicepay.co.kr:443
 [2024-03-11 13:20:18] <143789> ssl://web.nicepay.co.kr:443 Server Connect OK
 [2024-03-11 13:20:18] <143789> MSG_TO_SVR::[/lite/payProcess.jsp]
 [2024-03-11 13:20:19] <143789> TID -> [ilooda001m01012403111320196440]
 [2024-03-11 13:20:19] <143789> 3001[카드 결제 성공]
 [2024-03-11 13:20:19] <143789> END PYO  Laptime:[1.049sec]
 [2024-03-11 13:20:19] <143789> ===============================================================
 [2024-03-11 13:47:28] <66292> START NicepayLite PYO (V1.1B20140314(OS:Linux2.6.32-754.35.1.el6.x86_64,PHP:7.3.15))
 [2024-03-11 13:47:28] <66292> Connect to ssl://web.nicepay.co.kr:443
 [2024-03-11 13:47:28] <66292> ssl://web.nicepay.co.kr:443 Server Connect OK
 [2024-03-11 13:47:28] <66292> MSG_TO_SVR::[/lite/payProcess.jsp]
 [2024-03-11 13:47:29] <66292> TID -> [ilooda001m01012403111347300797]
 [2024-03-11 13:47:29] <66292> 3001[카드 결제 성공]
 [2024-03-11 13:47:29] <66292> END PYO  Laptime:[0.564sec]
 [2024-03-11 13:47:29] <66292> ===============================================================
 [2024-03-11 13:54:12] <121830> START NicepayLite PYO (V1.1B20140314(OS:Linux2.6.32-754.35.1.el6.x86_64,PHP:7.3.15))
 [2024-03-11 13:54:12] <121830> Connect to ssl://web.nicepay.co.kr:443
 [2024-03-11 13:54:12] <121830> ssl://web.nicepay.co.kr:443 Server Connect OK
 [2024-03-11 13:54:12] <121830> MSG_TO_SVR::[/lite/payProcess.jsp]
 [2024-03-11 13:54:12] <121830> TID -> [ilooda001m01012403111354133489]
 [2024-03-11 13:54:12] <121830> 3001[카드 결제 성공]
 [2024-03-11 13:54:12] <121830> END PYO  Laptime:[0.573sec]
 [2024-03-11 13:54:12] <121830> ===============================================================
 [2024-03-11 14:24:02] <61104> START NicepayLite PYO (V1.1B20140314(OS:Linux2.6.32-754.35.1.el6.x86_64,PHP:7.3.15))
 [2024-03-11 14:24:02] <61104> Connect to ssl://web.nicepay.co.kr:443
 [2024-03-11 14:24:02] <61104> ssl://web.nicepay.co.kr:443 Server Connect OK
 [2024-03-11 14:24:02] <61104> MSG_TO_SVR::[/lite/payProcess.jsp]
 [2024-03-11 14:24:03] <61104> TID -> [ilooda001m01012403111424036599]
 [2024-03-11 14:24:03] <61104> 3001[카드 결제 성공]
 [2024-03-11 14:24:03] <61104> END PYO  Laptime:[0.861sec]
 [2024-03-11 14:24:03] <61104> ===============================================================
 [2024-03-11 15:28:09] <139329> START NicepayLite PYO (V1.1B20140314(OS:Linux2.6.32-754.35.1.el6.x86_64,PHP:7.3.15))
 [2024-03-11 15:28:09] <139329> Connect to ssl://web.nicepay.co.kr:443
 [2024-03-11 15:28:09] <139329> ssl://web.nicepay.co.kr:443 Server Connect OK
 [2024-03-11 15:28:09] <139329> MSG_TO_SVR::[/lite/payProcess.jsp]
 [2024-03-11 15:28:10] <139329> TID -> [ilooda001m01012403111528109433]
 [2024-03-11 15:28:10] <139329> 3001[카드 결제 성공]
 [2024-03-11 15:28:10] <139329> END PYO  Laptime:[0.748sec]
 [2024-03-11 15:28:10] <139329> ===============================================================
 [2024-03-11 16:19:57] <108364> START NicepayLite PYO (V1.1B20140314(OS:Linux2.6.32-754.35.1.el6.x86_64,PHP:7.3.15))
 [2024-03-11 16:19:57] <108364> Connect to ssl://web.nicepay.co.kr:443
 [2024-03-11 16:19:57] <108364> ssl://web.nicepay.co.kr:443 Server Connect OK
 [2024-03-11 16:19:57] <108364> MSG_TO_SVR::[/lite/payProcess.jsp]
 [2024-03-11 16:19:57] <108364> TID -> [ilooda001m01012403111619583697]
 [2024-03-11 16:19:57] <108364> 3001[카드 결제 성공]
 [2024-03-11 16:19:57] <108364> END PYO  Laptime:[0.752sec]
 [2024-03-11 16:19:57] <108364> ===============================================================
 [2024-03-11 17:32:03] <100864> START NicepayLite PYO (V1.1B20140314(OS:Linux2.6.32-754.35.1.el6.x86_64,PHP:7.3.15))
 [2024-03-11 17:32:03] <100864> Connect to ssl://web.nicepay.co.kr:443
 [2024-03-11 17:32:03] <100864> ssl://web.nicepay.co.kr:443 Server Connect OK
 [2024-03-11 17:32:03] <100864> MSG_TO_SVR::[/lite/payProcess.jsp]
 [2024-03-11 17:32:04] <100864> TID -> [ilooda001m01012403111732051440]
 [2024-03-11 17:32:04] <100864> 3001[카드 결제 성공]
 [2024-03-11 17:32:04] <100864> END PYO  Laptime:[0.8sec]
 [2024-03-11 17:32:04] <100864> ===============================================================
 [2024-03-11 17:34:49] <125408> START NicepayLite PYO (V1.1B20140314(OS:Linux2.6.32-754.35.1.el6.x86_64,PHP:7.3.15))
 [2024-03-11 17:34:49] <125408> Connect to ssl://web.nicepay.co.kr:443
 [2024-03-11 17:34:49] <125408> ssl://web.nicepay.co.kr:443 Server Connect OK
 [2024-03-11 17:34:49] <125408> MSG_TO_SVR::[/lite/payProcess.jsp]
 [2024-03-11 17:34:50] <125408> TID -> [ilooda001m01012403111734505710]
 [2024-03-11 17:34:50] <125408> 3001[카드 결제 성공]
 [2024-03-11 17:34:50] <125408> END PYO  Laptime:[1.193sec]
 [2024-03-11 17:34:50] <125408> ===============================================================
 [2024-03-11 18:21:58] <61843> START NicepayLite PYO (V1.1B20140314(OS:Linux2.6.32-754.35.1.el6.x86_64,PHP:7.3.15))
 [2024-03-11 18:21:58] <61843> Connect to ssl://web.nicepay.co.kr:443
 [2024-03-11 18:21:58] <61843> ssl://web.nicepay.co.kr:443 Server Connect OK
 [2024-03-11 18:21:58] <61843> MSG_TO_SVR::[/lite/payProcess.jsp]
 [2024-03-11 18:21:59] <61843> TID -> [ilooda001m01012403111821596690]
 [2024-03-11 18:21:59] <61843> 3001[카드 결제 성공]
 [2024-03-11 18:21:59] <61843> END PYO  Laptime:[0.63sec]
 [2024-03-11 18:21:59] <61843> ===============================================================
 [2024-03-11 20:24:40] <13503> START NicepayLite PYO (V1.1B20140314(OS:Linux2.6.32-754.35.1.el6.x86_64,PHP:7.3.15))
 [2024-03-11 20:24:40] <13503> Connect to ssl://web.nicepay.co.kr:443
 [2024-03-11 20:24:40] <13503> ssl://web.nicepay.co.kr:443 Server Connect OK
 [2024-03-11 20:24:40] <13503> MSG_TO_SVR::[/lite/payProcess.jsp]
 [2024-03-11 20:24:40] <13503> TID -> [ilooda001m01012403112024417150]
 [2024-03-11 20:24:40] <13503> 3001[카드 결제 성공]
 [2024-03-11 20:24:40] <13503> END PYO  Laptime:[0.393sec]
 [2024-03-11 20:24:40] <13503> ===============================================================
