 [2024-03-15 10:59:59] <48635> START NicepayLite PYO (V1.1B20140314(OS:Linux2.6.32-754.35.1.el6.x86_64,PHP:7.3.15))
 [2024-03-15 10:59:59] <48635> Connect to ssl://web.nicepay.co.kr:443
 [2024-03-15 10:59:59] <48635> ssl://web.nicepay.co.kr:443 Server Connect OK
 [2024-03-15 10:59:59] <48635> MSG_TO_SVR::[/lite/payProcess.jsp]
 [2024-03-15 11:00:00] <48635> TID -> [ilooda001m01012403151100013258]
 [2024-03-15 11:00:00] <48635> 3001[카드 결제 성공]
 [2024-03-15 11:00:00] <48635> END PYO  Laptime:[0.827sec]
 [2024-03-15 11:00:00] <48635> ===============================================================
 [2024-03-15 11:39:35] <50700> START NicepayLite PYO (V1.1B20140314(OS:Linux2.6.32-754.35.1.el6.x86_64,PHP:7.3.15))
 [2024-03-15 11:39:35] <50700> Connect to ssl://web.nicepay.co.kr:443
 [2024-03-15 11:39:35] <50700> ssl://web.nicepay.co.kr:443 Server Connect OK
 [2024-03-15 11:39:35] <50700> MSG_TO_SVR::[/lite/payProcess.jsp]
 [2024-03-15 11:39:37] <50700> TID -> [ilooda001m01012403151139372611]
 [2024-03-15 11:39:37] <50700> 3001[카드 결제 성공]
 [2024-03-15 11:39:37] <50700> END PYO  Laptime:[1.467sec]
 [2024-03-15 11:39:37] <50700> ===============================================================
 [2024-03-15 12:29:05] <119937> START NicepayLite PYO (V1.1B20140314(OS:Linux2.6.32-754.35.1.el6.x86_64,PHP:7.3.15))
 [2024-03-15 12:29:05] <119937> Connect to ssl://web.nicepay.co.kr:443
 [2024-03-15 12:29:05] <119937> ssl://web.nicepay.co.kr:443 Server Connect OK
 [2024-03-15 12:29:05] <119937> MSG_TO_SVR::[/lite/payProcess.jsp]
 [2024-03-15 12:29:06] <119937> TID -> [ilooda001m01012403151229073214]
 [2024-03-15 12:29:06] <119937> 3001[카드 결제 성공]
 [2024-03-15 12:29:06] <119937> END PYO  Laptime:[0.822sec]
 [2024-03-15 12:29:06] <119937> ===============================================================
 [2024-03-15 12:43:03] <54381> START NicepayLite PYO (V1.1B20140314(OS:Linux2.6.32-754.35.1.el6.x86_64,PHP:7.3.15))
 [2024-03-15 12:43:03] <54381> Connect to ssl://web.nicepay.co.kr:443
 [2024-03-15 12:43:03] <54381> ssl://web.nicepay.co.kr:443 Server Connect OK
 [2024-03-15 12:43:03] <54381> MSG_TO_SVR::[/lite/payProcess.jsp]
 [2024-03-15 12:43:04] <54381> TID -> [ilooda001m01012403151243055446]
 [2024-03-15 12:43:04] <54381> 3001[카드 결제 성공]
 [2024-03-15 12:43:04] <54381> END PYO  Laptime:[1.017sec]
 [2024-03-15 12:43:04] <54381> ===============================================================
 [2024-03-15 15:07:39] <109185> START NicepayLite PYO (V1.1B20140314(OS:Linux2.6.32-754.35.1.el6.x86_64,PHP:7.3.15))
 [2024-03-15 15:07:39] <109185> Connect to ssl://web.nicepay.co.kr:443
 [2024-03-15 15:07:40] <109185> ssl://web.nicepay.co.kr:443 Server Connect OK
 [2024-03-15 15:07:40] <109185> MSG_TO_SVR::[/lite/payProcess.jsp]
 [2024-03-15 15:07:40] <109185> TID -> [ilooda001m01012403151507416624]
 [2024-03-15 15:07:40] <109185> 3001[카드 결제 성공]
 [2024-03-15 15:07:40] <109185> END PYO  Laptime:[0.655sec]
 [2024-03-15 15:07:40] <109185> ===============================================================
 [2024-03-15 16:01:46] <65955> START NicepayLite PYO (V1.1B20140314(OS:Linux2.6.32-754.35.1.el6.x86_64,PHP:7.3.15))
 [2024-03-15 16:01:46] <65955> Connect to ssl://web.nicepay.co.kr:443
 [2024-03-15 16:01:46] <65955> ssl://web.nicepay.co.kr:443 Server Connect OK
 [2024-03-15 16:01:46] <65955> MSG_TO_SVR::[/lite/payProcess.jsp]
 [2024-03-15 16:01:46] <65955> TID -> [ilooda001m01012403151601478291]
 [2024-03-15 16:01:46] <65955> 3001[카드 결제 성공]
 [2024-03-15 16:01:46] <65955> END PYO  Laptime:[0.704sec]
 [2024-03-15 16:01:46] <65955> ===============================================================
 [2024-03-15 16:35:29] <21386> START NicepayLite PYO (V1.1B20140314(OS:Linux2.6.32-754.35.1.el6.x86_64,PHP:7.3.15))
 [2024-03-15 16:35:29] <21386> Connect to ssl://web.nicepay.co.kr:443
 [2024-03-15 16:35:29] <21386> ssl://web.nicepay.co.kr:443 Server Connect OK
 [2024-03-15 16:35:29] <21386> MSG_TO_SVR::[/lite/payProcess.jsp]
 [2024-03-15 16:35:30] <21386> TID -> [ilooda001m01012403151635307583]
 [2024-03-15 16:35:30] <21386> 3001[카드 결제 성공]
 [2024-03-15 16:35:30] <21386> END PYO  Laptime:[1.417sec]
 [2024-03-15 16:35:30] <21386> ===============================================================
 [2024-03-15 18:11:47] <136997> START NicepayLite PYO (V1.1B20140314(OS:Linux2.6.32-754.35.1.el6.x86_64,PHP:7.3.15))
 [2024-03-15 18:11:47] <136997> Connect to ssl://web.nicepay.co.kr:443
 [2024-03-15 18:11:47] <136997> ssl://web.nicepay.co.kr:443 Server Connect OK
 [2024-03-15 18:11:47] <136997> MSG_TO_SVR::[/lite/payProcess.jsp]
 [2024-03-15 18:11:48] <136997> TID -> [ilooda001m01012403151811496651]
 [2024-03-15 18:11:48] <136997> 3001[카드 결제 성공]
 [2024-03-15 18:11:48] <136997> END PYO  Laptime:[0.348sec]
 [2024-03-15 18:11:48] <136997> ===============================================================
 [2024-03-15 18:19:51] <48973> START NicepayLite PYO (V1.1B20140314(OS:Linux2.6.32-754.35.1.el6.x86_64,PHP:7.3.15))
 [2024-03-15 18:19:51] <48973> Connect to ssl://web.nicepay.co.kr:443
 [2024-03-15 18:19:51] <48973> ssl://web.nicepay.co.kr:443 Server Connect OK
 [2024-03-15 18:19:51] <48973> MSG_TO_SVR::[/lite/payProcess.jsp]
 [2024-03-15 18:19:51] <48973> TID -> [ilooda001m01012403151819528990]
 [2024-03-15 18:19:51] <48973> 3001[카드 결제 성공]
 [2024-03-15 18:19:51] <48973> END PYO  Laptime:[0.564sec]
 [2024-03-15 18:19:51] <48973> ===============================================================
