 [2024-03-25 09:15:10] <36884> START NicepayLite PYO (V1.1B20140314(OS:Linux2.6.32-754.35.1.el6.x86_64,PHP:7.3.15))
 [2024-03-25 09:15:10] <36884> Connect to ssl://web.nicepay.co.kr:443
 [2024-03-25 09:15:11] <36884> ssl://web.nicepay.co.kr:443 Server Connect OK
 [2024-03-25 09:15:11] <36884> MSG_TO_SVR::[/lite/payProcess.jsp]
 [2024-03-25 09:15:11] <36884> TID -> [ilooda001m01012403250915120367]
 [2024-03-25 09:15:11] <36884> 3001[카드 결제 성공]
 [2024-03-25 09:15:11] <36884> END PYO  Laptime:[0.629sec]
 [2024-03-25 09:15:11] <36884> ===============================================================
 [2024-03-25 10:19:08] <103076> START NicepayLite PYO (V1.1B20140314(OS:Linux2.6.32-754.35.1.el6.x86_64,PHP:7.3.15))
 [2024-03-25 10:19:08] <103076> Connect to ssl://web.nicepay.co.kr:443
 [2024-03-25 10:19:08] <103076> ssl://web.nicepay.co.kr:443 Server Connect OK
 [2024-03-25 10:19:08] <103076> MSG_TO_SVR::[/lite/payProcess.jsp]
 [2024-03-25 10:19:09] <103076> TID -> [ilooda001m01012403251019094722]
 [2024-03-25 10:19:09] <103076> 3001[카드 결제 성공]
 [2024-03-25 10:19:09] <103076> END PYO  Laptime:[0.537sec]
 [2024-03-25 10:19:09] <103076> ===============================================================
 [2024-03-25 11:08:49] <49264> START NicepayLite PYO (V1.1B20140314(OS:Linux2.6.32-754.35.1.el6.x86_64,PHP:7.3.15))
 [2024-03-25 11:08:49] <49264> Connect to ssl://web.nicepay.co.kr:443
 [2024-03-25 11:08:49] <49264> ssl://web.nicepay.co.kr:443 Server Connect OK
 [2024-03-25 11:08:49] <49264> MSG_TO_SVR::[/lite/payProcess.jsp]
 [2024-03-25 11:08:50] <49264> TID -> [ilooda001m01012403251108506723]
 [2024-03-25 11:08:50] <49264> 3001[카드 결제 성공]
 [2024-03-25 11:08:50] <49264> END PYO  Laptime:[0.96sec]
 [2024-03-25 11:08:50] <49264> ===============================================================
 [2024-03-25 12:04:28] <68392> START NicepayLite PYO (V1.1B20140314(OS:Linux2.6.32-754.35.1.el6.x86_64,PHP:7.3.15))
 [2024-03-25 12:04:28] <68392> Connect to ssl://web.nicepay.co.kr:443
 [2024-03-25 12:04:28] <68392> ssl://web.nicepay.co.kr:443 Server Connect OK
 [2024-03-25 12:04:28] <68392> MSG_TO_SVR::[/lite/payProcess.jsp]
 [2024-03-25 12:04:29] <68392> TID -> [ilooda001m01012403251204299580]
 [2024-03-25 12:04:29] <68392> 3001[카드 결제 성공]
 [2024-03-25 12:04:29] <68392> END PYO  Laptime:[0.726sec]
 [2024-03-25 12:04:29] <68392> ===============================================================
 [2024-03-25 12:13:31] <141578> START NicepayLite PYO (V1.1B20140314(OS:Linux2.6.32-754.35.1.el6.x86_64,PHP:7.3.15))
 [2024-03-25 12:13:31] <141578> Connect to ssl://web.nicepay.co.kr:443
 [2024-03-25 12:13:31] <141578> ssl://web.nicepay.co.kr:443 Server Connect OK
 [2024-03-25 12:13:31] <141578> MSG_TO_SVR::[/lite/payProcess.jsp]
 [2024-03-25 12:13:31] <141578> TID -> [ilooda001m01012403251213320921]
 [2024-03-25 12:13:31] <141578> 3001[카드 결제 성공]
 [2024-03-25 12:13:31] <141578> END PYO  Laptime:[0.707sec]
 [2024-03-25 12:13:31] <141578> ===============================================================
 [2024-03-25 12:18:02] <27264> START NicepayLite PYO (V1.1B20140314(OS:Linux2.6.32-754.35.1.el6.x86_64,PHP:7.3.15))
 [2024-03-25 12:18:02] <27264> Connect to ssl://web.nicepay.co.kr:443
 [2024-03-25 12:18:02] <27264> ssl://web.nicepay.co.kr:443 Server Connect OK
 [2024-03-25 12:18:02] <27264> MSG_TO_SVR::[/lite/payProcess.jsp]
 [2024-03-25 12:18:02] <27264> TID -> [ilooda001m01012403251218033773]
 [2024-03-25 12:18:02] <27264> 3001[카드 결제 성공]
 [2024-03-25 12:18:02] <27264> END PYO  Laptime:[0.483sec]
 [2024-03-25 12:18:02] <27264> ===============================================================
 [2024-03-25 12:53:32] <29795> START NicepayLite PYO (V1.1B20140314(OS:Linux2.6.32-754.35.1.el6.x86_64,PHP:7.3.15))
 [2024-03-25 12:53:32] <29795> Connect to ssl://web.nicepay.co.kr:443
 [2024-03-25 12:53:32] <29795> ssl://web.nicepay.co.kr:443 Server Connect OK
 [2024-03-25 12:53:32] <29795> MSG_TO_SVR::[/lite/payProcess.jsp]
 [2024-03-25 12:53:33] <29795> TID -> [ilooda001m01012403251253332192]
 [2024-03-25 12:53:33] <29795> 3001[카드 결제 성공]
 [2024-03-25 12:53:33] <29795> END PYO  Laptime:[0.951sec]
 [2024-03-25 12:53:33] <29795> ===============================================================
 [2024-03-25 12:59:05] <79074> START NicepayLite PYO (V1.1B20140314(OS:Linux2.6.32-754.35.1.el6.x86_64,PHP:7.3.15))
 [2024-03-25 12:59:05] <79074> Connect to ssl://web.nicepay.co.kr:443
 [2024-03-25 12:59:05] <79074> ssl://web.nicepay.co.kr:443 Server Connect OK
 [2024-03-25 12:59:05] <79074> MSG_TO_SVR::[/lite/payProcess.jsp]
 [2024-03-25 12:59:06] <79074> TID -> [ilooda001m01012403251259063518]
 [2024-03-25 12:59:06] <79074> 3001[카드 결제 성공]
 [2024-03-25 12:59:06] <79074> END PYO  Laptime:[0.846sec]
 [2024-03-25 12:59:06] <79074> ===============================================================
 [2024-03-25 13:51:36] <72828> START NicepayLite PYO (V1.1B20140314(OS:Linux2.6.32-754.35.1.el6.x86_64,PHP:7.3.15))
 [2024-03-25 13:51:36] <72828> Connect to ssl://web.nicepay.co.kr:443
 [2024-03-25 13:51:36] <72828> ssl://web.nicepay.co.kr:443 Server Connect OK
 [2024-03-25 13:51:36] <72828> MSG_TO_SVR::[/lite/payProcess.jsp]
 [2024-03-25 13:51:37] <72828> TID -> [ilooda001m01012403251351377965]
 [2024-03-25 13:51:37] <72828> 3001[카드 결제 성공]
 [2024-03-25 13:51:37] <72828> END PYO  Laptime:[0.961sec]
 [2024-03-25 13:51:37] <72828> ===============================================================
 [2024-03-25 15:30:58] <15953> START NicepayLite PYO (V1.1B20140314(OS:Linux2.6.32-754.35.1.el6.x86_64,PHP:7.3.15))
 [2024-03-25 15:30:58] <15953> Connect to ssl://web.nicepay.co.kr:443
 [2024-03-25 15:30:58] <15953> ssl://web.nicepay.co.kr:443 Server Connect OK
 [2024-03-25 15:30:58] <15953> MSG_TO_SVR::[/lite/payProcess.jsp]
 [2024-03-25 15:30:59] <15953> TID -> [ilooda001m01012403251530595585]
 [2024-03-25 15:30:59] <15953> 3001[카드 결제 성공]
 [2024-03-25 15:30:59] <15953> END PYO  Laptime:[0.945sec]
 [2024-03-25 15:30:59] <15953> ===============================================================
 [2024-03-25 16:01:03] <126019> START NicepayLite PYO (V1.1B20140314(OS:Linux2.6.32-754.35.1.el6.x86_64,PHP:7.3.15))
 [2024-03-25 16:01:03] <126019> Connect to ssl://web.nicepay.co.kr:443
 [2024-03-25 16:01:03] <126019> ssl://web.nicepay.co.kr:443 Server Connect OK
 [2024-03-25 16:01:03] <126019> MSG_TO_SVR::[/lite/payProcess.jsp]
 [2024-03-25 16:01:04] <126019> TID -> [ilooda001m01012403251601048114]
 [2024-03-25 16:01:04] <126019> 3001[카드 결제 성공]
 [2024-03-25 16:01:04] <126019> END PYO  Laptime:[0.766sec]
 [2024-03-25 16:01:04] <126019> ===============================================================
 [2024-03-25 16:20:02] <134699> START NicepayLite PYO (V1.1B20140314(OS:Linux2.6.32-754.35.1.el6.x86_64,PHP:7.3.15))
 [2024-03-25 16:20:02] <134699> Connect to ssl://web.nicepay.co.kr:443
 [2024-03-25 16:20:02] <134699> ssl://web.nicepay.co.kr:443 Server Connect OK
 [2024-03-25 16:20:02] <134699> MSG_TO_SVR::[/lite/payProcess.jsp]
 [2024-03-25 16:20:02] <134699> TID -> [ilooda001m01012403251620033221]
 [2024-03-25 16:20:02] <134699> 3001[카드 결제 성공]
 [2024-03-25 16:20:02] <134699> END PYO  Laptime:[0.736sec]
 [2024-03-25 16:20:02] <134699> ===============================================================
 [2024-03-25 16:22:58] <12281> START NicepayLite PYO (V1.1B20140314(OS:Linux2.6.32-754.35.1.el6.x86_64,PHP:7.3.15))
 [2024-03-25 16:22:58] <12281> Connect to ssl://web.nicepay.co.kr:443
 [2024-03-25 16:22:58] <12281> ssl://web.nicepay.co.kr:443 Server Connect OK
 [2024-03-25 16:22:58] <12281> MSG_TO_SVR::[/lite/payProcess.jsp]
 [2024-03-25 16:22:59] <12281> TID -> [ilooda001m01012403251622595441]
 [2024-03-25 16:22:59] <12281> 3001[카드 결제 성공]
 [2024-03-25 16:22:59] <12281> END PYO  Laptime:[1.021sec]
 [2024-03-25 16:22:59] <12281> ===============================================================
 [2024-03-25 16:48:53] <82960> START NicepayLite PYO (V1.1B20140314(OS:Linux2.6.32-754.35.1.el6.x86_64,PHP:7.3.15))
 [2024-03-25 16:48:53] <82960> Connect to ssl://web.nicepay.co.kr:443
 [2024-03-25 16:48:53] <82960> ssl://web.nicepay.co.kr:443 Server Connect OK
 [2024-03-25 16:48:53] <82960> MSG_TO_SVR::[/lite/payProcess.jsp]
 [2024-03-25 16:48:53] <82960> TID -> [ilooda001m01012403251648542599]
 [2024-03-25 16:48:53] <82960> 3001[카드 결제 성공]
 [2024-03-25 16:48:53] <82960> END PYO  Laptime:[0.773sec]
 [2024-03-25 16:48:53] <82960> ===============================================================
 [2024-03-25 17:19:11] <47604> START NicepayLite PYO (V1.1B20140314(OS:Linux2.6.32-754.35.1.el6.x86_64,PHP:7.3.15))
 [2024-03-25 17:19:11] <47604> Connect to ssl://web.nicepay.co.kr:443
 [2024-03-25 17:19:11] <47604> ssl://web.nicepay.co.kr:443 Server Connect OK
 [2024-03-25 17:19:11] <47604> MSG_TO_SVR::[/lite/payProcess.jsp]
 [2024-03-25 17:19:12] <47604> TID -> [ilooda001m01012403251719130581]
 [2024-03-25 17:19:12] <47604> 3001[카드 결제 성공]
 [2024-03-25 17:19:12] <47604> END PYO  Laptime:[0.894sec]
 [2024-03-25 17:19:12] <47604> ===============================================================
 [2024-03-25 17:45:57] <116862> START NicepayLite PYO (V1.1B20140314(OS:Linux2.6.32-754.35.1.el6.x86_64,PHP:7.3.15))
 [2024-03-25 17:45:57] <116862> Connect to ssl://web.nicepay.co.kr:443
 [2024-03-25 17:45:57] <116862> ssl://web.nicepay.co.kr:443 Server Connect OK
 [2024-03-25 17:45:57] <116862> MSG_TO_SVR::[/lite/payProcess.jsp]
 [2024-03-25 17:45:58] <116862> TID -> [ilooda001m01012403251745589976]
 [2024-03-25 17:45:58] <116862> 3001[카드 결제 성공]
 [2024-03-25 17:45:58] <116862> END PYO  Laptime:[0.871sec]
 [2024-03-25 17:45:58] <116862> ===============================================================
 [2024-03-25 18:36:30] <102818> START NicepayLite PYO (V1.1B20140314(OS:Linux2.6.32-754.35.1.el6.x86_64,PHP:7.3.15))
 [2024-03-25 18:36:30] <102818> Connect to ssl://web.nicepay.co.kr:443
 [2024-03-25 18:36:30] <102818> ssl://web.nicepay.co.kr:443 Server Connect OK
 [2024-03-25 18:36:30] <102818> MSG_TO_SVR::[/lite/payProcess.jsp]
 [2024-03-25 18:36:31] <102818> TID -> [ilooda001m01012403251836320849]
 [2024-03-25 18:36:31] <102818> 3001[카드 결제 성공]
 [2024-03-25 18:36:31] <102818> END PYO  Laptime:[1.02sec]
 [2024-03-25 18:36:31] <102818> ===============================================================
 [2024-03-25 18:38:36] <119285> START NicepayLite PYO (V1.1B20140314(OS:Linux2.6.32-754.35.1.el6.x86_64,PHP:7.3.15))
 [2024-03-25 18:38:36] <119285> Connect to ssl://web.nicepay.co.kr:443
 [2024-03-25 18:38:36] <119285> ssl://web.nicepay.co.kr:443 Server Connect OK
 [2024-03-25 18:38:36] <119285> MSG_TO_SVR::[/lite/payProcess.jsp]
 [2024-03-25 18:38:36] <119285> TID -> [ilooda001m01012403251838373702]
 [2024-03-25 18:38:36] <119285> 3001[카드 결제 성공]
 [2024-03-25 18:38:36] <119285> END PYO  Laptime:[0.572sec]
 [2024-03-25 18:38:36] <119285> ===============================================================
 [2024-03-25 18:54:21] <104066> START NicepayLite PYO (V1.1B20140314(OS:Linux2.6.32-754.35.1.el6.x86_64,PHP:7.3.15))
 [2024-03-25 18:54:21] <104066> Connect to ssl://web.nicepay.co.kr:443
 [2024-03-25 18:54:21] <104066> ssl://web.nicepay.co.kr:443 Server Connect OK
 [2024-03-25 18:54:21] <104066> MSG_TO_SVR::[/lite/payProcess.jsp]
 [2024-03-25 18:54:21] <104066> TID -> [ilooda001m01012403251854223883]
 [2024-03-25 18:54:21] <104066> 3001[카드 결제 성공]
 [2024-03-25 18:54:21] <104066> END PYO  Laptime:[0.343sec]
 [2024-03-25 18:54:21] <104066> ===============================================================
 [2024-03-25 20:35:55] <52151> START NicepayLite PYO (V1.1B20140314(OS:Linux2.6.32-754.35.1.el6.x86_64,PHP:7.3.15))
 [2024-03-25 20:35:55] <52151> Connect to ssl://web.nicepay.co.kr:443
 [2024-03-25 20:35:55] <52151> ssl://web.nicepay.co.kr:443 Server Connect OK
 [2024-03-25 20:35:55] <52151> MSG_TO_SVR::[/lite/payProcess.jsp]
 [2024-03-25 20:35:56] <52151> TID -> [ilooda001m01012403252035563790]
 [2024-03-25 20:35:56] <52151> 3001[카드 결제 성공]
 [2024-03-25 20:35:56] <52151> END PYO  Laptime:[1sec]
 [2024-03-25 20:35:56] <52151> ===============================================================
 [2024-03-25 22:31:49] <128757> START NicepayLite PYO (V1.1B20140314(OS:Linux2.6.32-754.35.1.el6.x86_64,PHP:7.3.15))
 [2024-03-25 22:31:49] <128757> Connect to ssl://web.nicepay.co.kr:443
 [2024-03-25 22:31:49] <128757> ssl://web.nicepay.co.kr:443 Server Connect OK
 [2024-03-25 22:31:49] <128757> MSG_TO_SVR::[/lite/payProcess.jsp]
 [2024-03-25 22:31:49] <128757> TID -> [ilooda001m01012403252231504205]
 [2024-03-25 22:31:49] <128757> 3001[카드 결제 성공]
 [2024-03-25 22:31:49] <128757> END PYO  Laptime:[0.746sec]
 [2024-03-25 22:31:49] <128757> ===============================================================
