 [2024-02-05 12:10:21] <52523> START NicepayLite PYO (V1.1B20140314(OS:Linux2.6.32-754.35.1.el6.x86_64,PHP:7.3.15))
 [2024-02-05 12:10:21] <52523> Connect to ssl://web.nicepay.co.kr:443
 [2024-02-05 12:10:21] <52523> ssl://web.nicepay.co.kr:443 Server Connect OK
 [2024-02-05 12:10:21] <52523> MSG_TO_SVR::[/lite/payProcess.jsp]
 [2024-02-05 12:10:22] <52523> TID -> [ilooda001m01012402051210230103]
 [2024-02-05 12:10:22] <52523> 3001[카드 결제 성공]
 [2024-02-05 12:10:22] <52523> END PYO  Laptime:[0.622sec]
 [2024-02-05 12:10:22] <52523> ===============================================================
 [2024-02-05 12:27:14] <31680> START NicepayLite PYO (V1.1B20140314(OS:Linux2.6.32-754.35.1.el6.x86_64,PHP:7.3.15))
 [2024-02-05 12:27:14] <31680> Connect to ssl://web.nicepay.co.kr:443
 [2024-02-05 12:27:19] <31680> ssl://web.nicepay.co.kr:443 Server Connect OK
 [2024-02-05 12:27:19] <31680> MSG_TO_SVR::[/lite/payProcess.jsp]
 [2024-02-05 12:27:19] <31680> TID -> [ilooda001m01012402051227207244]
 [2024-02-05 12:27:19] <31680> 3001[카드 결제 성공]
 [2024-02-05 12:27:19] <31680> END PYO  Laptime:[5.682sec]
 [2024-02-05 12:27:19] <31680> ===============================================================
 [2024-02-05 12:54:02] <80896> START NicepayLite PYO (V1.1B20140314(OS:Linux2.6.32-754.35.1.el6.x86_64,PHP:7.3.15))
 [2024-02-05 12:54:02] <80896> Connect to ssl://web.nicepay.co.kr:443
 [2024-02-05 12:54:02] <80896> ssl://web.nicepay.co.kr:443 Server Connect OK
 [2024-02-05 12:54:02] <80896> MSG_TO_SVR::[/lite/payProcess.jsp]
 [2024-02-05 12:54:02] <80896> TID -> [ilooda001m01012402051254034432]
 [2024-02-05 12:54:02] <80896> 3001[카드 결제 성공]
 [2024-02-05 12:54:02] <80896> END PYO  Laptime:[0.541sec]
 [2024-02-05 12:54:02] <80896> ===============================================================
 [2024-02-05 13:10:21] <61415> START NicepayLite PYO (V1.1B20140314(OS:Linux2.6.32-754.35.1.el6.x86_64,PHP:7.3.15))
 [2024-02-05 13:10:21] <61415> Connect to ssl://web.nicepay.co.kr:443
 [2024-02-05 13:10:21] <61415> ssl://web.nicepay.co.kr:443 Server Connect OK
 [2024-02-05 13:10:21] <61415> MSG_TO_SVR::[/lite/payProcess.jsp]
 [2024-02-05 13:10:22] <61415> TID -> [ilooda001m01012402051310224546]
 [2024-02-05 13:10:22] <61415> 3001[카드 결제 성공]
 [2024-02-05 13:10:22] <61415> END PYO  Laptime:[1.321sec]
 [2024-02-05 13:10:22] <61415> ===============================================================
 [2024-02-05 13:23:06] <11325> START NicepayLite PYO (V1.1B20140314(OS:Linux2.6.32-754.35.1.el6.x86_64,PHP:7.3.15))
 [2024-02-05 13:23:06] <11325> Connect to ssl://web.nicepay.co.kr:443
 [2024-02-05 13:23:06] <11325> ssl://web.nicepay.co.kr:443 Server Connect OK
 [2024-02-05 13:23:06] <11325> MSG_TO_SVR::[/lite/payProcess.jsp]
 [2024-02-05 13:23:07] <11325> TID -> [ilooda001m01012402051323082179]
 [2024-02-05 13:23:07] <11325> 3001[카드 결제 성공]
 [2024-02-05 13:23:07] <11325> END PYO  Laptime:[0.707sec]
 [2024-02-05 13:23:07] <11325> ===============================================================
 [2024-02-05 14:21:52] <5628> START NicepayLite PYO (V1.1B20140314(OS:Linux2.6.32-754.35.1.el6.x86_64,PHP:7.3.15))
 [2024-02-05 14:21:52] <5628> Connect to ssl://web.nicepay.co.kr:443
 [2024-02-05 14:21:52] <5628> ssl://web.nicepay.co.kr:443 Server Connect OK
 [2024-02-05 14:21:52] <5628> MSG_TO_SVR::[/lite/payProcess.jsp]
 [2024-02-05 14:21:53] <5628> TID -> [ilooda001m01012402051421540723]
 [2024-02-05 14:21:53] <5628> 3001[카드 결제 성공]
 [2024-02-05 14:21:53] <5628> END PYO  Laptime:[0.633sec]
 [2024-02-05 14:21:53] <5628> ===============================================================
 [2024-02-05 14:28:27] <57596> START NicepayLite PYO (V1.1B20140314(OS:Linux2.6.32-754.35.1.el6.x86_64,PHP:7.3.15))
 [2024-02-05 14:28:27] <57596> Connect to ssl://web.nicepay.co.kr:443
 [2024-02-05 14:28:27] <57596> ssl://web.nicepay.co.kr:443 Server Connect OK
 [2024-02-05 14:28:27] <57596> MSG_TO_SVR::[/lite/payProcess.jsp]
 [2024-02-05 14:28:27] <57596> TID -> [ilooda001m01012402051428285329]
 [2024-02-05 14:28:27] <57596> 3001[카드 결제 성공]
 [2024-02-05 14:28:27] <57596> END PYO  Laptime:[0.743sec]
 [2024-02-05 14:28:27] <57596> ===============================================================
 [2024-02-05 14:59:49] <143440> START NicepayLite PYO (V1.1B20140314(OS:Linux2.6.32-754.35.1.el6.x86_64,PHP:7.3.15))
 [2024-02-05 14:59:49] <143440> Connect to ssl://web.nicepay.co.kr:443
 [2024-02-05 14:59:49] <143440> ssl://web.nicepay.co.kr:443 Server Connect OK
 [2024-02-05 14:59:49] <143440> MSG_TO_SVR::[/lite/payProcess.jsp]
 [2024-02-05 14:59:50] <143440> TID -> [ilooda001m01012402051459511211]
 [2024-02-05 14:59:50] <143440> 3001[카드 결제 성공]
 [2024-02-05 14:59:50] <143440> END PYO  Laptime:[0.796sec]
 [2024-02-05 14:59:50] <143440> ===============================================================
 [2024-02-05 15:49:06] <78925> START NicepayLite PYO (V1.1B20140314(OS:Linux2.6.32-754.35.1.el6.x86_64,PHP:7.3.15))
 [2024-02-05 15:49:06] <78925> Connect to ssl://web.nicepay.co.kr:443
 [2024-02-05 15:49:06] <78925> ssl://web.nicepay.co.kr:443 Server Connect OK
 [2024-02-05 15:49:06] <78925> MSG_TO_SVR::[/lite/payProcess.jsp]
 [2024-02-05 15:49:07] <78925> TID -> [ilooda001m01012402051549078948]
 [2024-02-05 15:49:07] <78925> 3001[카드 결제 성공]
 [2024-02-05 15:49:07] <78925> END PYO  Laptime:[0.639sec]
 [2024-02-05 15:49:07] <78925> ===============================================================
 [2024-02-05 15:51:10] <94148> START NicepayLite PYO (V1.1B20140314(OS:Linux2.6.32-754.35.1.el6.x86_64,PHP:7.3.15))
 [2024-02-05 15:51:10] <94148> Connect to ssl://web.nicepay.co.kr:443
 [2024-02-05 15:51:10] <94148> ssl://web.nicepay.co.kr:443 Server Connect OK
 [2024-02-05 15:51:10] <94148> MSG_TO_SVR::[/lite/payProcess.jsp]
 [2024-02-05 15:51:10] <94148> TID -> [ilooda001m01012402051551116833]
 [2024-02-05 15:51:10] <94148> 3001[카드 결제 성공]
 [2024-02-05 15:51:10] <94148> END PYO  Laptime:[0.569sec]
 [2024-02-05 15:51:10] <94148> ===============================================================
 [2024-02-05 16:19:22] <12768> START NicepayLite PYO (V1.1B20140314(OS:Linux2.6.32-754.35.1.el6.x86_64,PHP:7.3.15))
 [2024-02-05 16:19:22] <12768> Connect to ssl://web.nicepay.co.kr:443
 [2024-02-05 16:19:22] <12768> ssl://web.nicepay.co.kr:443 Server Connect OK
 [2024-02-05 16:19:22] <12768> MSG_TO_SVR::[/lite/payProcess.jsp]
 [2024-02-05 16:19:23] <12768> TID -> [ilooda001m01012402051619237658]
 [2024-02-05 16:19:23] <12768> 3001[카드 결제 성공]
 [2024-02-05 16:19:23] <12768> END PYO  Laptime:[0.924sec]
 [2024-02-05 16:19:23] <12768> ===============================================================
 [2024-02-05 17:00:39] <29072> START NicepayLite PYO (V1.1B20140314(OS:Linux2.6.32-754.35.1.el6.x86_64,PHP:7.3.15))
 [2024-02-05 17:00:39] <29072> Connect to ssl://web.nicepay.co.kr:443
 [2024-02-05 17:00:39] <29072> ssl://web.nicepay.co.kr:443 Server Connect OK
 [2024-02-05 17:00:39] <29072> MSG_TO_SVR::[/lite/payProcess.jsp]
 [2024-02-05 17:00:39] <29072> TID -> [ilooda001m01012402051700405548]
 [2024-02-05 17:00:39] <29072> 3001[카드 결제 성공]
 [2024-02-05 17:00:39] <29072> END PYO  Laptime:[0.681sec]
 [2024-02-05 17:00:39] <29072> ===============================================================
 [2024-02-05 17:03:09] <44170> START NicepayLite PYO (V1.1B20140314(OS:Linux2.6.32-754.35.1.el6.x86_64,PHP:7.3.15))
 [2024-02-05 17:03:09] <44170> Connect to ssl://web.nicepay.co.kr:443
 [2024-02-05 17:03:09] <44170> ssl://web.nicepay.co.kr:443 Server Connect OK
 [2024-02-05 17:03:09] <44170> MSG_TO_SVR::[/lite/payProcess.jsp]
 [2024-02-05 17:03:10] <44170> TID -> [ilooda001m01012402051703113847]
 [2024-02-05 17:03:10] <44170> 3001[카드 결제 성공]
 [2024-02-05 17:03:10] <44170> END PYO  Laptime:[0.647sec]
 [2024-02-05 17:03:10] <44170> ===============================================================
 [2024-02-05 21:02:33] <90207> START NicepayLite PYO (V1.1B20140314(OS:Linux2.6.32-754.35.1.el6.x86_64,PHP:7.3.15))
 [2024-02-05 21:02:33] <90207> Connect to ssl://web.nicepay.co.kr:443
 [2024-02-05 21:02:33] <90207> ssl://web.nicepay.co.kr:443 Server Connect OK
 [2024-02-05 21:02:33] <90207> MSG_TO_SVR::[/lite/payProcess.jsp]
 [2024-02-05 21:02:34] <90207> TID -> [ilooda001m01012402052102352555]
 [2024-02-05 21:02:34] <90207> 3001[카드 결제 성공]
 [2024-02-05 21:02:34] <90207> END PYO  Laptime:[0.538sec]
 [2024-02-05 21:02:34] <90207> ===============================================================
 [2024-02-05 21:46:04] <129864> START NicepayLite PYO (V1.1B20140314(OS:Linux2.6.32-754.35.1.el6.x86_64,PHP:7.3.15))
 [2024-02-05 21:46:04] <129864> Connect to ssl://web.nicepay.co.kr:443
 [2024-02-05 21:46:04] <129864> ssl://web.nicepay.co.kr:443 Server Connect OK
 [2024-02-05 21:46:04] <129864> MSG_TO_SVR::[/lite/payProcess.jsp]
 [2024-02-05 21:46:06] <129864> TID -> [ilooda001m01012402052146061705]
 [2024-02-05 21:46:06] <129864> 3001[카드 결제 성공]
 [2024-02-05 21:46:06] <129864> END PYO  Laptime:[1.47sec]
 [2024-02-05 21:46:06] <129864> ===============================================================
 [2024-02-05 23:00:07] <101540> START NicepayLite PYO (V1.1B20140314(OS:Linux2.6.32-754.35.1.el6.x86_64,PHP:7.3.15))
 [2024-02-05 23:00:07] <101540> Connect to ssl://web.nicepay.co.kr:443
 [2024-02-05 23:00:07] <101540> ssl://web.nicepay.co.kr:443 Server Connect OK
 [2024-02-05 23:00:07] <101540> MSG_TO_SVR::[/lite/payProcess.jsp]
 [2024-02-05 23:00:08] <101540> TID -> [ilooda001m01012402052300090850]
 [2024-02-05 23:00:08] <101540> 3001[카드 결제 성공]
 [2024-02-05 23:00:08] <101540> END PYO  Laptime:[0.781sec]
 [2024-02-05 23:00:08] <101540> ===============================================================
