 [2024-03-22 10:33:40] <89752> START NicepayLite PYO (V1.1B20140314(OS:Linux2.6.32-754.35.1.el6.x86_64,PHP:7.3.15))
 [2024-03-22 10:33:40] <89752> Connect to ssl://web.nicepay.co.kr:443
 [2024-03-22 10:33:40] <89752> ssl://web.nicepay.co.kr:443 Server Connect OK
 [2024-03-22 10:33:40] <89752> MSG_TO_SVR::[/lite/payProcess.jsp]
 [2024-03-22 10:33:41] <89752> TID -> [ilooda001m01012403221033422190]
 [2024-03-22 10:33:41] <89752> 3001[카드 결제 성공]
 [2024-03-22 10:33:41] <89752> END PYO  Laptime:[0.503sec]
 [2024-03-22 10:33:41] <89752> ===============================================================
 [2024-03-22 11:15:33] <128709> START NicepayLite PYO (V1.1B20140314(OS:Linux2.6.32-754.35.1.el6.x86_64,PHP:7.3.15))
 [2024-03-22 11:15:33] <128709> Connect to ssl://web.nicepay.co.kr:443
 [2024-03-22 11:15:33] <128709> ssl://web.nicepay.co.kr:443 Server Connect OK
 [2024-03-22 11:15:33] <128709> MSG_TO_SVR::[/lite/payProcess.jsp]
 [2024-03-22 11:15:33] <128709> TID -> [ilooda001m01012403221115346240]
 [2024-03-22 11:15:33] <128709> 3001[카드 결제 성공]
 [2024-03-22 11:15:33] <128709> END PYO  Laptime:[0.338sec]
 [2024-03-22 11:15:33] <128709> ===============================================================
 [2024-03-22 12:06:14] <88080> START NicepayLite PYO (V1.1B20140314(OS:Linux2.6.32-754.35.1.el6.x86_64,PHP:7.3.15))
 [2024-03-22 12:06:14] <88080> Connect to ssl://web.nicepay.co.kr:443
 [2024-03-22 12:06:14] <88080> ssl://web.nicepay.co.kr:443 Server Connect OK
 [2024-03-22 12:06:14] <88080> MSG_TO_SVR::[/lite/payProcess.jsp]
 [2024-03-22 12:06:14] <88080> TID -> [ilooda001m01012403221206157534]
 [2024-03-22 12:06:14] <88080> 3001[카드 결제 성공]
 [2024-03-22 12:06:14] <88080> END PYO  Laptime:[0.666sec]
 [2024-03-22 12:06:14] <88080> ===============================================================
 [2024-03-22 14:33:56] <76165> START NicepayLite PYO (V1.1B20140314(OS:Linux2.6.32-754.35.1.el6.x86_64,PHP:7.3.15))
 [2024-03-22 14:33:56] <76165> Connect to ssl://web.nicepay.co.kr:443
 [2024-03-22 14:33:56] <76165> ssl://web.nicepay.co.kr:443 Server Connect OK
 [2024-03-22 14:33:56] <76165> MSG_TO_SVR::[/lite/payProcess.jsp]
 [2024-03-22 14:33:56] <76165> TID -> [ilooda001m01012403221433582376]
 [2024-03-22 14:33:56] <76165> 3001[카드 결제 성공]
 [2024-03-22 14:33:56] <76165> END PYO  Laptime:[0.223sec]
 [2024-03-22 14:33:56] <76165> ===============================================================
 [2024-03-22 15:00:32] <141706> START NicepayLite PYO (V1.1B20140314(OS:Linux2.6.32-754.35.1.el6.x86_64,PHP:7.3.15))
 [2024-03-22 15:00:32] <141706> Connect to ssl://web.nicepay.co.kr:443
 [2024-03-22 15:00:32] <141706> ssl://web.nicepay.co.kr:443 Server Connect OK
 [2024-03-22 15:00:32] <141706> MSG_TO_SVR::[/lite/payProcess.jsp]
 [2024-03-22 15:00:33] <141706> TID -> [ilooda001m01012403221500343994]
 [2024-03-22 15:00:33] <141706> 3001[카드 결제 성공]
 [2024-03-22 15:00:33] <141706> END PYO  Laptime:[0.479sec]
 [2024-03-22 15:00:33] <141706> ===============================================================
 [2024-03-22 16:25:09] <67176> START NicepayLite PYO (V1.1B20140314(OS:Linux2.6.32-754.35.1.el6.x86_64,PHP:7.3.15))
 [2024-03-22 16:25:09] <67176> Connect to ssl://web.nicepay.co.kr:443
 [2024-03-22 16:25:09] <67176> ssl://web.nicepay.co.kr:443 Server Connect OK
 [2024-03-22 16:25:09] <67176> MSG_TO_SVR::[/lite/payProcess.jsp]
 [2024-03-22 16:25:09] <67176> TID -> []
 [2024-03-22 16:25:09] <67176> V104[상품개수 미설정 오류입니다.]
 [2024-03-22 16:25:09] <67176> END PYO  Laptime:[0.035sec]
 [2024-03-22 16:25:09] <67176> ===============================================================
 [2024-03-22 16:25:13] <67176> START NicepayLite PYO (V1.1B20140314(OS:Linux2.6.32-754.35.1.el6.x86_64,PHP:7.3.15))
 [2024-03-22 16:25:13] <67176> Connect to ssl://web.nicepay.co.kr:443
 [2024-03-22 16:25:13] <67176> ssl://web.nicepay.co.kr:443 Server Connect OK
 [2024-03-22 16:25:13] <67176> MSG_TO_SVR::[/lite/payProcess.jsp]
 [2024-03-22 16:25:13] <67176> TID -> [ilooda001m01012403221625147253]
 [2024-03-22 16:25:13] <67176> 3001[카드 결제 성공]
 [2024-03-22 16:25:13] <67176> END PYO  Laptime:[0.592sec]
 [2024-03-22 16:25:13] <67176> ===============================================================
 [2024-03-22 16:29:10] <106057> START NicepayLite PYO (V1.1B20140314(OS:Linux2.6.32-754.35.1.el6.x86_64,PHP:7.3.15))
 [2024-03-22 16:29:10] <106057> Connect to ssl://web.nicepay.co.kr:443
 [2024-03-22 16:29:10] <106057> ssl://web.nicepay.co.kr:443 Server Connect OK
 [2024-03-22 16:29:10] <106057> MSG_TO_SVR::[/lite/payProcess.jsp]
 [2024-03-22 16:29:10] <106057> TID -> [ilooda001m01012403221629122541]
 [2024-03-22 16:29:10] <106057> 3001[카드 결제 성공]
 [2024-03-22 16:29:10] <106057> END PYO  Laptime:[0.222sec]
 [2024-03-22 16:29:10] <106057> ===============================================================
 [2024-03-22 17:03:19] <78900> START NicepayLite PYO (V1.1B20140314(OS:Linux2.6.32-754.35.1.el6.x86_64,PHP:7.3.15))
 [2024-03-22 17:03:19] <78900> Connect to ssl://web.nicepay.co.kr:443
 [2024-03-22 17:03:19] <78900> ssl://web.nicepay.co.kr:443 Server Connect OK
 [2024-03-22 17:03:19] <78900> MSG_TO_SVR::[/lite/payProcess.jsp]
 [2024-03-22 17:03:19] <78900> TID -> [ilooda001m01012403221703206821]
 [2024-03-22 17:03:19] <78900> 3001[카드 결제 성공]
 [2024-03-22 17:03:19] <78900> END PYO  Laptime:[0.306sec]
 [2024-03-22 17:03:19] <78900> ===============================================================
 [2024-03-22 19:36:12] <112243> START NicepayLite PYO (V1.1B20140314(OS:Linux2.6.32-754.35.1.el6.x86_64,PHP:7.3.15))
 [2024-03-22 19:36:12] <112243> Connect to ssl://web.nicepay.co.kr:443
 [2024-03-22 19:36:12] <112243> ssl://web.nicepay.co.kr:443 Server Connect OK
 [2024-03-22 19:36:12] <112243> MSG_TO_SVR::[/lite/payProcess.jsp]
 [2024-03-22 19:36:13] <112243> TID -> [ilooda001m01012403221936145847]
 [2024-03-22 19:36:13] <112243> 3001[카드 결제 성공]
 [2024-03-22 19:36:13] <112243> END PYO  Laptime:[0.612sec]
 [2024-03-22 19:36:13] <112243> ===============================================================
