 [2024-05-21 09:02:20] <76569> START NicepayLite PYO (V1.1B20140314(OS:Linux2.6.32-754.35.1.el6.x86_64,PHP:7.3.15))
 [2024-05-21 09:02:20] <76569> Connect to ssl://web.nicepay.co.kr:443
 [2024-05-21 09:02:20] <76569> ssl://web.nicepay.co.kr:443 Server Connect OK
 [2024-05-21 09:02:20] <76569> MSG_TO_SVR::[/lite/payProcess.jsp]
 [2024-05-21 09:02:20] <76569> TID -> [ilooda001m01012405210902349218]
 [2024-05-21 09:02:20] <76569> 3001[카드 결제 성공]
 [2024-05-21 09:02:20] <76569> END PYO  Laptime:[0.655sec]
 [2024-05-21 09:02:20] <76569> ===============================================================
 [2024-05-21 09:53:48] <36252> START NicepayLite PYO (V1.1B20140314(OS:Linux2.6.32-754.35.1.el6.x86_64,PHP:7.3.15))
 [2024-05-21 09:53:48] <36252> Connect to ssl://web.nicepay.co.kr:443
 [2024-05-21 09:53:48] <36252> ssl://web.nicepay.co.kr:443 Server Connect OK
 [2024-05-21 09:53:48] <36252> MSG_TO_SVR::[/lite/payProcess.jsp]
 [2024-05-21 09:53:49] <36252> TID -> [ilooda001m01012405210954031774]
 [2024-05-21 09:53:49] <36252> 3001[카드 결제 성공]
 [2024-05-21 09:53:49] <36252> END PYO  Laptime:[0.546sec]
 [2024-05-21 09:53:49] <36252> ===============================================================
 [2024-05-21 10:26:17] <144590> START NicepayLite PYO (V1.1B20140314(OS:Linux2.6.32-754.35.1.el6.x86_64,PHP:7.3.15))
 [2024-05-21 10:26:17] <144590> Connect to ssl://web.nicepay.co.kr:443
 [2024-05-21 10:26:17] <144590> ssl://web.nicepay.co.kr:443 Server Connect OK
 [2024-05-21 10:26:17] <144590> MSG_TO_SVR::[/lite/payProcess.jsp]
 [2024-05-21 10:26:18] <144590> TID -> [ilooda001m01012405211026325999]
 [2024-05-21 10:26:18] <144590> 3001[카드 결제 성공]
 [2024-05-21 10:26:18] <144590> END PYO  Laptime:[0.373sec]
 [2024-05-21 10:26:18] <144590> ===============================================================
 [2024-05-21 10:33:07] <52817> START NicepayLite PYO (V1.1B20140314(OS:Linux2.6.32-754.35.1.el6.x86_64,PHP:7.3.15))
 [2024-05-21 10:33:07] <52817> Connect to ssl://web.nicepay.co.kr:443
 [2024-05-21 10:33:07] <52817> ssl://web.nicepay.co.kr:443 Server Connect OK
 [2024-05-21 10:33:07] <52817> MSG_TO_SVR::[/lite/payProcess.jsp]
 [2024-05-21 10:33:07] <52817> TID -> [ilooda001m01012405211033220067]
 [2024-05-21 10:33:07] <52817> 3001[카드 결제 성공]
 [2024-05-21 10:33:07] <52817> END PYO  Laptime:[0.455sec]
 [2024-05-21 10:33:07] <52817> ===============================================================
 [2024-05-21 13:43:07] <58012> START NicepayLite PYO (V1.1B20140314(OS:Linux2.6.32-754.35.1.el6.x86_64,PHP:7.3.15))
 [2024-05-21 13:43:07] <58012> Connect to ssl://web.nicepay.co.kr:443
 [2024-05-21 13:43:07] <58012> ssl://web.nicepay.co.kr:443 Server Connect OK
 [2024-05-21 13:43:07] <58012> MSG_TO_SVR::[/lite/payProcess.jsp]
 [2024-05-21 13:43:08] <58012> TID -> [ilooda001m01012405211343227249]
 [2024-05-21 13:43:08] <58012> 3001[카드 결제 성공]
 [2024-05-21 13:43:08] <58012> END PYO  Laptime:[0.578sec]
 [2024-05-21 13:43:08] <58012> ===============================================================
 [2024-05-21 17:36:50] <121817> START NicepayLite PYO (V1.1B20140314(OS:Linux2.6.32-754.35.1.el6.x86_64,PHP:7.3.15))
 [2024-05-21 17:36:50] <121817> Connect to ssl://web.nicepay.co.kr:443
 [2024-05-21 17:36:50] <121817> ssl://web.nicepay.co.kr:443 Server Connect OK
 [2024-05-21 17:36:50] <121817> MSG_TO_SVR::[/lite/payProcess.jsp]
 [2024-05-21 17:36:51] <121817> TID -> [ilooda001m01012405211737051924]
 [2024-05-21 17:36:51] <121817> 3001[카드 결제 성공]
 [2024-05-21 17:36:51] <121817> END PYO  Laptime:[1.219sec]
 [2024-05-21 17:36:51] <121817> ===============================================================
