 [2024-03-12 10:52:21] <51875> START NicepayLite PYO (V1.1B20140314(OS:Linux2.6.32-754.35.1.el6.x86_64,PHP:7.3.15))
 [2024-03-12 10:52:21] <51875> Connect to ssl://web.nicepay.co.kr:443
 [2024-03-12 10:52:21] <51875> ssl://web.nicepay.co.kr:443 Server Connect OK
 [2024-03-12 10:52:21] <51875> MSG_TO_SVR::[/lite/payProcess.jsp]
 [2024-03-12 10:52:22] <51875> TID -> [ilooda001m01012403121052217340]
 [2024-03-12 10:52:22] <51875> 3001[카드 결제 성공]
 [2024-03-12 10:52:22] <51875> END PYO  Laptime:[0.891sec]
 [2024-03-12 10:52:22] <51875> ===============================================================
 [2024-03-12 11:05:05] <145674> START NicepayLite PYO (V1.1B20140314(OS:Linux2.6.32-754.35.1.el6.x86_64,PHP:7.3.15))
 [2024-03-12 11:05:05] <145674> Connect to ssl://web.nicepay.co.kr:443
 [2024-03-12 11:05:05] <145674> ssl://web.nicepay.co.kr:443 Server Connect OK
 [2024-03-12 11:05:05] <145674> MSG_TO_SVR::[/lite/payProcess.jsp]
 [2024-03-12 11:05:06] <145674> TID -> [ilooda001m01012403121105062335]
 [2024-03-12 11:05:06] <145674> 1082[한도 초과]
 [2024-03-12 11:05:06] <145674> END PYO  Laptime:[0.897sec]
 [2024-03-12 11:05:06] <145674> ===============================================================
 [2024-03-12 11:09:07] <30161> START NicepayLite PYO (V1.1B20140314(OS:Linux2.6.32-754.35.1.el6.x86_64,PHP:7.3.15))
 [2024-03-12 11:09:07] <30161> Connect to ssl://web.nicepay.co.kr:443
 [2024-03-12 11:09:07] <30161> ssl://web.nicepay.co.kr:443 Server Connect OK
 [2024-03-12 11:09:07] <30161> MSG_TO_SVR::[/lite/payProcess.jsp]
 [2024-03-12 11:09:07] <30161> TID -> [ilooda001m01012403121109073188]
 [2024-03-12 11:09:07] <30161> 3001[카드 결제 성공]
 [2024-03-12 11:09:07] <30161> END PYO  Laptime:[0.924sec]
 [2024-03-12 11:09:07] <30161> ===============================================================
 [2024-03-12 11:09:34] <30161> START NicepayLite PYO (V1.1B20140314(OS:Linux2.6.32-754.35.1.el6.x86_64,PHP:7.3.15))
 [2024-03-12 11:09:34] <30161> Connect to ssl://web.nicepay.co.kr:443
 [2024-03-12 11:09:34] <30161> ssl://web.nicepay.co.kr:443 Server Connect OK
 [2024-03-12 11:09:34] <30161> MSG_TO_SVR::[/lite/payProcess.jsp]
 [2024-03-12 11:09:34] <30161> TID -> [ilooda001m01012403121109343250]
 [2024-03-12 11:09:34] <30161> 3001[카드 결제 성공]
 [2024-03-12 11:09:34] <30161> END PYO  Laptime:[0.689sec]
 [2024-03-12 11:09:34] <30161> ===============================================================
 [2024-03-12 11:13:48] <69804> START NicepayLite PYO (V1.1B20140314(OS:Linux2.6.32-754.35.1.el6.x86_64,PHP:7.3.15))
 [2024-03-12 11:13:48] <69804> Connect to ssl://web.nicepay.co.kr:443
 [2024-03-12 11:13:48] <69804> ssl://web.nicepay.co.kr:443 Server Connect OK
 [2024-03-12 11:13:48] <69804> MSG_TO_SVR::[/lite/payProcess.jsp]
 [2024-03-12 11:13:48] <69804> TID -> [ilooda001m01012403121113483842]
 [2024-03-12 11:13:48] <69804> 3001[카드 결제 성공]
 [2024-03-12 11:13:48] <69804> END PYO  Laptime:[0.555sec]
 [2024-03-12 11:13:48] <69804> ===============================================================
 [2024-03-12 11:55:19] <104320> START NicepayLite PYO (V1.1B20140314(OS:Linux2.6.32-754.35.1.el6.x86_64,PHP:7.3.15))
 [2024-03-12 11:55:19] <104320> Connect to ssl://web.nicepay.co.kr:443
 [2024-03-12 11:55:19] <104320> ssl://web.nicepay.co.kr:443 Server Connect OK
 [2024-03-12 11:55:19] <104320> MSG_TO_SVR::[/lite/payProcess.jsp]
 [2024-03-12 11:55:19] <104320> TID -> [ilooda001m01012403121155197476]
 [2024-03-12 11:55:19] <104320> 3001[카드 결제 성공]
 [2024-03-12 11:55:19] <104320> END PYO  Laptime:[0.365sec]
 [2024-03-12 11:55:19] <104320> ===============================================================
 [2024-03-12 12:09:56] <67432> START NicepayLite PYO (V1.1B20140314(OS:Linux2.6.32-754.35.1.el6.x86_64,PHP:7.3.15))
 [2024-03-12 12:09:56] <67432> Connect to ssl://web.nicepay.co.kr:443
 [2024-03-12 12:09:56] <67432> ssl://web.nicepay.co.kr:443 Server Connect OK
 [2024-03-12 12:09:56] <67432> MSG_TO_SVR::[/lite/payProcess.jsp]
 [2024-03-12 12:09:57] <67432> TID -> [ilooda001m01012403121209568278]
 [2024-03-12 12:09:57] <67432> 3001[카드 결제 성공]
 [2024-03-12 12:09:57] <67432> END PYO  Laptime:[0.948sec]
 [2024-03-12 12:09:57] <67432> ===============================================================
 [2024-03-12 12:56:39] <141245> START NicepayLite PYO (V1.1B20140314(OS:Linux2.6.32-754.35.1.el6.x86_64,PHP:7.3.15))
 [2024-03-12 12:56:39] <141245> Connect to ssl://web.nicepay.co.kr:443
 [2024-03-12 12:56:39] <141245> ssl://web.nicepay.co.kr:443 Server Connect OK
 [2024-03-12 12:56:39] <141245> MSG_TO_SVR::[/lite/payProcess.jsp]
 [2024-03-12 12:56:40] <141245> TID -> [ilooda001m01012403121256400481]
 [2024-03-12 12:56:40] <141245> 3001[카드 결제 성공]
 [2024-03-12 12:56:40] <141245> END PYO  Laptime:[0.505sec]
 [2024-03-12 12:56:40] <141245> ===============================================================
 [2024-03-12 13:58:08] <39385> START NicepayLite PYO (V1.1B20140314(OS:Linux2.6.32-754.35.1.el6.x86_64,PHP:7.3.15))
 [2024-03-12 13:58:08] <39385> Connect to ssl://web.nicepay.co.kr:443
 [2024-03-12 13:58:08] <39385> ssl://web.nicepay.co.kr:443 Server Connect OK
 [2024-03-12 13:58:08] <39385> MSG_TO_SVR::[/lite/payProcess.jsp]
 [2024-03-12 13:58:09] <39385> TID -> [ilooda001m01012403121358091378]
 [2024-03-12 13:58:09] <39385> 3001[카드 결제 성공]
 [2024-03-12 13:58:09] <39385> END PYO  Laptime:[0.451sec]
 [2024-03-12 13:58:09] <39385> ===============================================================
 [2024-03-12 15:55:21] <79686> START NicepayLite PYO (V1.1B20140314(OS:Linux2.6.32-754.35.1.el6.x86_64,PHP:7.3.15))
 [2024-03-12 15:55:21] <79686> Connect to ssl://web.nicepay.co.kr:443
 [2024-03-12 15:55:21] <79686> ssl://web.nicepay.co.kr:443 Server Connect OK
 [2024-03-12 15:55:21] <79686> MSG_TO_SVR::[/lite/payProcess.jsp]
 [2024-03-12 15:55:22] <79686> TID -> [ilooda001m01012403121555220961]
 [2024-03-12 15:55:22] <79686> 3001[카드 결제 성공]
 [2024-03-12 15:55:22] <79686> END PYO  Laptime:[0.432sec]
 [2024-03-12 15:55:22] <79686> ===============================================================
 [2024-03-12 17:26:16] <58292> START NicepayLite PYO (V1.1B20140314(OS:Linux2.6.32-754.35.1.el6.x86_64,PHP:7.3.15))
 [2024-03-12 17:26:16] <58292> Connect to ssl://web.nicepay.co.kr:443
 [2024-03-12 17:26:16] <58292> ssl://web.nicepay.co.kr:443 Server Connect OK
 [2024-03-12 17:26:16] <58292> MSG_TO_SVR::[/lite/payProcess.jsp]
 [2024-03-12 17:26:16] <58292> TID -> [ilooda001m01012403121726165333]
 [2024-03-12 17:26:16] <58292> 3001[카드 결제 성공]
 [2024-03-12 17:26:16] <58292> END PYO  Laptime:[0.516sec]
 [2024-03-12 17:26:16] <58292> ===============================================================
 [2024-03-12 18:25:31] <77770> START NicepayLite PYO (V1.1B20140314(OS:Linux2.6.32-754.35.1.el6.x86_64,PHP:7.3.15))
 [2024-03-12 18:25:31] <77770> Connect to ssl://web.nicepay.co.kr:443
 [2024-03-12 18:25:31] <77770> ssl://web.nicepay.co.kr:443 Server Connect OK
 [2024-03-12 18:25:31] <77770> MSG_TO_SVR::[/lite/payProcess.jsp]
 [2024-03-12 18:25:32] <77770> TID -> [ilooda001m01012403121825321999]
 [2024-03-12 18:25:32] <77770> 3001[카드 결제 성공]
 [2024-03-12 18:25:32] <77770> END PYO  Laptime:[0.539sec]
 [2024-03-12 18:25:32] <77770> ===============================================================
 [2024-03-12 18:59:06] <48730> START NicepayLite PYO (V1.1B20140314(OS:Linux2.6.32-754.35.1.el6.x86_64,PHP:7.3.15))
 [2024-03-12 18:59:06] <48730> Connect to ssl://web.nicepay.co.kr:443
 [2024-03-12 18:59:07] <48730> ssl://web.nicepay.co.kr:443 Server Connect OK
 [2024-03-12 18:59:07] <48730> MSG_TO_SVR::[/lite/payProcess.jsp]
 [2024-03-12 18:59:07] <48730> TID -> [ilooda001m01012403121859074742]
 [2024-03-12 18:59:07] <48730> 3001[카드 결제 성공]
 [2024-03-12 18:59:07] <48730> END PYO  Laptime:[0.58sec]
 [2024-03-12 18:59:07] <48730> ===============================================================
 [2024-03-12 19:45:21] <119012> START NicepayLite PYO (V1.1B20140314(OS:Linux2.6.32-754.35.1.el6.x86_64,PHP:7.3.15))
 [2024-03-12 19:45:21] <119012> Connect to ssl://web.nicepay.co.kr:443
 [2024-03-12 19:45:21] <119012> ssl://web.nicepay.co.kr:443 Server Connect OK
 [2024-03-12 19:45:21] <119012> MSG_TO_SVR::[/lite/payProcess.jsp]
 [2024-03-12 19:45:21] <119012> TID -> [ilooda001m01012403121945215533]
 [2024-03-12 19:45:21] <119012> 3001[카드 결제 성공]
 [2024-03-12 19:45:21] <119012> END PYO  Laptime:[0.885sec]
 [2024-03-12 19:45:21] <119012> ===============================================================
 [2024-03-12 21:09:36] <38313> START NicepayLite PYO (V1.1B20140314(OS:Linux2.6.32-754.35.1.el6.x86_64,PHP:7.3.15))
 [2024-03-12 21:09:36] <38313> Connect to ssl://web.nicepay.co.kr:443
 [2024-03-12 21:09:36] <38313> ssl://web.nicepay.co.kr:443 Server Connect OK
 [2024-03-12 21:09:36] <38313> MSG_TO_SVR::[/lite/payProcess.jsp]
 [2024-03-12 21:09:37] <38313> TID -> [ilooda001m01012403122109369111]
 [2024-03-12 21:09:37] <38313> 3001[카드 결제 성공]
 [2024-03-12 21:09:37] <38313> END PYO  Laptime:[0.656sec]
 [2024-03-12 21:09:37] <38313> ===============================================================
