 [2024-03-18 09:37:53] <31247> START NicepayLite PYO (V1.1B20140314(OS:Linux2.6.32-754.35.1.el6.x86_64,PHP:7.3.15))
 [2024-03-18 09:37:53] <31247> Connect to ssl://web.nicepay.co.kr:443
 [2024-03-18 09:37:53] <31247> ssl://web.nicepay.co.kr:443 Server Connect OK
 [2024-03-18 09:37:53] <31247> MSG_TO_SVR::[/lite/payProcess.jsp]
 [2024-03-18 09:37:54] <31247> TID -> [ilooda001m01012403180937542519]
 [2024-03-18 09:37:54] <31247> 3001[카드 결제 성공]
 [2024-03-18 09:37:54] <31247> END PYO  Laptime:[0.677sec]
 [2024-03-18 09:37:54] <31247> ===============================================================
 [2024-03-18 09:55:55] <28752> START NicepayLite PYO (V1.1B20140314(OS:Linux2.6.32-754.35.1.el6.x86_64,PHP:7.3.15))
 [2024-03-18 09:55:55] <28752> Connect to ssl://web.nicepay.co.kr:443
 [2024-03-18 09:55:55] <28752> ssl://web.nicepay.co.kr:443 Server Connect OK
 [2024-03-18 09:55:55] <28752> MSG_TO_SVR::[/lite/payProcess.jsp]
 [2024-03-18 09:55:56] <28752> TID -> [ilooda001m01012403180955563785]
 [2024-03-18 09:55:56] <28752> 1082[한도 초과]
 [2024-03-18 09:55:56] <28752> END PYO  Laptime:[0.656sec]
 [2024-03-18 09:55:56] <28752> ===============================================================
 [2024-03-18 09:58:18] <52345> START NicepayLite PYO (V1.1B20140314(OS:Linux2.6.32-754.35.1.el6.x86_64,PHP:7.3.15))
 [2024-03-18 09:58:18] <52345> Connect to ssl://web.nicepay.co.kr:443
 [2024-03-18 09:58:18] <52345> ssl://web.nicepay.co.kr:443 Server Connect OK
 [2024-03-18 09:58:18] <52345> MSG_TO_SVR::[/lite/payProcess.jsp]
 [2024-03-18 09:58:18] <52345> TID -> [ilooda001m01012403180958189452]
 [2024-03-18 09:58:18] <52345> 1082[한도 초과]
 [2024-03-18 09:58:18] <52345> END PYO  Laptime:[0.684sec]
 [2024-03-18 09:58:18] <52345> ===============================================================
 [2024-03-18 09:58:30] <52345> START NicepayLite PYO (V1.1B20140314(OS:Linux2.6.32-754.35.1.el6.x86_64,PHP:7.3.15))
 [2024-03-18 09:58:30] <52345> Connect to ssl://web.nicepay.co.kr:443
 [2024-03-18 09:58:30] <52345> ssl://web.nicepay.co.kr:443 Server Connect OK
 [2024-03-18 09:58:30] <52345> MSG_TO_SVR::[/lite/payProcess.jsp]
 [2024-03-18 09:58:30] <52345> TID -> [ilooda001m01012403180958307997]
 [2024-03-18 09:58:30] <52345> 3001[카드 결제 성공]
 [2024-03-18 09:58:30] <52345> END PYO  Laptime:[0.42sec]
 [2024-03-18 09:58:30] <52345> ===============================================================
 [2024-03-18 10:05:53] <109243> START NicepayLite PYO (V1.1B20140314(OS:Linux2.6.32-754.35.1.el6.x86_64,PHP:7.3.15))
 [2024-03-18 10:05:53] <109243> Connect to ssl://web.nicepay.co.kr:443
 [2024-03-18 10:05:53] <109243> ssl://web.nicepay.co.kr:443 Server Connect OK
 [2024-03-18 10:05:53] <109243> MSG_TO_SVR::[/lite/payProcess.jsp]
 [2024-03-18 10:05:54] <109243> TID -> [ilooda001m01012403181005543653]
 [2024-03-18 10:05:54] <109243> 1082[한도 초과]
 [2024-03-18 10:05:54] <109243> END PYO  Laptime:[0.677sec]
 [2024-03-18 10:05:54] <109243> ===============================================================
 [2024-03-18 10:11:26] <10064> START NicepayLite PYO (V1.1B20140314(OS:Linux2.6.32-754.35.1.el6.x86_64,PHP:7.3.15))
 [2024-03-18 10:11:26] <10064> Connect to ssl://web.nicepay.co.kr:443
 [2024-03-18 10:11:26] <10064> ssl://web.nicepay.co.kr:443 Server Connect OK
 [2024-03-18 10:11:26] <10064> MSG_TO_SVR::[/lite/payProcess.jsp]
 [2024-03-18 10:11:27] <10064> TID -> [ilooda001m01012403181011274094]
 [2024-03-18 10:11:27] <10064> 3001[카드 결제 성공]
 [2024-03-18 10:11:27] <10064> END PYO  Laptime:[0.513sec]
 [2024-03-18 10:11:27] <10064> ===============================================================
 [2024-03-18 10:34:35] <49521> START NicepayLite PYO (V1.1B20140314(OS:Linux2.6.32-754.35.1.el6.x86_64,PHP:7.3.15))
 [2024-03-18 10:34:35] <49521> Connect to ssl://web.nicepay.co.kr:443
 [2024-03-18 10:34:35] <49521> ssl://web.nicepay.co.kr:443 Server Connect OK
 [2024-03-18 10:34:35] <49521> MSG_TO_SVR::[/lite/payProcess.jsp]
 [2024-03-18 10:34:35] <49521> TID -> [ilooda001m01012403181034362985]
 [2024-03-18 10:34:35] <49521> 1082[한도 초과]
 [2024-03-18 10:34:35] <49521> END PYO  Laptime:[0.412sec]
 [2024-03-18 10:34:35] <49521> ===============================================================
 [2024-03-18 10:52:08] <50137> START NicepayLite PYO (V1.1B20140314(OS:Linux2.6.32-754.35.1.el6.x86_64,PHP:7.3.15))
 [2024-03-18 10:52:08] <50137> Connect to ssl://web.nicepay.co.kr:443
 [2024-03-18 10:52:08] <50137> ssl://web.nicepay.co.kr:443 Server Connect OK
 [2024-03-18 10:52:08] <50137> MSG_TO_SVR::[/lite/payProcess.jsp]
 [2024-03-18 10:52:08] <50137> TID -> [ilooda001m01012403181052087763]
 [2024-03-18 10:52:08] <50137> 3001[카드 결제 성공]
 [2024-03-18 10:52:08] <50137> END PYO  Laptime:[0.535sec]
 [2024-03-18 10:52:08] <50137> ===============================================================
 [2024-03-18 12:30:33] <103254> START NicepayLite PYO (V1.1B20140314(OS:Linux2.6.32-754.35.1.el6.x86_64,PHP:7.3.15))
 [2024-03-18 12:30:33] <103254> Connect to ssl://web.nicepay.co.kr:443
 [2024-03-18 12:30:33] <103254> ssl://web.nicepay.co.kr:443 Server Connect OK
 [2024-03-18 12:30:33] <103254> MSG_TO_SVR::[/lite/payProcess.jsp]
 [2024-03-18 12:30:34] <103254> TID -> [ilooda001m01012403181230343814]
 [2024-03-18 12:30:34] <103254> 3001[카드 결제 성공]
 [2024-03-18 12:30:34] <103254> END PYO  Laptime:[0.89sec]
 [2024-03-18 12:30:34] <103254> ===============================================================
 [2024-03-18 12:43:16] <60288> START NicepayLite PYO (V1.1B20140314(OS:Linux2.6.32-754.35.1.el6.x86_64,PHP:7.3.15))
 [2024-03-18 12:43:16] <60288> Connect to ssl://web.nicepay.co.kr:443
 [2024-03-18 12:43:16] <60288> ssl://web.nicepay.co.kr:443 Server Connect OK
 [2024-03-18 12:43:16] <60288> MSG_TO_SVR::[/lite/payProcess.jsp]
 [2024-03-18 12:43:16] <60288> TID -> [ilooda001m01012403181243169719]
 [2024-03-18 12:43:16] <60288> 3001[카드 결제 성공]
 [2024-03-18 12:43:16] <60288> END PYO  Laptime:[0.706sec]
 [2024-03-18 12:43:16] <60288> ===============================================================
 [2024-03-18 14:06:14] <122659> START NicepayLite PYO (V1.1B20140314(OS:Linux2.6.32-754.35.1.el6.x86_64,PHP:7.3.15))
 [2024-03-18 14:06:14] <122659> Connect to ssl://web.nicepay.co.kr:443
 [2024-03-18 14:06:14] <122659> ssl://web.nicepay.co.kr:443 Server Connect OK
 [2024-03-18 14:06:14] <122659> MSG_TO_SVR::[/lite/payProcess.jsp]
 [2024-03-18 14:06:15] <122659> TID -> [ilooda001m01012403181406153752]
 [2024-03-18 14:06:15] <122659> 3001[카드 결제 성공]
 [2024-03-18 14:06:15] <122659> END PYO  Laptime:[0.595sec]
 [2024-03-18 14:06:15] <122659> ===============================================================
 [2024-03-18 14:27:07] <10593> START NicepayLite PYO (V1.1B20140314(OS:Linux2.6.32-754.35.1.el6.x86_64,PHP:7.3.15))
 [2024-03-18 14:27:07] <10593> Connect to ssl://web.nicepay.co.kr:443
 [2024-03-18 14:27:07] <10593> ssl://web.nicepay.co.kr:443 Server Connect OK
 [2024-03-18 14:27:07] <10593> MSG_TO_SVR::[/lite/payProcess.jsp]
 [2024-03-18 14:27:07] <10593> TID -> [ilooda001m01012403181427079299]
 [2024-03-18 14:27:07] <10593> 3001[카드 결제 성공]
 [2024-03-18 14:27:07] <10593> END PYO  Laptime:[0.736sec]
 [2024-03-18 14:27:07] <10593> ===============================================================
 [2024-03-18 15:04:39] <15322> START NicepayLite PYO (V1.1B20140314(OS:Linux2.6.32-754.35.1.el6.x86_64,PHP:7.3.15))
 [2024-03-18 15:04:39] <15322> Connect to ssl://web.nicepay.co.kr:443
 [2024-03-18 15:04:39] <15322> ssl://web.nicepay.co.kr:443 Server Connect OK
 [2024-03-18 15:04:39] <15322> MSG_TO_SVR::[/lite/payProcess.jsp]
 [2024-03-18 15:04:40] <15322> TID -> [ilooda001m01012403181504403601]
 [2024-03-18 15:04:40] <15322> 3001[카드 결제 성공]
 [2024-03-18 15:04:40] <15322> END PYO  Laptime:[0.621sec]
 [2024-03-18 15:04:40] <15322> ===============================================================
 [2024-03-18 15:30:27] <78155> START NicepayLite PYO (V1.1B20140314(OS:Linux2.6.32-754.35.1.el6.x86_64,PHP:7.3.15))
 [2024-03-18 15:30:27] <78155> Connect to ssl://web.nicepay.co.kr:443
 [2024-03-18 15:30:27] <78155> ssl://web.nicepay.co.kr:443 Server Connect OK
 [2024-03-18 15:30:27] <78155> MSG_TO_SVR::[/lite/payProcess.jsp]
 [2024-03-18 15:30:27] <78155> TID -> [ilooda001m01012403181530278930]
 [2024-03-18 15:30:27] <78155> 3001[카드 결제 성공]
 [2024-03-18 15:30:27] <78155> END PYO  Laptime:[0.748sec]
 [2024-03-18 15:30:27] <78155> ===============================================================
 [2024-03-18 15:36:55] <126846> START NicepayLite PYO (V1.1B20140314(OS:Linux2.6.32-754.35.1.el6.x86_64,PHP:7.3.15))
 [2024-03-18 15:36:55] <126846> Connect to ssl://web.nicepay.co.kr:443
 [2024-03-18 15:36:55] <126846> ssl://web.nicepay.co.kr:443 Server Connect OK
 [2024-03-18 15:36:55] <126846> MSG_TO_SVR::[/lite/payProcess.jsp]
 [2024-03-18 15:36:55] <126846> TID -> [ilooda001m01012403181536559317]
 [2024-03-18 15:36:55] <126846> 3001[카드 결제 성공]
 [2024-03-18 15:36:55] <126846> END PYO  Laptime:[0.602sec]
 [2024-03-18 15:36:55] <126846> ===============================================================
 [2024-03-18 16:04:14] <59099> START NicepayLite PYO (V1.1B20140314(OS:Linux2.6.32-754.35.1.el6.x86_64,PHP:7.3.15))
 [2024-03-18 16:04:14] <59099> Connect to ssl://web.nicepay.co.kr:443
 [2024-03-18 16:04:14] <59099> ssl://web.nicepay.co.kr:443 Server Connect OK
 [2024-03-18 16:04:14] <59099> MSG_TO_SVR::[/lite/payProcess.jsp]
 [2024-03-18 16:04:15] <59099> TID -> [ilooda001m01012403181604157672]
 [2024-03-18 16:04:15] <59099> 3001[카드 결제 성공]
 [2024-03-18 16:04:15] <59099> END PYO  Laptime:[0.499sec]
 [2024-03-18 16:04:15] <59099> ===============================================================
