 [2024-04-23 00:39:19] <31506> START NicepayLite PYO (V1.1B20140314(OS:Linux2.6.32-754.35.1.el6.x86_64,PHP:7.3.15))
 [2024-04-23 00:39:19] <31506> Connect to ssl://web.nicepay.co.kr:443
 [2024-04-23 00:39:19] <31506> ssl://web.nicepay.co.kr:443 Server Connect OK
 [2024-04-23 00:39:19] <31506> MSG_TO_SVR::[/lite/payProcess.jsp]
 [2024-04-23 00:39:19] <31506> TID -> [ilooda001m01012404230039202495]
 [2024-04-23 00:39:19] <31506> 3001[카드 결제 성공]
 [2024-04-23 00:39:19] <31506> END PYO  Laptime:[0.635sec]
 [2024-04-23 00:39:19] <31506> ===============================================================
 [2024-04-23 10:36:42] <21064> START NicepayLite PYO (V1.1B20140314(OS:Linux2.6.32-754.35.1.el6.x86_64,PHP:7.3.15))
 [2024-04-23 10:36:42] <21064> Connect to ssl://web.nicepay.co.kr:443
 [2024-04-23 10:36:42] <21064> ssl://web.nicepay.co.kr:443 Server Connect OK
 [2024-04-23 10:36:42] <21064> MSG_TO_SVR::[/lite/payProcess.jsp]
 [2024-04-23 10:36:42] <21064> TID -> [ilooda001m01012404231036436055]
 [2024-04-23 10:36:42] <21064> 3001[카드 결제 성공]
 [2024-04-23 10:36:42] <21064> END PYO  Laptime:[0.429sec]
 [2024-04-23 10:36:42] <21064> ===============================================================
 [2024-04-23 10:44:58] <85699> START NicepayLite PYO (V1.1B20140314(OS:Linux2.6.32-754.35.1.el6.x86_64,PHP:7.3.15))
 [2024-04-23 10:44:58] <85699> Connect to ssl://web.nicepay.co.kr:443
 [2024-04-23 10:44:58] <85699> ssl://web.nicepay.co.kr:443 Server Connect OK
 [2024-04-23 10:44:58] <85699> MSG_TO_SVR::[/lite/payProcess.jsp]
 [2024-04-23 10:44:59] <85699> TID -> [ilooda001m01012404231045001629]
 [2024-04-23 10:44:59] <85699> 3001[카드 결제 성공]
 [2024-04-23 10:44:59] <85699> END PYO  Laptime:[0.655sec]
 [2024-04-23 10:44:59] <85699> ===============================================================
 [2024-04-23 11:47:02] <650> START NicepayLite PYO (V1.1B20140314(OS:Linux2.6.32-754.35.1.el6.x86_64,PHP:7.3.15))
 [2024-04-23 11:47:02] <650> Connect to ssl://web.nicepay.co.kr:443
 [2024-04-23 11:47:02] <650> ssl://web.nicepay.co.kr:443 Server Connect OK
 [2024-04-23 11:47:02] <650> MSG_TO_SVR::[/lite/payProcess.jsp]
 [2024-04-23 11:47:03] <650> TID -> [ilooda001m01012404231147033962]
 [2024-04-23 11:47:03] <650> 3001[카드 결제 성공]
 [2024-04-23 11:47:03] <650> END PYO  Laptime:[1.358sec]
 [2024-04-23 11:47:03] <650> ===============================================================
 [2024-04-23 13:55:19] <19216> START NicepayLite PYO (V1.1B20140314(OS:Linux2.6.32-754.35.1.el6.x86_64,PHP:7.3.15))
 [2024-04-23 13:55:19] <19216> Connect to ssl://web.nicepay.co.kr:443
 [2024-04-23 13:55:19] <19216> ssl://web.nicepay.co.kr:443 Server Connect OK
 [2024-04-23 13:55:19] <19216> MSG_TO_SVR::[/lite/payProcess.jsp]
 [2024-04-23 13:55:20] <19216> TID -> [ilooda001m01012404231355211990]
 [2024-04-23 13:55:20] <19216> 3001[카드 결제 성공]
 [2024-04-23 13:55:20] <19216> END PYO  Laptime:[0.438sec]
 [2024-04-23 13:55:20] <19216> ===============================================================
 [2024-04-23 14:52:57] <45139> START NicepayLite PYO (V1.1B20140314(OS:Linux2.6.32-754.35.1.el6.x86_64,PHP:7.3.15))
 [2024-04-23 14:52:57] <45139> Connect to ssl://web.nicepay.co.kr:443
 [2024-04-23 14:52:57] <45139> ssl://web.nicepay.co.kr:443 Server Connect OK
 [2024-04-23 14:52:57] <45139> MSG_TO_SVR::[/lite/payProcess.jsp]
 [2024-04-23 14:52:58] <45139> TID -> [ilooda001m01012404231452587752]
 [2024-04-23 14:52:58] <45139> 3001[카드 결제 성공]
 [2024-04-23 14:52:58] <45139> END PYO  Laptime:[0.728sec]
 [2024-04-23 14:52:58] <45139> ===============================================================
 [2024-04-23 15:55:39] <115590> START NicepayLite PYO (V1.1B20140314(OS:Linux2.6.32-754.35.1.el6.x86_64,PHP:7.3.15))
 [2024-04-23 15:55:39] <115590> Connect to ssl://web.nicepay.co.kr:443
 [2024-04-23 15:55:39] <115590> ssl://web.nicepay.co.kr:443 Server Connect OK
 [2024-04-23 15:55:39] <115590> MSG_TO_SVR::[/lite/payProcess.jsp]
 [2024-04-23 15:55:40] <115590> TID -> [ilooda001m01012404231555404972]
 [2024-04-23 15:55:40] <115590> 3001[카드 결제 성공]
 [2024-04-23 15:55:40] <115590> END PYO  Laptime:[1.062sec]
 [2024-04-23 15:55:40] <115590> ===============================================================
 [2024-04-23 16:37:45] <16607> START NicepayLite PYO (V1.1B20140314(OS:Linux2.6.32-754.35.1.el6.x86_64,PHP:7.3.15))
 [2024-04-23 16:37:45] <16607> Connect to ssl://web.nicepay.co.kr:443
 [2024-04-23 16:37:45] <16607> ssl://web.nicepay.co.kr:443 Server Connect OK
 [2024-04-23 16:37:45] <16607> MSG_TO_SVR::[/lite/payProcess.jsp]
 [2024-04-23 16:37:46] <16607> TID -> [ilooda001m01012404231637469338]
 [2024-04-23 16:37:46] <16607> 3001[카드 결제 성공]
 [2024-04-23 16:37:46] <16607> END PYO  Laptime:[0.907sec]
 [2024-04-23 16:37:46] <16607> ===============================================================
 [2024-04-23 17:24:05] <100157> START NicepayLite PYO (V1.1B20140314(OS:Linux2.6.32-754.35.1.el6.x86_64,PHP:7.3.15))
 [2024-04-23 17:24:05] <100157> Connect to ssl://web.nicepay.co.kr:443
 [2024-04-23 17:24:06] <100157> ssl://web.nicepay.co.kr:443 Server Connect OK
 [2024-04-23 17:24:06] <100157> MSG_TO_SVR::[/lite/payProcess.jsp]
 [2024-04-23 17:24:06] <100157> TID -> [ilooda001m01012404231724074735]
 [2024-04-23 17:24:06] <100157> 3001[카드 결제 성공]
 [2024-04-23 17:24:06] <100157> END PYO  Laptime:[0.531sec]
 [2024-04-23 17:24:06] <100157> ===============================================================
 [2024-04-23 21:57:58] <123743> START NicepayLite PYO (V1.1B20140314(OS:Linux2.6.32-754.35.1.el6.x86_64,PHP:7.3.15))
 [2024-04-23 21:57:58] <123743> Connect to ssl://web.nicepay.co.kr:443
 [2024-04-23 21:57:58] <123743> ssl://web.nicepay.co.kr:443 Server Connect OK
 [2024-04-23 21:57:58] <123743> MSG_TO_SVR::[/lite/payProcess.jsp]
 [2024-04-23 21:57:59] <123743> TID -> [ilooda001m01012404232158003230]
 [2024-04-23 21:57:59] <123743> 3001[카드 결제 성공]
 [2024-04-23 21:57:59] <123743> END PYO  Laptime:[0.456sec]
 [2024-04-23 21:57:59] <123743> ===============================================================
