 [2024-01-23 09:31:01] <130534> START NicepayLite PYO (V1.1B20140314(OS:Linux2.6.32-754.35.1.el6.x86_64,PHP:7.3.15))
 [2024-01-23 09:31:01] <130534> Connect to ssl://web.nicepay.co.kr:443
 [2024-01-23 09:31:02] <130534> ssl://web.nicepay.co.kr:443 Server Connect OK
 [2024-01-23 09:31:02] <130534> MSG_TO_SVR::[/lite/payProcess.jsp]
 [2024-01-23 09:31:03] <130534> TID -> [ilooda001m01012401230931027028]
 [2024-01-23 09:31:03] <130534> 3001[카드 결제 성공]
 [2024-01-23 09:31:03] <130534> END PYO  Laptime:[1.449sec]
 [2024-01-23 09:31:03] <130534> ===============================================================
 [2024-01-23 09:49:12] <119531> START NicepayLite PYO (V1.1B20140314(OS:Linux2.6.32-754.35.1.el6.x86_64,PHP:7.3.15))
 [2024-01-23 09:49:12] <119531> Connect to ssl://web.nicepay.co.kr:443
 [2024-01-23 09:49:12] <119531> ssl://web.nicepay.co.kr:443 Server Connect OK
 [2024-01-23 09:49:12] <119531> MSG_TO_SVR::[/lite/payProcess.jsp]
 [2024-01-23 09:49:12] <119531> TID -> [ilooda001m01012401230949127403]
 [2024-01-23 09:49:12] <119531> 3001[카드 결제 성공]
 [2024-01-23 09:49:12] <119531> END PYO  Laptime:[0.542sec]
 [2024-01-23 09:49:12] <119531> ===============================================================
 [2024-01-23 10:57:28] <29545> START NicepayLite PYO (V1.1B20140314(OS:Linux2.6.32-754.35.1.el6.x86_64,PHP:7.3.15))
 [2024-01-23 10:57:28] <29545> Connect to ssl://web.nicepay.co.kr:443
 [2024-01-23 10:57:28] <29545> ssl://web.nicepay.co.kr:443 Server Connect OK
 [2024-01-23 10:57:28] <29545> MSG_TO_SVR::[/lite/payProcess.jsp]
 [2024-01-23 10:57:29] <29545> TID -> [ilooda001m01012401231057294112]
 [2024-01-23 10:57:29] <29545> 3001[카드 결제 성공]
 [2024-01-23 10:57:29] <29545> END PYO  Laptime:[0.845sec]
 [2024-01-23 10:57:29] <29545> ===============================================================
 [2024-01-23 11:01:19] <58199> START NicepayLite PYO (V1.1B20140314(OS:Linux2.6.32-754.35.1.el6.x86_64,PHP:7.3.15))
 [2024-01-23 11:01:19] <58199> Connect to ssl://web.nicepay.co.kr:443
 [2024-01-23 11:01:20] <58199> ssl://web.nicepay.co.kr:443 Server Connect OK
 [2024-01-23 11:01:20] <58199> MSG_TO_SVR::[/lite/payProcess.jsp]
 [2024-01-23 11:01:20] <58199> TID -> [ilooda001m01012401231101206488]
 [2024-01-23 11:01:20] <58199> 3001[카드 결제 성공]
 [2024-01-23 11:01:20] <58199> END PYO  Laptime:[0.749sec]
 [2024-01-23 11:01:20] <58199> ===============================================================
 [2024-01-23 11:08:20] <109206> START NicepayLite PYO (V1.1B20140314(OS:Linux2.6.32-754.35.1.el6.x86_64,PHP:7.3.15))
 [2024-01-23 11:08:20] <109206> Connect to ssl://web.nicepay.co.kr:443
 [2024-01-23 11:08:20] <109206> ssl://web.nicepay.co.kr:443 Server Connect OK
 [2024-01-23 11:08:20] <109206> MSG_TO_SVR::[/lite/payProcess.jsp]
 [2024-01-23 11:08:21] <109206> TID -> [ilooda001m01012401231108214034]
 [2024-01-23 11:08:21] <109206> 3001[카드 결제 성공]
 [2024-01-23 11:08:21] <109206> END PYO  Laptime:[1.203sec]
 [2024-01-23 11:08:21] <109206> ===============================================================
 [2024-01-23 12:58:20] <17673> START NicepayLite PYO (V1.1B20140314(OS:Linux2.6.32-754.35.1.el6.x86_64,PHP:7.3.15))
 [2024-01-23 12:58:20] <17673> Connect to ssl://web.nicepay.co.kr:443
 [2024-01-23 12:58:20] <17673> ssl://web.nicepay.co.kr:443 Server Connect OK
 [2024-01-23 12:58:20] <17673> MSG_TO_SVR::[/lite/payProcess.jsp]
 [2024-01-23 12:58:21] <17673> TID -> [ilooda001m01012401231258216508]
 [2024-01-23 12:58:21] <17673> 3001[카드 결제 성공]
 [2024-01-23 12:58:21] <17673> END PYO  Laptime:[0.869sec]
 [2024-01-23 12:58:21] <17673> ===============================================================
 [2024-01-23 13:44:40] <52624> START NicepayLite PYO (V1.1B20140314(OS:Linux2.6.32-754.35.1.el6.x86_64,PHP:7.3.15))
 [2024-01-23 13:44:40] <52624> Connect to ssl://web.nicepay.co.kr:443
 [2024-01-23 13:44:40] <52624> ssl://web.nicepay.co.kr:443 Server Connect OK
 [2024-01-23 13:44:40] <52624> MSG_TO_SVR::[/lite/payProcess.jsp]
 [2024-01-23 13:44:40] <52624> TID -> [ilooda001m01012401231344407487]
 [2024-01-23 13:44:40] <52624> 3001[카드 결제 성공]
 [2024-01-23 13:44:40] <52624> END PYO  Laptime:[0.316sec]
 [2024-01-23 13:44:40] <52624> ===============================================================
 [2024-01-23 16:11:25] <76926> START NicepayLite PYO (V1.1B20140314(OS:Linux2.6.32-754.35.1.el6.x86_64,PHP:7.3.15))
 [2024-01-23 16:11:25] <76926> Connect to ssl://web.nicepay.co.kr:443
 [2024-01-23 16:11:25] <76926> ssl://web.nicepay.co.kr:443 Server Connect OK
 [2024-01-23 16:11:25] <76926> MSG_TO_SVR::[/lite/payProcess.jsp]
 [2024-01-23 16:11:25] <76926> TID -> [ilooda001m01012401231611259318]
 [2024-01-23 16:11:25] <76926> 3001[카드 결제 성공]
 [2024-01-23 16:11:25] <76926> END PYO  Laptime:[0.315sec]
 [2024-01-23 16:11:25] <76926> ===============================================================
 [2024-01-23 17:37:10] <113695> START NicepayLite PYO (V1.1B20140314(OS:Linux2.6.32-754.35.1.el6.x86_64,PHP:7.3.15))
 [2024-01-23 17:37:10] <113695> Connect to ssl://web.nicepay.co.kr:443
 [2024-01-23 17:37:10] <113695> ssl://web.nicepay.co.kr:443 Server Connect OK
 [2024-01-23 17:37:10] <113695> MSG_TO_SVR::[/lite/payProcess.jsp]
 [2024-01-23 17:37:11] <113695> TID -> [ilooda001m01012401231737113464]
 [2024-01-23 17:37:11] <113695> 3001[카드 결제 성공]
 [2024-01-23 17:37:11] <113695> END PYO  Laptime:[0.482sec]
 [2024-01-23 17:37:11] <113695> ===============================================================
 [2024-01-23 18:07:12] <33415> START NicepayLite PYO (V1.1B20140314(OS:Linux2.6.32-754.35.1.el6.x86_64,PHP:7.3.15))
 [2024-01-23 18:07:12] <33415> Connect to ssl://web.nicepay.co.kr:443
 [2024-01-23 18:07:12] <33415> ssl://web.nicepay.co.kr:443 Server Connect OK
 [2024-01-23 18:07:12] <33415> MSG_TO_SVR::[/lite/payProcess.jsp]
 [2024-01-23 18:07:12] <33415> TID -> [ilooda001m01012401231807128428]
 [2024-01-23 18:07:12] <33415> 3001[카드 결제 성공]
 [2024-01-23 18:07:12] <33415> END PYO  Laptime:[0.399sec]
 [2024-01-23 18:07:12] <33415> ===============================================================
 [2024-01-23 18:14:51] <83937> START NicepayLite PYO (V1.1B20140314(OS:Linux2.6.32-754.35.1.el6.x86_64,PHP:7.3.15))
 [2024-01-23 18:14:51] <83937> Connect to ssl://web.nicepay.co.kr:443
 [2024-01-23 18:14:51] <83937> ssl://web.nicepay.co.kr:443 Server Connect OK
 [2024-01-23 18:14:51] <83937> MSG_TO_SVR::[/lite/payProcess.jsp]
 [2024-01-23 18:14:52] <83937> TID -> [ilooda001m01012401231814524223]
 [2024-01-23 18:14:52] <83937> 3001[카드 결제 성공]
 [2024-01-23 18:14:52] <83937> END PYO  Laptime:[0.453sec]
 [2024-01-23 18:14:52] <83937> ===============================================================
 [2024-01-23 18:51:15] <51366> START NicepayLite PYO (V1.1B20140314(OS:Linux2.6.32-754.35.1.el6.x86_64,PHP:7.3.15))
 [2024-01-23 18:51:15] <51366> Connect to ssl://web.nicepay.co.kr:443
 [2024-01-23 18:51:15] <51366> ssl://web.nicepay.co.kr:443 Server Connect OK
 [2024-01-23 18:51:15] <51366> MSG_TO_SVR::[/lite/payProcess.jsp]
 [2024-01-23 18:51:16] <51366> TID -> [ilooda001m01012401231851165678]
 [2024-01-23 18:51:16] <51366> 3001[카드 결제 성공]
 [2024-01-23 18:51:16] <51366> END PYO  Laptime:[0.649sec]
 [2024-01-23 18:51:16] <51366> ===============================================================
