 [2024-04-12 10:01:17] <134019> START NicepayLite PYO (V1.1B20140314(OS:Linux2.6.32-754.35.1.el6.x86_64,PHP:7.3.15))
 [2024-04-12 10:01:17] <134019> Connect to ssl://web.nicepay.co.kr:443
 [2024-04-12 10:01:17] <134019> ssl://web.nicepay.co.kr:443 Server Connect OK
 [2024-04-12 10:01:17] <134019> MSG_TO_SVR::[/lite/payProcess.jsp]
 [2024-04-12 10:01:18] <134019> TID -> [ilooda001m01012404121001180418]
 [2024-04-12 10:01:18] <134019> 3001[카드 결제 성공]
 [2024-04-12 10:01:18] <134019> END PYO  Laptime:[1.099sec]
 [2024-04-12 10:01:18] <134019> ===============================================================
 [2024-04-12 10:08:48] <46010> START NicepayLite PYO (V1.1B20140314(OS:Linux2.6.32-754.35.1.el6.x86_64,PHP:7.3.15))
 [2024-04-12 10:08:48] <46010> Connect to ssl://web.nicepay.co.kr:443
 [2024-04-12 10:08:48] <46010> ssl://web.nicepay.co.kr:443 Server Connect OK
 [2024-04-12 10:08:48] <46010> MSG_TO_SVR::[/lite/payProcess.jsp]
 [2024-04-12 10:08:49] <46010> TID -> [ilooda001m01012404121008491373]
 [2024-04-12 10:08:49] <46010> 3001[카드 결제 성공]
 [2024-04-12 10:08:49] <46010> END PYO  Laptime:[0.877sec]
 [2024-04-12 10:08:49] <46010> ===============================================================
 [2024-04-12 11:22:46] <79880> START NicepayLite PYO (V1.1B20140314(OS:Linux2.6.32-754.35.1.el6.x86_64,PHP:7.3.15))
 [2024-04-12 11:22:46] <79880> Connect to ssl://web.nicepay.co.kr:443
 [2024-04-12 11:22:46] <79880> ssl://web.nicepay.co.kr:443 Server Connect OK
 [2024-04-12 11:22:46] <79880> MSG_TO_SVR::[/lite/payProcess.jsp]
 [2024-04-12 11:22:47] <79880> TID -> [ilooda001m01012404121122472643]
 [2024-04-12 11:22:47] <79880> 3001[카드 결제 성공]
 [2024-04-12 11:22:47] <79880> END PYO  Laptime:[0.396sec]
 [2024-04-12 11:22:47] <79880> ===============================================================
 [2024-04-12 12:16:29] <91505> START NicepayLite PYO (V1.1B20140314(OS:Linux2.6.32-754.35.1.el6.x86_64,PHP:7.3.15))
 [2024-04-12 12:16:29] <91505> Connect to ssl://web.nicepay.co.kr:443
 [2024-04-12 12:16:29] <91505> ssl://web.nicepay.co.kr:443 Server Connect OK
 [2024-04-12 12:16:29] <91505> MSG_TO_SVR::[/lite/payProcess.jsp]
 [2024-04-12 12:16:30] <91505> TID -> [ilooda001m01012404121216304018]
 [2024-04-12 12:16:30] <91505> 3001[카드 결제 성공]
 [2024-04-12 12:16:30] <91505> END PYO  Laptime:[0.505sec]
 [2024-04-12 12:16:30] <91505> ===============================================================
 [2024-04-12 12:18:27] <108222> START NicepayLite PYO (V1.1B20140314(OS:Linux2.6.32-754.35.1.el6.x86_64,PHP:7.3.15))
 [2024-04-12 12:18:27] <108222> Connect to ssl://web.nicepay.co.kr:443
 [2024-04-12 12:18:27] <108222> ssl://web.nicepay.co.kr:443 Server Connect OK
 [2024-04-12 12:18:27] <108222> MSG_TO_SVR::[/lite/payProcess.jsp]
 [2024-04-12 12:18:28] <108222> TID -> [ilooda001m01012404121218280940]
 [2024-04-12 12:18:28] <108222> 3001[카드 결제 성공]
 [2024-04-12 12:18:28] <108222> END PYO  Laptime:[0.748sec]
 [2024-04-12 12:18:28] <108222> ===============================================================
 [2024-04-12 13:30:34] <123839> START NicepayLite PYO (V1.1B20140314(OS:Linux2.6.32-754.35.1.el6.x86_64,PHP:7.3.15))
 [2024-04-12 13:30:34] <123839> Connect to ssl://web.nicepay.co.kr:443
 [2024-04-12 13:30:34] <123839> ssl://web.nicepay.co.kr:443 Server Connect OK
 [2024-04-12 13:30:34] <123839> MSG_TO_SVR::[/lite/payProcess.jsp]
 [2024-04-12 13:30:35] <123839> TID -> [ilooda001m01012404121330351807]
 [2024-04-12 13:30:35] <123839> 3001[카드 결제 성공]
 [2024-04-12 13:30:35] <123839> END PYO  Laptime:[0.74sec]
 [2024-04-12 13:30:35] <123839> ===============================================================
 [2024-04-12 14:20:28] <103186> START NicepayLite PYO (V1.1B20140314(OS:Linux2.6.32-754.35.1.el6.x86_64,PHP:7.3.15))
 [2024-04-12 14:20:28] <103186> Connect to ssl://web.nicepay.co.kr:443
 [2024-04-12 14:20:28] <103186> ssl://web.nicepay.co.kr:443 Server Connect OK
 [2024-04-12 14:20:28] <103186> MSG_TO_SVR::[/lite/payProcess.jsp]
 [2024-04-12 14:20:29] <103186> TID -> [ilooda001m01012404121420291992]
 [2024-04-12 14:20:29] <103186> 3001[카드 결제 성공]
 [2024-04-12 14:20:29] <103186> END PYO  Laptime:[0.717sec]
 [2024-04-12 14:20:29] <103186> ===============================================================
 [2024-04-12 15:10:05] <80846> START NicepayLite PYO (V1.1B20140314(OS:Linux2.6.32-754.35.1.el6.x86_64,PHP:7.3.15))
 [2024-04-12 15:10:05] <80846> Connect to ssl://web.nicepay.co.kr:443
 [2024-04-12 15:10:05] <80846> ssl://web.nicepay.co.kr:443 Server Connect OK
 [2024-04-12 15:10:05] <80846> MSG_TO_SVR::[/lite/payProcess.jsp]
 [2024-04-12 15:10:06] <80846> TID -> [ilooda001m01012404121510059371]
 [2024-04-12 15:10:06] <80846> 3001[카드 결제 성공]
 [2024-04-12 15:10:06] <80846> END PYO  Laptime:[0.633sec]
 [2024-04-12 15:10:06] <80846> ===============================================================
 [2024-04-12 15:37:38] <15227> START NicepayLite PYO (V1.1B20140314(OS:Linux2.6.32-754.35.1.el6.x86_64,PHP:7.3.15))
 [2024-04-12 15:37:38] <15227> Connect to ssl://web.nicepay.co.kr:443
 [2024-04-12 15:37:38] <15227> ssl://web.nicepay.co.kr:443 Server Connect OK
 [2024-04-12 15:37:38] <15227> MSG_TO_SVR::[/lite/payProcess.jsp]
 [2024-04-12 15:37:39] <15227> TID -> [ilooda001m01012404121537387178]
 [2024-04-12 15:37:39] <15227> 3001[카드 결제 성공]
 [2024-04-12 15:37:39] <15227> END PYO  Laptime:[0.92sec]
 [2024-04-12 15:37:39] <15227> ===============================================================
 [2024-04-12 17:05:44] <23647> START NicepayLite PYO (V1.1B20140314(OS:Linux2.6.32-754.35.1.el6.x86_64,PHP:7.3.15))
 [2024-04-12 17:05:44] <23647> Connect to ssl://web.nicepay.co.kr:443
 [2024-04-12 17:05:44] <23647> ssl://web.nicepay.co.kr:443 Server Connect OK
 [2024-04-12 17:05:44] <23647> MSG_TO_SVR::[/lite/payProcess.jsp]
 [2024-04-12 17:05:45] <23647> TID -> [ilooda001m01012404121705452768]
 [2024-04-12 17:05:45] <23647> 3001[카드 결제 성공]
 [2024-04-12 17:05:45] <23647> END PYO  Laptime:[0.466sec]
 [2024-04-12 17:05:45] <23647> ===============================================================
