 [2024-02-24 10:14:47] <9720> START NicepayLite PYO (V1.1B20140314(OS:Linux2.6.32-754.35.1.el6.x86_64,PHP:7.3.15))
 [2024-02-24 10:14:47] <9720> Connect to ssl://web.nicepay.co.kr:443
 [2024-02-24 10:14:47] <9720> ssl://web.nicepay.co.kr:443 Server Connect OK
 [2024-02-24 10:14:47] <9720> MSG_TO_SVR::[/lite/payProcess.jsp]
 [2024-02-24 10:14:48] <9720> TID -> [ilooda001m01012402241014481835]
 [2024-02-24 10:14:48] <9720> 3001[카드 결제 성공]
 [2024-02-24 10:14:48] <9720> END PYO  Laptime:[0.847sec]
 [2024-02-24 10:14:48] <9720> ===============================================================
 [2024-02-24 10:30:50] <129610> START NicepayLite PYO (V1.1B20140314(OS:Linux2.6.32-754.35.1.el6.x86_64,PHP:7.3.15))
 [2024-02-24 10:30:50] <129610> Connect to ssl://web.nicepay.co.kr:443
 [2024-02-24 10:30:50] <129610> ssl://web.nicepay.co.kr:443 Server Connect OK
 [2024-02-24 10:30:50] <129610> MSG_TO_SVR::[/lite/payProcess.jsp]
 [2024-02-24 10:30:51] <129610> TID -> [ilooda001m01012402241030513422]
 [2024-02-24 10:30:51] <129610> 3001[카드 결제 성공]
 [2024-02-24 10:30:51] <129610> END PYO  Laptime:[0.809sec]
 [2024-02-24 10:30:51] <129610> ===============================================================
 [2024-02-24 11:52:03] <4113> START NicepayLite PYO (V1.1B20140314(OS:Linux2.6.32-754.35.1.el6.x86_64,PHP:7.3.15))
 [2024-02-24 11:52:03] <4113> Connect to ssl://web.nicepay.co.kr:443
 [2024-02-24 11:52:03] <4113> ssl://web.nicepay.co.kr:443 Server Connect OK
 [2024-02-24 11:52:03] <4113> MSG_TO_SVR::[/lite/payProcess.jsp]
 [2024-02-24 11:52:03] <4113> TID -> [ilooda001m01012402241152041576]
 [2024-02-24 11:52:03] <4113> 3001[카드 결제 성공]
 [2024-02-24 11:52:03] <4113> END PYO  Laptime:[0.397sec]
 [2024-02-24 11:52:03] <4113> ===============================================================
 [2024-02-24 13:15:12] <38333> START NicepayLite PYO (V1.1B20140314(OS:Linux2.6.32-754.35.1.el6.x86_64,PHP:7.3.15))
 [2024-02-24 13:15:12] <38333> Connect to ssl://web.nicepay.co.kr:443
 [2024-02-24 13:15:12] <38333> ssl://web.nicepay.co.kr:443 Server Connect OK
 [2024-02-24 13:15:12] <38333> MSG_TO_SVR::[/lite/payProcess.jsp]
 [2024-02-24 13:15:12] <38333> TID -> [ilooda001m01012402241315130255]
 [2024-02-24 13:15:12] <38333> 3001[카드 결제 성공]
 [2024-02-24 13:15:12] <38333> END PYO  Laptime:[0.359sec]
 [2024-02-24 13:15:12] <38333> ===============================================================
 [2024-02-24 13:46:24] <122137> START NicepayLite PYO (V1.1B20140314(OS:Linux2.6.32-754.35.1.el6.x86_64,PHP:7.3.15))
 [2024-02-24 13:46:24] <122137> Connect to ssl://web.nicepay.co.kr:443
 [2024-02-24 13:46:24] <122137> ssl://web.nicepay.co.kr:443 Server Connect OK
 [2024-02-24 13:46:24] <122137> MSG_TO_SVR::[/lite/payProcess.jsp]
 [2024-02-24 13:46:24] <122137> TID -> [ilooda001m01012402241346252734]
 [2024-02-24 13:46:24] <122137> 3001[카드 결제 성공]
 [2024-02-24 13:46:24] <122137> END PYO  Laptime:[0.39sec]
 [2024-02-24 13:46:24] <122137> ===============================================================
 [2024-02-24 19:49:53] <41899> START NicepayLite PYO (V1.1B20140314(OS:Linux2.6.32-754.35.1.el6.x86_64,PHP:7.3.15))
 [2024-02-24 19:49:53] <41899> Connect to ssl://web.nicepay.co.kr:443
 [2024-02-24 19:49:53] <41899> ssl://web.nicepay.co.kr:443 Server Connect OK
 [2024-02-24 19:49:53] <41899> MSG_TO_SVR::[/lite/payProcess.jsp]
 [2024-02-24 19:49:54] <41899> TID -> [ilooda001m01012402241949546429]
 [2024-02-24 19:49:54] <41899> 3001[카드 결제 성공]
 [2024-02-24 19:49:54] <41899> END PYO  Laptime:[0.489sec]
 [2024-02-24 19:49:54] <41899> ===============================================================
