 [2024-04-04 11:52:06] <79073> START NicepayLite PYO (V1.1B20140314(OS:Linux2.6.32-754.35.1.el6.x86_64,PHP:7.3.15))
 [2024-04-04 11:52:06] <79073> Connect to ssl://web.nicepay.co.kr:443
 [2024-04-04 11:52:06] <79073> ssl://web.nicepay.co.kr:443 Server Connect OK
 [2024-04-04 11:52:06] <79073> MSG_TO_SVR::[/lite/payProcess.jsp]
 [2024-04-04 11:52:07] <79073> TID -> [ilooda001m01012404041152077585]
 [2024-04-04 11:52:07] <79073> 3001[카드 결제 성공]
 [2024-04-04 11:52:07] <79073> END PYO  Laptime:[0.543sec]
 [2024-04-04 11:52:07] <79073> ===============================================================
 [2024-04-04 13:24:02] <107125> START NicepayLite PYO (V1.1B20140314(OS:Linux2.6.32-754.35.1.el6.x86_64,PHP:7.3.15))
 [2024-04-04 13:24:02] <107125> Connect to ssl://web.nicepay.co.kr:443
 [2024-04-04 13:24:02] <107125> ssl://web.nicepay.co.kr:443 Server Connect OK
 [2024-04-04 13:24:02] <107125> MSG_TO_SVR::[/lite/payProcess.jsp]
 [2024-04-04 13:24:03] <107125> TID -> [ilooda001m01012404041324035486]
 [2024-04-04 13:24:03] <107125> 3001[카드 결제 성공]
 [2024-04-04 13:24:03] <107125> END PYO  Laptime:[0.586sec]
 [2024-04-04 13:24:03] <107125> ===============================================================
 [2024-04-04 13:35:28] <61392> START NicepayLite PYO (V1.1B20140314(OS:Linux2.6.32-754.35.1.el6.x86_64,PHP:7.3.15))
 [2024-04-04 13:35:28] <61392> Connect to ssl://web.nicepay.co.kr:443
 [2024-04-04 13:35:28] <61392> ssl://web.nicepay.co.kr:443 Server Connect OK
 [2024-04-04 13:35:28] <61392> MSG_TO_SVR::[/lite/payProcess.jsp]
 [2024-04-04 13:35:28] <61392> TID -> [ilooda001m01012404041335292292]
 [2024-04-04 13:35:28] <61392> 51[한도초과]
 [2024-04-04 13:35:28] <61392> END PYO  Laptime:[0.359sec]
 [2024-04-04 13:35:28] <61392> ===============================================================
 [2024-04-04 13:36:16] <69844> START NicepayLite PYO (V1.1B20140314(OS:Linux2.6.32-754.35.1.el6.x86_64,PHP:7.3.15))
 [2024-04-04 13:36:16] <69844> Connect to ssl://web.nicepay.co.kr:443
 [2024-04-04 13:36:16] <69844> ssl://web.nicepay.co.kr:443 Server Connect OK
 [2024-04-04 13:36:16] <69844> MSG_TO_SVR::[/lite/payProcess.jsp]
 [2024-04-04 13:36:16] <69844> TID -> [ilooda001m01012404041336170692]
 [2024-04-04 13:36:16] <69844> 3001[카드 결제 성공]
 [2024-04-04 13:36:16] <69844> END PYO  Laptime:[0.428sec]
 [2024-04-04 13:36:16] <69844> ===============================================================
 [2024-04-04 14:31:04] <82374> START NicepayLite PYO (V1.1B20140314(OS:Linux2.6.32-754.35.1.el6.x86_64,PHP:7.3.15))
 [2024-04-04 14:31:04] <82374> Connect to ssl://web.nicepay.co.kr:443
 [2024-04-04 14:31:04] <82374> ssl://web.nicepay.co.kr:443 Server Connect OK
 [2024-04-04 14:31:04] <82374> MSG_TO_SVR::[/lite/payProcess.jsp]
 [2024-04-04 14:31:04] <82374> TID -> [ilooda001m01012404041431050385]
 [2024-04-04 14:31:04] <82374> 3001[카드 결제 성공]
 [2024-04-04 14:31:04] <82374> END PYO  Laptime:[0.668sec]
 [2024-04-04 14:31:04] <82374> ===============================================================
 [2024-04-04 15:39:54] <67548> START NicepayLite PYO (V1.1B20140314(OS:Linux2.6.32-754.35.1.el6.x86_64,PHP:7.3.15))
 [2024-04-04 15:39:54] <67548> Connect to ssl://web.nicepay.co.kr:443
 [2024-04-04 15:39:54] <67548> ssl://web.nicepay.co.kr:443 Server Connect OK
 [2024-04-04 15:39:54] <67548> MSG_TO_SVR::[/lite/payProcess.jsp]
 [2024-04-04 15:39:55] <67548> TID -> [ilooda001m01012404041539558660]
 [2024-04-04 15:39:55] <67548> 3001[카드 결제 성공]
 [2024-04-04 15:39:55] <67548> END PYO  Laptime:[0.599sec]
 [2024-04-04 15:39:55] <67548> ===============================================================
 [2024-04-04 15:56:57] <60138> START NicepayLite PYO (V1.1B20140314(OS:Linux2.6.32-754.35.1.el6.x86_64,PHP:7.3.15))
 [2024-04-04 15:56:57] <60138> Connect to ssl://web.nicepay.co.kr:443
 [2024-04-04 15:56:57] <60138> ssl://web.nicepay.co.kr:443 Server Connect OK
 [2024-04-04 15:56:57] <60138> MSG_TO_SVR::[/lite/payProcess.jsp]
 [2024-04-04 15:56:58] <60138> TID -> [ilooda001m01012404041556586290]
 [2024-04-04 15:56:58] <60138> 3001[카드 결제 성공]
 [2024-04-04 15:56:58] <60138> END PYO  Laptime:[0.516sec]
 [2024-04-04 15:56:58] <60138> ===============================================================
 [2024-04-04 16:57:41] <132725> START NicepayLite PYO (V1.1B20140314(OS:Linux2.6.32-754.35.1.el6.x86_64,PHP:7.3.15))
 [2024-04-04 16:57:41] <132725> Connect to ssl://web.nicepay.co.kr:443
 [2024-04-04 16:57:41] <132725> ssl://web.nicepay.co.kr:443 Server Connect OK
 [2024-04-04 16:57:41] <132725> MSG_TO_SVR::[/lite/payProcess.jsp]
 [2024-04-04 16:57:42] <132725> TID -> [ilooda001m01012404041657426875]
 [2024-04-04 16:57:42] <132725> 3001[카드 결제 성공]
 [2024-04-04 16:57:42] <132725> END PYO  Laptime:[0.352sec]
 [2024-04-04 16:57:42] <132725> ===============================================================
 [2024-04-04 17:43:49] <79744> START NicepayLite PYO (V1.1B20140314(OS:Linux2.6.32-754.35.1.el6.x86_64,PHP:7.3.15))
 [2024-04-04 17:43:49] <79744> Connect to ssl://web.nicepay.co.kr:443
 [2024-04-04 17:43:49] <79744> ssl://web.nicepay.co.kr:443 Server Connect OK
 [2024-04-04 17:43:49] <79744> MSG_TO_SVR::[/lite/payProcess.jsp]
 [2024-04-04 17:43:50] <79744> TID -> [ilooda001m01012404041743508278]
 [2024-04-04 17:43:50] <79744> 3001[카드 결제 성공]
 [2024-04-04 17:43:50] <79744> END PYO  Laptime:[0.659sec]
 [2024-04-04 17:43:50] <79744> ===============================================================
