 [2024-02-01 10:30:27] <111361> START NicepayLite PYO (V1.1B20140314(OS:Linux2.6.32-754.35.1.el6.x86_64,PHP:7.3.15))
 [2024-02-01 10:30:27] <111361> Connect to ssl://web.nicepay.co.kr:443
 [2024-02-01 10:30:27] <111361> ssl://web.nicepay.co.kr:443 Server Connect OK
 [2024-02-01 10:30:27] <111361> MSG_TO_SVR::[/lite/payProcess.jsp]
 [2024-02-01 10:30:28] <111361> TID -> [ilooda001m01012402011030292921]
 [2024-02-01 10:30:28] <111361> 3001[카드 결제 성공]
 [2024-02-01 10:30:28] <111361> END PYO  Laptime:[0.574sec]
 [2024-02-01 10:30:28] <111361> ===============================================================
 [2024-02-01 11:37:26] <40510> START NicepayLite PYO (V1.1B20140314(OS:Linux2.6.32-754.35.1.el6.x86_64,PHP:7.3.15))
 [2024-02-01 11:37:26] <40510> Connect to ssl://web.nicepay.co.kr:443
 [2024-02-01 11:37:26] <40510> ssl://web.nicepay.co.kr:443 Server Connect OK
 [2024-02-01 11:37:26] <40510> MSG_TO_SVR::[/lite/payProcess.jsp]
 [2024-02-01 11:37:27] <40510> TID -> [ilooda001m01012402011137281382]
 [2024-02-01 11:37:27] <40510> 3001[카드 결제 성공]
 [2024-02-01 11:37:27] <40510> END PYO  Laptime:[0.532sec]
 [2024-02-01 11:37:27] <40510> ===============================================================
 [2024-02-01 12:30:43] <135771> START NicepayLite PYO (V1.1B20140314(OS:Linux2.6.32-754.35.1.el6.x86_64,PHP:7.3.15))
 [2024-02-01 12:30:43] <135771> Connect to ssl://web.nicepay.co.kr:443
 [2024-02-01 12:30:43] <135771> ssl://web.nicepay.co.kr:443 Server Connect OK
 [2024-02-01 12:30:43] <135771> MSG_TO_SVR::[/lite/payProcess.jsp]
 [2024-02-01 12:30:44] <135771> TID -> [ilooda001m01012402011230448424]
 [2024-02-01 12:30:44] <135771> 3001[카드 결제 성공]
 [2024-02-01 12:30:44] <135771> END PYO  Laptime:[0.89sec]
 [2024-02-01 12:30:44] <135771> ===============================================================
 [2024-02-01 13:05:21] <98854> START NicepayLite PYO (V1.1B20140314(OS:Linux2.6.32-754.35.1.el6.x86_64,PHP:7.3.15))
 [2024-02-01 13:05:21] <98854> Connect to ssl://web.nicepay.co.kr:443
 [2024-02-01 13:05:21] <98854> ssl://web.nicepay.co.kr:443 Server Connect OK
 [2024-02-01 13:05:21] <98854> MSG_TO_SVR::[/lite/payProcess.jsp]
 [2024-02-01 13:05:22] <98854> TID -> [ilooda001m01012402011305230531]
 [2024-02-01 13:05:22] <98854> 3001[카드 결제 성공]
 [2024-02-01 13:05:22] <98854> END PYO  Laptime:[0.641sec]
 [2024-02-01 13:05:22] <98854> ===============================================================
 [2024-02-01 14:25:59] <99342> START NicepayLite PYO (V1.1B20140314(OS:Linux2.6.32-754.35.1.el6.x86_64,PHP:7.3.15))
 [2024-02-01 14:25:59] <99342> Connect to ssl://web.nicepay.co.kr:443
 [2024-02-01 14:25:59] <99342> ssl://web.nicepay.co.kr:443 Server Connect OK
 [2024-02-01 14:25:59] <99342> MSG_TO_SVR::[/lite/payProcess.jsp]
 [2024-02-01 14:25:59] <99342> TID -> [ilooda001m01012402011426007814]
 [2024-02-01 14:25:59] <99342> 3001[카드 결제 성공]
 [2024-02-01 14:25:59] <99342> END PYO  Laptime:[0.628sec]
 [2024-02-01 14:25:59] <99342> ===============================================================
 [2024-02-01 14:29:24] <128686> START NicepayLite PYO (V1.1B20140314(OS:Linux2.6.32-754.35.1.el6.x86_64,PHP:7.3.15))
 [2024-02-01 14:29:24] <128686> Connect to ssl://web.nicepay.co.kr:443
 [2024-02-01 14:29:24] <128686> ssl://web.nicepay.co.kr:443 Server Connect OK
 [2024-02-01 14:29:24] <128686> MSG_TO_SVR::[/lite/payProcess.jsp]
 [2024-02-01 14:29:25] <128686> TID -> [ilooda001m01012402011429257731]
 [2024-02-01 14:29:25] <128686> 3001[카드 결제 성공]
 [2024-02-01 14:29:25] <128686> END PYO  Laptime:[0.763sec]
 [2024-02-01 14:29:25] <128686> ===============================================================
 [2024-02-01 16:56:08] <65846> START NicepayLite PYO (V1.1B20140314(OS:Linux2.6.32-754.35.1.el6.x86_64,PHP:7.3.15))
 [2024-02-01 16:56:08] <65846> Connect to ssl://web.nicepay.co.kr:443
 [2024-02-01 16:56:08] <65846> ssl://web.nicepay.co.kr:443 Server Connect OK
 [2024-02-01 16:56:08] <65846> MSG_TO_SVR::[/lite/payProcess.jsp]
 [2024-02-01 16:56:09] <65846> TID -> [ilooda001m01012402011656102765]
 [2024-02-01 16:56:09] <65846> 3001[카드 결제 성공]
 [2024-02-01 16:56:09] <65846> END PYO  Laptime:[0.759sec]
 [2024-02-01 16:56:09] <65846> ===============================================================
 [2024-02-01 17:51:01] <35096> START NicepayLite PYO (V1.1B20140314(OS:Linux2.6.32-754.35.1.el6.x86_64,PHP:7.3.15))
 [2024-02-01 17:51:01] <35096> Connect to ssl://web.nicepay.co.kr:443
 [2024-02-01 17:51:01] <35096> ssl://web.nicepay.co.kr:443 Server Connect OK
 [2024-02-01 17:51:01] <35096> MSG_TO_SVR::[/lite/payProcess.jsp]
 [2024-02-01 17:51:02] <35096> TID -> [ilooda001m01012402011751029600]
 [2024-02-01 17:51:02] <35096> 3001[카드 결제 성공]
 [2024-02-01 17:51:02] <35096> END PYO  Laptime:[0.8sec]
 [2024-02-01 17:51:02] <35096> ===============================================================
 [2024-02-01 18:45:17] <7249> START NicepayLite PYO (V1.1B20140314(OS:Linux2.6.32-754.35.1.el6.x86_64,PHP:7.3.15))
 [2024-02-01 18:45:17] <7249> Connect to ssl://web.nicepay.co.kr:443
 [2024-02-01 18:45:17] <7249> ssl://web.nicepay.co.kr:443 Server Connect OK
 [2024-02-01 18:45:17] <7249> MSG_TO_SVR::[/lite/payProcess.jsp]
 [2024-02-01 18:45:18] <7249> TID -> [ilooda001m01012402011845194388]
 [2024-02-01 18:45:18] <7249> 3001[카드 결제 성공]
 [2024-02-01 18:45:18] <7249> END PYO  Laptime:[0.321sec]
 [2024-02-01 18:45:18] <7249> ===============================================================
 [2024-02-01 22:59:40] <142086> START NicepayLite PYO (V1.1B20140314(OS:Linux2.6.32-754.35.1.el6.x86_64,PHP:7.3.15))
 [2024-02-01 22:59:40] <142086> Connect to ssl://web.nicepay.co.kr:443
 [2024-02-01 22:59:40] <142086> ssl://web.nicepay.co.kr:443 Server Connect OK
 [2024-02-01 22:59:40] <142086> MSG_TO_SVR::[/lite/payProcess.jsp]
 [2024-02-01 22:59:41] <142086> TID -> [ilooda001m01012402012259420692]
 [2024-02-01 22:59:41] <142086> 3001[카드 결제 성공]
 [2024-02-01 22:59:41] <142086> END PYO  Laptime:[1.242sec]
 [2024-02-01 22:59:41] <142086> ===============================================================
