 [2024-04-13 10:11:09] <85685> START NicepayLite PYO (V1.1B20140314(OS:Linux2.6.32-754.35.1.el6.x86_64,PHP:7.3.15))
 [2024-04-13 10:11:09] <85685> Connect to ssl://web.nicepay.co.kr:443
 [2024-04-13 10:11:09] <85685> ssl://web.nicepay.co.kr:443 Server Connect OK
 [2024-04-13 10:11:09] <85685> MSG_TO_SVR::[/lite/payProcess.jsp]
 [2024-04-13 10:11:10] <85685> TID -> [ilooda001m01012404131011103552]
 [2024-04-13 10:11:10] <85685> 3001[카드 결제 성공]
 [2024-04-13 10:11:10] <85685> END PYO  Laptime:[0.676sec]
 [2024-04-13 10:11:10] <85685> ===============================================================
 [2024-04-13 10:54:54] <10845> START NicepayLite PYO (V1.1B20140314(OS:Linux2.6.32-754.35.1.el6.x86_64,PHP:7.3.15))
 [2024-04-13 10:54:54] <10845> Connect to ssl://web.nicepay.co.kr:443
 [2024-04-13 10:54:54] <10845> ssl://web.nicepay.co.kr:443 Server Connect OK
 [2024-04-13 10:54:54] <10845> MSG_TO_SVR::[/lite/payProcess.jsp]
 [2024-04-13 10:54:54] <10845> TID -> [ilooda001m01012404131054551126]
 [2024-04-13 10:54:54] <10845> 3001[카드 결제 성공]
 [2024-04-13 10:54:54] <10845> END PYO  Laptime:[0.323sec]
 [2024-04-13 10:54:54] <10845> ===============================================================
 [2024-04-13 13:59:30] <109698> START NicepayLite PYO (V1.1B20140314(OS:Linux2.6.32-754.35.1.el6.x86_64,PHP:7.3.15))
 [2024-04-13 13:59:30] <109698> Connect to ssl://web.nicepay.co.kr:443
 [2024-04-13 13:59:30] <109698> ssl://web.nicepay.co.kr:443 Server Connect OK
 [2024-04-13 13:59:30] <109698> MSG_TO_SVR::[/lite/payProcess.jsp]
 [2024-04-13 13:59:30] <109698> TID -> [ilooda001m01012404131359313424]
 [2024-04-13 13:59:30] <109698> 3001[카드 결제 성공]
 [2024-04-13 13:59:30] <109698> END PYO  Laptime:[0.375sec]
 [2024-04-13 13:59:30] <109698> ===============================================================
 [2024-04-13 17:44:33] <91483> START NicepayLite PYO (V1.1B20140314(OS:Linux2.6.32-754.35.1.el6.x86_64,PHP:7.3.15))
 [2024-04-13 17:44:33] <91483> Connect to ssl://web.nicepay.co.kr:443
 [2024-04-13 17:44:33] <91483> ssl://web.nicepay.co.kr:443 Server Connect OK
 [2024-04-13 17:44:33] <91483> MSG_TO_SVR::[/lite/payProcess.jsp]
 [2024-04-13 17:44:33] <91483> TID -> [ilooda001m01012404131744343984]
 [2024-04-13 17:44:33] <91483> 3001[카드 결제 성공]
 [2024-04-13 17:44:33] <91483> END PYO  Laptime:[0.38sec]
 [2024-04-13 17:44:33] <91483> ===============================================================
