 [2023-11-08 10:57:55] <77824> START NicepayLite PYO (V1.1B20140314(OS:Linux2.6.32-754.35.1.el6.x86_64,PHP:7.3.15))
 [2023-11-08 10:57:55] <77824> Connect to ssl://web.nicepay.co.kr:443
 [2023-11-08 10:57:55] <77824> ssl://web.nicepay.co.kr:443 Server Connect OK
 [2023-11-08 10:57:55] <77824> MSG_TO_SVR::[/lite/payProcess.jsp]
 [2023-11-08 10:57:55] <77824> TID -> [ilooda001m01012311081057577107]
 [2023-11-08 10:57:55] <77824> 3001[카드 결제 성공]
 [2023-11-08 10:57:55] <77824> END PYO  Laptime:[0.691sec]
 [2023-11-08 10:57:55] <77824> ===============================================================
 [2023-11-08 11:39:36] <109623> START NicepayLite PYO (V1.1B20140314(OS:Linux2.6.32-754.35.1.el6.x86_64,PHP:7.3.15))
 [2023-11-08 11:39:36] <109623> Connect to ssl://web.nicepay.co.kr:443
 [2023-11-08 11:39:36] <109623> ssl://web.nicepay.co.kr:443 Server Connect OK
 [2023-11-08 11:39:36] <109623> MSG_TO_SVR::[/lite/payProcess.jsp]
 [2023-11-08 11:39:37] <109623> TID -> [ilooda001m01012311081139389424]
 [2023-11-08 11:39:37] <109623> 3001[카드 결제 성공]
 [2023-11-08 11:39:37] <109623> END PYO  Laptime:[0.908sec]
 [2023-11-08 11:39:37] <109623> ===============================================================
 [2023-11-08 11:52:36] <55565> START NicepayLite PYO (V1.1B20140314(OS:Linux2.6.32-754.35.1.el6.x86_64,PHP:7.3.15))
 [2023-11-08 11:52:36] <55565> Connect to ssl://web.nicepay.co.kr:443
 [2023-11-08 11:52:36] <55565> ssl://web.nicepay.co.kr:443 Server Connect OK
 [2023-11-08 11:52:36] <55565> MSG_TO_SVR::[/lite/payProcess.jsp]
 [2023-11-08 11:52:37] <55565> TID -> [ilooda001m01012311081152391519]
 [2023-11-08 11:52:37] <55565> 3001[카드 결제 성공]
 [2023-11-08 11:52:37] <55565> END PYO  Laptime:[0.765sec]
 [2023-11-08 11:52:37] <55565> ===============================================================
 [2023-11-08 12:23:06] <9115> START NicepayLite PYO (V1.1B20140314(OS:Linux2.6.32-754.35.1.el6.x86_64,PHP:7.3.15))
 [2023-11-08 12:23:06] <9115> Connect to ssl://web.nicepay.co.kr:443
 [2023-11-08 12:23:06] <9115> ssl://web.nicepay.co.kr:443 Server Connect OK
 [2023-11-08 12:23:06] <9115> MSG_TO_SVR::[/lite/payProcess.jsp]
 [2023-11-08 12:23:07] <9115> TID -> [ilooda001m01012311081223093346]
 [2023-11-08 12:23:07] <9115> 3001[카드 결제 성공]
 [2023-11-08 12:23:07] <9115> END PYO  Laptime:[0.535sec]
 [2023-11-08 12:23:07] <9115> ===============================================================
 [2023-11-08 13:23:23] <29219> START NicepayLite PYO (V1.1B20140314(OS:Linux2.6.32-754.35.1.el6.x86_64,PHP:7.3.15))
 [2023-11-08 13:23:23] <29219> Connect to ssl://web.nicepay.co.kr:443
 [2023-11-08 13:23:23] <29219> ssl://web.nicepay.co.kr:443 Server Connect OK
 [2023-11-08 13:23:23] <29219> MSG_TO_SVR::[/lite/payProcess.jsp]
 [2023-11-08 13:23:24] <29219> TID -> [ilooda001m01012311081323258619]
 [2023-11-08 13:23:24] <29219> 3001[카드 결제 성공]
 [2023-11-08 13:23:24] <29219> END PYO  Laptime:[0.76sec]
 [2023-11-08 13:23:24] <29219> ===============================================================
 [2023-11-08 14:58:17] <26338> START NicepayLite PYO (V1.1B20140314(OS:Linux2.6.32-754.35.1.el6.x86_64,PHP:7.3.15))
 [2023-11-08 14:58:17] <26338> Connect to ssl://web.nicepay.co.kr:443
 [2023-11-08 14:58:17] <26338> ssl://web.nicepay.co.kr:443 Server Connect OK
 [2023-11-08 14:58:17] <26338> MSG_TO_SVR::[/lite/payProcess.jsp]
 [2023-11-08 14:58:18] <26338> TID -> [ilooda001m01012311081458201381]
 [2023-11-08 14:58:18] <26338> 3001[카드 결제 성공]
 [2023-11-08 14:58:18] <26338> END PYO  Laptime:[0.326sec]
 [2023-11-08 14:58:18] <26338> ===============================================================
 [2023-11-08 15:31:49] <136340> START NicepayLite PYO (V1.1B20140314(OS:Linux2.6.32-754.35.1.el6.x86_64,PHP:7.3.15))
 [2023-11-08 15:31:49] <136340> Connect to ssl://web.nicepay.co.kr:443
 [2023-11-08 15:31:49] <136340> ssl://web.nicepay.co.kr:443 Server Connect OK
 [2023-11-08 15:31:49] <136340> MSG_TO_SVR::[/lite/payProcess.jsp]
 [2023-11-08 15:31:49] <136340> TID -> [ilooda001m01012311081531518275]
 [2023-11-08 15:31:49] <136340> 3001[카드 결제 성공]
 [2023-11-08 15:31:49] <136340> END PYO  Laptime:[0.622sec]
 [2023-11-08 15:31:49] <136340> ===============================================================
 [2023-11-08 16:48:08] <144217> START NicepayLite PYO (V1.1B20140314(OS:Linux2.6.32-754.35.1.el6.x86_64,PHP:7.3.15))
 [2023-11-08 16:48:08] <144217> Connect to ssl://web.nicepay.co.kr:443
 [2023-11-08 16:48:08] <144217> ssl://web.nicepay.co.kr:443 Server Connect OK
 [2023-11-08 16:48:08] <144217> MSG_TO_SVR::[/lite/payProcess.jsp]
 [2023-11-08 16:48:09] <144217> TID -> [ilooda001m01012311081648113871]
 [2023-11-08 16:48:09] <144217> 3001[카드 결제 성공]
 [2023-11-08 16:48:09] <144217> END PYO  Laptime:[0.229sec]
 [2023-11-08 16:48:09] <144217> ===============================================================
 [2023-11-08 17:12:49] <37419> START NicepayLite PYO (V1.1B20140314(OS:Linux2.6.32-754.35.1.el6.x86_64,PHP:7.3.15))
 [2023-11-08 17:12:49] <37419> Connect to ssl://web.nicepay.co.kr:443
 [2023-11-08 17:12:49] <37419> ssl://web.nicepay.co.kr:443 Server Connect OK
 [2023-11-08 17:12:49] <37419> MSG_TO_SVR::[/lite/payProcess.jsp]
 [2023-11-08 17:12:50] <37419> TID -> [ilooda001m01012311081712520663]
 [2023-11-08 17:12:50] <37419> 3001[카드 결제 성공]
 [2023-11-08 17:12:50] <37419> END PYO  Laptime:[1.049sec]
 [2023-11-08 17:12:50] <37419> ===============================================================
 [2023-11-08 17:43:02] <124416> START NicepayLite PYO (V1.1B20140314(OS:Linux2.6.32-754.35.1.el6.x86_64,PHP:7.3.15))
 [2023-11-08 17:43:02] <124416> Connect to ssl://web.nicepay.co.kr:443
 [2023-11-08 17:43:02] <124416> ssl://web.nicepay.co.kr:443 Server Connect OK
 [2023-11-08 17:43:02] <124416> MSG_TO_SVR::[/lite/payProcess.jsp]
 [2023-11-08 17:43:03] <124416> TID -> [ilooda001m01012311081743052208]
 [2023-11-08 17:43:03] <124416> 3001[카드 결제 성공]
 [2023-11-08 17:43:03] <124416> END PYO  Laptime:[0.485sec]
 [2023-11-08 17:43:03] <124416> ===============================================================
 [2023-11-08 17:57:23] <91562> START NicepayLite PYO (V1.1B20140314(OS:Linux2.6.32-754.35.1.el6.x86_64,PHP:7.3.15))
 [2023-11-08 17:57:23] <91562> Connect to ssl://web.nicepay.co.kr:443
 [2023-11-08 17:57:23] <91562> ssl://web.nicepay.co.kr:443 Server Connect OK
 [2023-11-08 17:57:23] <91562> MSG_TO_SVR::[/lite/payProcess.jsp]
 [2023-11-08 17:57:24] <91562> TID -> [ilooda001m01012311081757262531]
 [2023-11-08 17:57:24] <91562> 3001[카드 결제 성공]
 [2023-11-08 17:57:24] <91562> END PYO  Laptime:[0.743sec]
 [2023-11-08 17:57:24] <91562> ===============================================================
 [2023-11-08 20:43:58] <31447> START NicepayLite PYO (V1.1B20140314(OS:Linux2.6.32-754.35.1.el6.x86_64,PHP:7.3.15))
 [2023-11-08 20:43:58] <31447> Connect to ssl://web.nicepay.co.kr:443
 [2023-11-08 20:43:58] <31447> ssl://web.nicepay.co.kr:443 Server Connect OK
 [2023-11-08 20:43:58] <31447> MSG_TO_SVR::[/lite/payProcess.jsp]
 [2023-11-08 20:43:59] <31447> TID -> [ilooda001m01012311082044012750]
 [2023-11-08 20:43:59] <31447> 3001[카드 결제 성공]
 [2023-11-08 20:43:59] <31447> END PYO  Laptime:[0.652sec]
 [2023-11-08 20:43:59] <31447> ===============================================================
 [2023-11-08 20:45:20] <46264> START NicepayLite PYO (V1.1B20140314(OS:Linux2.6.32-754.35.1.el6.x86_64,PHP:7.3.15))
 [2023-11-08 20:45:20] <46264> Connect to ssl://web.nicepay.co.kr:443
 [2023-11-08 20:45:20] <46264> ssl://web.nicepay.co.kr:443 Server Connect OK
 [2023-11-08 20:45:20] <46264> MSG_TO_SVR::[/lite/payProcess.jsp]
 [2023-11-08 20:45:20] <46264> TID -> [ilooda001m01012311082045230893]
 [2023-11-08 20:45:20] <46264> 3001[카드 결제 성공]
 [2023-11-08 20:45:20] <46264> END PYO  Laptime:[0.432sec]
 [2023-11-08 20:45:20] <46264> ===============================================================
 [2023-11-08 20:50:55] <84004> START NicepayLite PYO (V1.1B20140314(OS:Linux2.6.32-754.35.1.el6.x86_64,PHP:7.3.15))
 [2023-11-08 20:50:55] <84004> Connect to ssl://web.nicepay.co.kr:443
 [2023-11-08 20:50:55] <84004> ssl://web.nicepay.co.kr:443 Server Connect OK
 [2023-11-08 20:50:55] <84004> MSG_TO_SVR::[/lite/payProcess.jsp]
 [2023-11-08 20:50:56] <84004> TID -> [ilooda001m01012311082050576925]
 [2023-11-08 20:50:56] <84004> 3001[카드 결제 성공]
 [2023-11-08 20:50:56] <84004> END PYO  Laptime:[1.036sec]
 [2023-11-08 20:50:56] <84004> ===============================================================
