 [2023-11-23 10:03:27] <6898> START NicepayLite PYO (V1.1B20140314(OS:Linux2.6.32-754.35.1.el6.x86_64,PHP:7.3.15))
 [2023-11-23 10:03:27] <6898> Connect to ssl://web.nicepay.co.kr:443
 [2023-11-23 10:03:27] <6898> ssl://web.nicepay.co.kr:443 Server Connect OK
 [2023-11-23 10:03:27] <6898> MSG_TO_SVR::[/lite/payProcess.jsp]
 [2023-11-23 10:03:28] <6898> TID -> [ilooda001m01012311231003286466]
 [2023-11-23 10:03:28] <6898> 3001[카드 결제 성공]
 [2023-11-23 10:03:28] <6898> END PYO  Laptime:[1.366sec]
 [2023-11-23 10:03:28] <6898> ===============================================================
 [2023-11-23 10:58:56] <126508> START NicepayLite PYO (V1.1B20140314(OS:Linux2.6.32-754.35.1.el6.x86_64,PHP:7.3.15))
 [2023-11-23 10:58:56] <126508> Connect to ssl://web.nicepay.co.kr:443
 [2023-11-23 10:58:56] <126508> ssl://web.nicepay.co.kr:443 Server Connect OK
 [2023-11-23 10:58:56] <126508> MSG_TO_SVR::[/lite/payProcess.jsp]
 [2023-11-23 10:58:57] <126508> TID -> [ilooda001m01012311231058577343]
 [2023-11-23 10:58:57] <126508> 3001[카드 결제 성공]
 [2023-11-23 10:58:57] <126508> END PYO  Laptime:[0.832sec]
 [2023-11-23 10:58:57] <126508> ===============================================================
 [2023-11-23 14:37:22] <4494> START NicepayLite PYO (V1.1B20140314(OS:Linux2.6.32-754.35.1.el6.x86_64,PHP:7.3.15))
 [2023-11-23 14:37:22] <4494> Connect to ssl://web.nicepay.co.kr:443
 [2023-11-23 14:37:22] <4494> ssl://web.nicepay.co.kr:443 Server Connect OK
 [2023-11-23 14:37:22] <4494> MSG_TO_SVR::[/lite/payProcess.jsp]
 [2023-11-23 14:37:22] <4494> TID -> [ilooda001m01012311231437233630]
 [2023-11-23 14:37:22] <4494> 3001[카드 결제 성공]
 [2023-11-23 14:37:22] <4494> END PYO  Laptime:[0.751sec]
 [2023-11-23 14:37:22] <4494> ===============================================================
