 [2024-01-17 09:54:13] <52527> START NicepayLite PYO (V1.1B20140314(OS:Linux2.6.32-754.35.1.el6.x86_64,PHP:7.3.15))
 [2024-01-17 09:54:13] <52527> Connect to ssl://web.nicepay.co.kr:443
 [2024-01-17 09:54:15] <52527> ssl://web.nicepay.co.kr:443 Server Connect OK
 [2024-01-17 09:54:15] <52527> MSG_TO_SVR::[/lite/payProcess.jsp]
 [2024-01-17 09:54:15] <52527> TID -> [ilooda001m01012401170954160552]
 [2024-01-17 09:54:15] <52527> 3001[카드 결제 성공]
 [2024-01-17 09:54:15] <52527> END PYO  Laptime:[1.896sec]
 [2024-01-17 09:54:15] <52527> ===============================================================
 [2024-01-17 12:10:58] <11479> START NicepayLite PYO (V1.1B20140314(OS:Linux2.6.32-754.35.1.el6.x86_64,PHP:7.3.15))
 [2024-01-17 12:10:58] <11479> Connect to ssl://web.nicepay.co.kr:443
 [2024-01-17 12:10:58] <11479> ssl://web.nicepay.co.kr:443 Server Connect OK
 [2024-01-17 12:10:58] <11479> MSG_TO_SVR::[/lite/payProcess.jsp]
 [2024-01-17 12:10:58] <11479> TID -> [ilooda001m01012401171210593664]
 [2024-01-17 12:10:58] <11479> 3001[카드 결제 성공]
 [2024-01-17 12:10:58] <11479> END PYO  Laptime:[0.584sec]
 [2024-01-17 12:10:58] <11479> ===============================================================
 [2024-01-17 12:53:54] <27840> START NicepayLite PYO (V1.1B20140314(OS:Linux2.6.32-754.35.1.el6.x86_64,PHP:7.3.15))
 [2024-01-17 12:53:54] <27840> Connect to ssl://web.nicepay.co.kr:443
 [2024-01-17 12:53:54] <27840> ssl://web.nicepay.co.kr:443 Server Connect OK
 [2024-01-17 12:53:54] <27840> MSG_TO_SVR::[/lite/payProcess.jsp]
 [2024-01-17 12:53:54] <27840> TID -> [ilooda001m01012401171253554880]
 [2024-01-17 12:53:54] <27840> 3001[카드 결제 성공]
 [2024-01-17 12:53:54] <27840> END PYO  Laptime:[0.329sec]
 [2024-01-17 12:53:54] <27840> ===============================================================
 [2024-01-17 13:34:32] <32736> START NicepayLite PYO (V1.1B20140314(OS:Linux2.6.32-754.35.1.el6.x86_64,PHP:7.3.15))
 [2024-01-17 13:34:32] <32736> Connect to ssl://web.nicepay.co.kr:443
 [2024-01-17 13:34:32] <32736> ssl://web.nicepay.co.kr:443 Server Connect OK
 [2024-01-17 13:34:32] <32736> MSG_TO_SVR::[/lite/payProcess.jsp]
 [2024-01-17 13:34:33] <32736> TID -> [ilooda001m01012401171334331842]
 [2024-01-17 13:34:33] <32736> 3001[카드 결제 성공]
 [2024-01-17 13:34:33] <32736> END PYO  Laptime:[1.116sec]
 [2024-01-17 13:34:33] <32736> ===============================================================
 [2024-01-17 14:17:22] <50758> START NicepayLite PYO (V1.1B20140314(OS:Linux2.6.32-754.35.1.el6.x86_64,PHP:7.3.15))
 [2024-01-17 14:17:22] <50758> Connect to ssl://web.nicepay.co.kr:443
 [2024-01-17 14:17:22] <50758> ssl://web.nicepay.co.kr:443 Server Connect OK
 [2024-01-17 14:17:22] <50758> MSG_TO_SVR::[/lite/payProcess.jsp]
 [2024-01-17 14:17:23] <50758> TID -> [ilooda001m01012401171417231247]
 [2024-01-17 14:17:23] <50758> 3001[카드 결제 성공]
 [2024-01-17 14:17:23] <50758> END PYO  Laptime:[1.171sec]
 [2024-01-17 14:17:23] <50758> ===============================================================
 [2024-01-17 15:19:16] <60924> START NicepayLite PYO (V1.1B20140314(OS:Linux2.6.32-754.35.1.el6.x86_64,PHP:7.3.15))
 [2024-01-17 15:19:16] <60924> Connect to ssl://web.nicepay.co.kr:443
 [2024-01-17 15:19:16] <60924> ssl://web.nicepay.co.kr:443 Server Connect OK
 [2024-01-17 15:19:16] <60924> MSG_TO_SVR::[/lite/payProcess.jsp]
 [2024-01-17 15:19:16] <60924> TID -> [ilooda001m01012401171519172105]
 [2024-01-17 15:19:16] <60924> 3001[카드 결제 성공]
 [2024-01-17 15:19:16] <60924> END PYO  Laptime:[0.554sec]
 [2024-01-17 15:19:16] <60924> ===============================================================
 [2024-01-17 15:29:41] <133036> START NicepayLite PYO (V1.1B20140314(OS:Linux2.6.32-754.35.1.el6.x86_64,PHP:7.3.15))
 [2024-01-17 15:29:41] <133036> Connect to ssl://web.nicepay.co.kr:443
 [2024-01-17 15:29:41] <133036> ssl://web.nicepay.co.kr:443 Server Connect OK
 [2024-01-17 15:29:41] <133036> MSG_TO_SVR::[/lite/payProcess.jsp]
 [2024-01-17 15:29:42] <133036> TID -> [ilooda001m01012401171529428861]
 [2024-01-17 15:29:42] <133036> 3001[카드 결제 성공]
 [2024-01-17 15:29:42] <133036> END PYO  Laptime:[0.766sec]
 [2024-01-17 15:29:42] <133036> ===============================================================
 [2024-01-17 15:30:40] <140200> START NicepayLite PYO (V1.1B20140314(OS:Linux2.6.32-754.35.1.el6.x86_64,PHP:7.3.15))
 [2024-01-17 15:30:40] <140200> Connect to ssl://web.nicepay.co.kr:443
 [2024-01-17 15:30:40] <140200> ssl://web.nicepay.co.kr:443 Server Connect OK
 [2024-01-17 15:30:40] <140200> MSG_TO_SVR::[/lite/payProcess.jsp]
 [2024-01-17 15:30:40] <140200> TID -> [ilooda001m01012401171530411925]
 [2024-01-17 15:30:40] <140200> 3001[카드 결제 성공]
 [2024-01-17 15:30:40] <140200> END PYO  Laptime:[0.651sec]
 [2024-01-17 15:30:40] <140200> ===============================================================
 [2024-01-17 17:13:54] <145068> START NicepayLite PYO (V1.1B20140314(OS:Linux2.6.32-754.35.1.el6.x86_64,PHP:7.3.15))
 [2024-01-17 17:13:54] <145068> Connect to ssl://web.nicepay.co.kr:443
 [2024-01-17 17:13:54] <145068> ssl://web.nicepay.co.kr:443 Server Connect OK
 [2024-01-17 17:13:54] <145068> MSG_TO_SVR::[/lite/payProcess.jsp]
 [2024-01-17 17:13:55] <145068> TID -> [ilooda001m01012401171713560585]
 [2024-01-17 17:13:55] <145068> 3001[카드 결제 성공]
 [2024-01-17 17:13:55] <145068> END PYO  Laptime:[0.777sec]
 [2024-01-17 17:13:55] <145068> ===============================================================
 [2024-01-17 17:34:46] <2767> START NicepayLite PYO (V1.1B20140314(OS:Linux2.6.32-754.35.1.el6.x86_64,PHP:7.3.15))
 [2024-01-17 17:34:46] <2767> Connect to ssl://web.nicepay.co.kr:443
 [2024-01-17 17:34:46] <2767> ssl://web.nicepay.co.kr:443 Server Connect OK
 [2024-01-17 17:34:46] <2767> MSG_TO_SVR::[/lite/payProcess.jsp]
 [2024-01-17 17:34:47] <2767> TID -> [ilooda001m01012401171734481247]
 [2024-01-17 17:34:47] <2767> 3001[카드 결제 성공]
 [2024-01-17 17:34:47] <2767> END PYO  Laptime:[0.584sec]
 [2024-01-17 17:34:47] <2767> ===============================================================
 [2024-01-17 18:16:59] <9124> START NicepayLite PYO (V1.1B20140314(OS:Linux2.6.32-754.35.1.el6.x86_64,PHP:7.3.15))
 [2024-01-17 18:16:59] <9124> Connect to ssl://web.nicepay.co.kr:443
 [2024-01-17 18:16:59] <9124> ssl://web.nicepay.co.kr:443 Server Connect OK
 [2024-01-17 18:16:59] <9124> MSG_TO_SVR::[/lite/payProcess.jsp]
 [2024-01-17 18:17:00] <9124> TID -> [ilooda001m01012401171817005481]
 [2024-01-17 18:17:00] <9124> 3001[카드 결제 성공]
 [2024-01-17 18:17:00] <9124> END PYO  Laptime:[0.81sec]
 [2024-01-17 18:17:00] <9124> ===============================================================
 [2024-01-17 18:32:35] <123796> START NicepayLite PYO (V1.1B20140314(OS:Linux2.6.32-754.35.1.el6.x86_64,PHP:7.3.15))
 [2024-01-17 18:32:35] <123796> Connect to ssl://web.nicepay.co.kr:443
 [2024-01-17 18:32:35] <123796> ssl://web.nicepay.co.kr:443 Server Connect OK
 [2024-01-17 18:32:35] <123796> MSG_TO_SVR::[/lite/payProcess.jsp]
 [2024-01-17 18:32:36] <123796> TID -> [ilooda001m01012401171832370624]
 [2024-01-17 18:32:36] <123796> 3001[카드 결제 성공]
 [2024-01-17 18:32:36] <123796> END PYO  Laptime:[1.04sec]
 [2024-01-17 18:32:36] <123796> ===============================================================
 [2024-01-17 20:02:48] <32158> START NicepayLite PYO (V1.1B20140314(OS:Linux2.6.32-754.35.1.el6.x86_64,PHP:7.3.15))
 [2024-01-17 20:02:48] <32158> Connect to ssl://web.nicepay.co.kr:443
 [2024-01-17 20:02:49] <32158> ssl://web.nicepay.co.kr:443 Server Connect OK
 [2024-01-17 20:02:49] <32158> MSG_TO_SVR::[/lite/payProcess.jsp]
 [2024-01-17 20:02:49] <32158> TID -> [ilooda001m01012401172002501935]
 [2024-01-17 20:02:49] <32158> 3001[카드 결제 성공]
 [2024-01-17 20:02:49] <32158> END PYO  Laptime:[0.71sec]
 [2024-01-17 20:02:49] <32158> ===============================================================
