 [2024-03-20 10:47:33] <88647> START NicepayLite PYO (V1.1B20140314(OS:Linux2.6.32-754.35.1.el6.x86_64,PHP:7.3.15))
 [2024-03-20 10:47:33] <88647> Connect to ssl://web.nicepay.co.kr:443
 [2024-03-20 10:47:33] <88647> ssl://web.nicepay.co.kr:443 Server Connect OK
 [2024-03-20 10:47:33] <88647> MSG_TO_SVR::[/lite/payProcess.jsp]
 [2024-03-20 10:47:33] <88647> TID -> [ilooda001m01012403201047335158]
 [2024-03-20 10:47:33] <88647> 3001[카드 결제 성공]
 [2024-03-20 10:47:33] <88647> END PYO  Laptime:[0.776sec]
 [2024-03-20 10:47:33] <88647> ===============================================================
 [2024-03-20 10:47:59] <96841> START NicepayLite PYO (V1.1B20140314(OS:Linux2.6.32-754.35.1.el6.x86_64,PHP:7.3.15))
 [2024-03-20 10:47:59] <96841> Connect to ssl://web.nicepay.co.kr:443
 [2024-03-20 10:47:59] <96841> ssl://web.nicepay.co.kr:443 Server Connect OK
 [2024-03-20 10:47:59] <96841> MSG_TO_SVR::[/lite/payProcess.jsp]
 [2024-03-20 10:48:00] <96841> TID -> [ilooda001m01012403201048001387]
 [2024-03-20 10:48:00] <96841> 3001[카드 결제 성공]
 [2024-03-20 10:48:00] <96841> END PYO  Laptime:[0.653sec]
 [2024-03-20 10:48:00] <96841> ===============================================================
 [2024-03-20 11:04:58] <87477> START NicepayLite PYO (V1.1B20140314(OS:Linux2.6.32-754.35.1.el6.x86_64,PHP:7.3.15))
 [2024-03-20 11:04:58] <87477> Connect to ssl://web.nicepay.co.kr:443
 [2024-03-20 11:04:58] <87477> ssl://web.nicepay.co.kr:443 Server Connect OK
 [2024-03-20 11:04:58] <87477> MSG_TO_SVR::[/lite/payProcess.jsp]
 [2024-03-20 11:04:58] <87477> TID -> [ilooda001m01012403201104587319]
 [2024-03-20 11:04:58] <87477> 3001[카드 결제 성공]
 [2024-03-20 11:04:58] <87477> END PYO  Laptime:[0.566sec]
 [2024-03-20 11:04:58] <87477> ===============================================================
 [2024-03-20 11:16:49] <36792> START NicepayLite PYO (V1.1B20140314(OS:Linux2.6.32-754.35.1.el6.x86_64,PHP:7.3.15))
 [2024-03-20 11:16:49] <36792> Connect to ssl://web.nicepay.co.kr:443
 [2024-03-20 11:16:49] <36792> ssl://web.nicepay.co.kr:443 Server Connect OK
 [2024-03-20 11:16:49] <36792> MSG_TO_SVR::[/lite/payProcess.jsp]
 [2024-03-20 11:16:50] <36792> TID -> [ilooda001m01012403201116499685]
 [2024-03-20 11:16:50] <36792> 3001[카드 결제 성공]
 [2024-03-20 11:16:50] <36792> END PYO  Laptime:[0.605sec]
 [2024-03-20 11:16:50] <36792> ===============================================================
 [2024-03-20 14:46:49] <106303> START NicepayLite PYO (V1.1B20140314(OS:Linux2.6.32-754.35.1.el6.x86_64,PHP:7.3.15))
 [2024-03-20 14:46:49] <106303> Connect to ssl://web.nicepay.co.kr:443
 [2024-03-20 14:46:49] <106303> ssl://web.nicepay.co.kr:443 Server Connect OK
 [2024-03-20 14:46:49] <106303> MSG_TO_SVR::[/lite/payProcess.jsp]
 [2024-03-20 14:46:49] <106303> TID -> [ilooda001m01012403201446496688]
 [2024-03-20 14:46:49] <106303> 3001[카드 결제 성공]
 [2024-03-20 14:46:49] <106303> END PYO  Laptime:[0.628sec]
 [2024-03-20 14:46:49] <106303> ===============================================================
 [2024-03-20 15:25:34] <126208> START NicepayLite PYO (V1.1B20140314(OS:Linux2.6.32-754.35.1.el6.x86_64,PHP:7.3.15))
 [2024-03-20 15:25:34] <126208> Connect to ssl://web.nicepay.co.kr:443
 [2024-03-20 15:25:34] <126208> ssl://web.nicepay.co.kr:443 Server Connect OK
 [2024-03-20 15:25:34] <126208> MSG_TO_SVR::[/lite/payProcess.jsp]
 [2024-03-20 15:25:35] <126208> TID -> [ilooda001m01012403201525351247]
 [2024-03-20 15:25:35] <126208> 3001[카드 결제 성공]
 [2024-03-20 15:25:35] <126208> END PYO  Laptime:[0.46sec]
 [2024-03-20 15:25:35] <126208> ===============================================================
 [2024-03-20 16:04:21] <134626> START NicepayLite PYO (V1.1B20140314(OS:Linux2.6.32-754.35.1.el6.x86_64,PHP:7.3.15))
 [2024-03-20 16:04:21] <134626> Connect to ssl://web.nicepay.co.kr:443
 [2024-03-20 16:04:21] <134626> ssl://web.nicepay.co.kr:443 Server Connect OK
 [2024-03-20 16:04:21] <134626> MSG_TO_SVR::[/lite/payProcess.jsp]
 [2024-03-20 16:04:22] <134626> TID -> [ilooda001m01012403201604222499]
 [2024-03-20 16:04:22] <134626> 3001[카드 결제 성공]
 [2024-03-20 16:04:22] <134626> END PYO  Laptime:[0.355sec]
 [2024-03-20 16:04:22] <134626> ===============================================================
 [2024-03-20 17:36:00] <131100> START NicepayLite PYO (V1.1B20140314(OS:Linux2.6.32-754.35.1.el6.x86_64,PHP:7.3.15))
 [2024-03-20 17:36:00] <131100> Connect to ssl://web.nicepay.co.kr:443
 [2024-03-20 17:36:00] <131100> ssl://web.nicepay.co.kr:443 Server Connect OK
 [2024-03-20 17:36:00] <131100> MSG_TO_SVR::[/lite/payProcess.jsp]
 [2024-03-20 17:36:01] <131100> TID -> [ilooda001m01012403201736014187]
 [2024-03-20 17:36:01] <131100> 3001[카드 결제 성공]
 [2024-03-20 17:36:01] <131100> END PYO  Laptime:[0.644sec]
 [2024-03-20 17:36:01] <131100> ===============================================================
 [2024-03-20 18:02:19] <52302> START NicepayLite PYO (V1.1B20140314(OS:Linux2.6.32-754.35.1.el6.x86_64,PHP:7.3.15))
 [2024-03-20 18:02:19] <52302> Connect to ssl://web.nicepay.co.kr:443
 [2024-03-20 18:02:19] <52302> ssl://web.nicepay.co.kr:443 Server Connect OK
 [2024-03-20 18:02:19] <52302> MSG_TO_SVR::[/lite/payProcess.jsp]
 [2024-03-20 18:02:19] <52302> TID -> [ilooda001m01012403201802198848]
 [2024-03-20 18:02:19] <52302> 3001[카드 결제 성공]
 [2024-03-20 18:02:19] <52302> END PYO  Laptime:[0.675sec]
 [2024-03-20 18:02:19] <52302> ===============================================================
 [2024-03-20 18:05:43] <76866> START NicepayLite PYO (V1.1B20140314(OS:Linux2.6.32-754.35.1.el6.x86_64,PHP:7.3.15))
 [2024-03-20 18:05:43] <76866> Connect to ssl://web.nicepay.co.kr:443
 [2024-03-20 18:05:43] <76866> ssl://web.nicepay.co.kr:443 Server Connect OK
 [2024-03-20 18:05:43] <76866> MSG_TO_SVR::[/lite/payProcess.jsp]
 [2024-03-20 18:05:43] <76866> TID -> [ilooda001m01012403201805436286]
 [2024-03-20 18:05:43] <76866> 3001[카드 결제 성공]
 [2024-03-20 18:05:43] <76866> END PYO  Laptime:[0.517sec]
 [2024-03-20 18:05:43] <76866> ===============================================================
 [2024-03-20 18:09:55] <109415> START NicepayLite PYO (V1.1B20140314(OS:Linux2.6.32-754.35.1.el6.x86_64,PHP:7.3.15))
 [2024-03-20 18:09:55] <109415> Connect to ssl://web.nicepay.co.kr:443
 [2024-03-20 18:09:55] <109415> ssl://web.nicepay.co.kr:443 Server Connect OK
 [2024-03-20 18:09:55] <109415> MSG_TO_SVR::[/lite/payProcess.jsp]
 [2024-03-20 18:09:56] <109415> TID -> [ilooda001m01012403201809563343]
 [2024-03-20 18:09:56] <109415> 3001[카드 결제 성공]
 [2024-03-20 18:09:56] <109415> END PYO  Laptime:[1.002sec]
 [2024-03-20 18:09:56] <109415> ===============================================================
 [2024-03-20 18:10:27] <117787> START NicepayLite PYO (V1.1B20140314(OS:Linux2.6.32-754.35.1.el6.x86_64,PHP:7.3.15))
 [2024-03-20 18:10:27] <117787> Connect to ssl://web.nicepay.co.kr:443
 [2024-03-20 18:10:27] <117787> ssl://web.nicepay.co.kr:443 Server Connect OK
 [2024-03-20 18:10:27] <117787> MSG_TO_SVR::[/lite/payProcess.jsp]
 [2024-03-20 18:10:28] <117787> TID -> [ilooda001m01012403201810284051]
 [2024-03-20 18:10:28] <117787> 3001[카드 결제 성공]
 [2024-03-20 18:10:28] <117787> END PYO  Laptime:[0.637sec]
 [2024-03-20 18:10:28] <117787> ===============================================================
