 [2024-04-15 08:27:39] <117894> START NicepayLite PYO (V1.1B20140314(OS:Linux2.6.32-754.35.1.el6.x86_64,PHP:7.3.15))
 [2024-04-15 08:27:39] <117894> Connect to ssl://web.nicepay.co.kr:443
 [2024-04-15 08:27:39] <117894> ssl://web.nicepay.co.kr:443 Server Connect OK
 [2024-04-15 08:27:39] <117894> MSG_TO_SVR::[/lite/payProcess.jsp]
 [2024-04-15 08:27:39] <117894> TID -> [ilooda001m01012404150827407741]
 [2024-04-15 08:27:39] <117894> 3001[카드 결제 성공]
 [2024-04-15 08:27:39] <117894> END PYO  Laptime:[0.563sec]
 [2024-04-15 08:27:39] <117894> ===============================================================
 [2024-04-15 10:28:56] <88483> START NicepayLite PYO (V1.1B20140314(OS:Linux2.6.32-754.35.1.el6.x86_64,PHP:7.3.15))
 [2024-04-15 10:28:56] <88483> Connect to ssl://web.nicepay.co.kr:443
 [2024-04-15 10:28:56] <88483> ssl://web.nicepay.co.kr:443 Server Connect OK
 [2024-04-15 10:28:56] <88483> MSG_TO_SVR::[/lite/payProcess.jsp]
 [2024-04-15 10:28:56] <88483> TID -> [ilooda001m01012404151028574895]
 [2024-04-15 10:28:56] <88483> 3001[카드 결제 성공]
 [2024-04-15 10:28:56] <88483> END PYO  Laptime:[0.724sec]
 [2024-04-15 10:28:56] <88483> ===============================================================
 [2024-04-15 11:28:57] <4005> START NicepayLite PYO (V1.1B20140314(OS:Linux2.6.32-754.35.1.el6.x86_64,PHP:7.3.15))
 [2024-04-15 11:28:57] <4005> Connect to ssl://web.nicepay.co.kr:443
 [2024-04-15 11:28:57] <4005> ssl://web.nicepay.co.kr:443 Server Connect OK
 [2024-04-15 11:28:57] <4005> MSG_TO_SVR::[/lite/payProcess.jsp]
 [2024-04-15 11:28:57] <4005> TID -> [ilooda001m01012404151128586762]
 [2024-04-15 11:28:57] <4005> 3001[카드 결제 성공]
 [2024-04-15 11:28:57] <4005> END PYO  Laptime:[0.534sec]
 [2024-04-15 11:28:57] <4005> ===============================================================
 [2024-04-15 12:05:17] <21008> START NicepayLite PYO (V1.1B20140314(OS:Linux2.6.32-754.35.1.el6.x86_64,PHP:7.3.15))
 [2024-04-15 12:05:17] <21008> Connect to ssl://web.nicepay.co.kr:443
 [2024-04-15 12:05:17] <21008> ssl://web.nicepay.co.kr:443 Server Connect OK
 [2024-04-15 12:05:17] <21008> MSG_TO_SVR::[/lite/payProcess.jsp]
 [2024-04-15 12:05:18] <21008> TID -> [ilooda001m01012404151205188795]
 [2024-04-15 12:05:18] <21008> 3001[카드 결제 성공]
 [2024-04-15 12:05:18] <21008> END PYO  Laptime:[0.766sec]
 [2024-04-15 12:05:18] <21008> ===============================================================
 [2024-04-15 12:32:32] <101252> START NicepayLite PYO (V1.1B20140314(OS:Linux2.6.32-754.35.1.el6.x86_64,PHP:7.3.15))
 [2024-04-15 12:32:32] <101252> Connect to ssl://web.nicepay.co.kr:443
 [2024-04-15 12:32:32] <101252> ssl://web.nicepay.co.kr:443 Server Connect OK
 [2024-04-15 12:32:32] <101252> MSG_TO_SVR::[/lite/payProcess.jsp]
 [2024-04-15 12:32:33] <101252> TID -> [ilooda001m01012404151232342503]
 [2024-04-15 12:32:33] <101252> 3001[카드 결제 성공]
 [2024-04-15 12:32:33] <101252> END PYO  Laptime:[0.98sec]
 [2024-04-15 12:32:33] <101252> ===============================================================
 [2024-04-15 14:14:11] <71207> START NicepayLite PYO (V1.1B20140314(OS:Linux2.6.32-754.35.1.el6.x86_64,PHP:7.3.15))
 [2024-04-15 14:14:11] <71207> Connect to ssl://web.nicepay.co.kr:443
 [2024-04-15 14:14:11] <71207> ssl://web.nicepay.co.kr:443 Server Connect OK
 [2024-04-15 14:14:11] <71207> MSG_TO_SVR::[/lite/payProcess.jsp]
 [2024-04-15 14:14:12] <71207> TID -> [ilooda001m01012404151414132969]
 [2024-04-15 14:14:12] <71207> 3001[카드 결제 성공]
 [2024-04-15 14:14:12] <71207> END PYO  Laptime:[0.657sec]
 [2024-04-15 14:14:12] <71207> ===============================================================
 [2024-04-15 14:54:48] <112209> START NicepayLite PYO (V1.1B20140314(OS:Linux2.6.32-754.35.1.el6.x86_64,PHP:7.3.15))
 [2024-04-15 14:54:48] <112209> Connect to ssl://web.nicepay.co.kr:443
 [2024-04-15 14:54:48] <112209> ssl://web.nicepay.co.kr:443 Server Connect OK
 [2024-04-15 14:54:48] <112209> MSG_TO_SVR::[/lite/payProcess.jsp]
 [2024-04-15 14:54:49] <112209> TID -> [ilooda001m01012404151454503624]
 [2024-04-15 14:54:49] <112209> 3001[카드 결제 성공]
 [2024-04-15 14:54:49] <112209> END PYO  Laptime:[0.975sec]
 [2024-04-15 14:54:49] <112209> ===============================================================
 [2024-04-15 15:23:47] <60638> START NicepayLite PYO (V1.1B20140314(OS:Linux2.6.32-754.35.1.el6.x86_64,PHP:7.3.15))
 [2024-04-15 15:23:47] <60638> Connect to ssl://web.nicepay.co.kr:443
 [2024-04-15 15:23:47] <60638> ssl://web.nicepay.co.kr:443 Server Connect OK
 [2024-04-15 15:23:47] <60638> MSG_TO_SVR::[/lite/payProcess.jsp]
 [2024-04-15 15:23:48] <60638> TID -> [ilooda001m01012404151523490441]
 [2024-04-15 15:23:48] <60638> 3001[카드 결제 성공]
 [2024-04-15 15:23:48] <60638> END PYO  Laptime:[0.761sec]
 [2024-04-15 15:23:48] <60638> ===============================================================
 [2024-04-15 15:54:52] <22963> START NicepayLite PYO (V1.1B20140314(OS:Linux2.6.32-754.35.1.el6.x86_64,PHP:7.3.15))
 [2024-04-15 15:54:52] <22963> Connect to ssl://web.nicepay.co.kr:443
 [2024-04-15 15:54:52] <22963> ssl://web.nicepay.co.kr:443 Server Connect OK
 [2024-04-15 15:54:52] <22963> MSG_TO_SVR::[/lite/payProcess.jsp]
 [2024-04-15 15:54:52] <22963> TID -> [ilooda001m01012404151554535962]
 [2024-04-15 15:54:52] <22963> 3001[카드 결제 성공]
 [2024-04-15 15:54:52] <22963> END PYO  Laptime:[0.777sec]
 [2024-04-15 15:54:52] <22963> ===============================================================
 [2024-04-15 15:56:07] <38957> START NicepayLite PYO (V1.1B20140314(OS:Linux2.6.32-754.35.1.el6.x86_64,PHP:7.3.15))
 [2024-04-15 15:56:07] <38957> Connect to ssl://web.nicepay.co.kr:443
 [2024-04-15 15:56:07] <38957> ssl://web.nicepay.co.kr:443 Server Connect OK
 [2024-04-15 15:56:07] <38957> MSG_TO_SVR::[/lite/payProcess.jsp]
 [2024-04-15 15:56:08] <38957> TID -> [ilooda001m01012404151556093813]
 [2024-04-15 15:56:08] <38957> 3001[카드 결제 성공]
 [2024-04-15 15:56:08] <38957> END PYO  Laptime:[0.561sec]
 [2024-04-15 15:56:08] <38957> ===============================================================
 [2024-04-15 16:20:22] <91595> START NicepayLite PYO (V1.1B20140314(OS:Linux2.6.32-754.35.1.el6.x86_64,PHP:7.3.15))
 [2024-04-15 16:20:22] <91595> Connect to ssl://web.nicepay.co.kr:443
 [2024-04-15 16:20:23] <91595> ssl://web.nicepay.co.kr:443 Server Connect OK
 [2024-04-15 16:20:23] <91595> MSG_TO_SVR::[/lite/payProcess.jsp]
 [2024-04-15 16:20:23] <91595> TID -> [ilooda001m01012404151620244456]
 [2024-04-15 16:20:23] <91595> 3001[카드 결제 성공]
 [2024-04-15 16:20:23] <91595> END PYO  Laptime:[0.779sec]
 [2024-04-15 16:20:23] <91595> ===============================================================
 [2024-04-15 17:00:39] <131105> START NicepayLite PYO (V1.1B20140314(OS:Linux2.6.32-754.35.1.el6.x86_64,PHP:7.3.15))
 [2024-04-15 17:00:39] <131105> Connect to ssl://web.nicepay.co.kr:443
 [2024-04-15 17:00:39] <131105> ssl://web.nicepay.co.kr:443 Server Connect OK
 [2024-04-15 17:00:39] <131105> MSG_TO_SVR::[/lite/payProcess.jsp]
 [2024-04-15 17:00:40] <131105> TID -> [ilooda001m01012404151700409788]
 [2024-04-15 17:00:40] <131105> 3001[카드 결제 성공]
 [2024-04-15 17:00:40] <131105> END PYO  Laptime:[0.669sec]
 [2024-04-15 17:00:40] <131105> ===============================================================
 [2024-04-15 17:43:45] <45964> START NicepayLite PYO (V1.1B20140314(OS:Linux2.6.32-754.35.1.el6.x86_64,PHP:7.3.15))
 [2024-04-15 17:43:45] <45964> Connect to ssl://web.nicepay.co.kr:443
 [2024-04-15 17:43:45] <45964> ssl://web.nicepay.co.kr:443 Server Connect OK
 [2024-04-15 17:43:45] <45964> MSG_TO_SVR::[/lite/payProcess.jsp]
 [2024-04-15 17:43:46] <45964> TID -> [ilooda001m01012404151743473994]
 [2024-04-15 17:43:46] <45964> 3001[카드 결제 성공]
 [2024-04-15 17:43:46] <45964> END PYO  Laptime:[0.645sec]
 [2024-04-15 17:43:46] <45964> ===============================================================
 [2024-04-15 18:33:22] <17270> START NicepayLite PYO (V1.1B20140314(OS:Linux2.6.32-754.35.1.el6.x86_64,PHP:7.3.15))
 [2024-04-15 18:33:22] <17270> Connect to ssl://web.nicepay.co.kr:443
 [2024-04-15 18:33:22] <17270> ssl://web.nicepay.co.kr:443 Server Connect OK
 [2024-04-15 18:33:22] <17270> MSG_TO_SVR::[/lite/payProcess.jsp]
 [2024-04-15 18:33:23] <17270> TID -> [ilooda001m01012404151833243343]
 [2024-04-15 18:33:23] <17270> 3001[카드 결제 성공]
 [2024-04-15 18:33:23] <17270> END PYO  Laptime:[0.599sec]
 [2024-04-15 18:33:23] <17270> ===============================================================
 [2024-04-15 18:38:31] <58948> START NicepayLite PYO (V1.1B20140314(OS:Linux2.6.32-754.35.1.el6.x86_64,PHP:7.3.15))
 [2024-04-15 18:38:31] <58948> Connect to ssl://web.nicepay.co.kr:443
 [2024-04-15 18:38:31] <58948> ssl://web.nicepay.co.kr:443 Server Connect OK
 [2024-04-15 18:38:31] <58948> MSG_TO_SVR::[/lite/payProcess.jsp]
 [2024-04-15 18:38:32] <58948> TID -> [ilooda001m01012404151838328862]
 [2024-04-15 18:38:32] <58948> 3001[카드 결제 성공]
 [2024-04-15 18:38:32] <58948> END PYO  Laptime:[0.714sec]
 [2024-04-15 18:38:32] <58948> ===============================================================
 [2024-04-15 19:41:52] <139370> START NicepayLite PYO (V1.1B20140314(OS:Linux2.6.32-754.35.1.el6.x86_64,PHP:7.3.15))
 [2024-04-15 19:41:52] <139370> Connect to ssl://web.nicepay.co.kr:443
 [2024-04-15 19:41:52] <139370> ssl://web.nicepay.co.kr:443 Server Connect OK
 [2024-04-15 19:41:52] <139370> MSG_TO_SVR::[/lite/payProcess.jsp]
 [2024-04-15 19:41:52] <139370> TID -> [ilooda001m01012404151941537083]
 [2024-04-15 19:41:52] <139370> 3001[카드 결제 성공]
 [2024-04-15 19:41:52] <139370> END PYO  Laptime:[0.384sec]
 [2024-04-15 19:41:52] <139370> ===============================================================
 [2024-04-15 21:18:29] <57631> START NicepayLite PYO (V1.1B20140314(OS:Linux2.6.32-754.35.1.el6.x86_64,PHP:7.3.15))
 [2024-04-15 21:18:29] <57631> Connect to ssl://web.nicepay.co.kr:443
 [2024-04-15 21:18:29] <57631> ssl://web.nicepay.co.kr:443 Server Connect OK
 [2024-04-15 21:18:29] <57631> MSG_TO_SVR::[/lite/payProcess.jsp]
 [2024-04-15 21:18:30] <57631> TID -> [ilooda001m01012404152118312226]
 [2024-04-15 21:18:30] <57631> 3001[카드 결제 성공]
 [2024-04-15 21:18:30] <57631> END PYO  Laptime:[0.534sec]
 [2024-04-15 21:18:30] <57631> ===============================================================
