 [2024-02-13 10:07:29] <114272> START NicepayLite PYO (V1.1B20140314(OS:Linux2.6.32-754.35.1.el6.x86_64,PHP:7.3.15))
 [2024-02-13 10:07:29] <114272> Connect to ssl://web.nicepay.co.kr:443
 [2024-02-13 10:07:30] <114272> ssl://web.nicepay.co.kr:443 Server Connect OK
 [2024-02-13 10:07:30] <114272> MSG_TO_SVR::[/lite/payProcess.jsp]
 [2024-02-13 10:07:30] <114272> TID -> [ilooda001m01012402131007309373]
 [2024-02-13 10:07:30] <114272> 3001[카드 결제 성공]
 [2024-02-13 10:07:30] <114272> END PYO  Laptime:[0.594sec]
 [2024-02-13 10:07:30] <114272> ===============================================================
 [2024-02-13 10:44:20] <101869> START NicepayLite PYO (V1.1B20140314(OS:Linux2.6.32-754.35.1.el6.x86_64,PHP:7.3.15))
 [2024-02-13 10:44:20] <101869> Connect to ssl://web.nicepay.co.kr:443
 [2024-02-13 10:44:20] <101869> ssl://web.nicepay.co.kr:443 Server Connect OK
 [2024-02-13 10:44:20] <101869> MSG_TO_SVR::[/lite/payProcess.jsp]
 [2024-02-13 10:44:21] <101869> TID -> [ilooda001m01012402131044216438]
 [2024-02-13 10:44:21] <101869> 3001[카드 결제 성공]
 [2024-02-13 10:44:21] <101869> END PYO  Laptime:[0.904sec]
 [2024-02-13 10:44:21] <101869> ===============================================================
 [2024-02-13 11:08:19] <138403> START NicepayLite PYO (V1.1B20140314(OS:Linux2.6.32-754.35.1.el6.x86_64,PHP:7.3.15))
 [2024-02-13 11:08:19] <138403> Connect to ssl://web.nicepay.co.kr:443
 [2024-02-13 11:08:19] <138403> ssl://web.nicepay.co.kr:443 Server Connect OK
 [2024-02-13 11:08:19] <138403> MSG_TO_SVR::[/lite/payProcess.jsp]
 [2024-02-13 11:08:20] <138403> TID -> [ilooda001m01012402131108202036]
 [2024-02-13 11:08:20] <138403> 3001[카드 결제 성공]
 [2024-02-13 11:08:20] <138403> END PYO  Laptime:[0.809sec]
 [2024-02-13 11:08:20] <138403> ===============================================================
 [2024-02-13 11:21:34] <90435> START NicepayLite PYO (V1.1B20140314(OS:Linux2.6.32-754.35.1.el6.x86_64,PHP:7.3.15))
 [2024-02-13 11:21:34] <90435> Connect to ssl://web.nicepay.co.kr:443
 [2024-02-13 11:21:34] <90435> ssl://web.nicepay.co.kr:443 Server Connect OK
 [2024-02-13 11:21:34] <90435> MSG_TO_SVR::[/lite/payProcess.jsp]
 [2024-02-13 11:21:35] <90435> TID -> [ilooda001m01012402131121352778]
 [2024-02-13 11:21:35] <90435> 3001[카드 결제 성공]
 [2024-02-13 11:21:35] <90435> END PYO  Laptime:[0.89sec]
 [2024-02-13 11:21:35] <90435> ===============================================================
 [2024-02-13 12:07:51] <145770> START NicepayLite PYO (V1.1B20140314(OS:Linux2.6.32-754.35.1.el6.x86_64,PHP:7.3.15))
 [2024-02-13 12:07:51] <145770> Connect to ssl://web.nicepay.co.kr:443
 [2024-02-13 12:07:51] <145770> ssl://web.nicepay.co.kr:443 Server Connect OK
 [2024-02-13 12:07:51] <145770> MSG_TO_SVR::[/lite/payProcess.jsp]
 [2024-02-13 12:07:51] <145770> TID -> [ilooda001m01012402131207520091]
 [2024-02-13 12:07:51] <145770> 3001[카드 결제 성공]
 [2024-02-13 12:07:51] <145770> END PYO  Laptime:[0.566sec]
 [2024-02-13 12:07:51] <145770> ===============================================================
 [2024-02-13 12:23:41] <119558> START NicepayLite PYO (V1.1B20140314(OS:Linux2.6.32-754.35.1.el6.x86_64,PHP:7.3.15))
 [2024-02-13 12:23:41] <119558> Connect to ssl://web.nicepay.co.kr:443
 [2024-02-13 12:23:41] <119558> ssl://web.nicepay.co.kr:443 Server Connect OK
 [2024-02-13 12:23:41] <119558> MSG_TO_SVR::[/lite/payProcess.jsp]
 [2024-02-13 12:23:42] <119558> TID -> [ilooda001m01012402131223425514]
 [2024-02-13 12:23:42] <119558> 3001[카드 결제 성공]
 [2024-02-13 12:23:42] <119558> END PYO  Laptime:[0.663sec]
 [2024-02-13 12:23:42] <119558> ===============================================================
 [2024-02-13 12:36:37] <70803> START NicepayLite PYO (V1.1B20140314(OS:Linux2.6.32-754.35.1.el6.x86_64,PHP:7.3.15))
 [2024-02-13 12:36:37] <70803> Connect to ssl://web.nicepay.co.kr:443
 [2024-02-13 12:36:37] <70803> ssl://web.nicepay.co.kr:443 Server Connect OK
 [2024-02-13 12:36:37] <70803> MSG_TO_SVR::[/lite/payProcess.jsp]
 [2024-02-13 12:36:38] <70803> TID -> [ilooda001m01012402131236387618]
 [2024-02-13 12:36:38] <70803> 3001[카드 결제 성공]
 [2024-02-13 12:36:38] <70803> END PYO  Laptime:[0.713sec]
 [2024-02-13 12:36:38] <70803> ===============================================================
 [2024-02-13 14:46:36] <29443> START NicepayLite PYO (V1.1B20140314(OS:Linux2.6.32-754.35.1.el6.x86_64,PHP:7.3.15))
 [2024-02-13 14:46:36] <29443> Connect to ssl://web.nicepay.co.kr:443
 [2024-02-13 14:46:36] <29443> ssl://web.nicepay.co.kr:443 Server Connect OK
 [2024-02-13 14:46:36] <29443> MSG_TO_SVR::[/lite/payProcess.jsp]
 [2024-02-13 14:46:36] <29443> TID -> [ilooda001m01012402131446371178]
 [2024-02-13 14:46:36] <29443> 3001[카드 결제 성공]
 [2024-02-13 14:46:36] <29443> END PYO  Laptime:[0.278sec]
 [2024-02-13 14:46:36] <29443> ===============================================================
 [2024-02-13 14:54:15] <83366> START NicepayLite PYO (V1.1B20140314(OS:Linux2.6.32-754.35.1.el6.x86_64,PHP:7.3.15))
 [2024-02-13 14:54:15] <83366> Connect to ssl://web.nicepay.co.kr:443
 [2024-02-13 14:54:15] <83366> ssl://web.nicepay.co.kr:443 Server Connect OK
 [2024-02-13 14:54:15] <83366> MSG_TO_SVR::[/lite/payProcess.jsp]
 [2024-02-13 14:54:16] <83366> TID -> [ilooda001m01012402131454169307]
 [2024-02-13 14:54:16] <83366> 3001[카드 결제 성공]
 [2024-02-13 14:54:16] <83366> END PYO  Laptime:[0.786sec]
 [2024-02-13 14:54:16] <83366> ===============================================================
 [2024-02-13 15:00:29] <136450> START NicepayLite PYO (V1.1B20140314(OS:Linux2.6.32-754.35.1.el6.x86_64,PHP:7.3.15))
 [2024-02-13 15:00:29] <136450> Connect to ssl://web.nicepay.co.kr:443
 [2024-02-13 15:00:29] <136450> ssl://web.nicepay.co.kr:443 Server Connect OK
 [2024-02-13 15:00:29] <136450> MSG_TO_SVR::[/lite/payProcess.jsp]
 [2024-02-13 15:00:30] <136450> TID -> [ilooda001m01012402131500304949]
 [2024-02-13 15:00:30] <136450> 3001[카드 결제 성공]
 [2024-02-13 15:00:30] <136450> END PYO  Laptime:[0.878sec]
 [2024-02-13 15:00:30] <136450> ===============================================================
 [2024-02-13 17:16:58] <145924> START NicepayLite PYO (V1.1B20140314(OS:Linux2.6.32-754.35.1.el6.x86_64,PHP:7.3.15))
 [2024-02-13 17:16:58] <145924> Connect to ssl://web.nicepay.co.kr:443
 [2024-02-13 17:16:58] <145924> ssl://web.nicepay.co.kr:443 Server Connect OK
 [2024-02-13 17:16:58] <145924> MSG_TO_SVR::[/lite/payProcess.jsp]
 [2024-02-13 17:16:59] <145924> TID -> [ilooda001m01012402131716598840]
 [2024-02-13 17:16:59] <145924> 3001[카드 결제 성공]
 [2024-02-13 17:16:59] <145924> END PYO  Laptime:[0.829sec]
 [2024-02-13 17:16:59] <145924> ===============================================================
 [2024-02-13 18:23:51] <74563> START NicepayLite PYO (V1.1B20140314(OS:Linux2.6.32-754.35.1.el6.x86_64,PHP:7.3.15))
 [2024-02-13 18:23:51] <74563> Connect to ssl://web.nicepay.co.kr:443
 [2024-02-13 18:23:51] <74563> ssl://web.nicepay.co.kr:443 Server Connect OK
 [2024-02-13 18:23:51] <74563> MSG_TO_SVR::[/lite/payProcess.jsp]
 [2024-02-13 18:23:52] <74563> TID -> [ilooda001m01012402131823525552]
 [2024-02-13 18:23:52] <74563> 3001[카드 결제 성공]
 [2024-02-13 18:23:52] <74563> END PYO  Laptime:[0.639sec]
 [2024-02-13 18:23:52] <74563> ===============================================================
 [2024-02-13 18:46:30] <103601> START NicepayLite PYO (V1.1B20140314(OS:Linux2.6.32-754.35.1.el6.x86_64,PHP:7.3.15))
 [2024-02-13 18:46:30] <103601> Connect to ssl://web.nicepay.co.kr:443
 [2024-02-13 18:46:30] <103601> ssl://web.nicepay.co.kr:443 Server Connect OK
 [2024-02-13 18:46:30] <103601> MSG_TO_SVR::[/lite/payProcess.jsp]
 [2024-02-13 18:46:30] <103601> TID -> [ilooda001m01012402131846311403]
 [2024-02-13 18:46:30] <103601> 3001[카드 결제 성공]
 [2024-02-13 18:46:30] <103601> END PYO  Laptime:[0.307sec]
 [2024-02-13 18:46:30] <103601> ===============================================================
 [2024-02-13 19:41:18] <80025> START NicepayLite PYO (V1.1B20140314(OS:Linux2.6.32-754.35.1.el6.x86_64,PHP:7.3.15))
 [2024-02-13 19:41:18] <80025> Connect to ssl://web.nicepay.co.kr:443
 [2024-02-13 19:41:18] <80025> ssl://web.nicepay.co.kr:443 Server Connect OK
 [2024-02-13 19:41:18] <80025> MSG_TO_SVR::[/lite/payProcess.jsp]
 [2024-02-13 19:41:19] <80025> TID -> [ilooda001m01012402131941195824]
 [2024-02-13 19:41:19] <80025> 3001[카드 결제 성공]
 [2024-02-13 19:41:19] <80025> END PYO  Laptime:[1.015sec]
 [2024-02-13 19:41:19] <80025> ===============================================================
 [2024-02-13 21:18:19] <82550> START NicepayLite PYO (V1.1B20140314(OS:Linux2.6.32-754.35.1.el6.x86_64,PHP:7.3.15))
 [2024-02-13 21:18:19] <82550> Connect to ssl://web.nicepay.co.kr:443
 [2024-02-13 21:18:19] <82550> ssl://web.nicepay.co.kr:443 Server Connect OK
 [2024-02-13 21:18:19] <82550> MSG_TO_SVR::[/lite/payProcess.jsp]
 [2024-02-13 21:18:20] <82550> TID -> [ilooda001m01012402132118207282]
 [2024-02-13 21:18:20] <82550> 3001[카드 결제 성공]
 [2024-02-13 21:18:20] <82550> END PYO  Laptime:[0.54sec]
 [2024-02-13 21:18:20] <82550> ===============================================================
 [2024-02-13 21:49:31] <22667> START NicepayLite PYO (V1.1B20140314(OS:Linux2.6.32-754.35.1.el6.x86_64,PHP:7.3.15))
 [2024-02-13 21:49:31] <22667> Connect to ssl://web.nicepay.co.kr:443
 [2024-02-13 21:49:31] <22667> ssl://web.nicepay.co.kr:443 Server Connect OK
 [2024-02-13 21:49:31] <22667> MSG_TO_SVR::[/lite/payProcess.jsp]
 [2024-02-13 21:49:31] <22667> TID -> [ilooda001m01012402132149321540]
 [2024-02-13 21:49:31] <22667> 3001[카드 결제 성공]
 [2024-02-13 21:49:31] <22667> END PYO  Laptime:[0.51sec]
 [2024-02-13 21:49:31] <22667> ===============================================================
 [2024-02-13 22:01:10] <112766> START NicepayLite PYO (V1.1B20140314(OS:Linux2.6.32-754.35.1.el6.x86_64,PHP:7.3.15))
 [2024-02-13 22:01:10] <112766> Connect to ssl://web.nicepay.co.kr:443
 [2024-02-13 22:01:10] <112766> ssl://web.nicepay.co.kr:443 Server Connect OK
 [2024-02-13 22:01:10] <112766> MSG_TO_SVR::[/lite/payProcess.jsp]
 [2024-02-13 22:01:11] <112766> TID -> [ilooda001m01012402132201118069]
 [2024-02-13 22:01:11] <112766> 3001[카드 결제 성공]
 [2024-02-13 22:01:11] <112766> END PYO  Laptime:[0.571sec]
 [2024-02-13 22:01:11] <112766> ===============================================================
