 [2023-11-14 10:09:21] <99395> START NicepayLite PYO (V1.1B20140314(OS:Linux2.6.32-754.35.1.el6.x86_64,PHP:7.3.15))
 [2023-11-14 10:09:21] <99395> Connect to ssl://web.nicepay.co.kr:443
 [2023-11-14 10:09:21] <99395> ssl://web.nicepay.co.kr:443 Server Connect OK
 [2023-11-14 10:09:21] <99395> MSG_TO_SVR::[/lite/payProcess.jsp]
 [2023-11-14 10:09:21] <99395> TID -> [ilooda001m01012311141009259477]
 [2023-11-14 10:09:21] <99395> 3001[카드 결제 성공]
 [2023-11-14 10:09:21] <99395> END PYO  Laptime:[0.318sec]
 [2023-11-14 10:09:21] <99395> ===============================================================
 [2023-11-14 10:22:14] <47578> START NicepayLite PYO (V1.1B20140314(OS:Linux2.6.32-754.35.1.el6.x86_64,PHP:7.3.15))
 [2023-11-14 10:22:14] <47578> Connect to ssl://web.nicepay.co.kr:443
 [2023-11-14 10:22:14] <47578> ssl://web.nicepay.co.kr:443 Server Connect OK
 [2023-11-14 10:22:14] <47578> MSG_TO_SVR::[/lite/payProcess.jsp]
 [2023-11-14 10:22:15] <47578> TID -> [ilooda001m01012311141022189850]
 [2023-11-14 10:22:15] <47578> 3001[카드 결제 성공]
 [2023-11-14 10:22:15] <47578> END PYO  Laptime:[0.651sec]
 [2023-11-14 10:22:15] <47578> ===============================================================
 [2023-11-14 10:22:50] <47880> START NicepayLite PYO (V1.1B20140314(OS:Linux2.6.32-754.35.1.el6.x86_64,PHP:7.3.15))
 [2023-11-14 10:22:50] <47880> Connect to ssl://web.nicepay.co.kr:443
 [2023-11-14 10:22:50] <47880> ssl://web.nicepay.co.kr:443 Server Connect OK
 [2023-11-14 10:22:50] <47880> MSG_TO_SVR::[/lite/payProcess.jsp]
 [2023-11-14 10:22:50] <47880> TID -> [ilooda001m01012311141022549845]
 [2023-11-14 10:22:50] <47880> 3001[카드 결제 성공]
 [2023-11-14 10:22:50] <47880> END PYO  Laptime:[0.261sec]
 [2023-11-14 10:22:50] <47880> ===============================================================
 [2023-11-14 12:51:14] <105247> START NicepayLite PYO (V1.1B20140314(OS:Linux2.6.32-754.35.1.el6.x86_64,PHP:7.3.15))
 [2023-11-14 12:51:14] <105247> Connect to ssl://web.nicepay.co.kr:443
 [2023-11-14 12:51:14] <105247> ssl://web.nicepay.co.kr:443 Server Connect OK
 [2023-11-14 12:51:14] <105247> MSG_TO_SVR::[/lite/payProcess.jsp]
 [2023-11-14 12:51:15] <105247> TID -> [ilooda001m01012311141251186295]
 [2023-11-14 12:51:15] <105247> 3001[카드 결제 성공]
 [2023-11-14 12:51:15] <105247> END PYO  Laptime:[1.25sec]
 [2023-11-14 12:51:15] <105247> ===============================================================
 [2023-11-14 13:05:55] <60035> START NicepayLite PYO (V1.1B20140314(OS:Linux2.6.32-754.35.1.el6.x86_64,PHP:7.3.15))
 [2023-11-14 13:05:55] <60035> Connect to ssl://web.nicepay.co.kr:443
 [2023-11-14 13:05:55] <60035> ssl://web.nicepay.co.kr:443 Server Connect OK
 [2023-11-14 13:05:55] <60035> MSG_TO_SVR::[/lite/payProcess.jsp]
 [2023-11-14 13:05:55] <60035> TID -> [ilooda001m01012311141305593601]
 [2023-11-14 13:05:55] <60035> 3001[카드 결제 성공]
 [2023-11-14 13:05:55] <60035> END PYO  Laptime:[0.563sec]
 [2023-11-14 13:05:55] <60035> ===============================================================
 [2023-11-14 13:36:15] <133139> START NicepayLite PYO (V1.1B20140314(OS:Linux2.6.32-754.35.1.el6.x86_64,PHP:7.3.15))
 [2023-11-14 13:36:15] <133139> Connect to ssl://web.nicepay.co.kr:443
 [2023-11-14 13:36:15] <133139> ssl://web.nicepay.co.kr:443 Server Connect OK
 [2023-11-14 13:36:15] <133139> MSG_TO_SVR::[/lite/payProcess.jsp]
 [2023-11-14 13:36:16] <133139> TID -> [ilooda001m01012311141336201033]
 [2023-11-14 13:36:16] <133139> 3001[카드 결제 성공]
 [2023-11-14 13:36:16] <133139> END PYO  Laptime:[0.764sec]
 [2023-11-14 13:36:16] <133139> ===============================================================
 [2023-11-14 16:10:04] <97952> START NicepayLite PYO (V1.1B20140314(OS:Linux2.6.32-754.35.1.el6.x86_64,PHP:7.3.15))
 [2023-11-14 16:10:04] <97952> Connect to ssl://web.nicepay.co.kr:443
 [2023-11-14 16:10:04] <97952> ssl://web.nicepay.co.kr:443 Server Connect OK
 [2023-11-14 16:10:04] <97952> MSG_TO_SVR::[/lite/payProcess.jsp]
 [2023-11-14 16:10:06] <97952> TID -> [ilooda001m01012311141610093673]
 [2023-11-14 16:10:06] <97952> 3001[카드 결제 성공]
 [2023-11-14 16:10:06] <97952> END PYO  Laptime:[1.188sec]
 [2023-11-14 16:10:06] <97952> ===============================================================
 [2023-11-14 16:33:54] <121187> START NicepayLite PYO (V1.1B20140314(OS:Linux2.6.32-754.35.1.el6.x86_64,PHP:7.3.15))
 [2023-11-14 16:33:54] <121187> Connect to ssl://web.nicepay.co.kr:443
 [2023-11-14 16:33:54] <121187> ssl://web.nicepay.co.kr:443 Server Connect OK
 [2023-11-14 16:33:54] <121187> MSG_TO_SVR::[/lite/payProcess.jsp]
 [2023-11-14 16:33:55] <121187> TID -> [ilooda001m01012311141633584960]
 [2023-11-14 16:33:55] <121187> 3001[카드 결제 성공]
 [2023-11-14 16:33:55] <121187> END PYO  Laptime:[1.074sec]
 [2023-11-14 16:33:55] <121187> ===============================================================
 [2023-11-14 22:39:12] <1821> START NicepayLite PYO (V1.1B20140314(OS:Linux2.6.32-754.35.1.el6.x86_64,PHP:7.3.15))
 [2023-11-14 22:39:12] <1821> Connect to ssl://web.nicepay.co.kr:443
 [2023-11-14 22:39:12] <1821> ssl://web.nicepay.co.kr:443 Server Connect OK
 [2023-11-14 22:39:12] <1821> MSG_TO_SVR::[/lite/payProcess.jsp]
 [2023-11-14 22:39:12] <1821> TID -> [ilooda001m01012311142239168614]
 [2023-11-14 22:39:12] <1821> 3001[카드 결제 성공]
 [2023-11-14 22:39:12] <1821> END PYO  Laptime:[0.568sec]
 [2023-11-14 22:39:12] <1821> ===============================================================
