 [2023-12-02 10:32:54] <5348> START NicepayLite PYO (V1.1B20140314(OS:Linux2.6.32-754.35.1.el6.x86_64,PHP:7.3.15))
 [2023-12-02 10:32:54] <5348> Connect to ssl://web.nicepay.co.kr:443
 [2023-12-02 10:32:54] <5348> ssl://web.nicepay.co.kr:443 Server Connect OK
 [2023-12-02 10:32:54] <5348> MSG_TO_SVR::[/lite/payProcess.jsp]
 [2023-12-02 10:32:56] <5348> TID -> [ilooda001m01012312021032563014]
 [2023-12-02 10:32:56] <5348> 3001[카드 결제 성공]
 [2023-12-02 10:32:56] <5348> END PYO  Laptime:[1.312sec]
 [2023-12-02 10:32:56] <5348> ===============================================================
 [2023-12-02 13:09:38] <47903> START NicepayLite PYO (V1.1B20140314(OS:Linux2.6.32-754.35.1.el6.x86_64,PHP:7.3.15))
 [2023-12-02 13:09:38] <47903> Connect to ssl://web.nicepay.co.kr:443
 [2023-12-02 13:09:38] <47903> ssl://web.nicepay.co.kr:443 Server Connect OK
 [2023-12-02 13:09:38] <47903> MSG_TO_SVR::[/lite/payProcess.jsp]
 [2023-12-02 13:09:39] <47903> TID -> [ilooda001m01012312021309398590]
 [2023-12-02 13:09:39] <47903> 3001[카드 결제 성공]
 [2023-12-02 13:09:39] <47903> END PYO  Laptime:[0.719sec]
 [2023-12-02 13:09:39] <47903> ===============================================================
 [2023-12-02 17:14:34] <79505> START NicepayLite PYO (V1.1B20140314(OS:Linux2.6.32-754.35.1.el6.x86_64,PHP:7.3.15))
 [2023-12-02 17:14:34] <79505> Connect to ssl://web.nicepay.co.kr:443
 [2023-12-02 17:14:34] <79505> ssl://web.nicepay.co.kr:443 Server Connect OK
 [2023-12-02 17:14:34] <79505> MSG_TO_SVR::[/lite/payProcess.jsp]
 [2023-12-02 17:14:35] <79505> TID -> [ilooda001m01012312021714363926]
 [2023-12-02 17:14:35] <79505> 3001[카드 결제 성공]
 [2023-12-02 17:14:35] <79505> END PYO  Laptime:[0.995sec]
 [2023-12-02 17:14:35] <79505> ===============================================================
