 [2024-03-14 07:32:39] <81767> START NicepayLite PYO (V1.1B20140314(OS:Linux2.6.32-754.35.1.el6.x86_64,PHP:7.3.15))
 [2024-03-14 07:32:40] <81767> Connect to ssl://web.nicepay.co.kr:443
 [2024-03-14 07:32:40] <81767> ssl://web.nicepay.co.kr:443 Server Connect OK
 [2024-03-14 07:32:40] <81767> MSG_TO_SVR::[/lite/payProcess.jsp]
 [2024-03-14 07:32:40] <81767> TID -> [ilooda001m01012403140732409604]
 [2024-03-14 07:32:40] <81767> 3001[카드 결제 성공]
 [2024-03-14 07:32:40] <81767> END PYO  Laptime:[0.67sec]
 [2024-03-14 07:32:40] <81767> ===============================================================
 [2024-03-14 10:03:12] <41447> START NicepayLite PYO (V1.1B20140314(OS:Linux2.6.32-754.35.1.el6.x86_64,PHP:7.3.15))
 [2024-03-14 10:03:12] <41447> Connect to ssl://web.nicepay.co.kr:443
 [2024-03-14 10:03:12] <41447> ssl://web.nicepay.co.kr:443 Server Connect OK
 [2024-03-14 10:03:12] <41447> MSG_TO_SVR::[/lite/payProcess.jsp]
 [2024-03-14 10:03:13] <41447> TID -> [ilooda001m01012403141003134746]
 [2024-03-14 10:03:13] <41447> 3001[카드 결제 성공]
 [2024-03-14 10:03:13] <41447> END PYO  Laptime:[0.746sec]
 [2024-03-14 10:03:13] <41447> ===============================================================
 [2024-03-14 12:31:56] <130880> START NicepayLite PYO (V1.1B20140314(OS:Linux2.6.32-754.35.1.el6.x86_64,PHP:7.3.15))
 [2024-03-14 12:31:56] <130880> Connect to ssl://web.nicepay.co.kr:443
 [2024-03-14 12:31:56] <130880> ssl://web.nicepay.co.kr:443 Server Connect OK
 [2024-03-14 12:31:56] <130880> MSG_TO_SVR::[/lite/payProcess.jsp]
 [2024-03-14 12:31:57] <130880> TID -> [ilooda001m01012403141231572974]
 [2024-03-14 12:31:57] <130880> 3001[카드 결제 성공]
 [2024-03-14 12:31:57] <130880> END PYO  Laptime:[1.494sec]
 [2024-03-14 12:31:57] <130880> ===============================================================
 [2024-03-14 17:01:46] <116388> START NicepayLite PYO (V1.1B20140314(OS:Linux2.6.32-754.35.1.el6.x86_64,PHP:7.3.15))
 [2024-03-14 17:01:46] <116388> Connect to ssl://web.nicepay.co.kr:443
 [2024-03-14 17:01:46] <116388> ssl://web.nicepay.co.kr:443 Server Connect OK
 [2024-03-14 17:01:46] <116388> MSG_TO_SVR::[/lite/payProcess.jsp]
 [2024-03-14 17:01:47] <116388> TID -> [ilooda001m01012403141701474418]
 [2024-03-14 17:01:47] <116388> 3001[카드 결제 성공]
 [2024-03-14 17:01:47] <116388> END PYO  Laptime:[0.776sec]
 [2024-03-14 17:01:47] <116388> ===============================================================
 [2024-03-14 17:10:48] <37505> START NicepayLite PYO (V1.1B20140314(OS:Linux2.6.32-754.35.1.el6.x86_64,PHP:7.3.15))
 [2024-03-14 17:10:48] <37505> Connect to ssl://web.nicepay.co.kr:443
 [2024-03-14 17:10:48] <37505> ssl://web.nicepay.co.kr:443 Server Connect OK
 [2024-03-14 17:10:48] <37505> MSG_TO_SVR::[/lite/payProcess.jsp]
 [2024-03-14 17:10:49] <37505> TID -> [ilooda001m01012403141710496474]
 [2024-03-14 17:10:49] <37505> 3001[카드 결제 성공]
 [2024-03-14 17:10:49] <37505> END PYO  Laptime:[0.637sec]
 [2024-03-14 17:10:49] <37505> ===============================================================
