 [2024-02-29 10:26:47] <62528> START NicepayLite PYO (V1.1B20140314(OS:Linux2.6.32-754.35.1.el6.x86_64,PHP:7.3.15))
 [2024-02-29 10:26:47] <62528> Connect to ssl://web.nicepay.co.kr:443
 [2024-02-29 10:26:47] <62528> ssl://web.nicepay.co.kr:443 Server Connect OK
 [2024-02-29 10:26:47] <62528> MSG_TO_SVR::[/lite/payProcess.jsp]
 [2024-02-29 10:26:47] <62528> TID -> [ilooda001m01012402291026477258]
 [2024-02-29 10:26:47] <62528> 3001[카드 결제 성공]
 [2024-02-29 10:26:47] <62528> END PYO  Laptime:[0.63sec]
 [2024-02-29 10:26:47] <62528> ===============================================================
 [2024-02-29 11:06:04] <76184> START NicepayLite PYO (V1.1B20140314(OS:Linux2.6.32-754.35.1.el6.x86_64,PHP:7.3.15))
 [2024-02-29 11:06:04] <76184> Connect to ssl://web.nicepay.co.kr:443
 [2024-02-29 11:06:04] <76184> ssl://web.nicepay.co.kr:443 Server Connect OK
 [2024-02-29 11:06:04] <76184> MSG_TO_SVR::[/lite/payProcess.jsp]
 [2024-02-29 11:06:05] <76184> TID -> [ilooda001m01012402291106054175]
 [2024-02-29 11:06:05] <76184> 3001[카드 결제 성공]
 [2024-02-29 11:06:05] <76184> END PYO  Laptime:[0.972sec]
 [2024-02-29 11:06:05] <76184> ===============================================================
 [2024-02-29 11:52:40] <138093> START NicepayLite PYO (V1.1B20140314(OS:Linux2.6.32-754.35.1.el6.x86_64,PHP:7.3.15))
 [2024-02-29 11:52:40] <138093> Connect to ssl://web.nicepay.co.kr:443
 [2024-02-29 11:52:40] <138093> ssl://web.nicepay.co.kr:443 Server Connect OK
 [2024-02-29 11:52:40] <138093> MSG_TO_SVR::[/lite/payProcess.jsp]
 [2024-02-29 11:52:41] <138093> TID -> [ilooda001m01012402291152414948]
 [2024-02-29 11:52:41] <138093> 3001[카드 결제 성공]
 [2024-02-29 11:52:41] <138093> END PYO  Laptime:[0.545sec]
 [2024-02-29 11:52:41] <138093> ===============================================================
 [2024-02-29 12:41:10] <71530> START NicepayLite PYO (V1.1B20140314(OS:Linux2.6.32-754.35.1.el6.x86_64,PHP:7.3.15))
 [2024-02-29 12:41:10] <71530> Connect to ssl://web.nicepay.co.kr:443
 [2024-02-29 12:41:10] <71530> ssl://web.nicepay.co.kr:443 Server Connect OK
 [2024-02-29 12:41:10] <71530> MSG_TO_SVR::[/lite/payProcess.jsp]
 [2024-02-29 12:41:11] <71530> TID -> [ilooda001m01012402291241111202]
 [2024-02-29 12:41:11] <71530> 3001[카드 결제 성공]
 [2024-02-29 12:41:11] <71530> END PYO  Laptime:[1.224sec]
 [2024-02-29 12:41:11] <71530> ===============================================================
 [2024-02-29 12:43:41] <86804> START NicepayLite PYO (V1.1B20140314(OS:Linux2.6.32-754.35.1.el6.x86_64,PHP:7.3.15))
 [2024-02-29 12:43:41] <86804> Connect to ssl://web.nicepay.co.kr:443
 [2024-02-29 12:43:41] <86804> ssl://web.nicepay.co.kr:443 Server Connect OK
 [2024-02-29 12:43:41] <86804> MSG_TO_SVR::[/lite/payProcess.jsp]
 [2024-02-29 12:43:42] <86804> TID -> [ilooda001m01012402291243422567]
 [2024-02-29 12:43:42] <86804> 3001[카드 결제 성공]
 [2024-02-29 12:43:42] <86804> END PYO  Laptime:[0.615sec]
 [2024-02-29 12:43:42] <86804> ===============================================================
 [2024-02-29 13:41:27] <92849> START NicepayLite PYO (V1.1B20140314(OS:Linux2.6.32-754.35.1.el6.x86_64,PHP:7.3.15))
 [2024-02-29 13:41:27] <92849> Connect to ssl://web.nicepay.co.kr:443
 [2024-02-29 13:41:27] <92849> ssl://web.nicepay.co.kr:443 Server Connect OK
 [2024-02-29 13:41:27] <92849> MSG_TO_SVR::[/lite/payProcess.jsp]
 [2024-02-29 13:41:28] <92849> TID -> [ilooda001m01012402291341284983]
 [2024-02-29 13:41:28] <92849> 3001[카드 결제 성공]
 [2024-02-29 13:41:28] <92849> END PYO  Laptime:[0.531sec]
 [2024-02-29 13:41:28] <92849> ===============================================================
 [2024-02-29 16:45:33] <50639> START NicepayLite PYO (V1.1B20140314(OS:Linux2.6.32-754.35.1.el6.x86_64,PHP:7.3.15))
 [2024-02-29 16:45:33] <50639> Connect to ssl://web.nicepay.co.kr:443
 [2024-02-29 16:45:33] <50639> ssl://web.nicepay.co.kr:443 Server Connect OK
 [2024-02-29 16:45:33] <50639> MSG_TO_SVR::[/lite/payProcess.jsp]
 [2024-02-29 16:45:34] <50639> TID -> [ilooda001m01012402291645345641]
 [2024-02-29 16:45:34] <50639> 3001[카드 결제 성공]
 [2024-02-29 16:45:34] <50639> END PYO  Laptime:[0.847sec]
 [2024-02-29 16:45:34] <50639> ===============================================================
 [2024-02-29 18:39:01] <47168> START NicepayLite PYO (V1.1B20140314(OS:Linux2.6.32-754.35.1.el6.x86_64,PHP:7.3.15))
 [2024-02-29 18:39:01] <47168> Connect to ssl://web.nicepay.co.kr:443
 [2024-02-29 18:39:01] <47168> ssl://web.nicepay.co.kr:443 Server Connect OK
 [2024-02-29 18:39:01] <47168> MSG_TO_SVR::[/lite/payProcess.jsp]
 [2024-02-29 18:39:01] <47168> TID -> [ilooda001m01012402291839018218]
 [2024-02-29 18:39:01] <47168> 3001[카드 결제 성공]
 [2024-02-29 18:39:01] <47168> END PYO  Laptime:[0.923sec]
 [2024-02-29 18:39:01] <47168> ===============================================================
 [2024-02-29 18:59:05] <62779> START NicepayLite PYO (V1.1B20140314(OS:Linux2.6.32-754.35.1.el6.x86_64,PHP:7.3.15))
 [2024-02-29 18:59:05] <62779> Connect to ssl://web.nicepay.co.kr:443
 [2024-02-29 18:59:05] <62779> ssl://web.nicepay.co.kr:443 Server Connect OK
 [2024-02-29 18:59:05] <62779> MSG_TO_SVR::[/lite/payProcess.jsp]
 [2024-02-29 18:59:05] <62779> TID -> [ilooda001m01012402291859060707]
 [2024-02-29 18:59:05] <62779> 3001[카드 결제 성공]
 [2024-02-29 18:59:05] <62779> END PYO  Laptime:[0.294sec]
 [2024-02-29 18:59:05] <62779> ===============================================================
