 [2024-03-16 10:00:27] <9547> START NicepayLite PYO (V1.1B20140314(OS:Linux2.6.32-754.35.1.el6.x86_64,PHP:7.3.15))
 [2024-03-16 10:00:27] <9547> Connect to ssl://web.nicepay.co.kr:443
 [2024-03-16 10:00:27] <9547> ssl://web.nicepay.co.kr:443 Server Connect OK
 [2024-03-16 10:00:27] <9547> MSG_TO_SVR::[/lite/payProcess.jsp]
 [2024-03-16 10:00:28] <9547> TID -> [ilooda001m01012403161000284102]
 [2024-03-16 10:00:28] <9547> 3001[카드 결제 성공]
 [2024-03-16 10:00:28] <9547> END PYO  Laptime:[0.722sec]
 [2024-03-16 10:00:28] <9547> ===============================================================
 [2024-03-16 11:33:44] <135807> START NicepayLite PYO (V1.1B20140314(OS:Linux2.6.32-754.35.1.el6.x86_64,PHP:7.3.15))
 [2024-03-16 11:33:44] <135807> Connect to ssl://web.nicepay.co.kr:443
 [2024-03-16 11:33:44] <135807> ssl://web.nicepay.co.kr:443 Server Connect OK
 [2024-03-16 11:33:44] <135807> MSG_TO_SVR::[/lite/payProcess.jsp]
 [2024-03-16 11:33:45] <135807> TID -> [ilooda001m01012403161133455141]
 [2024-03-16 11:33:45] <135807> 3001[카드 결제 성공]
 [2024-03-16 11:33:45] <135807> END PYO  Laptime:[0.508sec]
 [2024-03-16 11:33:45] <135807> ===============================================================
 [2024-03-16 15:01:49] <120744> START NicepayLite PYO (V1.1B20140314(OS:Linux2.6.32-754.35.1.el6.x86_64,PHP:7.3.15))
 [2024-03-16 15:01:49] <120744> Connect to ssl://web.nicepay.co.kr:443
 [2024-03-16 15:01:49] <120744> ssl://web.nicepay.co.kr:443 Server Connect OK
 [2024-03-16 15:01:49] <120744> MSG_TO_SVR::[/lite/payProcess.jsp]
 [2024-03-16 15:01:49] <120744> TID -> [ilooda001m01012403161501502145]
 [2024-03-16 15:01:49] <120744> 3001[카드 결제 성공]
 [2024-03-16 15:01:49] <120744> END PYO  Laptime:[0.441sec]
 [2024-03-16 15:01:49] <120744> ===============================================================
 [2024-03-16 15:17:22] <94836> START NicepayLite PYO (V1.1B20140314(OS:Linux2.6.32-754.35.1.el6.x86_64,PHP:7.3.15))
 [2024-03-16 15:17:22] <94836> Connect to ssl://web.nicepay.co.kr:443
 [2024-03-16 15:17:22] <94836> ssl://web.nicepay.co.kr:443 Server Connect OK
 [2024-03-16 15:17:22] <94836> MSG_TO_SVR::[/lite/payProcess.jsp]
 [2024-03-16 15:17:23] <94836> TID -> [ilooda001m01012403161517238196]
 [2024-03-16 15:17:23] <94836> 3001[카드 결제 성공]
 [2024-03-16 15:17:23] <94836> END PYO  Laptime:[0.525sec]
 [2024-03-16 15:17:23] <94836> ===============================================================
 [2024-03-16 15:47:24] <28289> START NicepayLite PYO (V1.1B20140314(OS:Linux2.6.32-754.35.1.el6.x86_64,PHP:7.3.15))
 [2024-03-16 15:47:24] <28289> Connect to ssl://web.nicepay.co.kr:443
 [2024-03-16 15:47:24] <28289> ssl://web.nicepay.co.kr:443 Server Connect OK
 [2024-03-16 15:47:24] <28289> MSG_TO_SVR::[/lite/payProcess.jsp]
 [2024-03-16 15:47:25] <28289> TID -> [ilooda001m01012403161547254007]
 [2024-03-16 15:47:25] <28289> 3001[카드 결제 성공]
 [2024-03-16 15:47:25] <28289> END PYO  Laptime:[0.546sec]
 [2024-03-16 15:47:25] <28289> ===============================================================
 [2024-03-16 15:51:04] <58659> START NicepayLite PYO (V1.1B20140314(OS:Linux2.6.32-754.35.1.el6.x86_64,PHP:7.3.15))
 [2024-03-16 15:51:04] <58659> Connect to ssl://web.nicepay.co.kr:443
 [2024-03-16 15:51:04] <58659> ssl://web.nicepay.co.kr:443 Server Connect OK
 [2024-03-16 15:51:04] <58659> MSG_TO_SVR::[/lite/payProcess.jsp]
 [2024-03-16 15:51:05] <58659> TID -> [ilooda001m01012403161551052829]
 [2024-03-16 15:51:05] <58659> 3001[카드 결제 성공]
 [2024-03-16 15:51:05] <58659> END PYO  Laptime:[0.684sec]
 [2024-03-16 15:51:05] <58659> ===============================================================
