 [2024-01-08 09:32:38] <110352> START NicepayLite PYO (V1.1B20140314(OS:Linux2.6.32-754.35.1.el6.x86_64,PHP:7.3.15))
 [2024-01-08 09:32:38] <110352> Connect to ssl://web.nicepay.co.kr:443
 [2024-01-08 09:32:38] <110352> ssl://web.nicepay.co.kr:443 Server Connect OK
 [2024-01-08 09:32:38] <110352> MSG_TO_SVR::[/lite/payProcess.jsp]
 [2024-01-08 09:32:39] <110352> TID -> [ilooda001m01012401080932397480]
 [2024-01-08 09:32:39] <110352> 3001[카드 결제 성공]
 [2024-01-08 09:32:39] <110352> END PYO  Laptime:[1.105sec]
 [2024-01-08 09:32:39] <110352> ===============================================================
 [2024-01-08 11:36:06] <89731> START NicepayLite PYO (V1.1B20140314(OS:Linux2.6.32-754.35.1.el6.x86_64,PHP:7.3.15))
 [2024-01-08 11:36:06] <89731> Connect to ssl://web.nicepay.co.kr:443
 [2024-01-08 11:36:06] <89731> ssl://web.nicepay.co.kr:443 Server Connect OK
 [2024-01-08 11:36:06] <89731> MSG_TO_SVR::[/lite/payProcess.jsp]
 [2024-01-08 11:36:07] <89731> TID -> [ilooda001m01012401081136078633]
 [2024-01-08 11:36:07] <89731> 3001[카드 결제 성공]
 [2024-01-08 11:36:07] <89731> END PYO  Laptime:[0.878sec]
 [2024-01-08 11:36:07] <89731> ===============================================================
 [2024-01-08 12:38:45] <81069> START NicepayLite PYO (V1.1B20140314(OS:Linux2.6.32-754.35.1.el6.x86_64,PHP:7.3.15))
 [2024-01-08 12:38:45] <81069> Connect to ssl://web.nicepay.co.kr:443
 [2024-01-08 12:38:45] <81069> ssl://web.nicepay.co.kr:443 Server Connect OK
 [2024-01-08 12:38:45] <81069> MSG_TO_SVR::[/lite/payProcess.jsp]
 [2024-01-08 12:38:46] <81069> TID -> [ilooda001m01012401081238468987]
 [2024-01-08 12:38:46] <81069> 3001[카드 결제 성공]
 [2024-01-08 12:38:46] <81069> END PYO  Laptime:[0.814sec]
 [2024-01-08 12:38:46] <81069> ===============================================================
 [2024-01-08 13:13:40] <29934> START NicepayLite PYO (V1.1B20140314(OS:Linux2.6.32-754.35.1.el6.x86_64,PHP:7.3.15))
 [2024-01-08 13:13:40] <29934> Connect to ssl://web.nicepay.co.kr:443
 [2024-01-08 13:13:40] <29934> ssl://web.nicepay.co.kr:443 Server Connect OK
 [2024-01-08 13:13:40] <29934> MSG_TO_SVR::[/lite/payProcess.jsp]
 [2024-01-08 13:13:41] <29934> TID -> [ilooda001m01012401081313415238]
 [2024-01-08 13:13:41] <29934> 3001[카드 결제 성공]
 [2024-01-08 13:13:41] <29934> END PYO  Laptime:[0.698sec]
 [2024-01-08 13:13:41] <29934> ===============================================================
 [2024-01-08 13:16:29] <43710> START NicepayLite PYO (V1.1B20140314(OS:Linux2.6.32-754.35.1.el6.x86_64,PHP:7.3.15))
 [2024-01-08 13:16:29] <43710> Connect to ssl://web.nicepay.co.kr:443
 [2024-01-08 13:16:29] <43710> ssl://web.nicepay.co.kr:443 Server Connect OK
 [2024-01-08 13:16:29] <43710> MSG_TO_SVR::[/lite/payProcess.jsp]
 [2024-01-08 13:16:30] <43710> TID -> [ilooda001m01012401081316308800]
 [2024-01-08 13:16:30] <43710> 3001[카드 결제 성공]
 [2024-01-08 13:16:30] <43710> END PYO  Laptime:[0.586sec]
 [2024-01-08 13:16:30] <43710> ===============================================================
 [2024-01-08 14:23:11] <81346> START NicepayLite PYO (V1.1B20140314(OS:Linux2.6.32-754.35.1.el6.x86_64,PHP:7.3.15))
 [2024-01-08 14:23:11] <81346> Connect to ssl://web.nicepay.co.kr:443
 [2024-01-08 14:23:11] <81346> ssl://web.nicepay.co.kr:443 Server Connect OK
 [2024-01-08 14:23:11] <81346> MSG_TO_SVR::[/lite/payProcess.jsp]
 [2024-01-08 14:23:12] <81346> TID -> [ilooda001m01012401081423124482]
 [2024-01-08 14:23:12] <81346> 3001[카드 결제 성공]
 [2024-01-08 14:23:12] <81346> END PYO  Laptime:[0.918sec]
 [2024-01-08 14:23:12] <81346> ===============================================================
 [2024-01-08 15:49:24] <99597> START NicepayLite PYO (V1.1B20140314(OS:Linux2.6.32-754.35.1.el6.x86_64,PHP:7.3.15))
 [2024-01-08 15:49:24] <99597> Connect to ssl://web.nicepay.co.kr:443
 [2024-01-08 15:49:24] <99597> ssl://web.nicepay.co.kr:443 Server Connect OK
 [2024-01-08 15:49:24] <99597> MSG_TO_SVR::[/lite/payProcess.jsp]
 [2024-01-08 15:49:24] <99597> TID -> [ilooda001m01012401081549250976]
 [2024-01-08 15:49:24] <99597> 3001[카드 결제 성공]
 [2024-01-08 15:49:24] <99597> END PYO  Laptime:[0.622sec]
 [2024-01-08 15:49:24] <99597> ===============================================================
 [2024-01-08 16:00:29] <29910> START NicepayLite PYO (V1.1B20140314(OS:Linux2.6.32-754.35.1.el6.x86_64,PHP:7.3.15))
 [2024-01-08 16:00:29] <29910> Connect to ssl://web.nicepay.co.kr:443
 [2024-01-08 16:00:29] <29910> ssl://web.nicepay.co.kr:443 Server Connect OK
 [2024-01-08 16:00:29] <29910> MSG_TO_SVR::[/lite/payProcess.jsp]
 [2024-01-08 16:00:30] <29910> TID -> [ilooda001m01012401081600304634]
 [2024-01-08 16:00:30] <29910> 3001[카드 결제 성공]
 [2024-01-08 16:00:30] <29910> END PYO  Laptime:[0.695sec]
 [2024-01-08 16:00:30] <29910> ===============================================================
 [2024-01-08 16:41:47] <23736> START NicepayLite PYO (V1.1B20140314(OS:Linux2.6.32-754.35.1.el6.x86_64,PHP:7.3.15))
 [2024-01-08 16:41:47] <23736> Connect to ssl://web.nicepay.co.kr:443
 [2024-01-08 16:41:47] <23736> ssl://web.nicepay.co.kr:443 Server Connect OK
 [2024-01-08 16:41:47] <23736> MSG_TO_SVR::[/lite/payProcess.jsp]
 [2024-01-08 16:41:48] <23736> TID -> [ilooda001m01012401081641487869]
 [2024-01-08 16:41:48] <23736> 3001[카드 결제 성공]
 [2024-01-08 16:41:48] <23736> END PYO  Laptime:[0.603sec]
 [2024-01-08 16:41:48] <23736> ===============================================================
 [2024-01-08 17:01:18] <16387> START NicepayLite PYO (V1.1B20140314(OS:Linux2.6.32-754.35.1.el6.x86_64,PHP:7.3.15))
 [2024-01-08 17:01:18] <16387> Connect to ssl://web.nicepay.co.kr:443
 [2024-01-08 17:01:18] <16387> ssl://web.nicepay.co.kr:443 Server Connect OK
 [2024-01-08 17:01:18] <16387> MSG_TO_SVR::[/lite/payProcess.jsp]
 [2024-01-08 17:01:20] <16387> TID -> [ilooda001m01012401081701198445]
 [2024-01-08 17:01:20] <16387> 3001[카드 결제 성공]
 [2024-01-08 17:01:20] <16387> END PYO  Laptime:[1.337sec]
 [2024-01-08 17:01:20] <16387> ===============================================================
 [2024-01-08 18:42:12] <129067> START NicepayLite PYO (V1.1B20140314(OS:Linux2.6.32-754.35.1.el6.x86_64,PHP:7.3.15))
 [2024-01-08 18:42:12] <129067> Connect to ssl://web.nicepay.co.kr:443
 [2024-01-08 18:42:12] <129067> ssl://web.nicepay.co.kr:443 Server Connect OK
 [2024-01-08 18:42:12] <129067> MSG_TO_SVR::[/lite/payProcess.jsp]
 [2024-01-08 18:42:13] <129067> TID -> [ilooda001m01012401081842139997]
 [2024-01-08 18:42:13] <129067> 3001[카드 결제 성공]
 [2024-01-08 18:42:13] <129067> END PYO  Laptime:[0.343sec]
 [2024-01-08 18:42:13] <129067> ===============================================================
 [2024-01-08 21:10:08] <130521> START NicepayLite PYO (V1.1B20140314(OS:Linux2.6.32-754.35.1.el6.x86_64,PHP:7.3.15))
 [2024-01-08 21:10:08] <130521> Connect to ssl://web.nicepay.co.kr:443
 [2024-01-08 21:10:08] <130521> ssl://web.nicepay.co.kr:443 Server Connect OK
 [2024-01-08 21:10:08] <130521> MSG_TO_SVR::[/lite/payProcess.jsp]
 [2024-01-08 21:10:08] <130521> TID -> [ilooda001m01012401082110091678]
 [2024-01-08 21:10:08] <130521> 3001[카드 결제 성공]
 [2024-01-08 21:10:08] <130521> END PYO  Laptime:[0.55sec]
 [2024-01-08 21:10:08] <130521> ===============================================================
