 [2024-04-06 10:33:54] <62639> START NicepayLite PYO (V1.1B20140314(OS:Linux2.6.32-754.35.1.el6.x86_64,PHP:7.3.15))
 [2024-04-06 10:33:54] <62639> Connect to ssl://web.nicepay.co.kr:443
 [2024-04-06 10:33:54] <62639> ssl://web.nicepay.co.kr:443 Server Connect OK
 [2024-04-06 10:33:54] <62639> MSG_TO_SVR::[/lite/payProcess.jsp]
 [2024-04-06 10:33:55] <62639> TID -> [ilooda001m01012404061033555211]
 [2024-04-06 10:33:55] <62639> 3001[카드 결제 성공]
 [2024-04-06 10:33:55] <62639> END PYO  Laptime:[1.151sec]
 [2024-04-06 10:33:55] <62639> ===============================================================
 [2024-04-06 10:37:41] <97301> START NicepayLite PYO (V1.1B20140314(OS:Linux2.6.32-754.35.1.el6.x86_64,PHP:7.3.15))
 [2024-04-06 10:37:41] <97301> Connect to ssl://web.nicepay.co.kr:443
 [2024-04-06 10:37:41] <97301> ssl://web.nicepay.co.kr:443 Server Connect OK
 [2024-04-06 10:37:41] <97301> MSG_TO_SVR::[/lite/payProcess.jsp]
 [2024-04-06 10:37:41] <97301> TID -> [ilooda001m01012404061037419930]
 [2024-04-06 10:37:41] <97301> 3001[카드 결제 성공]
 [2024-04-06 10:37:41] <97301> END PYO  Laptime:[0.563sec]
 [2024-04-06 10:37:41] <97301> ===============================================================
 [2024-04-06 10:54:24] <97720> START NicepayLite PYO (V1.1B20140314(OS:Linux2.6.32-754.35.1.el6.x86_64,PHP:7.3.15))
 [2024-04-06 10:54:24] <97720> Connect to ssl://web.nicepay.co.kr:443
 [2024-04-06 10:54:24] <97720> ssl://web.nicepay.co.kr:443 Server Connect OK
 [2024-04-06 10:54:24] <97720> MSG_TO_SVR::[/lite/payProcess.jsp]
 [2024-04-06 10:54:24] <97720> TID -> [ilooda001m01012404061054253646]
 [2024-04-06 10:54:24] <97720> 3001[카드 결제 성공]
 [2024-04-06 10:54:24] <97720> END PYO  Laptime:[0.393sec]
 [2024-04-06 10:54:24] <97720> ===============================================================
 [2024-04-06 15:22:10] <53992> START NicepayLite PYO (V1.1B20140314(OS:Linux2.6.32-754.35.1.el6.x86_64,PHP:7.3.15))
 [2024-04-06 15:22:10] <53992> Connect to ssl://web.nicepay.co.kr:443
 [2024-04-06 15:22:10] <53992> ssl://web.nicepay.co.kr:443 Server Connect OK
 [2024-04-06 15:22:10] <53992> MSG_TO_SVR::[/lite/payProcess.jsp]
 [2024-04-06 15:22:11] <53992> TID -> [ilooda001m01012404061522118552]
 [2024-04-06 15:22:11] <53992> 3001[카드 결제 성공]
 [2024-04-06 15:22:11] <53992> END PYO  Laptime:[0.608sec]
 [2024-04-06 15:22:11] <53992> ===============================================================
