 [2024-01-06 02:26:12] <146682> START NicepayLite PYO (V1.1B20140314(OS:Linux2.6.32-754.35.1.el6.x86_64,PHP:7.3.15))
 [2024-01-06 02:26:12] <146682> Connect to ssl://web.nicepay.co.kr:443
 [2024-01-06 02:26:12] <146682> ssl://web.nicepay.co.kr:443 Server Connect OK
 [2024-01-06 02:26:12] <146682> MSG_TO_SVR::[/lite/payProcess.jsp]
 [2024-01-06 02:26:13] <146682> TID -> [ilooda001m01012401060226127075]
 [2024-01-06 02:26:13] <146682> 3001[카드 결제 성공]
 [2024-01-06 02:26:13] <146682> END PYO  Laptime:[0.771sec]
 [2024-01-06 02:26:13] <146682> ===============================================================
 [2024-01-06 08:41:48] <109073> START NicepayLite PYO (V1.1B20140314(OS:Linux2.6.32-754.35.1.el6.x86_64,PHP:7.3.15))
 [2024-01-06 08:41:48] <109073> Connect to ssl://web.nicepay.co.kr:443
 [2024-01-06 08:41:49] <109073> ssl://web.nicepay.co.kr:443 Server Connect OK
 [2024-01-06 08:41:49] <109073> MSG_TO_SVR::[/lite/payProcess.jsp]
 [2024-01-06 08:41:49] <109073> TID -> [ilooda001m01012401060841492883]
 [2024-01-06 08:41:49] <109073> 3001[카드 결제 성공]
 [2024-01-06 08:41:49] <109073> END PYO  Laptime:[0.703sec]
 [2024-01-06 08:41:49] <109073> ===============================================================
 [2024-01-06 10:41:45] <33206> START NicepayLite PYO (V1.1B20140314(OS:Linux2.6.32-754.35.1.el6.x86_64,PHP:7.3.15))
 [2024-01-06 10:41:45] <33206> Connect to ssl://web.nicepay.co.kr:443
 [2024-01-06 10:41:45] <33206> ssl://web.nicepay.co.kr:443 Server Connect OK
 [2024-01-06 10:41:45] <33206> MSG_TO_SVR::[/lite/payProcess.jsp]
 [2024-01-06 10:41:45] <33206> TID -> [ilooda001m01012401061041455447]
 [2024-01-06 10:41:45] <33206> 3001[카드 결제 성공]
 [2024-01-06 10:41:45] <33206> END PYO  Laptime:[0.783sec]
 [2024-01-06 10:41:45] <33206> ===============================================================
 [2024-01-06 12:30:48] <29994> START NicepayLite PYO (V1.1B20140314(OS:Linux2.6.32-754.35.1.el6.x86_64,PHP:7.3.15))
 [2024-01-06 12:30:48] <29994> Connect to ssl://web.nicepay.co.kr:443
 [2024-01-06 12:30:48] <29994> ssl://web.nicepay.co.kr:443 Server Connect OK
 [2024-01-06 12:30:48] <29994> MSG_TO_SVR::[/lite/payProcess.jsp]
 [2024-01-06 12:30:48] <29994> TID -> [ilooda001m01012401061230486858]
 [2024-01-06 12:30:48] <29994> 3001[카드 결제 성공]
 [2024-01-06 12:30:48] <29994> END PYO  Laptime:[0.442sec]
 [2024-01-06 12:30:48] <29994> ===============================================================
