 [2023-11-09 10:14:11] <37397> START NicepayLite PYO (V1.1B20140314(OS:Linux2.6.32-754.35.1.el6.x86_64,PHP:7.3.15))
 [2023-11-09 10:14:11] <37397> Connect to ssl://web.nicepay.co.kr:443
 [2023-11-09 10:14:11] <37397> ssl://web.nicepay.co.kr:443 Server Connect OK
 [2023-11-09 10:14:11] <37397> MSG_TO_SVR::[/lite/payProcess.jsp]
 [2023-11-09 10:14:12] <37397> TID -> [ilooda001m01012311091014148489]
 [2023-11-09 10:14:12] <37397> 3001[카드 결제 성공]
 [2023-11-09 10:14:12] <37397> END PYO  Laptime:[0.694sec]
 [2023-11-09 10:14:12] <37397> ===============================================================
 [2023-11-09 13:27:29] <37341> START NicepayLite PYO (V1.1B20140314(OS:Linux2.6.32-754.35.1.el6.x86_64,PHP:7.3.15))
 [2023-11-09 13:27:29] <37341> Connect to ssl://web.nicepay.co.kr:443
 [2023-11-09 13:27:29] <37341> ssl://web.nicepay.co.kr:443 Server Connect OK
 [2023-11-09 13:27:29] <37341> MSG_TO_SVR::[/lite/payProcess.jsp]
 [2023-11-09 13:27:30] <37341> TID -> [ilooda001m01012311091327328282]
 [2023-11-09 13:27:30] <37341> 3001[카드 결제 성공]
 [2023-11-09 13:27:30] <37341> END PYO  Laptime:[0.697sec]
 [2023-11-09 13:27:30] <37341> ===============================================================
 [2023-11-09 14:18:44] <128131> START NicepayLite PYO (V1.1B20140314(OS:Linux2.6.32-754.35.1.el6.x86_64,PHP:7.3.15))
 [2023-11-09 14:18:44] <128131> Connect to ssl://web.nicepay.co.kr:443
 [2023-11-09 14:18:44] <128131> ssl://web.nicepay.co.kr:443 Server Connect OK
 [2023-11-09 14:18:44] <128131> MSG_TO_SVR::[/lite/payProcess.jsp]
 [2023-11-09 14:18:45] <128131> TID -> [ilooda001m01012311091418475091]
 [2023-11-09 14:18:45] <128131> 3001[카드 결제 성공]
 [2023-11-09 14:18:45] <128131> END PYO  Laptime:[0.605sec]
 [2023-11-09 14:18:45] <128131> ===============================================================
 [2023-11-09 17:44:05] <66501> START NicepayLite PYO (V1.1B20140314(OS:Linux2.6.32-754.35.1.el6.x86_64,PHP:7.3.15))
 [2023-11-09 17:44:05] <66501> Connect to ssl://web.nicepay.co.kr:443
 [2023-11-09 17:44:05] <66501> ssl://web.nicepay.co.kr:443 Server Connect OK
 [2023-11-09 17:44:05] <66501> MSG_TO_SVR::[/lite/payProcess.jsp]
 [2023-11-09 17:44:06] <66501> TID -> [ilooda001m01012311091744086792]
 [2023-11-09 17:44:06] <66501> 3001[카드 결제 성공]
 [2023-11-09 17:44:06] <66501> END PYO  Laptime:[0.828sec]
 [2023-11-09 17:44:06] <66501> ===============================================================
 [2023-11-09 19:07:51] <103024> START NicepayLite PYO (V1.1B20140314(OS:Linux2.6.32-754.35.1.el6.x86_64,PHP:7.3.15))
 [2023-11-09 19:07:51] <103024> Connect to ssl://web.nicepay.co.kr:443
 [2023-11-09 19:07:51] <103024> ssl://web.nicepay.co.kr:443 Server Connect OK
 [2023-11-09 19:07:51] <103024> MSG_TO_SVR::[/lite/payProcess.jsp]
 [2023-11-09 19:07:52] <103024> TID -> [ilooda001m01012311091907547314]
 [2023-11-09 19:07:52] <103024> 3001[카드 결제 성공]
 [2023-11-09 19:07:52] <103024> END PYO  Laptime:[1.04sec]
 [2023-11-09 19:07:52] <103024> ===============================================================
 [2023-11-09 19:25:10] <90458> START NicepayLite PYO (V1.1B20140314(OS:Linux2.6.32-754.35.1.el6.x86_64,PHP:7.3.15))
 [2023-11-09 19:25:10] <90458> Connect to ssl://web.nicepay.co.kr:443
 [2023-11-09 19:25:10] <90458> ssl://web.nicepay.co.kr:443 Server Connect OK
 [2023-11-09 19:25:10] <90458> MSG_TO_SVR::[/lite/payProcess.jsp]
 [2023-11-09 19:25:10] <90458> TID -> [ilooda001m01012311091925133310]
 [2023-11-09 19:25:10] <90458> 3001[카드 결제 성공]
 [2023-11-09 19:25:10] <90458> END PYO  Laptime:[0.6sec]
 [2023-11-09 19:25:10] <90458> ===============================================================
