 [2024-01-30 11:46:36] <77294> START NicepayLite PYO (V1.1B20140314(OS:Linux2.6.32-754.35.1.el6.x86_64,PHP:7.3.15))
 [2024-01-30 11:46:36] <77294> Connect to ssl://web.nicepay.co.kr:443
 [2024-01-30 11:46:36] <77294> ssl://web.nicepay.co.kr:443 Server Connect OK
 [2024-01-30 11:46:36] <77294> MSG_TO_SVR::[/lite/payProcess.jsp]
 [2024-01-30 11:46:36] <77294> TID -> [ilooda001m01012401301146369208]
 [2024-01-30 11:46:36] <77294> 3001[카드 결제 성공]
 [2024-01-30 11:46:36] <77294> END PYO  Laptime:[0.532sec]
 [2024-01-30 11:46:36] <77294> ===============================================================
 [2024-01-30 11:47:50] <85411> START NicepayLite PYO (V1.1B20140314(OS:Linux2.6.32-754.35.1.el6.x86_64,PHP:7.3.15))
 [2024-01-30 11:47:50] <85411> Connect to ssl://web.nicepay.co.kr:443
 [2024-01-30 11:47:50] <85411> ssl://web.nicepay.co.kr:443 Server Connect OK
 [2024-01-30 11:47:50] <85411> MSG_TO_SVR::[/lite/payProcess.jsp]
 [2024-01-30 11:47:51] <85411> TID -> [ilooda001m01012401301147511963]
 [2024-01-30 11:47:51] <85411> 3001[카드 결제 성공]
 [2024-01-30 11:47:51] <85411> END PYO  Laptime:[0.852sec]
 [2024-01-30 11:47:51] <85411> ===============================================================
 [2024-01-30 14:02:25] <145374> START NicepayLite PYO (V1.1B20140314(OS:Linux2.6.32-754.35.1.el6.x86_64,PHP:7.3.15))
 [2024-01-30 14:02:25] <145374> Connect to ssl://web.nicepay.co.kr:443
 [2024-01-30 14:02:25] <145374> ssl://web.nicepay.co.kr:443 Server Connect OK
 [2024-01-30 14:02:25] <145374> MSG_TO_SVR::[/lite/payProcess.jsp]
 [2024-01-30 14:02:26] <145374> TID -> [ilooda001m01012401301402267508]
 [2024-01-30 14:02:26] <145374> 3001[카드 결제 성공]
 [2024-01-30 14:02:26] <145374> END PYO  Laptime:[0.585sec]
 [2024-01-30 14:02:26] <145374> ===============================================================
 [2024-01-30 17:00:51] <144055> START NicepayLite PYO (V1.1B20140314(OS:Linux2.6.32-754.35.1.el6.x86_64,PHP:7.3.15))
 [2024-01-30 17:00:51] <144055> Connect to ssl://web.nicepay.co.kr:443
 [2024-01-30 17:00:51] <144055> ssl://web.nicepay.co.kr:443 Server Connect OK
 [2024-01-30 17:00:51] <144055> MSG_TO_SVR::[/lite/payProcess.jsp]
 [2024-01-30 17:00:51] <144055> TID -> [ilooda001m01012401301700519498]
 [2024-01-30 17:00:51] <144055> 3001[카드 결제 성공]
 [2024-01-30 17:00:51] <144055> END PYO  Laptime:[0.616sec]
 [2024-01-30 17:00:51] <144055> ===============================================================
 [2024-01-30 19:45:31] <19759> START NicepayLite PYO (V1.1B20140314(OS:Linux2.6.32-754.35.1.el6.x86_64,PHP:7.3.15))
 [2024-01-30 19:45:31] <19759> Connect to ssl://web.nicepay.co.kr:443
 [2024-01-30 19:45:31] <19759> ssl://web.nicepay.co.kr:443 Server Connect OK
 [2024-01-30 19:45:31] <19759> MSG_TO_SVR::[/lite/payProcess.jsp]
 [2024-01-30 19:45:33] <19759> TID -> [ilooda001m01012401301945323891]
 [2024-01-30 19:45:33] <19759> 3001[카드 결제 성공]
 [2024-01-30 19:45:33] <19759> END PYO  Laptime:[2.424sec]
 [2024-01-30 19:45:33] <19759> ===============================================================
 [2024-01-30 19:58:14] <124649> START NicepayLite PYO (V1.1B20140314(OS:Linux2.6.32-754.35.1.el6.x86_64,PHP:7.3.15))
 [2024-01-30 19:58:14] <124649> Connect to ssl://web.nicepay.co.kr:443
 [2024-01-30 19:58:14] <124649> ssl://web.nicepay.co.kr:443 Server Connect OK
 [2024-01-30 19:58:14] <124649> MSG_TO_SVR::[/lite/payProcess.jsp]
 [2024-01-30 19:58:14] <124649> TID -> [ilooda001m01012401301958151451]
 [2024-01-30 19:58:14] <124649> 3001[카드 결제 성공]
 [2024-01-30 19:58:14] <124649> END PYO  Laptime:[0.384sec]
 [2024-01-30 19:58:14] <124649> ===============================================================
 [2024-01-30 21:37:02] <39197> START NicepayLite PYO (V1.1B20140314(OS:Linux2.6.32-754.35.1.el6.x86_64,PHP:7.3.15))
 [2024-01-30 21:37:02] <39197> Connect to ssl://web.nicepay.co.kr:443
 [2024-01-30 21:37:02] <39197> ssl://web.nicepay.co.kr:443 Server Connect OK
 [2024-01-30 21:37:02] <39197> MSG_TO_SVR::[/lite/payProcess.jsp]
 [2024-01-30 21:37:03] <39197> TID -> [ilooda001m01012401302137037915]
 [2024-01-30 21:37:03] <39197> 3001[카드 결제 성공]
 [2024-01-30 21:37:03] <39197> END PYO  Laptime:[0.375sec]
 [2024-01-30 21:37:03] <39197> ===============================================================
 [2024-01-30 22:21:00] <93989> START NicepayLite PYO (V1.1B20140314(OS:Linux2.6.32-754.35.1.el6.x86_64,PHP:7.3.15))
 [2024-01-30 22:21:00] <93989> Connect to ssl://web.nicepay.co.kr:443
 [2024-01-30 22:21:00] <93989> ssl://web.nicepay.co.kr:443 Server Connect OK
 [2024-01-30 22:21:00] <93989> MSG_TO_SVR::[/lite/payProcess.jsp]
 [2024-01-30 22:21:00] <93989> TID -> [ilooda001m01012401302221013555]
 [2024-01-30 22:21:00] <93989> 3001[카드 결제 성공]
 [2024-01-30 22:21:00] <93989> END PYO  Laptime:[0.406sec]
 [2024-01-30 22:21:00] <93989> ===============================================================
