 [2023-11-06 10:45:44] <89954> START NicepayLite PYO (V1.1B20140314(OS:Linux2.6.32-754.35.1.el6.x86_64,PHP:7.3.15))
 [2023-11-06 10:45:44] <89954> Connect to ssl://web.nicepay.co.kr:443
 [2023-11-06 10:45:45] <89954> ssl://web.nicepay.co.kr:443 Server Connect OK
 [2023-11-06 10:45:45] <89954> MSG_TO_SVR::[/lite/payProcess.jsp]
 [2023-11-06 10:45:45] <89954> TID -> [ilooda001m01012311061045459835]
 [2023-11-06 10:45:45] <89954> 3001[카드 결제 성공]
 [2023-11-06 10:45:45] <89954> END PYO  Laptime:[0.936sec]
 [2023-11-06 10:45:45] <89954> ===============================================================
 [2023-11-06 14:47:51] <98246> START NicepayLite PYO (V1.1B20140314(OS:Linux2.6.32-754.35.1.el6.x86_64,PHP:7.3.15))
 [2023-11-06 14:47:51] <98246> Connect to ssl://web.nicepay.co.kr:443
 [2023-11-06 14:47:53] <98246> ssl://web.nicepay.co.kr:443 Server Connect OK
 [2023-11-06 14:47:53] <98246> MSG_TO_SVR::[/lite/payProcess.jsp]
 [2023-11-06 14:47:54] <98246> TID -> [ilooda001m01012311061447546902]
 [2023-11-06 14:47:54] <98246> 3001[카드 결제 성공]
 [2023-11-06 14:47:54] <98246> END PYO  Laptime:[2.964sec]
 [2023-11-06 14:47:54] <98246> ===============================================================
 [2023-11-06 17:40:20] <47311> START NicepayLite PYO (V1.1B20140314(OS:Linux2.6.32-754.35.1.el6.x86_64,PHP:7.3.15))
 [2023-11-06 17:40:20] <47311> Connect to ssl://web.nicepay.co.kr:443
 [2023-11-06 17:40:20] <47311> ssl://web.nicepay.co.kr:443 Server Connect OK
 [2023-11-06 17:40:20] <47311> MSG_TO_SVR::[/lite/payProcess.jsp]
 [2023-11-06 17:40:21] <47311> TID -> [ilooda001m01012311061740213857]
 [2023-11-06 17:40:21] <47311> 3001[카드 결제 성공]
 [2023-11-06 17:40:21] <47311> END PYO  Laptime:[1.073sec]
 [2023-11-06 17:40:21] <47311> ===============================================================
 [2023-11-06 17:47:32] <98959> START NicepayLite PYO (V1.1B20140314(OS:Linux2.6.32-754.35.1.el6.x86_64,PHP:7.3.15))
 [2023-11-06 17:47:32] <98959> Connect to ssl://web.nicepay.co.kr:443
 [2023-11-06 17:47:32] <98959> ssl://web.nicepay.co.kr:443 Server Connect OK
 [2023-11-06 17:47:32] <98959> MSG_TO_SVR::[/lite/payProcess.jsp]
 [2023-11-06 17:47:32] <98959> TID -> [ilooda001m01012311061747333742]
 [2023-11-06 17:47:32] <98959> 3001[카드 결제 성공]
 [2023-11-06 17:47:32] <98959> END PYO  Laptime:[0.235sec]
 [2023-11-06 17:47:32] <98959> ===============================================================
 [2023-11-06 18:03:08] <62546> START NicepayLite PYO (V1.1B20140314(OS:Linux2.6.32-754.35.1.el6.x86_64,PHP:7.3.15))
 [2023-11-06 18:03:08] <62546> Connect to ssl://web.nicepay.co.kr:443
 [2023-11-06 18:03:08] <62546> ssl://web.nicepay.co.kr:443 Server Connect OK
 [2023-11-06 18:03:08] <62546> MSG_TO_SVR::[/lite/payProcess.jsp]
 [2023-11-06 18:03:09] <62546> TID -> [ilooda001m01012311061803098416]
 [2023-11-06 18:03:09] <62546> 3001[카드 결제 성공]
 [2023-11-06 18:03:09] <62546> END PYO  Laptime:[0.695sec]
 [2023-11-06 18:03:09] <62546> ===============================================================
 [2023-11-06 18:46:57] <90130> START NicepayLite PYO (V1.1B20140314(OS:Linux2.6.32-754.35.1.el6.x86_64,PHP:7.3.15))
 [2023-11-06 18:46:57] <90130> Connect to ssl://web.nicepay.co.kr:443
 [2023-11-06 18:46:57] <90130> ssl://web.nicepay.co.kr:443 Server Connect OK
 [2023-11-06 18:46:57] <90130> MSG_TO_SVR::[/lite/payProcess.jsp]
 [2023-11-06 18:46:58] <90130> TID -> [ilooda001m01012311061846587018]
 [2023-11-06 18:46:58] <90130> 3001[카드 결제 성공]
 [2023-11-06 18:46:58] <90130> END PYO  Laptime:[0.705sec]
 [2023-11-06 18:46:58] <90130> ===============================================================
 [2023-11-06 21:28:33] <97614> START NicepayLite PYO (V1.1B20140314(OS:Linux2.6.32-754.35.1.el6.x86_64,PHP:7.3.15))
 [2023-11-06 21:28:33] <97614> Connect to ssl://web.nicepay.co.kr:443
 [2023-11-06 21:28:33] <97614> ssl://web.nicepay.co.kr:443 Server Connect OK
 [2023-11-06 21:28:33] <97614> MSG_TO_SVR::[/lite/payProcess.jsp]
 [2023-11-06 21:28:34] <97614> TID -> [ilooda001m01012311062128346897]
 [2023-11-06 21:28:34] <97614> 3001[카드 결제 성공]
 [2023-11-06 21:28:34] <97614> END PYO  Laptime:[0.561sec]
 [2023-11-06 21:28:34] <97614> ===============================================================
