 [2023-12-04 11:16:37] <100441> START NicepayLite PYO (V1.1B20140314(OS:Linux2.6.32-754.35.1.el6.x86_64,PHP:7.3.15))
 [2023-12-04 11:16:37] <100441> Connect to ssl://web.nicepay.co.kr:443
 [2023-12-04 11:16:37] <100441> ssl://web.nicepay.co.kr:443 Server Connect OK
 [2023-12-04 11:16:37] <100441> MSG_TO_SVR::[/lite/payProcess.jsp]
 [2023-12-04 11:16:37] <100441> TID -> [ilooda001m01012312041116390713]
 [2023-12-04 11:16:37] <100441> 3001[카드 결제 성공]
 [2023-12-04 11:16:37] <100441> END PYO  Laptime:[0.41sec]
 [2023-12-04 11:16:37] <100441> ===============================================================
 [2023-12-04 12:52:35] <16017> START NicepayLite PYO (V1.1B20140314(OS:Linux2.6.32-754.35.1.el6.x86_64,PHP:7.3.15))
 [2023-12-04 12:52:35] <16017> Connect to ssl://web.nicepay.co.kr:443
 [2023-12-04 12:52:35] <16017> ssl://web.nicepay.co.kr:443 Server Connect OK
 [2023-12-04 12:52:35] <16017> MSG_TO_SVR::[/lite/payProcess.jsp]
 [2023-12-04 12:52:36] <16017> TID -> [ilooda001m01012312041252375827]
 [2023-12-04 12:52:36] <16017> 3001[카드 결제 성공]
 [2023-12-04 12:52:36] <16017> END PYO  Laptime:[0.859sec]
 [2023-12-04 12:52:36] <16017> ===============================================================
 [2023-12-04 14:31:14] <104800> START NicepayLite PYO (V1.1B20140314(OS:Linux2.6.32-754.35.1.el6.x86_64,PHP:7.3.15))
 [2023-12-04 14:31:14] <104800> Connect to ssl://web.nicepay.co.kr:443
 [2023-12-04 14:31:14] <104800> ssl://web.nicepay.co.kr:443 Server Connect OK
 [2023-12-04 14:31:14] <104800> MSG_TO_SVR::[/lite/payProcess.jsp]
 [2023-12-04 14:31:15] <104800> TID -> [ilooda001m01012312041431166045]
 [2023-12-04 14:31:15] <104800> 3001[카드 결제 성공]
 [2023-12-04 14:31:15] <104800> END PYO  Laptime:[0.548sec]
 [2023-12-04 14:31:15] <104800> ===============================================================
 [2023-12-04 16:41:35] <113952> START NicepayLite PYO (V1.1B20140314(OS:Linux2.6.32-754.35.1.el6.x86_64,PHP:7.3.15))
 [2023-12-04 16:41:35] <113952> Connect to ssl://web.nicepay.co.kr:443
 [2023-12-04 16:41:35] <113952> ssl://web.nicepay.co.kr:443 Server Connect OK
 [2023-12-04 16:41:35] <113952> MSG_TO_SVR::[/lite/payProcess.jsp]
 [2023-12-04 16:41:36] <113952> TID -> [ilooda001m01012312041641379640]
 [2023-12-04 16:41:36] <113952> 3001[카드 결제 성공]
 [2023-12-04 16:41:36] <113952> END PYO  Laptime:[0.971sec]
 [2023-12-04 16:41:36] <113952> ===============================================================
 [2023-12-04 17:23:15] <107543> START NicepayLite PYO (V1.1B20140314(OS:Linux2.6.32-754.35.1.el6.x86_64,PHP:7.3.15))
 [2023-12-04 17:23:15] <107543> Connect to ssl://web.nicepay.co.kr:443
 [2023-12-04 17:23:15] <107543> ssl://web.nicepay.co.kr:443 Server Connect OK
 [2023-12-04 17:23:15] <107543> MSG_TO_SVR::[/lite/payProcess.jsp]
 [2023-12-04 17:23:15] <107543> TID -> [ilooda001m01012312041723172967]
 [2023-12-04 17:23:15] <107543> 3001[카드 결제 성공]
 [2023-12-04 17:23:15] <107543> END PYO  Laptime:[0.268sec]
 [2023-12-04 17:23:15] <107543> ===============================================================
 [2023-12-04 18:43:06] <63132> START NicepayLite PYO (V1.1B20140314(OS:Linux2.6.32-754.35.1.el6.x86_64,PHP:7.3.15))
 [2023-12-04 18:43:06] <63132> Connect to ssl://web.nicepay.co.kr:443
 [2023-12-04 18:43:06] <63132> ssl://web.nicepay.co.kr:443 Server Connect OK
 [2023-12-04 18:43:06] <63132> MSG_TO_SVR::[/lite/payProcess.jsp]
 [2023-12-04 18:43:07] <63132> TID -> [ilooda001m01012312041843088313]
 [2023-12-04 18:43:07] <63132> 3001[카드 결제 성공]
 [2023-12-04 18:43:07] <63132> END PYO  Laptime:[0.453sec]
 [2023-12-04 18:43:07] <63132> ===============================================================
 [2023-12-04 19:09:54] <93198> START NicepayLite PYO (V1.1B20140314(OS:Linux2.6.32-754.35.1.el6.x86_64,PHP:7.3.15))
 [2023-12-04 19:09:54] <93198> Connect to ssl://web.nicepay.co.kr:443
 [2023-12-04 19:09:54] <93198> ssl://web.nicepay.co.kr:443 Server Connect OK
 [2023-12-04 19:09:54] <93198> MSG_TO_SVR::[/lite/payProcess.jsp]
 [2023-12-04 19:09:54] <93198> TID -> [ilooda001m01012312041909567885]
 [2023-12-04 19:09:54] <93198> 3001[카드 결제 성공]
 [2023-12-04 19:09:54] <93198> END PYO  Laptime:[0.331sec]
 [2023-12-04 19:09:54] <93198> ===============================================================
 [2023-12-04 19:10:46] <100151> START NicepayLite PYO (V1.1B20140314(OS:Linux2.6.32-754.35.1.el6.x86_64,PHP:7.3.15))
 [2023-12-04 19:10:46] <100151> Connect to ssl://web.nicepay.co.kr:443
 [2023-12-04 19:10:46] <100151> ssl://web.nicepay.co.kr:443 Server Connect OK
 [2023-12-04 19:10:46] <100151> MSG_TO_SVR::[/lite/payProcess.jsp]
 [2023-12-04 19:10:46] <100151> TID -> [ilooda001m01012312041910483827]
 [2023-12-04 19:10:46] <100151> 3001[카드 결제 성공]
 [2023-12-04 19:10:46] <100151> END PYO  Laptime:[0.294sec]
 [2023-12-04 19:10:46] <100151> ===============================================================
 [2023-12-04 19:15:10] <133734> START NicepayLite PYO (V1.1B20140314(OS:Linux2.6.32-754.35.1.el6.x86_64,PHP:7.3.15))
 [2023-12-04 19:15:10] <133734> Connect to ssl://web.nicepay.co.kr:443
 [2023-12-04 19:15:10] <133734> ssl://web.nicepay.co.kr:443 Server Connect OK
 [2023-12-04 19:15:10] <133734> MSG_TO_SVR::[/lite/payProcess.jsp]
 [2023-12-04 19:15:11] <133734> TID -> [ilooda001m01012312041915127099]
 [2023-12-04 19:15:11] <133734> 3001[카드 결제 성공]
 [2023-12-04 19:15:11] <133734> END PYO  Laptime:[0.859sec]
 [2023-12-04 19:15:11] <133734> ===============================================================
