 [2024-04-16 09:10:19] <10636> START NicepayLite PYO (V1.1B20140314(OS:Linux2.6.32-754.35.1.el6.x86_64,PHP:7.3.15))
 [2024-04-16 09:10:19] <10636> Connect to ssl://web.nicepay.co.kr:443
 [2024-04-16 09:10:19] <10636> ssl://web.nicepay.co.kr:443 Server Connect OK
 [2024-04-16 09:10:19] <10636> MSG_TO_SVR::[/lite/payProcess.jsp]
 [2024-04-16 09:10:20] <10636> TID -> [ilooda001m01012404160910215272]
 [2024-04-16 09:10:20] <10636> 3001[카드 결제 성공]
 [2024-04-16 09:10:20] <10636> END PYO  Laptime:[0.828sec]
 [2024-04-16 09:10:20] <10636> ===============================================================
 [2024-04-16 11:31:22] <140603> START NicepayLite PYO (V1.1B20140314(OS:Linux2.6.32-754.35.1.el6.x86_64,PHP:7.3.15))
 [2024-04-16 11:31:22] <140603> Connect to ssl://web.nicepay.co.kr:443
 [2024-04-16 11:31:22] <140603> ssl://web.nicepay.co.kr:443 Server Connect OK
 [2024-04-16 11:31:22] <140603> MSG_TO_SVR::[/lite/payProcess.jsp]
 [2024-04-16 11:31:23] <140603> TID -> [ilooda001m01012404161131242997]
 [2024-04-16 11:31:23] <140603> 3001[카드 결제 성공]
 [2024-04-16 11:31:23] <140603> END PYO  Laptime:[0.66sec]
 [2024-04-16 11:31:23] <140603> ===============================================================
 [2024-04-16 11:53:58] <27665> START NicepayLite PYO (V1.1B20140314(OS:Linux2.6.32-754.35.1.el6.x86_64,PHP:7.3.15))
 [2024-04-16 11:53:58] <27665> Connect to ssl://web.nicepay.co.kr:443
 [2024-04-16 11:53:58] <27665> ssl://web.nicepay.co.kr:443 Server Connect OK
 [2024-04-16 11:53:58] <27665> MSG_TO_SVR::[/lite/payProcess.jsp]
 [2024-04-16 11:53:59] <27665> TID -> [ilooda001m01012404161154008154]
 [2024-04-16 11:53:59] <27665> 3001[카드 결제 성공]
 [2024-04-16 11:53:59] <27665> END PYO  Laptime:[0.813sec]
 [2024-04-16 11:53:59] <27665> ===============================================================
 [2024-04-16 13:01:40] <147303> START NicepayLite PYO (V1.1B20140314(OS:Linux2.6.32-754.35.1.el6.x86_64,PHP:7.3.15))
 [2024-04-16 13:01:40] <147303> Connect to ssl://web.nicepay.co.kr:443
 [2024-04-16 13:01:40] <147303> ssl://web.nicepay.co.kr:443 Server Connect OK
 [2024-04-16 13:01:40] <147303> MSG_TO_SVR::[/lite/payProcess.jsp]
 [2024-04-16 13:01:41] <147303> TID -> [ilooda001m01012404161301427420]
 [2024-04-16 13:01:41] <147303> 3001[카드 결제 성공]
 [2024-04-16 13:01:41] <147303> END PYO  Laptime:[0.827sec]
 [2024-04-16 13:01:41] <147303> ===============================================================
 [2024-04-16 13:49:01] <94130> START NicepayLite PYO (V1.1B20140314(OS:Linux2.6.32-754.35.1.el6.x86_64,PHP:7.3.15))
 [2024-04-16 13:49:01] <94130> Connect to ssl://web.nicepay.co.kr:443
 [2024-04-16 13:49:02] <94130> ssl://web.nicepay.co.kr:443 Server Connect OK
 [2024-04-16 13:49:02] <94130> MSG_TO_SVR::[/lite/payProcess.jsp]
 [2024-04-16 13:49:02] <94130> TID -> [ilooda001m01012404161349039517]
 [2024-04-16 13:49:02] <94130> 3001[카드 결제 성공]
 [2024-04-16 13:49:02] <94130> END PYO  Laptime:[0.87sec]
 [2024-04-16 13:49:02] <94130> ===============================================================
 [2024-04-16 14:07:34] <105148> START NicepayLite PYO (V1.1B20140314(OS:Linux2.6.32-754.35.1.el6.x86_64,PHP:7.3.15))
 [2024-04-16 14:07:34] <105148> Connect to ssl://web.nicepay.co.kr:443
 [2024-04-16 14:07:34] <105148> ssl://web.nicepay.co.kr:443 Server Connect OK
 [2024-04-16 14:07:34] <105148> MSG_TO_SVR::[/lite/payProcess.jsp]
 [2024-04-16 14:07:35] <105148> TID -> [ilooda001m01012404161407365699]
 [2024-04-16 14:07:35] <105148> 3001[카드 결제 성공]
 [2024-04-16 14:07:35] <105148> END PYO  Laptime:[1.015sec]
 [2024-04-16 14:07:35] <105148> ===============================================================
 [2024-04-16 14:12:10] <146048> START NicepayLite PYO (V1.1B20140314(OS:Linux2.6.32-754.35.1.el6.x86_64,PHP:7.3.15))
 [2024-04-16 14:12:10] <146048> Connect to ssl://web.nicepay.co.kr:443
 [2024-04-16 14:12:10] <146048> ssl://web.nicepay.co.kr:443 Server Connect OK
 [2024-04-16 14:12:10] <146048> MSG_TO_SVR::[/lite/payProcess.jsp]
 [2024-04-16 14:12:11] <146048> TID -> [ilooda001m01012404161412125776]
 [2024-04-16 14:12:11] <146048> 3001[카드 결제 성공]
 [2024-04-16 14:12:11] <146048> END PYO  Laptime:[0.784sec]
 [2024-04-16 14:12:11] <146048> ===============================================================
 [2024-04-16 17:12:32] <25085> START NicepayLite PYO (V1.1B20140314(OS:Linux2.6.32-754.35.1.el6.x86_64,PHP:7.3.15))
 [2024-04-16 17:12:32] <25085> Connect to ssl://web.nicepay.co.kr:443
 [2024-04-16 17:12:32] <25085> ssl://web.nicepay.co.kr:443 Server Connect OK
 [2024-04-16 17:12:32] <25085> MSG_TO_SVR::[/lite/payProcess.jsp]
 [2024-04-16 17:12:33] <25085> TID -> [ilooda001m01012404161712343041]
 [2024-04-16 17:12:33] <25085> 3001[카드 결제 성공]
 [2024-04-16 17:12:33] <25085> END PYO  Laptime:[0.938sec]
 [2024-04-16 17:12:33] <25085> ===============================================================
 [2024-04-16 17:55:50] <87058> START NicepayLite PYO (V1.1B20140314(OS:Linux2.6.32-754.35.1.el6.x86_64,PHP:7.3.15))
 [2024-04-16 17:55:50] <87058> Connect to ssl://web.nicepay.co.kr:443
 [2024-04-16 17:55:50] <87058> ssl://web.nicepay.co.kr:443 Server Connect OK
 [2024-04-16 17:55:50] <87058> MSG_TO_SVR::[/lite/payProcess.jsp]
 [2024-04-16 17:55:50] <87058> TID -> [ilooda001m01012404161755521488]
 [2024-04-16 17:55:50] <87058> 3001[카드 결제 성공]
 [2024-04-16 17:55:50] <87058> END PYO  Laptime:[0.473sec]
 [2024-04-16 17:55:50] <87058> ===============================================================
 [2024-04-16 18:30:34] <85881> START NicepayLite PYO (V1.1B20140314(OS:Linux2.6.32-754.35.1.el6.x86_64,PHP:7.3.15))
 [2024-04-16 18:30:34] <85881> Connect to ssl://web.nicepay.co.kr:443
 [2024-04-16 18:30:34] <85881> ssl://web.nicepay.co.kr:443 Server Connect OK
 [2024-04-16 18:30:34] <85881> MSG_TO_SVR::[/lite/payProcess.jsp]
 [2024-04-16 18:30:34] <85881> TID -> [ilooda001m01012404161830363808]
 [2024-04-16 18:30:34] <85881> 3001[카드 결제 성공]
 [2024-04-16 18:30:34] <85881> END PYO  Laptime:[0.707sec]
 [2024-04-16 18:30:34] <85881> ===============================================================
 [2024-04-16 19:29:47] <135337> START NicepayLite PYO (V1.1B20140314(OS:Linux2.6.32-754.35.1.el6.x86_64,PHP:7.3.15))
 [2024-04-16 19:29:47] <135337> Connect to ssl://web.nicepay.co.kr:443
 [2024-04-16 19:29:47] <135337> ssl://web.nicepay.co.kr:443 Server Connect OK
 [2024-04-16 19:29:47] <135337> MSG_TO_SVR::[/lite/payProcess.jsp]
 [2024-04-16 19:29:48] <135337> TID -> [ilooda001m01012404161929496757]
 [2024-04-16 19:29:48] <135337> 3001[카드 결제 성공]
 [2024-04-16 19:29:48] <135337> END PYO  Laptime:[0.462sec]
 [2024-04-16 19:29:48] <135337> ===============================================================
