 [2024-01-11 09:44:10] <118727> START NicepayLite PYO (V1.1B20140314(OS:Linux2.6.32-754.35.1.el6.x86_64,PHP:7.3.15))
 [2024-01-11 09:44:10] <118727> Connect to ssl://web.nicepay.co.kr:443
 [2024-01-11 09:44:10] <118727> ssl://web.nicepay.co.kr:443 Server Connect OK
 [2024-01-11 09:44:10] <118727> MSG_TO_SVR::[/lite/payProcess.jsp]
 [2024-01-11 09:44:10] <118727> TID -> [ilooda001m01012401110944098840]
 [2024-01-11 09:44:10] <118727> 3001[카드 결제 성공]
 [2024-01-11 09:44:10] <118727> END PYO  Laptime:[0.514sec]
 [2024-01-11 09:44:10] <118727> ===============================================================
 [2024-01-11 10:19:50] <65208> START NicepayLite PYO (V1.1B20140314(OS:Linux2.6.32-754.35.1.el6.x86_64,PHP:7.3.15))
 [2024-01-11 10:19:50] <65208> Connect to ssl://web.nicepay.co.kr:443
 [2024-01-11 10:19:50] <65208> ssl://web.nicepay.co.kr:443 Server Connect OK
 [2024-01-11 10:19:50] <65208> MSG_TO_SVR::[/lite/payProcess.jsp]
 [2024-01-11 10:19:50] <65208> TID -> [ilooda001m01012401111019499225]
 [2024-01-11 10:19:50] <65208> 3001[카드 결제 성공]
 [2024-01-11 10:19:50] <65208> END PYO  Laptime:[0.634sec]
 [2024-01-11 10:19:50] <65208> ===============================================================
 [2024-01-11 16:08:33] <116506> START NicepayLite PYO (V1.1B20140314(OS:Linux2.6.32-754.35.1.el6.x86_64,PHP:7.3.15))
 [2024-01-11 16:08:33] <116506> Connect to ssl://web.nicepay.co.kr:443
 [2024-01-11 16:08:33] <116506> ssl://web.nicepay.co.kr:443 Server Connect OK
 [2024-01-11 16:08:33] <116506> MSG_TO_SVR::[/lite/payProcess.jsp]
 [2024-01-11 16:08:33] <116506> TID -> [ilooda001m01012401111608331641]
 [2024-01-11 16:08:33] <116506> 3001[카드 결제 성공]
 [2024-01-11 16:08:33] <116506> END PYO  Laptime:[0.5sec]
 [2024-01-11 16:08:33] <116506> ===============================================================
 [2024-01-11 17:03:42] <49455> START NicepayLite PYO (V1.1B20140314(OS:Linux2.6.32-754.35.1.el6.x86_64,PHP:7.3.15))
 [2024-01-11 17:03:42] <49455> Connect to ssl://web.nicepay.co.kr:443
 [2024-01-11 17:03:42] <49455> ssl://web.nicepay.co.kr:443 Server Connect OK
 [2024-01-11 17:03:42] <49455> MSG_TO_SVR::[/lite/payProcess.jsp]
 [2024-01-11 17:03:42] <49455> TID -> [ilooda001m01012401111703420731]
 [2024-01-11 17:03:42] <49455> 3001[카드 결제 성공]
 [2024-01-11 17:03:42] <49455> END PYO  Laptime:[0.506sec]
 [2024-01-11 17:03:42] <49455> ===============================================================
 [2024-01-11 17:54:35] <103805> START NicepayLite PYO (V1.1B20140314(OS:Linux2.6.32-754.35.1.el6.x86_64,PHP:7.3.15))
 [2024-01-11 17:54:35] <103805> Connect to ssl://web.nicepay.co.kr:443
 [2024-01-11 17:54:35] <103805> ssl://web.nicepay.co.kr:443 Server Connect OK
 [2024-01-11 17:54:35] <103805> MSG_TO_SVR::[/lite/payProcess.jsp]
 [2024-01-11 17:54:36] <103805> TID -> [ilooda001m01012401111754356186]
 [2024-01-11 17:54:36] <103805> 3001[카드 결제 성공]
 [2024-01-11 17:54:36] <103805> END PYO  Laptime:[1.181sec]
 [2024-01-11 17:54:36] <103805> ===============================================================
 [2024-01-11 18:00:18] <144238> START NicepayLite PYO (V1.1B20140314(OS:Linux2.6.32-754.35.1.el6.x86_64,PHP:7.3.15))
 [2024-01-11 18:00:18] <144238> Connect to ssl://web.nicepay.co.kr:443
 [2024-01-11 18:00:18] <144238> ssl://web.nicepay.co.kr:443 Server Connect OK
 [2024-01-11 18:00:18] <144238> MSG_TO_SVR::[/lite/payProcess.jsp]
 [2024-01-11 18:00:18] <144238> TID -> [ilooda001m01012401111800180399]
 [2024-01-11 18:00:18] <144238> 3001[카드 결제 성공]
 [2024-01-11 18:00:18] <144238> END PYO  Laptime:[0.359sec]
 [2024-01-11 18:00:18] <144238> ===============================================================
 [2024-01-11 18:22:31] <146555> START NicepayLite PYO (V1.1B20140314(OS:Linux2.6.32-754.35.1.el6.x86_64,PHP:7.3.15))
 [2024-01-11 18:22:31] <146555> Connect to ssl://web.nicepay.co.kr:443
 [2024-01-11 18:22:31] <146555> ssl://web.nicepay.co.kr:443 Server Connect OK
 [2024-01-11 18:22:31] <146555> MSG_TO_SVR::[/lite/payProcess.jsp]
 [2024-01-11 18:22:31] <146555> TID -> [ilooda001m01012401111822312398]
 [2024-01-11 18:22:31] <146555> 3001[카드 결제 성공]
 [2024-01-11 18:22:31] <146555> END PYO  Laptime:[0.371sec]
 [2024-01-11 18:22:31] <146555> ===============================================================
