 [2024-02-20 10:59:16] <47454> START NicepayLite PYO (V1.1B20140314(OS:Linux2.6.32-754.35.1.el6.x86_64,PHP:7.3.15))
 [2024-02-20 10:59:16] <47454> Connect to ssl://web.nicepay.co.kr:443
 [2024-02-20 10:59:16] <47454> ssl://web.nicepay.co.kr:443 Server Connect OK
 [2024-02-20 10:59:16] <47454> MSG_TO_SVR::[/lite/payProcess.jsp]
 [2024-02-20 10:59:17] <47454> TID -> [ilooda001m01012402201059177154]
 [2024-02-20 10:59:17] <47454> 3001[카드 결제 성공]
 [2024-02-20 10:59:17] <47454> END PYO  Laptime:[0.912sec]
 [2024-02-20 10:59:17] <47454> ===============================================================
 [2024-02-20 12:22:36] <120030> START NicepayLite PYO (V1.1B20140314(OS:Linux2.6.32-754.35.1.el6.x86_64,PHP:7.3.15))
 [2024-02-20 12:22:36] <120030> Connect to ssl://web.nicepay.co.kr:443
 [2024-02-20 12:22:36] <120030> ssl://web.nicepay.co.kr:443 Server Connect OK
 [2024-02-20 12:22:36] <120030> MSG_TO_SVR::[/lite/payProcess.jsp]
 [2024-02-20 12:22:36] <120030> TID -> [ilooda001m01012402201222370640]
 [2024-02-20 12:22:36] <120030> 3001[카드 결제 성공]
 [2024-02-20 12:22:36] <120030> END PYO  Laptime:[0.918sec]
 [2024-02-20 12:22:36] <120030> ===============================================================
 [2024-02-20 12:39:03] <100913> START NicepayLite PYO (V1.1B20140314(OS:Linux2.6.32-754.35.1.el6.x86_64,PHP:7.3.15))
 [2024-02-20 12:39:03] <100913> Connect to ssl://web.nicepay.co.kr:443
 [2024-02-20 12:39:03] <100913> ssl://web.nicepay.co.kr:443 Server Connect OK
 [2024-02-20 12:39:03] <100913> MSG_TO_SVR::[/lite/payProcess.jsp]
 [2024-02-20 12:39:03] <100913> TID -> [ilooda001m01012402201239042717]
 [2024-02-20 12:39:03] <100913> 3001[카드 결제 성공]
 [2024-02-20 12:39:03] <100913> END PYO  Laptime:[0.513sec]
 [2024-02-20 12:39:03] <100913> ===============================================================
 [2024-02-20 14:32:01] <109471> START NicepayLite PYO (V1.1B20140314(OS:Linux2.6.32-754.35.1.el6.x86_64,PHP:7.3.15))
 [2024-02-20 14:32:01] <109471> Connect to ssl://web.nicepay.co.kr:443
 [2024-02-20 14:32:01] <109471> ssl://web.nicepay.co.kr:443 Server Connect OK
 [2024-02-20 14:32:01] <109471> MSG_TO_SVR::[/lite/payProcess.jsp]
 [2024-02-20 14:32:02] <109471> TID -> [ilooda001m01012402201432029300]
 [2024-02-20 14:32:02] <109471> 3001[카드 결제 성공]
 [2024-02-20 14:32:02] <109471> END PYO  Laptime:[0.835sec]
 [2024-02-20 14:32:02] <109471> ===============================================================
 [2024-02-20 14:37:53] <11916> START NicepayLite PYO (V1.1B20140314(OS:Linux2.6.32-754.35.1.el6.x86_64,PHP:7.3.15))
 [2024-02-20 14:37:53] <11916> Connect to ssl://web.nicepay.co.kr:443
 [2024-02-20 14:37:53] <11916> ssl://web.nicepay.co.kr:443 Server Connect OK
 [2024-02-20 14:37:53] <11916> MSG_TO_SVR::[/lite/payProcess.jsp]
 [2024-02-20 14:37:54] <11916> TID -> [ilooda001m01012402201437545764]
 [2024-02-20 14:37:54] <11916> 3001[카드 결제 성공]
 [2024-02-20 14:37:54] <11916> END PYO  Laptime:[0.873sec]
 [2024-02-20 14:37:54] <11916> ===============================================================
 [2024-02-20 14:53:36] <140620> START NicepayLite PYO (V1.1B20140314(OS:Linux2.6.32-754.35.1.el6.x86_64,PHP:7.3.15))
 [2024-02-20 14:53:36] <140620> Connect to ssl://web.nicepay.co.kr:443
 [2024-02-20 14:53:36] <140620> ssl://web.nicepay.co.kr:443 Server Connect OK
 [2024-02-20 14:53:36] <140620> MSG_TO_SVR::[/lite/payProcess.jsp]
 [2024-02-20 14:53:36] <140620> TID -> [ilooda001m01012402201453372382]
 [2024-02-20 14:53:36] <140620> 3001[카드 결제 성공]
 [2024-02-20 14:53:36] <140620> END PYO  Laptime:[0.778sec]
 [2024-02-20 14:53:36] <140620> ===============================================================
 [2024-02-20 17:37:23] <119032> START NicepayLite PYO (V1.1B20140314(OS:Linux2.6.32-754.35.1.el6.x86_64,PHP:7.3.15))
 [2024-02-20 17:37:23] <119032> Connect to ssl://web.nicepay.co.kr:443
 [2024-02-20 17:37:29] <119032> ssl://web.nicepay.co.kr:443 Server Connect OK
 [2024-02-20 17:37:29] <119032> MSG_TO_SVR::[/lite/payProcess.jsp]
 [2024-02-20 17:37:29] <119032> TID -> [ilooda001m01012402201737300746]
 [2024-02-20 17:37:29] <119032> 3001[카드 결제 성공]
 [2024-02-20 17:37:29] <119032> END PYO  Laptime:[5.679sec]
 [2024-02-20 17:37:29] <119032> ===============================================================
 [2024-02-20 18:35:02] <126512> START NicepayLite PYO (V1.1B20140314(OS:Linux2.6.32-754.35.1.el6.x86_64,PHP:7.3.15))
 [2024-02-20 18:35:02] <126512> Connect to ssl://web.nicepay.co.kr:443
 [2024-02-20 18:35:02] <126512> ssl://web.nicepay.co.kr:443 Server Connect OK
 [2024-02-20 18:35:02] <126512> MSG_TO_SVR::[/lite/payProcess.jsp]
 [2024-02-20 18:35:02] <126512> TID -> [ilooda001m01012402201835032776]
 [2024-02-20 18:35:02] <126512> 3001[카드 결제 성공]
 [2024-02-20 18:35:02] <126512> END PYO  Laptime:[0.552sec]
 [2024-02-20 18:35:02] <126512> ===============================================================
 [2024-02-20 20:17:22] <58201> START NicepayLite PYO (V1.1B20140314(OS:Linux2.6.32-754.35.1.el6.x86_64,PHP:7.3.15))
 [2024-02-20 20:17:22] <58201> Connect to ssl://web.nicepay.co.kr:443
 [2024-02-20 20:17:22] <58201> ssl://web.nicepay.co.kr:443 Server Connect OK
 [2024-02-20 20:17:22] <58201> MSG_TO_SVR::[/lite/payProcess.jsp]
 [2024-02-20 20:17:23] <58201> TID -> [ilooda001m01012402202017239887]
 [2024-02-20 20:17:23] <58201> 3001[카드 결제 성공]
 [2024-02-20 20:17:23] <58201> END PYO  Laptime:[0.415sec]
 [2024-02-20 20:17:23] <58201> ===============================================================
