 [2024-04-08 10:26:48] <30640> START NicepayLite PYO (V1.1B20140314(OS:Linux2.6.32-754.35.1.el6.x86_64,PHP:7.3.15))
 [2024-04-08 10:26:48] <30640> Connect to ssl://web.nicepay.co.kr:443
 [2024-04-08 10:26:48] <30640> ssl://web.nicepay.co.kr:443 Server Connect OK
 [2024-04-08 10:26:48] <30640> MSG_TO_SVR::[/lite/payProcess.jsp]
 [2024-04-08 10:26:49] <30640> TID -> [ilooda001m01012404081026501684]
 [2024-04-08 10:26:49] <30640> 3001[카드 결제 성공]
 [2024-04-08 10:26:49] <30640> END PYO  Laptime:[0.631sec]
 [2024-04-08 10:26:49] <30640> ===============================================================
 [2024-04-08 10:48:10] <68584> START NicepayLite PYO (V1.1B20140314(OS:Linux2.6.32-754.35.1.el6.x86_64,PHP:7.3.15))
 [2024-04-08 10:48:10] <68584> Connect to ssl://web.nicepay.co.kr:443
 [2024-04-08 10:48:10] <68584> ssl://web.nicepay.co.kr:443 Server Connect OK
 [2024-04-08 10:48:10] <68584> MSG_TO_SVR::[/lite/payProcess.jsp]
 [2024-04-08 10:48:10] <68584> TID -> [ilooda001m01012404081048117610]
 [2024-04-08 10:48:10] <68584> 3001[카드 결제 성공]
 [2024-04-08 10:48:10] <68584> END PYO  Laptime:[0.511sec]
 [2024-04-08 10:48:10] <68584> ===============================================================
 [2024-04-08 11:45:04] <99763> START NicepayLite PYO (V1.1B20140314(OS:Linux2.6.32-754.35.1.el6.x86_64,PHP:7.3.15))
 [2024-04-08 11:45:04] <99763> Connect to ssl://web.nicepay.co.kr:443
 [2024-04-08 11:45:04] <99763> ssl://web.nicepay.co.kr:443 Server Connect OK
 [2024-04-08 11:45:04] <99763> MSG_TO_SVR::[/lite/payProcess.jsp]
 [2024-04-08 11:45:04] <99763> TID -> [ilooda001m01012404081145057527]
 [2024-04-08 11:45:04] <99763> 3001[카드 결제 성공]
 [2024-04-08 11:45:04] <99763> END PYO  Laptime:[0.58sec]
 [2024-04-08 11:45:04] <99763> ===============================================================
 [2024-04-08 12:13:52] <48512> START NicepayLite PYO (V1.1B20140314(OS:Linux2.6.32-754.35.1.el6.x86_64,PHP:7.3.15))
 [2024-04-08 12:13:52] <48512> Connect to ssl://web.nicepay.co.kr:443
 [2024-04-08 12:13:52] <48512> ssl://web.nicepay.co.kr:443 Server Connect OK
 [2024-04-08 12:13:52] <48512> MSG_TO_SVR::[/lite/payProcess.jsp]
 [2024-04-08 12:13:53] <48512> TID -> [ilooda001m01012404081213543284]
 [2024-04-08 12:13:53] <48512> 3001[카드 결제 성공]
 [2024-04-08 12:13:53] <48512> END PYO  Laptime:[0.671sec]
 [2024-04-08 12:13:53] <48512> ===============================================================
 [2024-04-08 12:15:55] <65478> START NicepayLite PYO (V1.1B20140314(OS:Linux2.6.32-754.35.1.el6.x86_64,PHP:7.3.15))
 [2024-04-08 12:15:55] <65478> Connect to ssl://web.nicepay.co.kr:443
 [2024-04-08 12:16:00] <65478> ssl://web.nicepay.co.kr:443 Server Connect OK
 [2024-04-08 12:16:00] <65478> MSG_TO_SVR::[/lite/payProcess.jsp]
 [2024-04-08 12:16:01] <65478> TID -> [ilooda001m01012404081216021756]
 [2024-04-08 12:16:01] <65478> 3001[카드 결제 성공]
 [2024-04-08 12:16:01] <65478> END PYO  Laptime:[5.631sec]
 [2024-04-08 12:16:01] <65478> ===============================================================
 [2024-04-08 12:16:25] <73611> START NicepayLite PYO (V1.1B20140314(OS:Linux2.6.32-754.35.1.el6.x86_64,PHP:7.3.15))
 [2024-04-08 12:16:25] <73611> Connect to ssl://web.nicepay.co.kr:443
 [2024-04-08 12:16:25] <73611> ssl://web.nicepay.co.kr:443 Server Connect OK
 [2024-04-08 12:16:25] <73611> MSG_TO_SVR::[/lite/payProcess.jsp]
 [2024-04-08 12:16:26] <73611> TID -> [ilooda001m01012404081216272250]
 [2024-04-08 12:16:26] <73611> 3001[카드 결제 성공]
 [2024-04-08 12:16:26] <73611> END PYO  Laptime:[0.666sec]
 [2024-04-08 12:16:26] <73611> ===============================================================
 [2024-04-08 12:25:34] <2157> START NicepayLite PYO (V1.1B20140314(OS:Linux2.6.32-754.35.1.el6.x86_64,PHP:7.3.15))
 [2024-04-08 12:25:34] <2157> Connect to ssl://web.nicepay.co.kr:443
 [2024-04-08 12:25:34] <2157> ssl://web.nicepay.co.kr:443 Server Connect OK
 [2024-04-08 12:25:34] <2157> MSG_TO_SVR::[/lite/payProcess.jsp]
 [2024-04-08 12:25:35] <2157> TID -> [ilooda001m01012404081225364554]
 [2024-04-08 12:25:35] <2157> 3001[카드 결제 성공]
 [2024-04-08 12:25:35] <2157> END PYO  Laptime:[0.702sec]
 [2024-04-08 12:25:35] <2157> ===============================================================
 [2024-04-08 12:54:09] <98794> START NicepayLite PYO (V1.1B20140314(OS:Linux2.6.32-754.35.1.el6.x86_64,PHP:7.3.15))
 [2024-04-08 12:54:09] <98794> Connect to ssl://web.nicepay.co.kr:443
 [2024-04-08 12:54:10] <98794> ssl://web.nicepay.co.kr:443 Server Connect OK
 [2024-04-08 12:54:10] <98794> MSG_TO_SVR::[/lite/payProcess.jsp]
 [2024-04-08 12:54:10] <98794> TID -> [ilooda001m01012404081254114998]
 [2024-04-08 12:54:10] <98794> 3001[카드 결제 성공]
 [2024-04-08 12:54:10] <98794> END PYO  Laptime:[0.759sec]
 [2024-04-08 12:54:10] <98794> ===============================================================
 [2024-04-08 13:58:44] <50096> START NicepayLite PYO (V1.1B20140314(OS:Linux2.6.32-754.35.1.el6.x86_64,PHP:7.3.15))
 [2024-04-08 13:58:44] <50096> Connect to ssl://web.nicepay.co.kr:443
 [2024-04-08 13:58:44] <50096> ssl://web.nicepay.co.kr:443 Server Connect OK
 [2024-04-08 13:58:44] <50096> MSG_TO_SVR::[/lite/payProcess.jsp]
 [2024-04-08 13:58:45] <50096> TID -> [ilooda001m01012404081358464286]
 [2024-04-08 13:58:45] <50096> 3001[카드 결제 성공]
 [2024-04-08 13:58:45] <50096> END PYO  Laptime:[0.706sec]
 [2024-04-08 13:58:45] <50096> ===============================================================
 [2024-04-08 15:26:42] <60618> START NicepayLite PYO (V1.1B20140314(OS:Linux2.6.32-754.35.1.el6.x86_64,PHP:7.3.15))
 [2024-04-08 15:26:42] <60618> Connect to ssl://web.nicepay.co.kr:443
 [2024-04-08 15:26:42] <60618> ssl://web.nicepay.co.kr:443 Server Connect OK
 [2024-04-08 15:26:42] <60618> MSG_TO_SVR::[/lite/payProcess.jsp]
 [2024-04-08 15:26:43] <60618> TID -> [ilooda001m01012404081526439586]
 [2024-04-08 15:26:43] <60618> 3001[카드 결제 성공]
 [2024-04-08 15:26:43] <60618> END PYO  Laptime:[0.649sec]
 [2024-04-08 15:26:43] <60618> ===============================================================
 [2024-04-08 17:21:39] <14392> START NicepayLite PYO (V1.1B20140314(OS:Linux2.6.32-754.35.1.el6.x86_64,PHP:7.3.15))
 [2024-04-08 17:21:39] <14392> Connect to ssl://web.nicepay.co.kr:443
 [2024-04-08 17:21:39] <14392> ssl://web.nicepay.co.kr:443 Server Connect OK
 [2024-04-08 17:21:39] <14392> MSG_TO_SVR::[/lite/payProcess.jsp]
 [2024-04-08 17:21:40] <14392> TID -> [ilooda001m01012404081721415435]
 [2024-04-08 17:21:40] <14392> 3001[카드 결제 성공]
 [2024-04-08 17:21:40] <14392> END PYO  Laptime:[0.739sec]
 [2024-04-08 17:21:40] <14392> ===============================================================
 [2024-04-08 17:38:10] <12310> START NicepayLite PYO (V1.1B20140314(OS:Linux2.6.32-754.35.1.el6.x86_64,PHP:7.3.15))
 [2024-04-08 17:38:10] <12310> Connect to ssl://web.nicepay.co.kr:443
 [2024-04-08 17:38:10] <12310> ssl://web.nicepay.co.kr:443 Server Connect OK
 [2024-04-08 17:38:10] <12310> MSG_TO_SVR::[/lite/payProcess.jsp]
 [2024-04-08 17:38:11] <12310> TID -> [ilooda001m01012404081738125273]
 [2024-04-08 17:38:11] <12310> 3001[카드 결제 성공]
 [2024-04-08 17:38:11] <12310> END PYO  Laptime:[0.64sec]
 [2024-04-08 17:38:11] <12310> ===============================================================
 [2024-04-08 19:24:34] <30118> START NicepayLite PYO (V1.1B20140314(OS:Linux2.6.32-754.35.1.el6.x86_64,PHP:7.3.15))
 [2024-04-08 19:24:34] <30118> Connect to ssl://web.nicepay.co.kr:443
 [2024-04-08 19:24:34] <30118> ssl://web.nicepay.co.kr:443 Server Connect OK
 [2024-04-08 19:24:34] <30118> MSG_TO_SVR::[/lite/payProcess.jsp]
 [2024-04-08 19:24:35] <30118> TID -> [ilooda001m01012404081924364562]
 [2024-04-08 19:24:35] <30118> 3001[카드 결제 성공]
 [2024-04-08 19:24:35] <30118> END PYO  Laptime:[0.32sec]
 [2024-04-08 19:24:35] <30118> ===============================================================
 [2024-04-08 19:31:47] <90037> START NicepayLite PYO (V1.1B20140314(OS:Linux2.6.32-754.35.1.el6.x86_64,PHP:7.3.15))
 [2024-04-08 19:31:47] <90037> Connect to ssl://web.nicepay.co.kr:443
 [2024-04-08 19:31:47] <90037> ssl://web.nicepay.co.kr:443 Server Connect OK
 [2024-04-08 19:31:47] <90037> MSG_TO_SVR::[/lite/payProcess.jsp]
 [2024-04-08 19:31:47] <90037> TID -> [ilooda001m01012404081931488977]
 [2024-04-08 19:31:47] <90037> 3001[카드 결제 성공]
 [2024-04-08 19:31:47] <90037> END PYO  Laptime:[0.59sec]
 [2024-04-08 19:31:47] <90037> ===============================================================
