 [2023-11-24 10:15:12] <97003> START NicepayLite PYO (V1.1B20140314(OS:Linux2.6.32-754.35.1.el6.x86_64,PHP:7.3.15))
 [2023-11-24 10:15:12] <97003> Connect to ssl://web.nicepay.co.kr:443
 [2023-11-24 10:15:12] <97003> ssl://web.nicepay.co.kr:443 Server Connect OK
 [2023-11-24 10:15:12] <97003> MSG_TO_SVR::[/lite/payProcess.jsp]
 [2023-11-24 10:15:13] <97003> TID -> [ilooda001m01012311241015138187]
 [2023-11-24 10:15:13] <97003> 3001[카드 결제 성공]
 [2023-11-24 10:15:13] <97003> END PYO  Laptime:[0.735sec]
 [2023-11-24 10:15:13] <97003> ===============================================================
 [2023-11-24 11:47:43] <46911> START NicepayLite PYO (V1.1B20140314(OS:Linux2.6.32-754.35.1.el6.x86_64,PHP:7.3.15))
 [2023-11-24 11:47:43] <46911> Connect to ssl://web.nicepay.co.kr:443
 [2023-11-24 11:47:43] <46911> ssl://web.nicepay.co.kr:443 Server Connect OK
 [2023-11-24 11:47:43] <46911> MSG_TO_SVR::[/lite/payProcess.jsp]
 [2023-11-24 11:47:44] <46911> TID -> [ilooda001m01012311241147451247]
 [2023-11-24 11:47:44] <46911> 3001[카드 결제 성공]
 [2023-11-24 11:47:44] <46911> END PYO  Laptime:[0.699sec]
 [2023-11-24 11:47:44] <46911> ===============================================================
 [2023-11-24 11:47:47] <46911> START NicepayLite PYO (V1.1B20140314(OS:Linux2.6.32-754.35.1.el6.x86_64,PHP:7.3.15))
 [2023-11-24 11:47:47] <46911> Connect to ssl://web.nicepay.co.kr:443
 [2023-11-24 11:47:47] <46911> ssl://web.nicepay.co.kr:443 Server Connect OK
 [2023-11-24 11:47:47] <46911> MSG_TO_SVR::[/lite/payProcess.jsp]
 [2023-11-24 11:47:48] <46911> TID -> [ilooda001m01012311241147482842]
 [2023-11-24 11:47:48] <46911> 3001[카드 결제 성공]
 [2023-11-24 11:47:48] <46911> END PYO  Laptime:[0.93sec]
 [2023-11-24 11:47:48] <46911> ===============================================================
 [2023-11-24 12:44:58] <26604> START NicepayLite PYO (V1.1B20140314(OS:Linux2.6.32-754.35.1.el6.x86_64,PHP:7.3.15))
 [2023-11-24 12:44:58] <26604> Connect to ssl://web.nicepay.co.kr:443
 [2023-11-24 12:44:58] <26604> ssl://web.nicepay.co.kr:443 Server Connect OK
 [2023-11-24 12:44:58] <26604> MSG_TO_SVR::[/lite/payProcess.jsp]
 [2023-11-24 12:44:59] <26604> TID -> [ilooda001m01012311241244598930]
 [2023-11-24 12:44:59] <26604> 3001[카드 결제 성공]
 [2023-11-24 12:44:59] <26604> END PYO  Laptime:[0.676sec]
 [2023-11-24 12:44:59] <26604> ===============================================================
 [2023-11-24 12:57:16] <122498> START NicepayLite PYO (V1.1B20140314(OS:Linux2.6.32-754.35.1.el6.x86_64,PHP:7.3.15))
 [2023-11-24 12:57:16] <122498> Connect to ssl://web.nicepay.co.kr:443
 [2023-11-24 12:57:16] <122498> ssl://web.nicepay.co.kr:443 Server Connect OK
 [2023-11-24 12:57:16] <122498> MSG_TO_SVR::[/lite/payProcess.jsp]
 [2023-11-24 12:57:17] <122498> TID -> [ilooda001m01012311241257179041]
 [2023-11-24 12:57:17] <122498> 3001[카드 결제 성공]
 [2023-11-24 12:57:17] <122498> END PYO  Laptime:[0.38sec]
 [2023-11-24 12:57:17] <122498> ===============================================================
 [2023-11-24 13:01:44] <5090> START NicepayLite PYO (V1.1B20140314(OS:Linux2.6.32-754.35.1.el6.x86_64,PHP:7.3.15))
 [2023-11-24 13:01:44] <5090> Connect to ssl://web.nicepay.co.kr:443
 [2023-11-24 13:01:44] <5090> ssl://web.nicepay.co.kr:443 Server Connect OK
 [2023-11-24 13:01:44] <5090> MSG_TO_SVR::[/lite/payProcess.jsp]
 [2023-11-24 13:01:45] <5090> TID -> [ilooda001m01012311241301459292]
 [2023-11-24 13:01:45] <5090> 3001[카드 결제 성공]
 [2023-11-24 13:01:45] <5090> END PYO  Laptime:[0.728sec]
 [2023-11-24 13:01:45] <5090> ===============================================================
 [2023-11-24 17:40:20] <23414> START NicepayLite PYO (V1.1B20140314(OS:Linux2.6.32-754.35.1.el6.x86_64,PHP:7.3.15))
 [2023-11-24 17:40:20] <23414> Connect to ssl://web.nicepay.co.kr:443
 [2023-11-24 17:40:20] <23414> ssl://web.nicepay.co.kr:443 Server Connect OK
 [2023-11-24 17:40:20] <23414> MSG_TO_SVR::[/lite/payProcess.jsp]
 [2023-11-24 17:40:20] <23414> TID -> [ilooda001m01012311241740216593]
 [2023-11-24 17:40:20] <23414> 3001[카드 결제 성공]
 [2023-11-24 17:40:20] <23414> END PYO  Laptime:[0.608sec]
 [2023-11-24 17:40:20] <23414> ===============================================================
