 [2024-03-13 08:27:00] <58301> START NicepayLite PYO (V1.1B20140314(OS:Linux2.6.32-754.35.1.el6.x86_64,PHP:7.3.15))
 [2024-03-13 08:27:00] <58301> Connect to ssl://web.nicepay.co.kr:443
 [2024-03-13 08:27:00] <58301> ssl://web.nicepay.co.kr:443 Server Connect OK
 [2024-03-13 08:27:00] <58301> MSG_TO_SVR::[/lite/payProcess.jsp]
 [2024-03-13 08:27:01] <58301> TID -> [ilooda001m01012403130827017486]
 [2024-03-13 08:27:01] <58301> 3001[카드 결제 성공]
 [2024-03-13 08:27:01] <58301> END PYO  Laptime:[0.984sec]
 [2024-03-13 08:27:01] <58301> ===============================================================
 [2024-03-13 09:28:19] <109420> START NicepayLite PYO (V1.1B20140314(OS:Linux2.6.32-754.35.1.el6.x86_64,PHP:7.3.15))
 [2024-03-13 09:28:19] <109420> Connect to ssl://web.nicepay.co.kr:443
 [2024-03-13 09:28:19] <109420> ssl://web.nicepay.co.kr:443 Server Connect OK
 [2024-03-13 09:28:19] <109420> MSG_TO_SVR::[/lite/payProcess.jsp]
 [2024-03-13 09:28:20] <109420> TID -> [ilooda001m01012403130928203953]
 [2024-03-13 09:28:20] <109420> 3001[카드 결제 성공]
 [2024-03-13 09:28:20] <109420> END PYO  Laptime:[0.856sec]
 [2024-03-13 09:28:20] <109420> ===============================================================
 [2024-03-13 11:17:23] <104173> START NicepayLite PYO (V1.1B20140314(OS:Linux2.6.32-754.35.1.el6.x86_64,PHP:7.3.15))
 [2024-03-13 11:17:23] <104173> Connect to ssl://web.nicepay.co.kr:443
 [2024-03-13 11:17:23] <104173> ssl://web.nicepay.co.kr:443 Server Connect OK
 [2024-03-13 11:17:23] <104173> MSG_TO_SVR::[/lite/payProcess.jsp]
 [2024-03-13 11:17:23] <104173> TID -> [ilooda001m01012403131117238643]
 [2024-03-13 11:17:23] <104173> 3001[카드 결제 성공]
 [2024-03-13 11:17:23] <104173> END PYO  Laptime:[0.353sec]
 [2024-03-13 11:17:23] <104173> ===============================================================
 [2024-03-13 12:41:49] <39725> START NicepayLite PYO (V1.1B20140314(OS:Linux2.6.32-754.35.1.el6.x86_64,PHP:7.3.15))
 [2024-03-13 12:41:49] <39725> Connect to ssl://web.nicepay.co.kr:443
 [2024-03-13 12:41:49] <39725> ssl://web.nicepay.co.kr:443 Server Connect OK
 [2024-03-13 12:41:49] <39725> MSG_TO_SVR::[/lite/payProcess.jsp]
 [2024-03-13 12:41:50] <39725> TID -> [ilooda001m01012403131241504543]
 [2024-03-13 12:41:50] <39725> 3001[카드 결제 성공]
 [2024-03-13 12:41:50] <39725> END PYO  Laptime:[0.522sec]
 [2024-03-13 12:41:50] <39725> ===============================================================
 [2024-03-13 12:51:47] <119638> START NicepayLite PYO (V1.1B20140314(OS:Linux2.6.32-754.35.1.el6.x86_64,PHP:7.3.15))
 [2024-03-13 12:51:47] <119638> Connect to ssl://web.nicepay.co.kr:443
 [2024-03-13 12:51:47] <119638> ssl://web.nicepay.co.kr:443 Server Connect OK
 [2024-03-13 12:51:47] <119638> MSG_TO_SVR::[/lite/payProcess.jsp]
 [2024-03-13 12:51:47] <119638> TID -> [ilooda001m01012403131251479992]
 [2024-03-13 12:51:47] <119638> 3001[카드 결제 성공]
 [2024-03-13 12:51:47] <119638> END PYO  Laptime:[0.697sec]
 [2024-03-13 12:51:47] <119638> ===============================================================
 [2024-03-13 13:47:15] <126043> START NicepayLite PYO (V1.1B20140314(OS:Linux2.6.32-754.35.1.el6.x86_64,PHP:7.3.15))
 [2024-03-13 13:47:15] <126043> Connect to ssl://web.nicepay.co.kr:443
 [2024-03-13 13:47:15] <126043> ssl://web.nicepay.co.kr:443 Server Connect OK
 [2024-03-13 13:47:15] <126043> MSG_TO_SVR::[/lite/payProcess.jsp]
 [2024-03-13 13:47:16] <126043> TID -> [ilooda001m01012403131347166853]
 [2024-03-13 13:47:16] <126043> 3001[카드 결제 성공]
 [2024-03-13 13:47:16] <126043> END PYO  Laptime:[0.525sec]
 [2024-03-13 13:47:16] <126043> ===============================================================
 [2024-03-13 14:38:22] <93930> START NicepayLite PYO (V1.1B20140314(OS:Linux2.6.32-754.35.1.el6.x86_64,PHP:7.3.15))
 [2024-03-13 14:38:23] <93930> Connect to ssl://web.nicepay.co.kr:443
 [2024-03-13 14:38:23] <93930> ssl://web.nicepay.co.kr:443 Server Connect OK
 [2024-03-13 14:38:23] <93930> MSG_TO_SVR::[/lite/payProcess.jsp]
 [2024-03-13 14:38:23] <93930> TID -> [ilooda001m01012403131438239356]
 [2024-03-13 14:38:23] <93930> 3001[카드 결제 성공]
 [2024-03-13 14:38:23] <93930> END PYO  Laptime:[0.82sec]
 [2024-03-13 14:38:23] <93930> ===============================================================
 [2024-03-13 16:19:03] <21377> START NicepayLite PYO (V1.1B20140314(OS:Linux2.6.32-754.35.1.el6.x86_64,PHP:7.3.15))
 [2024-03-13 16:19:03] <21377> Connect to ssl://web.nicepay.co.kr:443
 [2024-03-13 16:19:03] <21377> ssl://web.nicepay.co.kr:443 Server Connect OK
 [2024-03-13 16:19:03] <21377> MSG_TO_SVR::[/lite/payProcess.jsp]
 [2024-03-13 16:19:03] <21377> TID -> [ilooda001m01012403131619042495]
 [2024-03-13 16:19:03] <21377> 3001[카드 결제 성공]
 [2024-03-13 16:19:03] <21377> END PYO  Laptime:[0.501sec]
 [2024-03-13 16:19:03] <21377> ===============================================================
 [2024-03-13 16:36:36] <19980> START NicepayLite PYO (V1.1B20140314(OS:Linux2.6.32-754.35.1.el6.x86_64,PHP:7.3.15))
 [2024-03-13 16:36:36] <19980> Connect to ssl://web.nicepay.co.kr:443
 [2024-03-13 16:36:36] <19980> ssl://web.nicepay.co.kr:443 Server Connect OK
 [2024-03-13 16:36:36] <19980> MSG_TO_SVR::[/lite/payProcess.jsp]
 [2024-03-13 16:36:36] <19980> TID -> [ilooda001m01012403131636372944]
 [2024-03-13 16:36:36] <19980> 3001[카드 결제 성공]
 [2024-03-13 16:36:36] <19980> END PYO  Laptime:[0.39sec]
 [2024-03-13 16:36:36] <19980> ===============================================================
 [2024-03-13 18:14:19] <78031> START NicepayLite PYO (V1.1B20140314(OS:Linux2.6.32-754.35.1.el6.x86_64,PHP:7.3.15))
 [2024-03-13 18:14:19] <78031> Connect to ssl://web.nicepay.co.kr:443
 [2024-03-13 18:14:19] <78031> ssl://web.nicepay.co.kr:443 Server Connect OK
 [2024-03-13 18:14:19] <78031> MSG_TO_SVR::[/lite/payProcess.jsp]
 [2024-03-13 18:14:20] <78031> TID -> [ilooda001m01012403131814206148]
 [2024-03-13 18:14:20] <78031> 3001[카드 결제 성공]
 [2024-03-13 18:14:20] <78031> END PYO  Laptime:[0.639sec]
 [2024-03-13 18:14:20] <78031> ===============================================================
 [2024-03-13 19:19:41] <16322> START NicepayLite PYO (V1.1B20140314(OS:Linux2.6.32-754.35.1.el6.x86_64,PHP:7.3.15))
 [2024-03-13 19:19:41] <16322> Connect to ssl://web.nicepay.co.kr:443
 [2024-03-13 19:19:41] <16322> ssl://web.nicepay.co.kr:443 Server Connect OK
 [2024-03-13 19:19:41] <16322> MSG_TO_SVR::[/lite/payProcess.jsp]
 [2024-03-13 19:19:42] <16322> TID -> [ilooda001m01012403131919428647]
 [2024-03-13 19:19:42] <16322> 1082[한도 초과]
 [2024-03-13 19:19:42] <16322> END PYO  Laptime:[0.569sec]
 [2024-03-13 19:19:42] <16322> ===============================================================
 [2024-03-13 19:20:25] <24553> START NicepayLite PYO (V1.1B20140314(OS:Linux2.6.32-754.35.1.el6.x86_64,PHP:7.3.15))
 [2024-03-13 19:20:25] <24553> Connect to ssl://web.nicepay.co.kr:443
 [2024-03-13 19:20:25] <24553> ssl://web.nicepay.co.kr:443 Server Connect OK
 [2024-03-13 19:20:25] <24553> MSG_TO_SVR::[/lite/payProcess.jsp]
 [2024-03-13 19:20:26] <24553> TID -> [ilooda001m01012403131920267189]
 [2024-03-13 19:20:26] <24553> 1082[한도 초과]
 [2024-03-13 19:20:26] <24553> END PYO  Laptime:[0.631sec]
 [2024-03-13 19:20:26] <24553> ===============================================================
 [2024-03-13 20:00:52] <51454> START NicepayLite PYO (V1.1B20140314(OS:Linux2.6.32-754.35.1.el6.x86_64,PHP:7.3.15))
 [2024-03-13 20:00:52] <51454> Connect to ssl://web.nicepay.co.kr:443
 [2024-03-13 20:00:52] <51454> ssl://web.nicepay.co.kr:443 Server Connect OK
 [2024-03-13 20:00:52] <51454> MSG_TO_SVR::[/lite/payProcess.jsp]
 [2024-03-13 20:00:52] <51454> TID -> [ilooda001m01012403132000532849]
 [2024-03-13 20:00:52] <51454> 3001[카드 결제 성공]
 [2024-03-13 20:00:52] <51454> END PYO  Laptime:[0.541sec]
 [2024-03-13 20:00:52] <51454> ===============================================================
