 [2023-11-21 10:38:38] <18444> START NicepayLite PYO (V1.1B20140314(OS:Linux2.6.32-754.35.1.el6.x86_64,PHP:7.3.15))
 [2023-11-21 10:38:38] <18444> Connect to ssl://web.nicepay.co.kr:443
 [2023-11-21 10:38:38] <18444> ssl://web.nicepay.co.kr:443 Server Connect OK
 [2023-11-21 10:38:38] <18444> MSG_TO_SVR::[/lite/payProcess.jsp]
 [2023-11-21 10:38:38] <18444> TID -> [ilooda001m01012311211038400782]
 [2023-11-21 10:38:38] <18444> 3001[카드 결제 성공]
 [2023-11-21 10:38:38] <18444> END PYO  Laptime:[0.566sec]
 [2023-11-21 10:38:38] <18444> ===============================================================
 [2023-11-21 10:53:13] <133100> START NicepayLite PYO (V1.1B20140314(OS:Linux2.6.32-754.35.1.el6.x86_64,PHP:7.3.15))
 [2023-11-21 10:53:13] <133100> Connect to ssl://web.nicepay.co.kr:443
 [2023-11-21 10:53:13] <133100> ssl://web.nicepay.co.kr:443 Server Connect OK
 [2023-11-21 10:53:13] <133100> MSG_TO_SVR::[/lite/payProcess.jsp]
 [2023-11-21 10:53:13] <133100> TID -> [ilooda001m01012311211053149148]
 [2023-11-21 10:53:13] <133100> 3001[카드 결제 성공]
 [2023-11-21 10:53:13] <133100> END PYO  Laptime:[0.579sec]
 [2023-11-21 10:53:13] <133100> ===============================================================
 [2023-11-21 11:15:53] <6685> START NicepayLite PYO (V1.1B20140314(OS:Linux2.6.32-754.35.1.el6.x86_64,PHP:7.3.15))
 [2023-11-21 11:15:53] <6685> Connect to ssl://web.nicepay.co.kr:443
 [2023-11-21 11:15:53] <6685> ssl://web.nicepay.co.kr:443 Server Connect OK
 [2023-11-21 11:15:53] <6685> MSG_TO_SVR::[/lite/payProcess.jsp]
 [2023-11-21 11:15:54] <6685> TID -> [ilooda001m01012311211115558039]
 [2023-11-21 11:15:54] <6685> 3001[카드 결제 성공]
 [2023-11-21 11:15:54] <6685> END PYO  Laptime:[0.597sec]
 [2023-11-21 11:15:54] <6685> ===============================================================
 [2023-11-21 11:21:09] <52059> START NicepayLite PYO (V1.1B20140314(OS:Linux2.6.32-754.35.1.el6.x86_64,PHP:7.3.15))
 [2023-11-21 11:21:09] <52059> Connect to ssl://web.nicepay.co.kr:443
 [2023-11-21 11:21:09] <52059> ssl://web.nicepay.co.kr:443 Server Connect OK
 [2023-11-21 11:21:09] <52059> MSG_TO_SVR::[/lite/payProcess.jsp]
 [2023-11-21 11:21:10] <52059> TID -> [ilooda001m01012311211121112536]
 [2023-11-21 11:21:10] <52059> 3001[카드 결제 성공]
 [2023-11-21 11:21:10] <52059> END PYO  Laptime:[0.673sec]
 [2023-11-21 11:21:10] <52059> ===============================================================
 [2023-11-21 12:21:19] <69000> START NicepayLite PYO (V1.1B20140314(OS:Linux2.6.32-754.35.1.el6.x86_64,PHP:7.3.15))
 [2023-11-21 12:21:19] <69000> Connect to ssl://web.nicepay.co.kr:443
 [2023-11-21 12:21:19] <69000> ssl://web.nicepay.co.kr:443 Server Connect OK
 [2023-11-21 12:21:19] <69000> MSG_TO_SVR::[/lite/payProcess.jsp]
 [2023-11-21 12:21:20] <69000> TID -> [ilooda001m01012311211221213289]
 [2023-11-21 12:21:20] <69000> 3001[카드 결제 성공]
 [2023-11-21 12:21:20] <69000> END PYO  Laptime:[0.641sec]
 [2023-11-21 12:21:20] <69000> ===============================================================
 [2023-11-21 13:05:00] <101979> START NicepayLite PYO (V1.1B20140314(OS:Linux2.6.32-754.35.1.el6.x86_64,PHP:7.3.15))
 [2023-11-21 13:05:00] <101979> Connect to ssl://web.nicepay.co.kr:443
 [2023-11-21 13:05:00] <101979> ssl://web.nicepay.co.kr:443 Server Connect OK
 [2023-11-21 13:05:00] <101979> MSG_TO_SVR::[/lite/payProcess.jsp]
 [2023-11-21 13:05:00] <101979> TID -> [ilooda001m01012311211305019213]
 [2023-11-21 13:05:00] <101979> 3001[카드 결제 성공]
 [2023-11-21 13:05:00] <101979> END PYO  Laptime:[0.373sec]
 [2023-11-21 13:05:00] <101979> ===============================================================
 [2023-11-21 14:42:14] <117970> START NicepayLite PYO (V1.1B20140314(OS:Linux2.6.32-754.35.1.el6.x86_64,PHP:7.3.15))
 [2023-11-21 14:42:14] <117970> Connect to ssl://web.nicepay.co.kr:443
 [2023-11-21 14:42:14] <117970> ssl://web.nicepay.co.kr:443 Server Connect OK
 [2023-11-21 14:42:14] <117970> MSG_TO_SVR::[/lite/payProcess.jsp]
 [2023-11-21 14:42:14] <117970> TID -> [ilooda001m01012311211442162364]
 [2023-11-21 14:42:14] <117970> 3001[카드 결제 성공]
 [2023-11-21 14:42:14] <117970> END PYO  Laptime:[0.529sec]
 [2023-11-21 14:42:14] <117970> ===============================================================
 [2023-11-21 15:41:58] <128220> START NicepayLite PYO (V1.1B20140314(OS:Linux2.6.32-754.35.1.el6.x86_64,PHP:7.3.15))
 [2023-11-21 15:41:58] <128220> Connect to ssl://web.nicepay.co.kr:443
 [2023-11-21 15:41:58] <128220> ssl://web.nicepay.co.kr:443 Server Connect OK
 [2023-11-21 15:41:58] <128220> MSG_TO_SVR::[/lite/payProcess.jsp]
 [2023-11-21 15:41:59] <128220> TID -> [ilooda001m01012311211542009136]
 [2023-11-21 15:41:59] <128220> 3001[카드 결제 성공]
 [2023-11-21 15:41:59] <128220> END PYO  Laptime:[0.684sec]
 [2023-11-21 15:41:59] <128220> ===============================================================
 [2023-11-21 16:53:13] <90047> START NicepayLite PYO (V1.1B20140314(OS:Linux2.6.32-754.35.1.el6.x86_64,PHP:7.3.15))
 [2023-11-21 16:53:13] <90047> Connect to ssl://web.nicepay.co.kr:443
 [2023-11-21 16:53:13] <90047> ssl://web.nicepay.co.kr:443 Server Connect OK
 [2023-11-21 16:53:13] <90047> MSG_TO_SVR::[/lite/payProcess.jsp]
 [2023-11-21 16:53:13] <90047> TID -> [ilooda001m01012311211653154177]
 [2023-11-21 16:53:13] <90047> 3001[카드 결제 성공]
 [2023-11-21 16:53:13] <90047> END PYO  Laptime:[0.294sec]
 [2023-11-21 16:53:13] <90047> ===============================================================
 [2023-11-21 17:26:55] <48087> START NicepayLite PYO (V1.1B20140314(OS:Linux2.6.32-754.35.1.el6.x86_64,PHP:7.3.15))
 [2023-11-21 17:26:55] <48087> Connect to ssl://web.nicepay.co.kr:443
 [2023-11-21 17:26:55] <48087> ssl://web.nicepay.co.kr:443 Server Connect OK
 [2023-11-21 17:26:55] <48087> MSG_TO_SVR::[/lite/payProcess.jsp]
 [2023-11-21 17:26:55] <48087> TID -> [ilooda001m01012311211726570482]
 [2023-11-21 17:26:55] <48087> 3001[카드 결제 성공]
 [2023-11-21 17:26:55] <48087> END PYO  Laptime:[0.731sec]
 [2023-11-21 17:26:55] <48087> ===============================================================
 [2023-11-21 18:14:33] <120210> START NicepayLite PYO (V1.1B20140314(OS:Linux2.6.32-754.35.1.el6.x86_64,PHP:7.3.15))
 [2023-11-21 18:14:33] <120210> Connect to ssl://web.nicepay.co.kr:443
 [2023-11-21 18:14:33] <120210> ssl://web.nicepay.co.kr:443 Server Connect OK
 [2023-11-21 18:14:33] <120210> MSG_TO_SVR::[/lite/payProcess.jsp]
 [2023-11-21 18:14:34] <120210> TID -> [ilooda001m01012311211814359617]
 [2023-11-21 18:14:34] <120210> 3001[카드 결제 성공]
 [2023-11-21 18:14:34] <120210> END PYO  Laptime:[0.842sec]
 [2023-11-21 18:14:34] <120210> ===============================================================
 [2023-11-21 18:54:55] <129331> START NicepayLite PYO (V1.1B20140314(OS:Linux2.6.32-754.35.1.el6.x86_64,PHP:7.3.15))
 [2023-11-21 18:54:55] <129331> Connect to ssl://web.nicepay.co.kr:443
 [2023-11-21 18:54:55] <129331> ssl://web.nicepay.co.kr:443 Server Connect OK
 [2023-11-21 18:54:55] <129331> MSG_TO_SVR::[/lite/payProcess.jsp]
 [2023-11-21 18:54:56] <129331> TID -> [ilooda001m01012311211854576353]
 [2023-11-21 18:54:56] <129331> 3001[카드 결제 성공]
 [2023-11-21 18:54:56] <129331> END PYO  Laptime:[1.236sec]
 [2023-11-21 18:54:56] <129331> ===============================================================
