 [2023-11-11 09:42:23] <96069> START NicepayLite PYO (V1.1B20140314(OS:Linux2.6.32-754.35.1.el6.x86_64,PHP:7.3.15))
 [2023-11-11 09:42:23] <96069> Connect to ssl://web.nicepay.co.kr:443
 [2023-11-11 09:42:23] <96069> ssl://web.nicepay.co.kr:443 Server Connect OK
 [2023-11-11 09:42:23] <96069> MSG_TO_SVR::[/lite/payProcess.jsp]
 [2023-11-11 09:42:24] <96069> TID -> [ilooda001m01012311110942257481]
 [2023-11-11 09:42:24] <96069> 1082[한도 초과]
 [2023-11-11 09:42:24] <96069> END PYO  Laptime:[0.75sec]
 [2023-11-11 09:42:24] <96069> ===============================================================
 [2023-11-11 09:43:24] <103558> START NicepayLite PYO (V1.1B20140314(OS:Linux2.6.32-754.35.1.el6.x86_64,PHP:7.3.15))
 [2023-11-11 09:43:24] <103558> Connect to ssl://web.nicepay.co.kr:443
 [2023-11-11 09:43:24] <103558> ssl://web.nicepay.co.kr:443 Server Connect OK
 [2023-11-11 09:43:24] <103558> MSG_TO_SVR::[/lite/payProcess.jsp]
 [2023-11-11 09:43:25] <103558> TID -> [ilooda001m01012311110943268209]
 [2023-11-11 09:43:25] <103558> 3001[카드 결제 성공]
 [2023-11-11 09:43:25] <103558> END PYO  Laptime:[0.553sec]
 [2023-11-11 09:43:25] <103558> ===============================================================
 [2023-11-11 15:37:25] <56707> START NicepayLite PYO (V1.1B20140314(OS:Linux2.6.32-754.35.1.el6.x86_64,PHP:7.3.15))
 [2023-11-11 15:37:25] <56707> Connect to ssl://web.nicepay.co.kr:443
 [2023-11-11 15:37:25] <56707> ssl://web.nicepay.co.kr:443 Server Connect OK
 [2023-11-11 15:37:25] <56707> MSG_TO_SVR::[/lite/payProcess.jsp]
 [2023-11-11 15:37:25] <56707> TID -> [ilooda001m01012311111537272910]
 [2023-11-11 15:37:25] <56707> 3001[카드 결제 성공]
 [2023-11-11 15:37:25] <56707> END PYO  Laptime:[0.646sec]
 [2023-11-11 15:37:25] <56707> ===============================================================
