 [2023-12-14 10:23:31] <34333> START NicepayLite PYO (V1.1B20140314(OS:Linux2.6.32-754.35.1.el6.x86_64,PHP:7.3.15))
 [2023-12-14 10:23:31] <34333> Connect to ssl://web.nicepay.co.kr:443
 [2023-12-14 10:23:31] <34333> ssl://web.nicepay.co.kr:443 Server Connect OK
 [2023-12-14 10:23:31] <34333> MSG_TO_SVR::[/lite/payProcess.jsp]
 [2023-12-14 10:23:31] <34333> TID -> [ilooda001m01012312141023318469]
 [2023-12-14 10:23:31] <34333> 3001[카드 결제 성공]
 [2023-12-14 10:23:31] <34333> END PYO  Laptime:[0.697sec]
 [2023-12-14 10:23:31] <34333> ===============================================================
 [2023-12-14 10:24:29] <34333> START NicepayLite PYO (V1.1B20140314(OS:Linux2.6.32-754.35.1.el6.x86_64,PHP:7.3.15))
 [2023-12-14 10:24:29] <34333> Connect to ssl://web.nicepay.co.kr:443
 [2023-12-14 10:24:29] <34333> ssl://web.nicepay.co.kr:443 Server Connect OK
 [2023-12-14 10:24:29] <34333> MSG_TO_SVR::[/lite/payProcess.jsp]
 [2023-12-14 10:24:29] <34333> TID -> [ilooda001m01012312141024297498]
 [2023-12-14 10:24:29] <34333> 3001[카드 결제 성공]
 [2023-12-14 10:24:29] <34333> END PYO  Laptime:[0.528sec]
 [2023-12-14 10:24:29] <34333> ===============================================================
 [2023-12-14 11:22:00] <1627> START NicepayLite PYO (V1.1B20140314(OS:Linux2.6.32-754.35.1.el6.x86_64,PHP:7.3.15))
 [2023-12-14 11:22:00] <1627> Connect to ssl://web.nicepay.co.kr:443
 [2023-12-14 11:22:00] <1627> ssl://web.nicepay.co.kr:443 Server Connect OK
 [2023-12-14 11:22:00] <1627> MSG_TO_SVR::[/lite/payProcess.jsp]
 [2023-12-14 11:22:00] <1627> TID -> [ilooda001m01012312141122006199]
 [2023-12-14 11:22:00] <1627> 3001[카드 결제 성공]
 [2023-12-14 11:22:00] <1627> END PYO  Laptime:[0.57sec]
 [2023-12-14 11:22:00] <1627> ===============================================================
 [2023-12-14 16:56:26] <146306> START NicepayLite PYO (V1.1B20140314(OS:Linux2.6.32-754.35.1.el6.x86_64,PHP:7.3.15))
 [2023-12-14 16:56:26] <146306> Connect to ssl://web.nicepay.co.kr:443
 [2023-12-14 16:56:26] <146306> ssl://web.nicepay.co.kr:443 Server Connect OK
 [2023-12-14 16:56:26] <146306> MSG_TO_SVR::[/lite/payProcess.jsp]
 [2023-12-14 16:56:26] <146306> TID -> [ilooda001m01012312141656268472]
 [2023-12-14 16:56:26] <146306> 3001[카드 결제 성공]
 [2023-12-14 16:56:26] <146306> END PYO  Laptime:[0.42sec]
 [2023-12-14 16:56:26] <146306> ===============================================================
 [2023-12-14 17:31:18] <99754> START NicepayLite PYO (V1.1B20140314(OS:Linux2.6.32-754.35.1.el6.x86_64,PHP:7.3.15))
 [2023-12-14 17:31:18] <99754> Connect to ssl://web.nicepay.co.kr:443
 [2023-12-14 17:31:18] <99754> ssl://web.nicepay.co.kr:443 Server Connect OK
 [2023-12-14 17:31:18] <99754> MSG_TO_SVR::[/lite/payProcess.jsp]
 [2023-12-14 17:31:19] <99754> TID -> [ilooda001m01012312141731188017]
 [2023-12-14 17:31:19] <99754> 3001[카드 결제 성공]
 [2023-12-14 17:31:19] <99754> END PYO  Laptime:[1.022sec]
 [2023-12-14 17:31:19] <99754> ===============================================================
 [2023-12-14 17:37:51] <142575> START NicepayLite PYO (V1.1B20140314(OS:Linux2.6.32-754.35.1.el6.x86_64,PHP:7.3.15))
 [2023-12-14 17:37:51] <142575> Connect to ssl://web.nicepay.co.kr:443
 [2023-12-14 17:37:51] <142575> ssl://web.nicepay.co.kr:443 Server Connect OK
 [2023-12-14 17:37:51] <142575> MSG_TO_SVR::[/lite/payProcess.jsp]
 [2023-12-14 17:37:51] <142575> TID -> [ilooda001m01012312141737517303]
 [2023-12-14 17:37:51] <142575> 3001[카드 결제 성공]
 [2023-12-14 17:37:51] <142575> END PYO  Laptime:[0.711sec]
 [2023-12-14 17:37:51] <142575> ===============================================================
 [2023-12-14 18:23:53] <24993> START NicepayLite PYO (V1.1B20140314(OS:Linux2.6.32-754.35.1.el6.x86_64,PHP:7.3.15))
 [2023-12-14 18:23:53] <24993> Connect to ssl://web.nicepay.co.kr:443
 [2023-12-14 18:23:53] <24993> ssl://web.nicepay.co.kr:443 Server Connect OK
 [2023-12-14 18:23:53] <24993> MSG_TO_SVR::[/lite/payProcess.jsp]
 [2023-12-14 18:23:53] <24993> TID -> [ilooda001m01012312141823537117]
 [2023-12-14 18:23:53] <24993> 3001[카드 결제 성공]
 [2023-12-14 18:23:53] <24993> END PYO  Laptime:[0.783sec]
 [2023-12-14 18:23:53] <24993> ===============================================================
 [2023-12-14 18:26:56] <46023> START NicepayLite PYO (V1.1B20140314(OS:Linux2.6.32-754.35.1.el6.x86_64,PHP:7.3.15))
 [2023-12-14 18:26:56] <46023> Connect to ssl://web.nicepay.co.kr:443
 [2023-12-14 18:26:56] <46023> ssl://web.nicepay.co.kr:443 Server Connect OK
 [2023-12-14 18:26:56] <46023> MSG_TO_SVR::[/lite/payProcess.jsp]
 [2023-12-14 18:26:57] <46023> TID -> [ilooda001m01012312141826569968]
 [2023-12-14 18:26:57] <46023> 3001[카드 결제 성공]
 [2023-12-14 18:26:57] <46023> END PYO  Laptime:[0.715sec]
 [2023-12-14 18:26:57] <46023> ===============================================================
 [2023-12-14 18:59:58] <131381> START NicepayLite PYO (V1.1B20140314(OS:Linux2.6.32-754.35.1.el6.x86_64,PHP:7.3.15))
 [2023-12-14 18:59:58] <131381> Connect to ssl://web.nicepay.co.kr:443
 [2023-12-14 18:59:58] <131381> ssl://web.nicepay.co.kr:443 Server Connect OK
 [2023-12-14 18:59:58] <131381> MSG_TO_SVR::[/lite/payProcess.jsp]
 [2023-12-14 18:59:59] <131381> TID -> [ilooda001m01012312141859595244]
 [2023-12-14 18:59:59] <131381> 3001[카드 결제 성공]
 [2023-12-14 18:59:59] <131381> END PYO  Laptime:[0.404sec]
 [2023-12-14 18:59:59] <131381> ===============================================================
 [2023-12-14 19:55:05] <80405> START NicepayLite PYO (V1.1B20140314(OS:Linux2.6.32-754.35.1.el6.x86_64,PHP:7.3.15))
 [2023-12-14 19:55:05] <80405> Connect to ssl://web.nicepay.co.kr:443
 [2023-12-14 19:55:05] <80405> ssl://web.nicepay.co.kr:443 Server Connect OK
 [2023-12-14 19:55:05] <80405> MSG_TO_SVR::[/lite/payProcess.jsp]
 [2023-12-14 19:55:05] <80405> TID -> [ilooda001m01012312141955057906]
 [2023-12-14 19:55:05] <80405> 3001[카드 결제 성공]
 [2023-12-14 19:55:05] <80405> END PYO  Laptime:[0.62sec]
 [2023-12-14 19:55:05] <80405> ===============================================================
