 [2024-01-26 10:13:18] <54942> START NicepayLite PYO (V1.1B20140314(OS:Linux2.6.32-754.35.1.el6.x86_64,PHP:7.3.15))
 [2024-01-26 10:13:18] <54942> Connect to ssl://web.nicepay.co.kr:443
 [2024-01-26 10:13:19] <54942> ssl://web.nicepay.co.kr:443 Server Connect OK
 [2024-01-26 10:13:19] <54942> MSG_TO_SVR::[/lite/payProcess.jsp]
 [2024-01-26 10:13:19] <54942> TID -> [ilooda001m01012401261013198151]
 [2024-01-26 10:13:19] <54942> 3001[카드 결제 성공]
 [2024-01-26 10:13:19] <54942> END PYO  Laptime:[0.585sec]
 [2024-01-26 10:13:19] <54942> ===============================================================
 [2024-01-26 10:16:34] <78054> START NicepayLite PYO (V1.1B20140314(OS:Linux2.6.32-754.35.1.el6.x86_64,PHP:7.3.15))
 [2024-01-26 10:16:34] <78054> Connect to ssl://web.nicepay.co.kr:443
 [2024-01-26 10:16:34] <78054> ssl://web.nicepay.co.kr:443 Server Connect OK
 [2024-01-26 10:16:34] <78054> MSG_TO_SVR::[/lite/payProcess.jsp]
 [2024-01-26 10:16:35] <78054> TID -> [ilooda001m01012401261016351305]
 [2024-01-26 10:16:35] <78054> 3001[카드 결제 성공]
 [2024-01-26 10:16:35] <78054> END PYO  Laptime:[0.829sec]
 [2024-01-26 10:16:35] <78054> ===============================================================
 [2024-01-26 11:12:48] <72155> START NicepayLite PYO (V1.1B20140314(OS:Linux2.6.32-754.35.1.el6.x86_64,PHP:7.3.15))
 [2024-01-26 11:12:48] <72155> Connect to ssl://web.nicepay.co.kr:443
 [2024-01-26 11:12:48] <72155> ssl://web.nicepay.co.kr:443 Server Connect OK
 [2024-01-26 11:12:48] <72155> MSG_TO_SVR::[/lite/payProcess.jsp]
 [2024-01-26 11:12:48] <72155> TID -> [ilooda001m01012401261112490919]
 [2024-01-26 11:12:48] <72155> 3001[카드 결제 성공]
 [2024-01-26 11:12:48] <72155> END PYO  Laptime:[0.372sec]
 [2024-01-26 11:12:48] <72155> ===============================================================
 [2024-01-26 18:55:08] <51964> START NicepayLite PYO (V1.1B20140314(OS:Linux2.6.32-754.35.1.el6.x86_64,PHP:7.3.15))
 [2024-01-26 18:55:08] <51964> Connect to ssl://web.nicepay.co.kr:443
 [2024-01-26 18:55:08] <51964> ssl://web.nicepay.co.kr:443 Server Connect OK
 [2024-01-26 18:55:08] <51964> MSG_TO_SVR::[/lite/payProcess.jsp]
 [2024-01-26 18:55:09] <51964> TID -> [ilooda001m01012401261855096224]
 [2024-01-26 18:55:09] <51964> 3001[카드 결제 성공]
 [2024-01-26 18:55:09] <51964> END PYO  Laptime:[0.437sec]
 [2024-01-26 18:55:09] <51964> ===============================================================
 [2024-01-26 20:17:10] <104042> START NicepayLite PYO (V1.1B20140314(OS:Linux2.6.32-754.35.1.el6.x86_64,PHP:7.3.15))
 [2024-01-26 20:17:10] <104042> Connect to ssl://web.nicepay.co.kr:443
 [2024-01-26 20:17:10] <104042> ssl://web.nicepay.co.kr:443 Server Connect OK
 [2024-01-26 20:17:10] <104042> MSG_TO_SVR::[/lite/payProcess.jsp]
 [2024-01-26 20:17:11] <104042> TID -> [ilooda001m01012401262017114995]
 [2024-01-26 20:17:11] <104042> 3001[카드 결제 성공]
 [2024-01-26 20:17:11] <104042> END PYO  Laptime:[1.135sec]
 [2024-01-26 20:17:11] <104042> ===============================================================
 [2024-01-26 20:25:00] <12384> START NicepayLite PYO (V1.1B20140314(OS:Linux2.6.32-754.35.1.el6.x86_64,PHP:7.3.15))
 [2024-01-26 20:25:00] <12384> Connect to ssl://web.nicepay.co.kr:443
 [2024-01-26 20:25:00] <12384> ssl://web.nicepay.co.kr:443 Server Connect OK
 [2024-01-26 20:25:00] <12384> MSG_TO_SVR::[/lite/payProcess.jsp]
 [2024-01-26 20:25:00] <12384> TID -> [ilooda001m01012401262025012830]
 [2024-01-26 20:25:00] <12384> 3001[카드 결제 성공]
 [2024-01-26 20:25:00] <12384> END PYO  Laptime:[0.292sec]
 [2024-01-26 20:25:00] <12384> ===============================================================
 [2024-01-26 22:33:54] <134263> START NicepayLite PYO (V1.1B20140314(OS:Linux2.6.32-754.35.1.el6.x86_64,PHP:7.3.15))
 [2024-01-26 22:33:54] <134263> Connect to ssl://web.nicepay.co.kr:443
 [2024-01-26 22:33:54] <134263> ssl://web.nicepay.co.kr:443 Server Connect OK
 [2024-01-26 22:33:54] <134263> MSG_TO_SVR::[/lite/payProcess.jsp]
 [2024-01-26 22:33:54] <134263> TID -> [ilooda001m01012401262233551605]
 [2024-01-26 22:33:54] <134263> 3001[카드 결제 성공]
 [2024-01-26 22:33:54] <134263> END PYO  Laptime:[0.432sec]
 [2024-01-26 22:33:54] <134263> ===============================================================
