 [2024-03-07 12:59:44] <75781> START NicepayLite PYO (V1.1B20140314(OS:Linux2.6.32-754.35.1.el6.x86_64,PHP:7.3.15))
 [2024-03-07 12:59:44] <75781> Connect to ssl://web.nicepay.co.kr:443
 [2024-03-07 12:59:44] <75781> ssl://web.nicepay.co.kr:443 Server Connect OK
 [2024-03-07 12:59:44] <75781> MSG_TO_SVR::[/lite/payProcess.jsp]
 [2024-03-07 12:59:44] <75781> TID -> [ilooda001m01012403071259452587]
 [2024-03-07 12:59:44] <75781> 3001[카드 결제 성공]
 [2024-03-07 12:59:44] <75781> END PYO  Laptime:[0.671sec]
 [2024-03-07 12:59:44] <75781> ===============================================================
 [2024-03-07 14:24:15] <37751> START NicepayLite PYO (V1.1B20140314(OS:Linux2.6.32-754.35.1.el6.x86_64,PHP:7.3.15))
 [2024-03-07 14:24:15] <37751> Connect to ssl://web.nicepay.co.kr:443
 [2024-03-07 14:24:15] <37751> ssl://web.nicepay.co.kr:443 Server Connect OK
 [2024-03-07 14:24:15] <37751> MSG_TO_SVR::[/lite/payProcess.jsp]
 [2024-03-07 14:24:16] <37751> TID -> [ilooda001m01012403071424167616]
 [2024-03-07 14:24:16] <37751> 3001[카드 결제 성공]
 [2024-03-07 14:24:16] <37751> END PYO  Laptime:[0.815sec]
 [2024-03-07 14:24:16] <37751> ===============================================================
 [2024-03-07 15:04:29] <62846> START NicepayLite PYO (V1.1B20140314(OS:Linux2.6.32-754.35.1.el6.x86_64,PHP:7.3.15))
 [2024-03-07 15:04:29] <62846> Connect to ssl://web.nicepay.co.kr:443
 [2024-03-07 15:04:29] <62846> ssl://web.nicepay.co.kr:443 Server Connect OK
 [2024-03-07 15:04:29] <62846> MSG_TO_SVR::[/lite/payProcess.jsp]
 [2024-03-07 15:04:29] <62846> TID -> [ilooda001m01012403071504303346]
 [2024-03-07 15:04:29] <62846> 3001[카드 결제 성공]
 [2024-03-07 15:04:29] <62846> END PYO  Laptime:[0.5sec]
 [2024-03-07 15:04:29] <62846> ===============================================================
 [2024-03-07 15:57:34] <66614> START NicepayLite PYO (V1.1B20140314(OS:Linux2.6.32-754.35.1.el6.x86_64,PHP:7.3.15))
 [2024-03-07 15:57:34] <66614> Connect to ssl://web.nicepay.co.kr:443
 [2024-03-07 15:57:34] <66614> ssl://web.nicepay.co.kr:443 Server Connect OK
 [2024-03-07 15:57:34] <66614> MSG_TO_SVR::[/lite/payProcess.jsp]
 [2024-03-07 15:57:35] <66614> TID -> [ilooda001m01012403071557360101]
 [2024-03-07 15:57:35] <66614> 3001[카드 결제 성공]
 [2024-03-07 15:57:35] <66614> END PYO  Laptime:[0.687sec]
 [2024-03-07 15:57:35] <66614> ===============================================================
 [2024-03-07 16:34:17] <86889> START NicepayLite PYO (V1.1B20140314(OS:Linux2.6.32-754.35.1.el6.x86_64,PHP:7.3.15))
 [2024-03-07 16:34:17] <86889> Connect to ssl://web.nicepay.co.kr:443
 [2024-03-07 16:34:17] <86889> ssl://web.nicepay.co.kr:443 Server Connect OK
 [2024-03-07 16:34:17] <86889> MSG_TO_SVR::[/lite/payProcess.jsp]
 [2024-03-07 16:34:17] <86889> TID -> [ilooda001m01012403071634183110]
 [2024-03-07 16:34:17] <86889> 3001[카드 결제 성공]
 [2024-03-07 16:34:17] <86889> END PYO  Laptime:[0.497sec]
 [2024-03-07 16:34:17] <86889> ===============================================================
 [2024-03-07 17:32:41] <117934> START NicepayLite PYO (V1.1B20140314(OS:Linux2.6.32-754.35.1.el6.x86_64,PHP:7.3.15))
 [2024-03-07 17:32:41] <117934> Connect to ssl://web.nicepay.co.kr:443
 [2024-03-07 17:32:41] <117934> ssl://web.nicepay.co.kr:443 Server Connect OK
 [2024-03-07 17:32:41] <117934> MSG_TO_SVR::[/lite/payProcess.jsp]
 [2024-03-07 17:32:42] <117934> TID -> [ilooda001m01012403071732422434]
 [2024-03-07 17:32:42] <117934> 3001[카드 결제 성공]
 [2024-03-07 17:32:42] <117934> END PYO  Laptime:[1.072sec]
 [2024-03-07 17:32:42] <117934> ===============================================================
 [2024-03-07 21:49:13] <135532> START NicepayLite PYO (V1.1B20140314(OS:Linux2.6.32-754.35.1.el6.x86_64,PHP:7.3.15))
 [2024-03-07 21:49:13] <135532> Connect to ssl://web.nicepay.co.kr:443
 [2024-03-07 21:49:13] <135532> ssl://web.nicepay.co.kr:443 Server Connect OK
 [2024-03-07 21:49:13] <135532> MSG_TO_SVR::[/lite/payProcess.jsp]
 [2024-03-07 21:49:13] <135532> TID -> [ilooda001m01012403072149143431]
 [2024-03-07 21:49:13] <135532> 3001[카드 결제 성공]
 [2024-03-07 21:49:13] <135532> END PYO  Laptime:[0.731sec]
 [2024-03-07 21:49:13] <135532> ===============================================================
