 [2024-01-16 10:08:52] <110826> START NicepayLite PYO (V1.1B20140314(OS:Linux2.6.32-754.35.1.el6.x86_64,PHP:7.3.15))
 [2024-01-16 10:08:52] <110826> Connect to ssl://web.nicepay.co.kr:443
 [2024-01-16 10:08:52] <110826> ssl://web.nicepay.co.kr:443 Server Connect OK
 [2024-01-16 10:08:52] <110826> MSG_TO_SVR::[/lite/payProcess.jsp]
 [2024-01-16 10:08:52] <110826> TID -> [ilooda001m01012401161008526569]
 [2024-01-16 10:08:52] <110826> 3001[카드 결제 성공]
 [2024-01-16 10:08:52] <110826> END PYO  Laptime:[0.585sec]
 [2024-01-16 10:08:52] <110826> ===============================================================
 [2024-01-16 10:13:56] <147216> START NicepayLite PYO (V1.1B20140314(OS:Linux2.6.32-754.35.1.el6.x86_64,PHP:7.3.15))
 [2024-01-16 10:13:56] <147216> Connect to ssl://web.nicepay.co.kr:443
 [2024-01-16 10:13:57] <147216> ssl://web.nicepay.co.kr:443 Server Connect OK
 [2024-01-16 10:13:57] <147216> MSG_TO_SVR::[/lite/payProcess.jsp]
 [2024-01-16 10:13:57] <147216> TID -> [ilooda001m01012401161013574313]
 [2024-01-16 10:13:57] <147216> 3001[카드 결제 성공]
 [2024-01-16 10:13:57] <147216> END PYO  Laptime:[0.632sec]
 [2024-01-16 10:13:57] <147216> ===============================================================
 [2024-01-16 10:40:52] <48819> START NicepayLite PYO (V1.1B20140314(OS:Linux2.6.32-754.35.1.el6.x86_64,PHP:7.3.15))
 [2024-01-16 10:40:52] <48819> Connect to ssl://web.nicepay.co.kr:443
 [2024-01-16 10:40:52] <48819> ssl://web.nicepay.co.kr:443 Server Connect OK
 [2024-01-16 10:40:52] <48819> MSG_TO_SVR::[/lite/payProcess.jsp]
 [2024-01-16 10:40:53] <48819> TID -> [ilooda001m01012401161040533272]
 [2024-01-16 10:40:53] <48819> 3001[카드 결제 성공]
 [2024-01-16 10:40:53] <48819> END PYO  Laptime:[1.066sec]
 [2024-01-16 10:40:53] <48819> ===============================================================
 [2024-01-16 11:49:57] <110444> START NicepayLite PYO (V1.1B20140314(OS:Linux2.6.32-754.35.1.el6.x86_64,PHP:7.3.15))
 [2024-01-16 11:49:57] <110444> Connect to ssl://web.nicepay.co.kr:443
 [2024-01-16 11:49:57] <110444> ssl://web.nicepay.co.kr:443 Server Connect OK
 [2024-01-16 11:49:57] <110444> MSG_TO_SVR::[/lite/payProcess.jsp]
 [2024-01-16 11:49:58] <110444> TID -> [ilooda001m01012401161149583383]
 [2024-01-16 11:49:58] <110444> 3001[카드 결제 성공]
 [2024-01-16 11:49:58] <110444> END PYO  Laptime:[0.583sec]
 [2024-01-16 11:49:58] <110444> ===============================================================
 [2024-01-16 12:33:14] <130479> START NicepayLite PYO (V1.1B20140314(OS:Linux2.6.32-754.35.1.el6.x86_64,PHP:7.3.15))
 [2024-01-16 12:33:14] <130479> Connect to ssl://web.nicepay.co.kr:443
 [2024-01-16 12:33:14] <130479> ssl://web.nicepay.co.kr:443 Server Connect OK
 [2024-01-16 12:33:14] <130479> MSG_TO_SVR::[/lite/payProcess.jsp]
 [2024-01-16 12:33:14] <130479> TID -> [ilooda001m01012401161233145125]
 [2024-01-16 12:33:14] <130479> 3001[카드 결제 성공]
 [2024-01-16 12:33:14] <130479> END PYO  Laptime:[0.682sec]
 [2024-01-16 12:33:14] <130479> ===============================================================
 [2024-01-16 13:56:39] <5320> START NicepayLite PYO (V1.1B20140314(OS:Linux2.6.32-754.35.1.el6.x86_64,PHP:7.3.15))
 [2024-01-16 13:56:39] <5320> Connect to ssl://web.nicepay.co.kr:443
 [2024-01-16 13:56:39] <5320> ssl://web.nicepay.co.kr:443 Server Connect OK
 [2024-01-16 13:56:39] <5320> MSG_TO_SVR::[/lite/payProcess.jsp]
 [2024-01-16 13:56:40] <5320> TID -> [ilooda001m01012401161356401049]
 [2024-01-16 13:56:40] <5320> 3001[카드 결제 성공]
 [2024-01-16 13:56:40] <5320> END PYO  Laptime:[1.348sec]
 [2024-01-16 13:56:40] <5320> ===============================================================
 [2024-01-16 16:52:00] <88527> START NicepayLite PYO (V1.1B20140314(OS:Linux2.6.32-754.35.1.el6.x86_64,PHP:7.3.15))
 [2024-01-16 16:52:00] <88527> Connect to ssl://web.nicepay.co.kr:443
 [2024-01-16 16:52:00] <88527> ssl://web.nicepay.co.kr:443 Server Connect OK
 [2024-01-16 16:52:00] <88527> MSG_TO_SVR::[/lite/payProcess.jsp]
 [2024-01-16 16:52:00] <88527> TID -> [ilooda001m01012401161652006972]
 [2024-01-16 16:52:00] <88527> 3001[카드 결제 성공]
 [2024-01-16 16:52:00] <88527> END PYO  Laptime:[0.294sec]
 [2024-01-16 16:52:00] <88527> ===============================================================
 [2024-01-16 17:15:04] <106183> START NicepayLite PYO (V1.1B20140314(OS:Linux2.6.32-754.35.1.el6.x86_64,PHP:7.3.15))
 [2024-01-16 17:15:04] <106183> Connect to ssl://web.nicepay.co.kr:443
 [2024-01-16 17:15:05] <106183> ssl://web.nicepay.co.kr:443 Server Connect OK
 [2024-01-16 17:15:05] <106183> MSG_TO_SVR::[/lite/payProcess.jsp]
 [2024-01-16 17:15:05] <106183> TID -> [ilooda001m01012401161715055792]
 [2024-01-16 17:15:05] <106183> 3001[카드 결제 성공]
 [2024-01-16 17:15:05] <106183> END PYO  Laptime:[0.49sec]
 [2024-01-16 17:15:05] <106183> ===============================================================
 [2024-01-16 17:35:41] <110147> START NicepayLite PYO (V1.1B20140314(OS:Linux2.6.32-754.35.1.el6.x86_64,PHP:7.3.15))
 [2024-01-16 17:35:41] <110147> Connect to ssl://web.nicepay.co.kr:443
 [2024-01-16 17:35:46] <110147> ssl://web.nicepay.co.kr:443 Server Connect OK
 [2024-01-16 17:35:46] <110147> MSG_TO_SVR::[/lite/payProcess.jsp]
 [2024-01-16 17:35:46] <110147> TID -> [ilooda001m01012401161735467106]
 [2024-01-16 17:35:46] <110147> 3001[카드 결제 성공]
 [2024-01-16 17:35:46] <110147> END PYO  Laptime:[5.544sec]
 [2024-01-16 17:35:46] <110147> ===============================================================
