 [2023-12-20 10:25:18] <87146> START NicepayLite PYO (V1.1B20140314(OS:Linux2.6.32-754.35.1.el6.x86_64,PHP:7.3.15))
 [2023-12-20 10:25:18] <87146> Connect to ssl://web.nicepay.co.kr:443
 [2023-12-20 10:25:18] <87146> ssl://web.nicepay.co.kr:443 Server Connect OK
 [2023-12-20 10:25:18] <87146> MSG_TO_SVR::[/lite/payProcess.jsp]
 [2023-12-20 10:25:19] <87146> TID -> [ilooda001m01012312201025192482]
 [2023-12-20 10:25:19] <87146> 3001[카드 결제 성공]
 [2023-12-20 10:25:19] <87146> END PYO  Laptime:[0.746sec]
 [2023-12-20 10:25:19] <87146> ===============================================================
 [2023-12-20 10:26:54] <102430> START NicepayLite PYO (V1.1B20140314(OS:Linux2.6.32-754.35.1.el6.x86_64,PHP:7.3.15))
 [2023-12-20 10:26:54] <102430> Connect to ssl://web.nicepay.co.kr:443
 [2023-12-20 10:26:54] <102430> ssl://web.nicepay.co.kr:443 Server Connect OK
 [2023-12-20 10:26:54] <102430> MSG_TO_SVR::[/lite/payProcess.jsp]
 [2023-12-20 10:26:55] <102430> TID -> [ilooda001m01012312201026553800]
 [2023-12-20 10:26:55] <102430> 3001[카드 결제 성공]
 [2023-12-20 10:26:55] <102430> END PYO  Laptime:[0.552sec]
 [2023-12-20 10:26:55] <102430> ===============================================================
 [2023-12-20 11:01:57] <64397> START NicepayLite PYO (V1.1B20140314(OS:Linux2.6.32-754.35.1.el6.x86_64,PHP:7.3.15))
 [2023-12-20 11:01:57] <64397> Connect to ssl://web.nicepay.co.kr:443
 [2023-12-20 11:01:57] <64397> ssl://web.nicepay.co.kr:443 Server Connect OK
 [2023-12-20 11:01:57] <64397> MSG_TO_SVR::[/lite/payProcess.jsp]
 [2023-12-20 11:01:57] <64397> TID -> [ilooda001m01012312201101577604]
 [2023-12-20 11:01:57] <64397> 3001[카드 결제 성공]
 [2023-12-20 11:01:57] <64397> END PYO  Laptime:[0.726sec]
 [2023-12-20 11:01:57] <64397> ===============================================================
 [2023-12-20 11:03:41] <79091> START NicepayLite PYO (V1.1B20140314(OS:Linux2.6.32-754.35.1.el6.x86_64,PHP:7.3.15))
 [2023-12-20 11:03:41] <79091> Connect to ssl://web.nicepay.co.kr:443
 [2023-12-20 11:03:41] <79091> ssl://web.nicepay.co.kr:443 Server Connect OK
 [2023-12-20 11:03:41] <79091> MSG_TO_SVR::[/lite/payProcess.jsp]
 [2023-12-20 11:03:42] <79091> TID -> [ilooda001m01012312201103423341]
 [2023-12-20 11:03:42] <79091> 3001[카드 결제 성공]
 [2023-12-20 11:03:42] <79091> END PYO  Laptime:[1.182sec]
 [2023-12-20 11:03:42] <79091> ===============================================================
 [2023-12-20 11:12:16] <145547> START NicepayLite PYO (V1.1B20140314(OS:Linux2.6.32-754.35.1.el6.x86_64,PHP:7.3.15))
 [2023-12-20 11:12:16] <145547> Connect to ssl://web.nicepay.co.kr:443
 [2023-12-20 11:12:16] <145547> ssl://web.nicepay.co.kr:443 Server Connect OK
 [2023-12-20 11:12:16] <145547> MSG_TO_SVR::[/lite/payProcess.jsp]
 [2023-12-20 11:12:16] <145547> TID -> [ilooda001m01012312201112167098]
 [2023-12-20 11:12:16] <145547> 3001[카드 결제 성공]
 [2023-12-20 11:12:16] <145547> END PYO  Laptime:[0.638sec]
 [2023-12-20 11:12:16] <145547> ===============================================================
 [2023-12-20 11:24:31] <85812> START NicepayLite PYO (V1.1B20140314(OS:Linux2.6.32-754.35.1.el6.x86_64,PHP:7.3.15))
 [2023-12-20 11:24:31] <85812> Connect to ssl://web.nicepay.co.kr:443
 [2023-12-20 11:24:31] <85812> ssl://web.nicepay.co.kr:443 Server Connect OK
 [2023-12-20 11:24:31] <85812> MSG_TO_SVR::[/lite/payProcess.jsp]
 [2023-12-20 11:24:32] <85812> TID -> [ilooda001m01012312201124321051]
 [2023-12-20 11:24:32] <85812> 3001[카드 결제 성공]
 [2023-12-20 11:24:32] <85812> END PYO  Laptime:[0.9sec]
 [2023-12-20 11:24:32] <85812> ===============================================================
 [2023-12-20 14:16:22] <15159> START NicepayLite PYO (V1.1B20140314(OS:Linux2.6.32-754.35.1.el6.x86_64,PHP:7.3.15))
 [2023-12-20 14:16:22] <15159> Connect to ssl://web.nicepay.co.kr:443
 [2023-12-20 14:16:22] <15159> ssl://web.nicepay.co.kr:443 Server Connect OK
 [2023-12-20 14:16:22] <15159> MSG_TO_SVR::[/lite/payProcess.jsp]
 [2023-12-20 14:16:22] <15159> TID -> [ilooda001m01012312201416232485]
 [2023-12-20 14:16:22] <15159> 3001[카드 결제 성공]
 [2023-12-20 14:16:22] <15159> END PYO  Laptime:[0.401sec]
 [2023-12-20 14:16:22] <15159> ===============================================================
 [2023-12-20 15:10:41] <111226> START NicepayLite PYO (V1.1B20140314(OS:Linux2.6.32-754.35.1.el6.x86_64,PHP:7.3.15))
 [2023-12-20 15:10:41] <111226> Connect to ssl://web.nicepay.co.kr:443
 [2023-12-20 15:10:41] <111226> ssl://web.nicepay.co.kr:443 Server Connect OK
 [2023-12-20 15:10:41] <111226> MSG_TO_SVR::[/lite/payProcess.jsp]
 [2023-12-20 15:10:42] <111226> TID -> [ilooda001m01012312201510419403]
 [2023-12-20 15:10:42] <111226> 3001[카드 결제 성공]
 [2023-12-20 15:10:42] <111226> END PYO  Laptime:[0.869sec]
 [2023-12-20 15:10:42] <111226> ===============================================================
 [2023-12-20 15:28:18] <86313> START NicepayLite PYO (V1.1B20140314(OS:Linux2.6.32-754.35.1.el6.x86_64,PHP:7.3.15))
 [2023-12-20 15:28:18] <86313> Connect to ssl://web.nicepay.co.kr:443
 [2023-12-20 15:28:18] <86313> ssl://web.nicepay.co.kr:443 Server Connect OK
 [2023-12-20 15:28:18] <86313> MSG_TO_SVR::[/lite/payProcess.jsp]
 [2023-12-20 15:28:18] <86313> TID -> [ilooda001m01012312201528187794]
 [2023-12-20 15:28:18] <86313> 3001[카드 결제 성공]
 [2023-12-20 15:28:18] <86313> END PYO  Laptime:[0.442sec]
 [2023-12-20 15:28:18] <86313> ===============================================================
 [2023-12-20 16:11:35] <109808> START NicepayLite PYO (V1.1B20140314(OS:Linux2.6.32-754.35.1.el6.x86_64,PHP:7.3.15))
 [2023-12-20 16:11:35] <109808> Connect to ssl://web.nicepay.co.kr:443
 [2023-12-20 16:11:35] <109808> ssl://web.nicepay.co.kr:443 Server Connect OK
 [2023-12-20 16:11:35] <109808> MSG_TO_SVR::[/lite/payProcess.jsp]
 [2023-12-20 16:11:36] <109808> TID -> [ilooda001m01012312201611364906]
 [2023-12-20 16:11:36] <109808> 3001[카드 결제 성공]
 [2023-12-20 16:11:36] <109808> END PYO  Laptime:[0.347sec]
 [2023-12-20 16:11:36] <109808> ===============================================================
 [2023-12-20 17:32:22] <105463> START NicepayLite PYO (V1.1B20140314(OS:Linux2.6.32-754.35.1.el6.x86_64,PHP:7.3.15))
 [2023-12-20 17:32:22] <105463> Connect to ssl://web.nicepay.co.kr:443
 [2023-12-20 17:32:22] <105463> ssl://web.nicepay.co.kr:443 Server Connect OK
 [2023-12-20 17:32:22] <105463> MSG_TO_SVR::[/lite/payProcess.jsp]
 [2023-12-20 17:32:23] <105463> TID -> [ilooda001m01012312201732234859]
 [2023-12-20 17:32:23] <105463> 3001[카드 결제 성공]
 [2023-12-20 17:32:23] <105463> END PYO  Laptime:[0.33sec]
 [2023-12-20 17:32:23] <105463> ===============================================================
 [2023-12-20 17:33:36] <112723> START NicepayLite PYO (V1.1B20140314(OS:Linux2.6.32-754.35.1.el6.x86_64,PHP:7.3.15))
 [2023-12-20 17:33:36] <112723> Connect to ssl://web.nicepay.co.kr:443
 [2023-12-20 17:33:36] <112723> ssl://web.nicepay.co.kr:443 Server Connect OK
 [2023-12-20 17:33:36] <112723> MSG_TO_SVR::[/lite/payProcess.jsp]
 [2023-12-20 17:33:37] <112723> TID -> [ilooda001m01012312201733377249]
 [2023-12-20 17:33:37] <112723> 3001[카드 결제 성공]
 [2023-12-20 17:33:37] <112723> END PYO  Laptime:[0.303sec]
 [2023-12-20 17:33:37] <112723> ===============================================================
 [2023-12-20 18:58:17] <134173> START NicepayLite PYO (V1.1B20140314(OS:Linux2.6.32-754.35.1.el6.x86_64,PHP:7.3.15))
 [2023-12-20 18:58:17] <134173> Connect to ssl://web.nicepay.co.kr:443
 [2023-12-20 18:58:17] <134173> ssl://web.nicepay.co.kr:443 Server Connect OK
 [2023-12-20 18:58:17] <134173> MSG_TO_SVR::[/lite/payProcess.jsp]
 [2023-12-20 18:58:17] <134173> TID -> [ilooda001m01012312201858180085]
 [2023-12-20 18:58:17] <134173> 3001[카드 결제 성공]
 [2023-12-20 18:58:17] <134173> END PYO  Laptime:[0.641sec]
 [2023-12-20 18:58:17] <134173> ===============================================================
 [2023-12-20 19:34:38] <97400> START NicepayLite PYO (V1.1B20140314(OS:Linux2.6.32-754.35.1.el6.x86_64,PHP:7.3.15))
 [2023-12-20 19:34:38] <97400> Connect to ssl://web.nicepay.co.kr:443
 [2023-12-20 19:34:38] <97400> ssl://web.nicepay.co.kr:443 Server Connect OK
 [2023-12-20 19:34:38] <97400> MSG_TO_SVR::[/lite/payProcess.jsp]
 [2023-12-20 19:34:39] <97400> TID -> [ilooda001m01012312201934396265]
 [2023-12-20 19:34:39] <97400> 3001[카드 결제 성공]
 [2023-12-20 19:34:39] <97400> END PYO  Laptime:[0.782sec]
 [2023-12-20 19:34:39] <97400> ===============================================================
