 [2024-02-06 10:48:50] <123672> START NicepayLite PYO (V1.1B20140314(OS:Linux2.6.32-754.35.1.el6.x86_64,PHP:7.3.15))
 [2024-02-06 10:48:50] <123672> Connect to ssl://web.nicepay.co.kr:443
 [2024-02-06 10:48:50] <123672> ssl://web.nicepay.co.kr:443 Server Connect OK
 [2024-02-06 10:48:50] <123672> MSG_TO_SVR::[/lite/payProcess.jsp]
 [2024-02-06 10:48:51] <123672> TID -> [ilooda001m01012402061048523850]
 [2024-02-06 10:48:51] <123672> 3001[카드 결제 성공]
 [2024-02-06 10:48:51] <123672> END PYO  Laptime:[0.807sec]
 [2024-02-06 10:48:51] <123672> ===============================================================
 [2024-02-06 11:03:27] <88009> START NicepayLite PYO (V1.1B20140314(OS:Linux2.6.32-754.35.1.el6.x86_64,PHP:7.3.15))
 [2024-02-06 11:03:27] <88009> Connect to ssl://web.nicepay.co.kr:443
 [2024-02-06 11:03:27] <88009> ssl://web.nicepay.co.kr:443 Server Connect OK
 [2024-02-06 11:03:27] <88009> MSG_TO_SVR::[/lite/payProcess.jsp]
 [2024-02-06 11:03:27] <88009> TID -> [ilooda001m01012402061103290010]
 [2024-02-06 11:03:27] <88009> 3001[카드 결제 성공]
 [2024-02-06 11:03:27] <88009> END PYO  Laptime:[0.71sec]
 [2024-02-06 11:03:27] <88009> ===============================================================
 [2024-02-06 12:35:49] <40579> START NicepayLite PYO (V1.1B20140314(OS:Linux2.6.32-754.35.1.el6.x86_64,PHP:7.3.15))
 [2024-02-06 12:35:49] <40579> Connect to ssl://web.nicepay.co.kr:443
 [2024-02-06 12:35:49] <40579> ssl://web.nicepay.co.kr:443 Server Connect OK
 [2024-02-06 12:35:49] <40579> MSG_TO_SVR::[/lite/payProcess.jsp]
 [2024-02-06 12:35:49] <40579> TID -> [ilooda001m01012402061235511021]
 [2024-02-06 12:35:49] <40579> 3001[카드 결제 성공]
 [2024-02-06 12:35:49] <40579> END PYO  Laptime:[0.724sec]
 [2024-02-06 12:35:49] <40579> ===============================================================
 [2024-02-06 12:39:35] <70192> START NicepayLite PYO (V1.1B20140314(OS:Linux2.6.32-754.35.1.el6.x86_64,PHP:7.3.15))
 [2024-02-06 12:39:35] <70192> Connect to ssl://web.nicepay.co.kr:443
 [2024-02-06 12:39:35] <70192> ssl://web.nicepay.co.kr:443 Server Connect OK
 [2024-02-06 12:39:35] <70192> MSG_TO_SVR::[/lite/payProcess.jsp]
 [2024-02-06 12:39:36] <70192> TID -> [ilooda001m01012402061239374824]
 [2024-02-06 12:39:36] <70192> 3001[카드 결제 성공]
 [2024-02-06 12:39:36] <70192> END PYO  Laptime:[0.672sec]
 [2024-02-06 12:39:36] <70192> ===============================================================
 [2024-02-06 12:49:34] <145821> START NicepayLite PYO (V1.1B20140314(OS:Linux2.6.32-754.35.1.el6.x86_64,PHP:7.3.15))
 [2024-02-06 12:49:34] <145821> Connect to ssl://web.nicepay.co.kr:443
 [2024-02-06 12:49:34] <145821> ssl://web.nicepay.co.kr:443 Server Connect OK
 [2024-02-06 12:49:34] <145821> MSG_TO_SVR::[/lite/payProcess.jsp]
 [2024-02-06 12:49:35] <145821> TID -> [ilooda001m01012402061249364978]
 [2024-02-06 12:49:35] <145821> 3001[카드 결제 성공]
 [2024-02-06 12:49:35] <145821> END PYO  Laptime:[0.688sec]
 [2024-02-06 12:49:35] <145821> ===============================================================
 [2024-02-06 13:19:34] <73769> START NicepayLite PYO (V1.1B20140314(OS:Linux2.6.32-754.35.1.el6.x86_64,PHP:7.3.15))
 [2024-02-06 13:19:34] <73769> Connect to ssl://web.nicepay.co.kr:443
 [2024-02-06 13:19:34] <73769> ssl://web.nicepay.co.kr:443 Server Connect OK
 [2024-02-06 13:19:34] <73769> MSG_TO_SVR::[/lite/payProcess.jsp]
 [2024-02-06 13:19:34] <73769> TID -> [ilooda001m01012402061319362688]
 [2024-02-06 13:19:34] <73769> 3001[카드 결제 성공]
 [2024-02-06 13:19:34] <73769> END PYO  Laptime:[0.534sec]
 [2024-02-06 13:19:34] <73769> ===============================================================
 [2024-02-06 13:41:05] <90385> START NicepayLite PYO (V1.1B20140314(OS:Linux2.6.32-754.35.1.el6.x86_64,PHP:7.3.15))
 [2024-02-06 13:41:05] <90385> Connect to ssl://web.nicepay.co.kr:443
 [2024-02-06 13:41:05] <90385> ssl://web.nicepay.co.kr:443 Server Connect OK
 [2024-02-06 13:41:05] <90385> MSG_TO_SVR::[/lite/payProcess.jsp]
 [2024-02-06 13:41:05] <90385> TID -> [ilooda001m01012402061341071075]
 [2024-02-06 13:41:05] <90385> 3001[카드 결제 성공]
 [2024-02-06 13:41:05] <90385> END PYO  Laptime:[0.759sec]
 [2024-02-06 13:41:05] <90385> ===============================================================
 [2024-02-06 14:56:56] <64558> START NicepayLite PYO (V1.1B20140314(OS:Linux2.6.32-754.35.1.el6.x86_64,PHP:7.3.15))
 [2024-02-06 14:56:56] <64558> Connect to ssl://web.nicepay.co.kr:443
 [2024-02-06 14:56:56] <64558> ssl://web.nicepay.co.kr:443 Server Connect OK
 [2024-02-06 14:56:56] <64558> MSG_TO_SVR::[/lite/payProcess.jsp]
 [2024-02-06 14:56:57] <64558> TID -> [ilooda001m01012402061456582177]
 [2024-02-06 14:56:57] <64558> 3001[카드 결제 성공]
 [2024-02-06 14:56:57] <64558> END PYO  Laptime:[1.101sec]
 [2024-02-06 14:56:57] <64558> ===============================================================
 [2024-02-06 17:07:20] <23000> START NicepayLite PYO (V1.1B20140314(OS:Linux2.6.32-754.35.1.el6.x86_64,PHP:7.3.15))
 [2024-02-06 17:07:20] <23000> Connect to ssl://web.nicepay.co.kr:443
 [2024-02-06 17:07:20] <23000> ssl://web.nicepay.co.kr:443 Server Connect OK
 [2024-02-06 17:07:20] <23000> MSG_TO_SVR::[/lite/payProcess.jsp]
 [2024-02-06 17:07:21] <23000> TID -> [ilooda001m01012402061707227066]
 [2024-02-06 17:07:21] <23000> 3001[카드 결제 성공]
 [2024-02-06 17:07:21] <23000> END PYO  Laptime:[0.755sec]
 [2024-02-06 17:07:21] <23000> ===============================================================
 [2024-02-06 17:23:41] <142767> START NicepayLite PYO (V1.1B20140314(OS:Linux2.6.32-754.35.1.el6.x86_64,PHP:7.3.15))
 [2024-02-06 17:23:41] <142767> Connect to ssl://web.nicepay.co.kr:443
 [2024-02-06 17:23:41] <142767> ssl://web.nicepay.co.kr:443 Server Connect OK
 [2024-02-06 17:23:41] <142767> MSG_TO_SVR::[/lite/payProcess.jsp]
 [2024-02-06 17:23:42] <142767> TID -> [ilooda001m01012402061723440019]
 [2024-02-06 17:23:42] <142767> 3001[카드 결제 성공]
 [2024-02-06 17:23:42] <142767> END PYO  Laptime:[0.917sec]
 [2024-02-06 17:23:42] <142767> ===============================================================
 [2024-02-06 18:57:42] <114542> START NicepayLite PYO (V1.1B20140314(OS:Linux2.6.32-754.35.1.el6.x86_64,PHP:7.3.15))
 [2024-02-06 18:57:42] <114542> Connect to ssl://web.nicepay.co.kr:443
 [2024-02-06 18:57:42] <114542> ssl://web.nicepay.co.kr:443 Server Connect OK
 [2024-02-06 18:57:42] <114542> MSG_TO_SVR::[/lite/payProcess.jsp]
 [2024-02-06 18:57:43] <114542> TID -> [ilooda001m01012402061857448141]
 [2024-02-06 18:57:43] <114542> 3001[카드 결제 성공]
 [2024-02-06 18:57:43] <114542> END PYO  Laptime:[0.466sec]
 [2024-02-06 18:57:43] <114542> ===============================================================
 [2024-02-06 19:34:09] <96912> START NicepayLite PYO (V1.1B20140314(OS:Linux2.6.32-754.35.1.el6.x86_64,PHP:7.3.15))
 [2024-02-06 19:34:09] <96912> Connect to ssl://web.nicepay.co.kr:443
 [2024-02-06 19:34:09] <96912> ssl://web.nicepay.co.kr:443 Server Connect OK
 [2024-02-06 19:34:09] <96912> MSG_TO_SVR::[/lite/payProcess.jsp]
 [2024-02-06 19:34:09] <96912> TID -> [ilooda001m01012402061934115650]
 [2024-02-06 19:34:09] <96912> 3001[카드 결제 성공]
 [2024-02-06 19:34:09] <96912> END PYO  Laptime:[0.576sec]
 [2024-02-06 19:34:09] <96912> ===============================================================
 [2024-02-06 20:01:51] <5834> START NicepayLite PYO (V1.1B20140314(OS:Linux2.6.32-754.35.1.el6.x86_64,PHP:7.3.15))
 [2024-02-06 20:01:51] <5834> Connect to ssl://web.nicepay.co.kr:443
 [2024-02-06 20:01:51] <5834> ssl://web.nicepay.co.kr:443 Server Connect OK
 [2024-02-06 20:01:51] <5834> MSG_TO_SVR::[/lite/payProcess.jsp]
 [2024-02-06 20:01:52] <5834> TID -> [ilooda001m01012402062001540402]
 [2024-02-06 20:01:52] <5834> 3001[카드 결제 성공]
 [2024-02-06 20:01:52] <5834> END PYO  Laptime:[0.542sec]
 [2024-02-06 20:01:52] <5834> ===============================================================
