 [2024-04-17 11:08:00] <137030> START NicepayLite PYO (V1.1B20140314(OS:Linux2.6.32-754.35.1.el6.x86_64,PHP:7.3.15))
 [2024-04-17 11:08:00] <137030> Connect to ssl://web.nicepay.co.kr:443
 [2024-04-17 11:08:00] <137030> ssl://web.nicepay.co.kr:443 Server Connect OK
 [2024-04-17 11:08:00] <137030> MSG_TO_SVR::[/lite/payProcess.jsp]
 [2024-04-17 11:08:01] <137030> TID -> [ilooda001m01012404171108021780]
 [2024-04-17 11:08:01] <137030> 3001[카드 결제 성공]
 [2024-04-17 11:08:01] <137030> END PYO  Laptime:[0.394sec]
 [2024-04-17 11:08:01] <137030> ===============================================================
 [2024-04-17 11:18:42] <81859> START NicepayLite PYO (V1.1B20140314(OS:Linux2.6.32-754.35.1.el6.x86_64,PHP:7.3.15))
 [2024-04-17 11:18:42] <81859> Connect to ssl://web.nicepay.co.kr:443
 [2024-04-17 11:18:42] <81859> ssl://web.nicepay.co.kr:443 Server Connect OK
 [2024-04-17 11:18:42] <81859> MSG_TO_SVR::[/lite/payProcess.jsp]
 [2024-04-17 11:18:43] <81859> TID -> [ilooda001m01012404171118441007]
 [2024-04-17 11:18:43] <81859> 3001[카드 결제 성공]
 [2024-04-17 11:18:43] <81859> END PYO  Laptime:[0.474sec]
 [2024-04-17 11:18:43] <81859> ===============================================================
 [2024-04-17 11:24:37] <132596> START NicepayLite PYO (V1.1B20140314(OS:Linux2.6.32-754.35.1.el6.x86_64,PHP:7.3.15))
 [2024-04-17 11:24:37] <132596> Connect to ssl://web.nicepay.co.kr:443
 [2024-04-17 11:24:37] <132596> ssl://web.nicepay.co.kr:443 Server Connect OK
 [2024-04-17 11:24:37] <132596> MSG_TO_SVR::[/lite/payProcess.jsp]
 [2024-04-17 11:24:38] <132596> TID -> [ilooda001m01012404171124389188]
 [2024-04-17 11:24:38] <132596> 3001[카드 결제 성공]
 [2024-04-17 11:24:38] <132596> END PYO  Laptime:[0.656sec]
 [2024-04-17 11:24:38] <132596> ===============================================================
 [2024-04-17 12:11:51] <82861> START NicepayLite PYO (V1.1B20140314(OS:Linux2.6.32-754.35.1.el6.x86_64,PHP:7.3.15))
 [2024-04-17 12:11:51] <82861> Connect to ssl://web.nicepay.co.kr:443
 [2024-04-17 12:11:51] <82861> ssl://web.nicepay.co.kr:443 Server Connect OK
 [2024-04-17 12:11:51] <82861> MSG_TO_SVR::[/lite/payProcess.jsp]
 [2024-04-17 12:11:52] <82861> TID -> [ilooda001m01012404171211529143]
 [2024-04-17 12:11:52] <82861> 3001[카드 결제 성공]
 [2024-04-17 12:11:52] <82861> END PYO  Laptime:[0.566sec]
 [2024-04-17 12:11:52] <82861> ===============================================================
 [2024-04-17 12:20:19] <10255> START NicepayLite PYO (V1.1B20140314(OS:Linux2.6.32-754.35.1.el6.x86_64,PHP:7.3.15))
 [2024-04-17 12:20:19] <10255> Connect to ssl://web.nicepay.co.kr:443
 [2024-04-17 12:20:19] <10255> ssl://web.nicepay.co.kr:443 Server Connect OK
 [2024-04-17 12:20:19] <10255> MSG_TO_SVR::[/lite/payProcess.jsp]
 [2024-04-17 12:20:20] <10255> TID -> [ilooda001m01012404171220208607]
 [2024-04-17 12:20:20] <10255> 3001[카드 결제 성공]
 [2024-04-17 12:20:20] <10255> END PYO  Laptime:[1.106sec]
 [2024-04-17 12:20:20] <10255> ===============================================================
 [2024-04-17 14:10:39] <45135> START NicepayLite PYO (V1.1B20140314(OS:Linux2.6.32-754.35.1.el6.x86_64,PHP:7.3.15))
 [2024-04-17 14:10:39] <45135> Connect to ssl://web.nicepay.co.kr:443
 [2024-04-17 14:10:39] <45135> ssl://web.nicepay.co.kr:443 Server Connect OK
 [2024-04-17 14:10:39] <45135> MSG_TO_SVR::[/lite/payProcess.jsp]
 [2024-04-17 14:10:39] <45135> TID -> [ilooda001m01012404171410404188]
 [2024-04-17 14:10:39] <45135> 3001[카드 결제 성공]
 [2024-04-17 14:10:39] <45135> END PYO  Laptime:[0.84sec]
 [2024-04-17 14:10:39] <45135> ===============================================================
 [2024-04-17 14:39:21] <138551> START NicepayLite PYO (V1.1B20140314(OS:Linux2.6.32-754.35.1.el6.x86_64,PHP:7.3.15))
 [2024-04-17 14:39:21] <138551> Connect to ssl://web.nicepay.co.kr:443
 [2024-04-17 14:39:21] <138551> ssl://web.nicepay.co.kr:443 Server Connect OK
 [2024-04-17 14:39:21] <138551> MSG_TO_SVR::[/lite/payProcess.jsp]
 [2024-04-17 14:39:21] <138551> TID -> [ilooda001m01012404171439230523]
 [2024-04-17 14:39:21] <138551> 3001[카드 결제 성공]
 [2024-04-17 14:39:21] <138551> END PYO  Laptime:[0.356sec]
 [2024-04-17 14:39:21] <138551> ===============================================================
 [2024-04-17 17:24:57] <44046> START NicepayLite PYO (V1.1B20140314(OS:Linux2.6.32-754.35.1.el6.x86_64,PHP:7.3.15))
 [2024-04-17 17:24:57] <44046> Connect to ssl://web.nicepay.co.kr:443
 [2024-04-17 17:24:57] <44046> ssl://web.nicepay.co.kr:443 Server Connect OK
 [2024-04-17 17:24:57] <44046> MSG_TO_SVR::[/lite/payProcess.jsp]
 [2024-04-17 17:24:57] <44046> TID -> [ilooda001m01012404171724587729]
 [2024-04-17 17:24:57] <44046> 3001[카드 결제 성공]
 [2024-04-17 17:24:57] <44046> END PYO  Laptime:[0.599sec]
 [2024-04-17 17:24:57] <44046> ===============================================================
 [2024-04-17 18:11:20] <143805> START NicepayLite PYO (V1.1B20140314(OS:Linux2.6.32-754.35.1.el6.x86_64,PHP:7.3.15))
 [2024-04-17 18:11:20] <143805> Connect to ssl://web.nicepay.co.kr:443
 [2024-04-17 18:11:21] <143805> ssl://web.nicepay.co.kr:443 Server Connect OK
 [2024-04-17 18:11:21] <143805> MSG_TO_SVR::[/lite/payProcess.jsp]
 [2024-04-17 18:11:21] <143805> TID -> [ilooda001m01012404171811224985]
 [2024-04-17 18:11:21] <143805> 3001[카드 결제 성공]
 [2024-04-17 18:11:21] <143805> END PYO  Laptime:[0.847sec]
 [2024-04-17 18:11:21] <143805> ===============================================================
 [2024-04-17 18:57:08] <83141> START NicepayLite PYO (V1.1B20140314(OS:Linux2.6.32-754.35.1.el6.x86_64,PHP:7.3.15))
 [2024-04-17 18:57:08] <83141> Connect to ssl://web.nicepay.co.kr:443
 [2024-04-17 18:57:08] <83141> ssl://web.nicepay.co.kr:443 Server Connect OK
 [2024-04-17 18:57:08] <83141> MSG_TO_SVR::[/lite/payProcess.jsp]
 [2024-04-17 18:57:08] <83141> TID -> [ilooda001m01012404171857099303]
 [2024-04-17 18:57:08] <83141> 3001[카드 결제 성공]
 [2024-04-17 18:57:08] <83141> END PYO  Laptime:[0.442sec]
 [2024-04-17 18:57:08] <83141> ===============================================================
 [2024-04-17 19:04:21] <142079> START NicepayLite PYO (V1.1B20140314(OS:Linux2.6.32-754.35.1.el6.x86_64,PHP:7.3.15))
 [2024-04-17 19:04:21] <142079> Connect to ssl://web.nicepay.co.kr:443
 [2024-04-17 19:04:21] <142079> ssl://web.nicepay.co.kr:443 Server Connect OK
 [2024-04-17 19:04:21] <142079> MSG_TO_SVR::[/lite/payProcess.jsp]
 [2024-04-17 19:04:22] <142079> TID -> [ilooda001m01012404171904232811]
 [2024-04-17 19:04:22] <142079> 3001[카드 결제 성공]
 [2024-04-17 19:04:22] <142079> END PYO  Laptime:[0.49sec]
 [2024-04-17 19:04:22] <142079> ===============================================================
