 [2023-11-01 03:40:24] <4513> START NicepayLite PYO (V1.1B20140314(OS:Linux2.6.32-754.35.1.el6.x86_64,PHP:7.3.15))
 [2023-11-01 03:40:24] <4513> Connect to ssl://web.nicepay.co.kr:443
 [2023-11-01 03:40:24] <4513> ssl://web.nicepay.co.kr:443 Server Connect OK
 [2023-11-01 03:40:24] <4513> MSG_TO_SVR::[/lite/payProcess.jsp]
 [2023-11-01 03:40:24] <4513> TID -> [ilooda001m01012311010340251863]
 [2023-11-01 03:40:24] <4513> 3001[카드 결제 성공]
 [2023-11-01 03:40:24] <4513> END PYO  Laptime:[0.558sec]
 [2023-11-01 03:40:24] <4513> ===============================================================
 [2023-11-01 09:46:45] <131880> START NicepayLite PYO (V1.1B20140314(OS:Linux2.6.32-754.35.1.el6.x86_64,PHP:7.3.15))
 [2023-11-01 09:46:45] <131880> Connect to ssl://web.nicepay.co.kr:443
 [2023-11-01 09:46:46] <131880> ssl://web.nicepay.co.kr:443 Server Connect OK
 [2023-11-01 09:46:46] <131880> MSG_TO_SVR::[/lite/payProcess.jsp]
 [2023-11-01 09:46:46] <131880> TID -> [ilooda001m01012311010946470736]
 [2023-11-01 09:46:46] <131880> 3001[카드 결제 성공]
 [2023-11-01 09:46:46] <131880> END PYO  Laptime:[0.728sec]
 [2023-11-01 09:46:46] <131880> ===============================================================
 [2023-11-01 09:47:54] <139506> START NicepayLite PYO (V1.1B20140314(OS:Linux2.6.32-754.35.1.el6.x86_64,PHP:7.3.15))
 [2023-11-01 09:47:54] <139506> Connect to ssl://web.nicepay.co.kr:443
 [2023-11-01 09:47:54] <139506> ssl://web.nicepay.co.kr:443 Server Connect OK
 [2023-11-01 09:47:54] <139506> MSG_TO_SVR::[/lite/payProcess.jsp]
 [2023-11-01 09:47:54] <139506> TID -> [ilooda001m01012311010947551569]
 [2023-11-01 09:47:54] <139506> 3001[카드 결제 성공]
 [2023-11-01 09:47:54] <139506> END PYO  Laptime:[0.522sec]
 [2023-11-01 09:47:54] <139506> ===============================================================
 [2023-11-01 10:08:55] <146633> START NicepayLite PYO (V1.1B20140314(OS:Linux2.6.32-754.35.1.el6.x86_64,PHP:7.3.15))
 [2023-11-01 10:08:55] <146633> Connect to ssl://web.nicepay.co.kr:443
 [2023-11-01 10:08:55] <146633> ssl://web.nicepay.co.kr:443 Server Connect OK
 [2023-11-01 10:08:55] <146633> MSG_TO_SVR::[/lite/payProcess.jsp]
 [2023-11-01 10:08:55] <146633> TID -> [ilooda001m01012311011008561215]
 [2023-11-01 10:08:55] <146633> 3001[카드 결제 성공]
 [2023-11-01 10:08:55] <146633> END PYO  Laptime:[0.451sec]
 [2023-11-01 10:08:55] <146633> ===============================================================
 [2023-11-01 12:05:47] <29629> START NicepayLite PYO (V1.1B20140314(OS:Linux2.6.32-754.35.1.el6.x86_64,PHP:7.3.15))
 [2023-11-01 12:05:47] <29629> Connect to ssl://web.nicepay.co.kr:443
 [2023-11-01 12:05:47] <29629> ssl://web.nicepay.co.kr:443 Server Connect OK
 [2023-11-01 12:05:47] <29629> MSG_TO_SVR::[/lite/payProcess.jsp]
 [2023-11-01 12:05:48] <29629> TID -> [ilooda001m01012311011205490939]
 [2023-11-01 12:05:48] <29629> 3001[카드 결제 성공]
 [2023-11-01 12:05:48] <29629> END PYO  Laptime:[0.25sec]
 [2023-11-01 12:05:48] <29629> ===============================================================
 [2023-11-01 12:21:35] <3886> START NicepayLite PYO (V1.1B20140314(OS:Linux2.6.32-754.35.1.el6.x86_64,PHP:7.3.15))
 [2023-11-01 12:21:35] <3886> Connect to ssl://web.nicepay.co.kr:443
 [2023-11-01 12:21:35] <3886> ssl://web.nicepay.co.kr:443 Server Connect OK
 [2023-11-01 12:21:35] <3886> MSG_TO_SVR::[/lite/payProcess.jsp]
 [2023-11-01 12:21:35] <3886> TID -> [ilooda001m01012311011221362203]
 [2023-11-01 12:21:35] <3886> 3001[카드 결제 성공]
 [2023-11-01 12:21:35] <3886> END PYO  Laptime:[0.624sec]
 [2023-11-01 12:21:35] <3886> ===============================================================
 [2023-11-01 12:24:12] <26533> START NicepayLite PYO (V1.1B20140314(OS:Linux2.6.32-754.35.1.el6.x86_64,PHP:7.3.15))
 [2023-11-01 12:24:12] <26533> Connect to ssl://web.nicepay.co.kr:443
 [2023-11-01 12:24:12] <26533> ssl://web.nicepay.co.kr:443 Server Connect OK
 [2023-11-01 12:24:12] <26533> MSG_TO_SVR::[/lite/payProcess.jsp]
 [2023-11-01 12:24:13] <26533> TID -> [ilooda001m01012311011224136973]
 [2023-11-01 12:24:13] <26533> 3001[카드 결제 성공]
 [2023-11-01 12:24:13] <26533> END PYO  Laptime:[0.705sec]
 [2023-11-01 12:24:13] <26533> ===============================================================
 [2023-11-01 12:29:02] <57056> START NicepayLite PYO (V1.1B20140314(OS:Linux2.6.32-754.35.1.el6.x86_64,PHP:7.3.15))
 [2023-11-01 12:29:02] <57056> Connect to ssl://web.nicepay.co.kr:443
 [2023-11-01 12:29:02] <57056> ssl://web.nicepay.co.kr:443 Server Connect OK
 [2023-11-01 12:29:02] <57056> MSG_TO_SVR::[/lite/payProcess.jsp]
 [2023-11-01 12:29:02] <57056> TID -> [ilooda001m01012311011229032246]
 [2023-11-01 12:29:02] <57056> 3001[카드 결제 성공]
 [2023-11-01 12:29:02] <57056> END PYO  Laptime:[0.225sec]
 [2023-11-01 12:29:02] <57056> ===============================================================
 [2023-11-01 12:55:55] <115868> START NicepayLite PYO (V1.1B20140314(OS:Linux2.6.32-754.35.1.el6.x86_64,PHP:7.3.15))
 [2023-11-01 12:55:55] <115868> Connect to ssl://web.nicepay.co.kr:443
 [2023-11-01 12:55:55] <115868> ssl://web.nicepay.co.kr:443 Server Connect OK
 [2023-11-01 12:55:55] <115868> MSG_TO_SVR::[/lite/payProcess.jsp]
 [2023-11-01 12:55:57] <115868> TID -> [ilooda001m01012311011255561966]
 [2023-11-01 12:55:57] <115868> 3001[카드 결제 성공]
 [2023-11-01 12:55:57] <115868> END PYO  Laptime:[2.763sec]
 [2023-11-01 12:55:57] <115868> ===============================================================
 [2023-11-01 12:57:08] <130625> START NicepayLite PYO (V1.1B20140314(OS:Linux2.6.32-754.35.1.el6.x86_64,PHP:7.3.15))
 [2023-11-01 12:57:08] <130625> Connect to ssl://web.nicepay.co.kr:443
 [2023-11-01 12:57:08] <130625> ssl://web.nicepay.co.kr:443 Server Connect OK
 [2023-11-01 12:57:08] <130625> MSG_TO_SVR::[/lite/payProcess.jsp]
 [2023-11-01 12:57:09] <130625> TID -> [ilooda001m01012311011257097217]
 [2023-11-01 12:57:09] <130625> 3001[카드 결제 성공]
 [2023-11-01 12:57:09] <130625> END PYO  Laptime:[0.885sec]
 [2023-11-01 12:57:09] <130625> ===============================================================
 [2023-11-01 14:13:44] <120105> START NicepayLite PYO (V1.1B20140314(OS:Linux2.6.32-754.35.1.el6.x86_64,PHP:7.3.15))
 [2023-11-01 14:13:44] <120105> Connect to ssl://web.nicepay.co.kr:443
 [2023-11-01 14:13:44] <120105> ssl://web.nicepay.co.kr:443 Server Connect OK
 [2023-11-01 14:13:44] <120105> MSG_TO_SVR::[/lite/payProcess.jsp]
 [2023-11-01 14:13:45] <120105> TID -> [ilooda001m01012311011413457803]
 [2023-11-01 14:13:45] <120105> 3001[카드 결제 성공]
 [2023-11-01 14:13:45] <120105> END PYO  Laptime:[0.716sec]
 [2023-11-01 14:13:45] <120105> ===============================================================
 [2023-11-01 14:25:57] <64503> START NicepayLite PYO (V1.1B20140314(OS:Linux2.6.32-754.35.1.el6.x86_64,PHP:7.3.15))
 [2023-11-01 14:25:57] <64503> Connect to ssl://web.nicepay.co.kr:443
 [2023-11-01 14:25:57] <64503> ssl://web.nicepay.co.kr:443 Server Connect OK
 [2023-11-01 14:25:57] <64503> MSG_TO_SVR::[/lite/payProcess.jsp]
 [2023-11-01 14:25:57] <64503> TID -> [ilooda001m01012311011425586413]
 [2023-11-01 14:25:57] <64503> 3001[카드 결제 성공]
 [2023-11-01 14:25:57] <64503> END PYO  Laptime:[0.529sec]
 [2023-11-01 14:25:57] <64503> ===============================================================
 [2023-11-01 14:26:22] <64503> START NicepayLite PYO (V1.1B20140314(OS:Linux2.6.32-754.35.1.el6.x86_64,PHP:7.3.15))
 [2023-11-01 14:26:22] <64503> Connect to ssl://web.nicepay.co.kr:443
 [2023-11-01 14:26:22] <64503> ssl://web.nicepay.co.kr:443 Server Connect OK
 [2023-11-01 14:26:22] <64503> MSG_TO_SVR::[/lite/payProcess.jsp]
 [2023-11-01 14:26:22] <64503> TID -> [ilooda001m01012311011426232663]
 [2023-11-01 14:26:22] <64503> 3001[카드 결제 성공]
 [2023-11-01 14:26:22] <64503> END PYO  Laptime:[0.215sec]
 [2023-11-01 14:26:22] <64503> ===============================================================
 [2023-11-01 15:15:09] <7364> START NicepayLite PYO (V1.1B20140314(OS:Linux2.6.32-754.35.1.el6.x86_64,PHP:7.3.15))
 [2023-11-01 15:15:09] <7364> Connect to ssl://web.nicepay.co.kr:443
 [2023-11-01 15:15:09] <7364> ssl://web.nicepay.co.kr:443 Server Connect OK
 [2023-11-01 15:15:09] <7364> MSG_TO_SVR::[/lite/payProcess.jsp]
 [2023-11-01 15:15:09] <7364> TID -> [ilooda001m01012311011515103025]
 [2023-11-01 15:15:09] <7364> 3001[카드 결제 성공]
 [2023-11-01 15:15:09] <7364> END PYO  Laptime:[0.352sec]
 [2023-11-01 15:15:09] <7364> ===============================================================
 [2023-11-01 15:27:55] <98812> START NicepayLite PYO (V1.1B20140314(OS:Linux2.6.32-754.35.1.el6.x86_64,PHP:7.3.15))
 [2023-11-01 15:27:55] <98812> Connect to ssl://web.nicepay.co.kr:443
 [2023-11-01 15:27:55] <98812> ssl://web.nicepay.co.kr:443 Server Connect OK
 [2023-11-01 15:27:55] <98812> MSG_TO_SVR::[/lite/payProcess.jsp]
 [2023-11-01 15:27:56] <98812> TID -> [ilooda001m01012311011527568385]
 [2023-11-01 15:27:56] <98812> 3001[카드 결제 성공]
 [2023-11-01 15:27:56] <98812> END PYO  Laptime:[1.177sec]
 [2023-11-01 15:27:56] <98812> ===============================================================
 [2023-11-01 15:55:59] <18841> START NicepayLite PYO (V1.1B20140314(OS:Linux2.6.32-754.35.1.el6.x86_64,PHP:7.3.15))
 [2023-11-01 15:55:59] <18841> Connect to ssl://web.nicepay.co.kr:443
 [2023-11-01 15:55:59] <18841> ssl://web.nicepay.co.kr:443 Server Connect OK
 [2023-11-01 15:55:59] <18841> MSG_TO_SVR::[/lite/payProcess.jsp]
 [2023-11-01 15:55:59] <18841> TID -> [ilooda001m01012311011556004083]
 [2023-11-01 15:55:59] <18841> 3001[카드 결제 성공]
 [2023-11-01 15:55:59] <18841> END PYO  Laptime:[0.375sec]
 [2023-11-01 15:55:59] <18841> ===============================================================
 [2023-11-01 16:32:59] <6901> START NicepayLite PYO (V1.1B20140314(OS:Linux2.6.32-754.35.1.el6.x86_64,PHP:7.3.15))
 [2023-11-01 16:32:59] <6901> Connect to ssl://web.nicepay.co.kr:443
 [2023-11-01 16:32:59] <6901> ssl://web.nicepay.co.kr:443 Server Connect OK
 [2023-11-01 16:32:59] <6901> MSG_TO_SVR::[/lite/payProcess.jsp]
 [2023-11-01 16:33:00] <6901> TID -> [ilooda001m01012311011633010820]
 [2023-11-01 16:33:00] <6901> 3001[카드 결제 성공]
 [2023-11-01 16:33:00] <6901> END PYO  Laptime:[0.553sec]
 [2023-11-01 16:33:00] <6901> ===============================================================
 [2023-11-01 17:36:25] <54686> START NicepayLite PYO (V1.1B20140314(OS:Linux2.6.32-754.35.1.el6.x86_64,PHP:7.3.15))
 [2023-11-01 17:36:25] <54686> Connect to ssl://web.nicepay.co.kr:443
 [2023-11-01 17:36:25] <54686> ssl://web.nicepay.co.kr:443 Server Connect OK
 [2023-11-01 17:36:25] <54686> MSG_TO_SVR::[/lite/payProcess.jsp]
 [2023-11-01 17:36:25] <54686> TID -> [ilooda001m01012311011736266493]
 [2023-11-01 17:36:25] <54686> 3001[카드 결제 성공]
 [2023-11-01 17:36:25] <54686> END PYO  Laptime:[0.462sec]
 [2023-11-01 17:36:25] <54686> ===============================================================
 [2023-11-01 18:17:02] <65901> START NicepayLite PYO (V1.1B20140314(OS:Linux2.6.32-754.35.1.el6.x86_64,PHP:7.3.15))
 [2023-11-01 18:17:02] <65901> Connect to ssl://web.nicepay.co.kr:443
 [2023-11-01 18:17:02] <65901> ssl://web.nicepay.co.kr:443 Server Connect OK
 [2023-11-01 18:17:02] <65901> MSG_TO_SVR::[/lite/payProcess.jsp]
 [2023-11-01 18:17:03] <65901> TID -> [ilooda001m01012311011817040401]
 [2023-11-01 18:17:03] <65901> 3001[카드 결제 성공]
 [2023-11-01 18:17:03] <65901> END PYO  Laptime:[0.404sec]
 [2023-11-01 18:17:03] <65901> ===============================================================
 [2023-11-01 18:29:36] <15276> START NicepayLite PYO (V1.1B20140314(OS:Linux2.6.32-754.35.1.el6.x86_64,PHP:7.3.15))
 [2023-11-01 18:29:36] <15276> Connect to ssl://web.nicepay.co.kr:443
 [2023-11-01 18:29:36] <15276> ssl://web.nicepay.co.kr:443 Server Connect OK
 [2023-11-01 18:29:36] <15276> MSG_TO_SVR::[/lite/payProcess.jsp]
 [2023-11-01 18:29:37] <15276> TID -> [ilooda001m01012311011829380691]
 [2023-11-01 18:29:37] <15276> 3001[카드 결제 성공]
 [2023-11-01 18:29:37] <15276> END PYO  Laptime:[0.482sec]
 [2023-11-01 18:29:37] <15276> ===============================================================
