 [2024-04-29 10:09:03] <124735> START NicepayLite PYO (V1.1B20140314(OS:Linux2.6.32-754.35.1.el6.x86_64,PHP:7.3.15))
 [2024-04-29 10:09:03] <124735> Connect to ssl://web.nicepay.co.kr:443
 [2024-04-29 10:09:03] <124735> ssl://web.nicepay.co.kr:443 Server Connect OK
 [2024-04-29 10:09:03] <124735> MSG_TO_SVR::[/lite/payProcess.jsp]
 [2024-04-29 10:09:04] <124735> TID -> [ilooda001m01012404291009045808]
 [2024-04-29 10:09:04] <124735> 3001[카드 결제 성공]
 [2024-04-29 10:09:04] <124735> END PYO  Laptime:[1.035sec]
 [2024-04-29 10:09:04] <124735> ===============================================================
 [2024-04-29 11:29:41] <50349> START NicepayLite PYO (V1.1B20140314(OS:Linux2.6.32-754.35.1.el6.x86_64,PHP:7.3.15))
 [2024-04-29 11:29:41] <50349> Connect to ssl://web.nicepay.co.kr:443
 [2024-04-29 11:29:41] <50349> ssl://web.nicepay.co.kr:443 Server Connect OK
 [2024-04-29 11:29:41] <50349> MSG_TO_SVR::[/lite/payProcess.jsp]
 [2024-04-29 11:29:41] <50349> TID -> [ilooda001m01012404291129420663]
 [2024-04-29 11:29:41] <50349> 3001[카드 결제 성공]
 [2024-04-29 11:29:41] <50349> END PYO  Laptime:[0.874sec]
 [2024-04-29 11:29:41] <50349> ===============================================================
 [2024-04-29 12:01:50] <18997> START NicepayLite PYO (V1.1B20140314(OS:Linux2.6.32-754.35.1.el6.x86_64,PHP:7.3.15))
 [2024-04-29 12:01:50] <18997> Connect to ssl://web.nicepay.co.kr:443
 [2024-04-29 12:01:50] <18997> ssl://web.nicepay.co.kr:443 Server Connect OK
 [2024-04-29 12:01:50] <18997> MSG_TO_SVR::[/lite/payProcess.jsp]
 [2024-04-29 12:01:51] <18997> TID -> [ilooda001m01012404291201513098]
 [2024-04-29 12:01:51] <18997> 3001[카드 결제 성공]
 [2024-04-29 12:01:51] <18997> END PYO  Laptime:[0.77sec]
 [2024-04-29 12:01:51] <18997> ===============================================================
 [2024-04-29 12:06:36] <59781> START NicepayLite PYO (V1.1B20140314(OS:Linux2.6.32-754.35.1.el6.x86_64,PHP:7.3.15))
 [2024-04-29 12:06:36] <59781> Connect to ssl://web.nicepay.co.kr:443
 [2024-04-29 12:06:36] <59781> ssl://web.nicepay.co.kr:443 Server Connect OK
 [2024-04-29 12:06:36] <59781> MSG_TO_SVR::[/lite/payProcess.jsp]
 [2024-04-29 12:06:36] <59781> TID -> [ilooda001m01012404291206370334]
 [2024-04-29 12:06:36] <59781> 3001[카드 결제 성공]
 [2024-04-29 12:06:36] <59781> END PYO  Laptime:[0.698sec]
 [2024-04-29 12:06:36] <59781> ===============================================================
 [2024-04-29 13:40:55] <94173> START NicepayLite PYO (V1.1B20140314(OS:Linux2.6.32-754.35.1.el6.x86_64,PHP:7.3.15))
 [2024-04-29 13:40:55] <94173> Connect to ssl://web.nicepay.co.kr:443
 [2024-04-29 13:40:55] <94173> ssl://web.nicepay.co.kr:443 Server Connect OK
 [2024-04-29 13:40:55] <94173> MSG_TO_SVR::[/lite/payProcess.jsp]
 [2024-04-29 13:40:55] <94173> TID -> [ilooda001m01012404291340563587]
 [2024-04-29 13:40:55] <94173> 3001[카드 결제 성공]
 [2024-04-29 13:40:55] <94173> END PYO  Laptime:[0.573sec]
 [2024-04-29 13:40:55] <94173> ===============================================================
 [2024-04-29 14:59:04] <4230> START NicepayLite PYO (V1.1B20140314(OS:Linux2.6.32-754.35.1.el6.x86_64,PHP:7.3.15))
 [2024-04-29 14:59:04] <4230> Connect to ssl://web.nicepay.co.kr:443
 [2024-04-29 14:59:04] <4230> ssl://web.nicepay.co.kr:443 Server Connect OK
 [2024-04-29 14:59:04] <4230> MSG_TO_SVR::[/lite/payProcess.jsp]
 [2024-04-29 14:59:05] <4230> TID -> [ilooda001m01012404291459059765]
 [2024-04-29 14:59:05] <4230> 3001[카드 결제 성공]
 [2024-04-29 14:59:05] <4230> END PYO  Laptime:[0.488sec]
 [2024-04-29 14:59:05] <4230> ===============================================================
 [2024-04-29 15:00:09] <20491> START NicepayLite PYO (V1.1B20140314(OS:Linux2.6.32-754.35.1.el6.x86_64,PHP:7.3.15))
 [2024-04-29 15:00:09] <20491> Connect to ssl://web.nicepay.co.kr:443
 [2024-04-29 15:00:09] <20491> ssl://web.nicepay.co.kr:443 Server Connect OK
 [2024-04-29 15:00:09] <20491> MSG_TO_SVR::[/lite/payProcess.jsp]
 [2024-04-29 15:00:10] <20491> TID -> [ilooda001m01012404291500108606]
 [2024-04-29 15:00:10] <20491> 3001[카드 결제 성공]
 [2024-04-29 15:00:10] <20491> END PYO  Laptime:[0.91sec]
 [2024-04-29 15:00:10] <20491> ===============================================================
 [2024-04-29 15:27:39] <97634> START NicepayLite PYO (V1.1B20140314(OS:Linux2.6.32-754.35.1.el6.x86_64,PHP:7.3.15))
 [2024-04-29 15:27:39] <97634> Connect to ssl://web.nicepay.co.kr:443
 [2024-04-29 15:27:39] <97634> ssl://web.nicepay.co.kr:443 Server Connect OK
 [2024-04-29 15:27:39] <97634> MSG_TO_SVR::[/lite/payProcess.jsp]
 [2024-04-29 15:27:40] <97634> TID -> [ilooda001m01012404291527404550]
 [2024-04-29 15:27:40] <97634> 3001[카드 결제 성공]
 [2024-04-29 15:27:40] <97634> END PYO  Laptime:[0.647sec]
 [2024-04-29 15:27:40] <97634> ===============================================================
 [2024-04-29 16:05:46] <112959> START NicepayLite PYO (V1.1B20140314(OS:Linux2.6.32-754.35.1.el6.x86_64,PHP:7.3.15))
 [2024-04-29 16:05:46] <112959> Connect to ssl://web.nicepay.co.kr:443
 [2024-04-29 16:05:47] <112959> ssl://web.nicepay.co.kr:443 Server Connect OK
 [2024-04-29 16:05:47] <112959> MSG_TO_SVR::[/lite/payProcess.jsp]
 [2024-04-29 16:05:47] <112959> TID -> [ilooda001m01012404291605480648]
 [2024-04-29 16:05:47] <112959> 3001[카드 결제 성공]
 [2024-04-29 16:05:47] <112959> END PYO  Laptime:[0.514sec]
 [2024-04-29 16:05:47] <112959> ===============================================================
 [2024-04-29 17:16:30] <99241> START NicepayLite PYO (V1.1B20140314(OS:Linux2.6.32-754.35.1.el6.x86_64,PHP:7.3.15))
 [2024-04-29 17:16:30] <99241> Connect to ssl://web.nicepay.co.kr:443
 [2024-04-29 17:16:30] <99241> ssl://web.nicepay.co.kr:443 Server Connect OK
 [2024-04-29 17:16:30] <99241> MSG_TO_SVR::[/lite/payProcess.jsp]
 [2024-04-29 17:16:30] <99241> TID -> [ilooda001m01012404291716312579]
 [2024-04-29 17:16:30] <99241> 3001[카드 결제 성공]
 [2024-04-29 17:16:30] <99241> END PYO  Laptime:[0.535sec]
 [2024-04-29 17:16:30] <99241> ===============================================================
 [2024-04-29 17:36:52] <115580> START NicepayLite PYO (V1.1B20140314(OS:Linux2.6.32-754.35.1.el6.x86_64,PHP:7.3.15))
 [2024-04-29 17:36:52] <115580> Connect to ssl://web.nicepay.co.kr:443
 [2024-04-29 17:36:52] <115580> ssl://web.nicepay.co.kr:443 Server Connect OK
 [2024-04-29 17:36:52] <115580> MSG_TO_SVR::[/lite/payProcess.jsp]
 [2024-04-29 17:36:53] <115580> TID -> [ilooda001m01012404291736538999]
 [2024-04-29 17:36:53] <115580> 3001[카드 결제 성공]
 [2024-04-29 17:36:53] <115580> END PYO  Laptime:[0.431sec]
 [2024-04-29 17:36:53] <115580> ===============================================================
 [2024-04-29 19:10:09] <12811> START NicepayLite PYO (V1.1B20140314(OS:Linux2.6.32-754.35.1.el6.x86_64,PHP:7.3.15))
 [2024-04-29 19:10:09] <12811> Connect to ssl://web.nicepay.co.kr:443
 [2024-04-29 19:10:09] <12811> ssl://web.nicepay.co.kr:443 Server Connect OK
 [2024-04-29 19:10:09] <12811> MSG_TO_SVR::[/lite/payProcess.jsp]
 [2024-04-29 19:10:10] <12811> TID -> [ilooda001m01012404291910108734]
 [2024-04-29 19:10:10] <12811> 3001[카드 결제 성공]
 [2024-04-29 19:10:10] <12811> END PYO  Laptime:[0.406sec]
 [2024-04-29 19:10:10] <12811> ===============================================================
 [2024-04-29 19:24:53] <127094> START NicepayLite PYO (V1.1B20140314(OS:Linux2.6.32-754.35.1.el6.x86_64,PHP:7.3.15))
 [2024-04-29 19:24:53] <127094> Connect to ssl://web.nicepay.co.kr:443
 [2024-04-29 19:24:53] <127094> ssl://web.nicepay.co.kr:443 Server Connect OK
 [2024-04-29 19:24:53] <127094> MSG_TO_SVR::[/lite/payProcess.jsp]
 [2024-04-29 19:24:54] <127094> TID -> [ilooda001m01012404291924549780]
 [2024-04-29 19:24:54] <127094> 3001[카드 결제 성공]
 [2024-04-29 19:24:54] <127094> END PYO  Laptime:[0.615sec]
 [2024-04-29 19:24:54] <127094> ===============================================================
