 [2024-03-05 10:28:24] <103430> START NicepayLite PYO (V1.1B20140314(OS:Linux2.6.32-754.35.1.el6.x86_64,PHP:7.3.15))
 [2024-03-05 10:28:24] <103430> Connect to ssl://web.nicepay.co.kr:443
 [2024-03-05 10:28:24] <103430> ssl://web.nicepay.co.kr:443 Server Connect OK
 [2024-03-05 10:28:24] <103430> MSG_TO_SVR::[/lite/payProcess.jsp]
 [2024-03-05 10:28:25] <103430> TID -> [ilooda001m01012403051028255558]
 [2024-03-05 10:28:25] <103430> 3001[카드 결제 성공]
 [2024-03-05 10:28:25] <103430> END PYO  Laptime:[0.472sec]
 [2024-03-05 10:28:25] <103430> ===============================================================
 [2024-03-05 10:56:09] <33074> START NicepayLite PYO (V1.1B20140314(OS:Linux2.6.32-754.35.1.el6.x86_64,PHP:7.3.15))
 [2024-03-05 10:56:09] <33074> Connect to ssl://web.nicepay.co.kr:443
 [2024-03-05 10:56:09] <33074> ssl://web.nicepay.co.kr:443 Server Connect OK
 [2024-03-05 10:56:09] <33074> MSG_TO_SVR::[/lite/payProcess.jsp]
 [2024-03-05 10:56:10] <33074> TID -> [ilooda001m01012403051056101287]
 [2024-03-05 10:56:10] <33074> 3001[카드 결제 성공]
 [2024-03-05 10:56:10] <33074> END PYO  Laptime:[1.128sec]
 [2024-03-05 10:56:10] <33074> ===============================================================
 [2024-03-05 11:04:31] <96840> START NicepayLite PYO (V1.1B20140314(OS:Linux2.6.32-754.35.1.el6.x86_64,PHP:7.3.15))
 [2024-03-05 11:04:31] <96840> Connect to ssl://web.nicepay.co.kr:443
 [2024-03-05 11:04:31] <96840> ssl://web.nicepay.co.kr:443 Server Connect OK
 [2024-03-05 11:04:31] <96840> MSG_TO_SVR::[/lite/payProcess.jsp]
 [2024-03-05 11:04:32] <96840> TID -> [ilooda001m01012403051104328816]
 [2024-03-05 11:04:32] <96840> 3001[카드 결제 성공]
 [2024-03-05 11:04:32] <96840> END PYO  Laptime:[0.5sec]
 [2024-03-05 11:04:32] <96840> ===============================================================
 [2024-03-05 12:11:20] <44788> START NicepayLite PYO (V1.1B20140314(OS:Linux2.6.32-754.35.1.el6.x86_64,PHP:7.3.15))
 [2024-03-05 12:11:20] <44788> Connect to ssl://web.nicepay.co.kr:443
 [2024-03-05 12:11:20] <44788> ssl://web.nicepay.co.kr:443 Server Connect OK
 [2024-03-05 12:11:20] <44788> MSG_TO_SVR::[/lite/payProcess.jsp]
 [2024-03-05 12:11:21] <44788> TID -> [ilooda001m01012403051211217047]
 [2024-03-05 12:11:21] <44788> 3001[카드 결제 성공]
 [2024-03-05 12:11:21] <44788> END PYO  Laptime:[0.314sec]
 [2024-03-05 12:11:21] <44788> ===============================================================
 [2024-03-05 14:14:55] <145819> START NicepayLite PYO (V1.1B20140314(OS:Linux2.6.32-754.35.1.el6.x86_64,PHP:7.3.15))
 [2024-03-05 14:14:55] <145819> Connect to ssl://web.nicepay.co.kr:443
 [2024-03-05 14:14:55] <145819> ssl://web.nicepay.co.kr:443 Server Connect OK
 [2024-03-05 14:14:55] <145819> MSG_TO_SVR::[/lite/payProcess.jsp]
 [2024-03-05 14:14:56] <145819> TID -> [ilooda001m01012403051414569371]
 [2024-03-05 14:14:56] <145819> 3001[카드 결제 성공]
 [2024-03-05 14:14:56] <145819> END PYO  Laptime:[1.011sec]
 [2024-03-05 14:14:56] <145819> ===============================================================
 [2024-03-05 14:56:19] <38543> START NicepayLite PYO (V1.1B20140314(OS:Linux2.6.32-754.35.1.el6.x86_64,PHP:7.3.15))
 [2024-03-05 14:56:19] <38543> Connect to ssl://web.nicepay.co.kr:443
 [2024-03-05 14:56:19] <38543> ssl://web.nicepay.co.kr:443 Server Connect OK
 [2024-03-05 14:56:19] <38543> MSG_TO_SVR::[/lite/payProcess.jsp]
 [2024-03-05 14:56:19] <38543> TID -> [ilooda001m01012403051456200872]
 [2024-03-05 14:56:19] <38543> 3001[카드 결제 성공]
 [2024-03-05 14:56:19] <38543> END PYO  Laptime:[0.572sec]
 [2024-03-05 14:56:19] <38543> ===============================================================
 [2024-03-05 15:31:37] <24079> START NicepayLite PYO (V1.1B20140314(OS:Linux2.6.32-754.35.1.el6.x86_64,PHP:7.3.15))
 [2024-03-05 15:31:37] <24079> Connect to ssl://web.nicepay.co.kr:443
 [2024-03-05 15:31:37] <24079> ssl://web.nicepay.co.kr:443 Server Connect OK
 [2024-03-05 15:31:37] <24079> MSG_TO_SVR::[/lite/payProcess.jsp]
 [2024-03-05 15:31:38] <24079> TID -> [ilooda001m01012403051531386767]
 [2024-03-05 15:31:38] <24079> 3001[카드 결제 성공]
 [2024-03-05 15:31:38] <24079> END PYO  Laptime:[0.622sec]
 [2024-03-05 15:31:38] <24079> ===============================================================
 [2024-03-05 15:37:45] <72367> START NicepayLite PYO (V1.1B20140314(OS:Linux2.6.32-754.35.1.el6.x86_64,PHP:7.3.15))
 [2024-03-05 15:37:45] <72367> Connect to ssl://web.nicepay.co.kr:443
 [2024-03-05 15:37:46] <72367> ssl://web.nicepay.co.kr:443 Server Connect OK
 [2024-03-05 15:37:46] <72367> MSG_TO_SVR::[/lite/payProcess.jsp]
 [2024-03-05 15:37:46] <72367> TID -> [ilooda001m01012403051537470030]
 [2024-03-05 15:37:46] <72367> 3001[카드 결제 성공]
 [2024-03-05 15:37:46] <72367> END PYO  Laptime:[0.686sec]
 [2024-03-05 15:37:46] <72367> ===============================================================
 [2024-03-05 17:37:36] <146242> START NicepayLite PYO (V1.1B20140314(OS:Linux2.6.32-754.35.1.el6.x86_64,PHP:7.3.15))
 [2024-03-05 17:37:36] <146242> Connect to ssl://web.nicepay.co.kr:443
 [2024-03-05 17:37:36] <146242> ssl://web.nicepay.co.kr:443 Server Connect OK
 [2024-03-05 17:37:36] <146242> MSG_TO_SVR::[/lite/payProcess.jsp]
 [2024-03-05 17:37:37] <146242> TID -> [ilooda001m01012403051737372535]
 [2024-03-05 17:37:37] <146242> 3001[카드 결제 성공]
 [2024-03-05 17:37:37] <146242> END PYO  Laptime:[1.169sec]
 [2024-03-05 17:37:37] <146242> ===============================================================
 [2024-03-05 18:25:39] <89559> START NicepayLite PYO (V1.1B20140314(OS:Linux2.6.32-754.35.1.el6.x86_64,PHP:7.3.15))
 [2024-03-05 18:25:39] <89559> Connect to ssl://web.nicepay.co.kr:443
 [2024-03-05 18:25:39] <89559> ssl://web.nicepay.co.kr:443 Server Connect OK
 [2024-03-05 18:25:39] <89559> MSG_TO_SVR::[/lite/payProcess.jsp]
 [2024-03-05 18:25:40] <89559> TID -> [ilooda001m01012403051825404370]
 [2024-03-05 18:25:40] <89559> 3001[카드 결제 성공]
 [2024-03-05 18:25:40] <89559> END PYO  Laptime:[0.735sec]
 [2024-03-05 18:25:40] <89559> ===============================================================
 [2024-03-05 18:34:11] <6131> START NicepayLite PYO (V1.1B20140314(OS:Linux2.6.32-754.35.1.el6.x86_64,PHP:7.3.15))
 [2024-03-05 18:34:11] <6131> Connect to ssl://web.nicepay.co.kr:443
 [2024-03-05 18:34:11] <6131> ssl://web.nicepay.co.kr:443 Server Connect OK
 [2024-03-05 18:34:11] <6131> MSG_TO_SVR::[/lite/payProcess.jsp]
 [2024-03-05 18:34:12] <6131> TID -> [ilooda001m01012403051834130439]
 [2024-03-05 18:34:12] <6131> 3001[카드 결제 성공]
 [2024-03-05 18:34:12] <6131> END PYO  Laptime:[0.644sec]
 [2024-03-05 18:34:12] <6131> ===============================================================
 [2024-03-05 20:19:36] <117138> START NicepayLite PYO (V1.1B20140314(OS:Linux2.6.32-754.35.1.el6.x86_64,PHP:7.3.15))
 [2024-03-05 20:19:36] <117138> Connect to ssl://web.nicepay.co.kr:443
 [2024-03-05 20:19:36] <117138> ssl://web.nicepay.co.kr:443 Server Connect OK
 [2024-03-05 20:19:36] <117138> MSG_TO_SVR::[/lite/payProcess.jsp]
 [2024-03-05 20:19:36] <117138> TID -> [ilooda001m01012403052019377461]
 [2024-03-05 20:19:36] <117138> 3001[카드 결제 성공]
 [2024-03-05 20:19:36] <117138> END PYO  Laptime:[0.335sec]
 [2024-03-05 20:19:36] <117138> ===============================================================
