 [2024-05-02 15:07:36] <32039> START NicepayLite PYO (V1.1B20140314(OS:Linux2.6.32-754.35.1.el6.x86_64,PHP:7.3.15))
 [2024-05-02 15:07:36] <32039> Connect to ssl://web.nicepay.co.kr:443
 [2024-05-02 15:07:36] <32039> ssl://web.nicepay.co.kr:443 Server Connect OK
 [2024-05-02 15:07:36] <32039> MSG_TO_SVR::[/lite/payProcess.jsp]
 [2024-05-02 15:07:37] <32039> TID -> [ilooda001m01012405021507384244]
 [2024-05-02 15:07:37] <32039> 3001[카드 결제 성공]
 [2024-05-02 15:07:37] <32039> END PYO  Laptime:[0.824sec]
 [2024-05-02 15:07:37] <32039> ===============================================================
 [2024-05-02 15:47:14] <60589> START NicepayLite PYO (V1.1B20140314(OS:Linux2.6.32-754.35.1.el6.x86_64,PHP:7.3.15))
 [2024-05-02 15:47:14] <60589> Connect to ssl://web.nicepay.co.kr:443
 [2024-05-02 15:47:15] <60589> ssl://web.nicepay.co.kr:443 Server Connect OK
 [2024-05-02 15:47:15] <60589> MSG_TO_SVR::[/lite/payProcess.jsp]
 [2024-05-02 15:47:15] <60589> TID -> [ilooda001m01012405021547170139]
 [2024-05-02 15:47:15] <60589> 3001[카드 결제 성공]
 [2024-05-02 15:47:15] <60589> END PYO  Laptime:[0.348sec]
 [2024-05-02 15:47:15] <60589> ===============================================================
 [2024-05-02 17:08:29] <116635> START NicepayLite PYO (V1.1B20140314(OS:Linux2.6.32-754.35.1.el6.x86_64,PHP:7.3.15))
 [2024-05-02 17:08:29] <116635> Connect to ssl://web.nicepay.co.kr:443
 [2024-05-02 17:08:29] <116635> ssl://web.nicepay.co.kr:443 Server Connect OK
 [2024-05-02 17:08:29] <116635> MSG_TO_SVR::[/lite/payProcess.jsp]
 [2024-05-02 17:08:30] <116635> TID -> [ilooda001m01012405021708319694]
 [2024-05-02 17:08:30] <116635> HG[포인트 요청금액 잔액 부족, 일반 거래 요망]
 [2024-05-02 17:08:30] <116635> END PYO  Laptime:[0.383sec]
 [2024-05-02 17:08:30] <116635> ===============================================================
 [2024-05-02 17:09:42] <132219> START NicepayLite PYO (V1.1B20140314(OS:Linux2.6.32-754.35.1.el6.x86_64,PHP:7.3.15))
 [2024-05-02 17:09:42] <132219> Connect to ssl://web.nicepay.co.kr:443
 [2024-05-02 17:09:42] <132219> ssl://web.nicepay.co.kr:443 Server Connect OK
 [2024-05-02 17:09:42] <132219> MSG_TO_SVR::[/lite/payProcess.jsp]
 [2024-05-02 17:09:42] <132219> TID -> [ilooda001m01012405021709445019]
 [2024-05-02 17:09:42] <132219> 3001[카드 결제 성공]
 [2024-05-02 17:09:42] <132219> END PYO  Laptime:[0.255sec]
 [2024-05-02 17:09:42] <132219> ===============================================================
 [2024-05-02 17:33:38] <26953> START NicepayLite PYO (V1.1B20140314(OS:Linux2.6.32-754.35.1.el6.x86_64,PHP:7.3.15))
 [2024-05-02 17:33:38] <26953> Connect to ssl://web.nicepay.co.kr:443
 [2024-05-02 17:33:38] <26953> ssl://web.nicepay.co.kr:443 Server Connect OK
 [2024-05-02 17:33:38] <26953> MSG_TO_SVR::[/lite/payProcess.jsp]
 [2024-05-02 17:33:38] <26953> TID -> [ilooda001m01012405021733404748]
 [2024-05-02 17:33:38] <26953> 3001[카드 결제 성공]
 [2024-05-02 17:33:38] <26953> END PYO  Laptime:[0.522sec]
 [2024-05-02 17:33:38] <26953> ===============================================================
 [2024-05-02 19:08:43] <45525> START NicepayLite PYO (V1.1B20140314(OS:Linux2.6.32-754.35.1.el6.x86_64,PHP:7.3.15))
 [2024-05-02 19:08:43] <45525> Connect to ssl://web.nicepay.co.kr:443
 [2024-05-02 19:08:43] <45525> ssl://web.nicepay.co.kr:443 Server Connect OK
 [2024-05-02 19:08:43] <45525> MSG_TO_SVR::[/lite/payProcess.jsp]
 [2024-05-02 19:08:44] <45525> TID -> [ilooda001m01012405021908457594]
 [2024-05-02 19:08:44] <45525> 3001[카드 결제 성공]
 [2024-05-02 19:08:44] <45525> END PYO  Laptime:[0.356sec]
 [2024-05-02 19:08:44] <45525> ===============================================================
 [2024-05-02 19:41:43] <12025> START NicepayLite PYO (V1.1B20140314(OS:Linux2.6.32-754.35.1.el6.x86_64,PHP:7.3.15))
 [2024-05-02 19:41:43] <12025> Connect to ssl://web.nicepay.co.kr:443
 [2024-05-02 19:41:43] <12025> ssl://web.nicepay.co.kr:443 Server Connect OK
 [2024-05-02 19:41:43] <12025> MSG_TO_SVR::[/lite/payProcess.jsp]
 [2024-05-02 19:41:44] <12025> TID -> [ilooda001m01012405021941460327]
 [2024-05-02 19:41:44] <12025> 3001[카드 결제 성공]
 [2024-05-02 19:41:44] <12025> END PYO  Laptime:[0.831sec]
 [2024-05-02 19:41:44] <12025> ===============================================================
 [2024-05-02 19:52:59] <98732> START NicepayLite PYO (V1.1B20140314(OS:Linux2.6.32-754.35.1.el6.x86_64,PHP:7.3.15))
 [2024-05-02 19:52:59] <98732> Connect to ssl://web.nicepay.co.kr:443
 [2024-05-02 19:52:59] <98732> ssl://web.nicepay.co.kr:443 Server Connect OK
 [2024-05-02 19:52:59] <98732> MSG_TO_SVR::[/lite/payProcess.jsp]
 [2024-05-02 19:53:00] <98732> TID -> [ilooda001m01012405021953020839]
 [2024-05-02 19:53:00] <98732> 3001[카드 결제 성공]
 [2024-05-02 19:53:00] <98732> END PYO  Laptime:[0.522sec]
 [2024-05-02 19:53:00] <98732> ===============================================================
 [2024-05-02 20:21:46] <33443> START NicepayLite PYO (V1.1B20140314(OS:Linux2.6.32-754.35.1.el6.x86_64,PHP:7.3.15))
 [2024-05-02 20:21:46] <33443> Connect to ssl://web.nicepay.co.kr:443
 [2024-05-02 20:21:46] <33443> ssl://web.nicepay.co.kr:443 Server Connect OK
 [2024-05-02 20:21:46] <33443> MSG_TO_SVR::[/lite/payProcess.jsp]
 [2024-05-02 20:21:46] <33443> TID -> [ilooda001m01012405022021481343]
 [2024-05-02 20:21:46] <33443> 3001[카드 결제 성공]
 [2024-05-02 20:21:46] <33443> END PYO  Laptime:[0.688sec]
 [2024-05-02 20:21:46] <33443> ===============================================================
