 [2024-05-25 12:23:58] <53422> START NicepayLite PYO (V1.1B20140314(OS:Linux2.6.32-754.35.1.el6.x86_64,PHP:7.3.15))
 [2024-05-25 12:23:58] <53422> Connect to ssl://web.nicepay.co.kr:443
 [2024-05-25 12:23:59] <53422> ssl://web.nicepay.co.kr:443 Server Connect OK
 [2024-05-25 12:23:59] <53422> MSG_TO_SVR::[/lite/payProcess.jsp]
 [2024-05-25 12:24:00] <53422> TID -> [ilooda001m01012405251223598296]
 [2024-05-25 12:24:00] <53422> 3001[카드 결제 성공]
 [2024-05-25 12:24:00] <53422> END PYO  Laptime:[1.389sec]
 [2024-05-25 12:24:00] <53422> ===============================================================
 [2024-05-25 13:19:49] <50696> START NicepayLite PYO (V1.1B20140314(OS:Linux2.6.32-754.35.1.el6.x86_64,PHP:7.3.15))
 [2024-05-25 13:19:49] <50696> Connect to ssl://web.nicepay.co.kr:443
 [2024-05-25 13:19:49] <50696> ssl://web.nicepay.co.kr:443 Server Connect OK
 [2024-05-25 13:19:49] <50696> MSG_TO_SVR::[/lite/payProcess.jsp]
 [2024-05-25 13:19:50] <50696> TID -> [ilooda001m01012405251319506873]
 [2024-05-25 13:19:50] <50696> 3001[카드 결제 성공]
 [2024-05-25 13:19:50] <50696> END PYO  Laptime:[1.046sec]
 [2024-05-25 13:19:50] <50696> ===============================================================
 [2024-05-25 13:34:58] <22035> START NicepayLite PYO (V1.1B20140314(OS:Linux2.6.32-754.35.1.el6.x86_64,PHP:7.3.15))
 [2024-05-25 13:34:58] <22035> Connect to ssl://web.nicepay.co.kr:443
 [2024-05-25 13:34:58] <22035> ssl://web.nicepay.co.kr:443 Server Connect OK
 [2024-05-25 13:34:58] <22035> MSG_TO_SVR::[/lite/payProcess.jsp]
 [2024-05-25 13:34:58] <22035> TID -> [ilooda001m01012405251334592003]
 [2024-05-25 13:34:58] <22035> 3001[카드 결제 성공]
 [2024-05-25 13:34:58] <22035> END PYO  Laptime:[0.526sec]
 [2024-05-25 13:34:58] <22035> ===============================================================
