 [2023-11-13 11:19:13] <128786> START NicepayLite PYO (V1.1B20140314(OS:Linux2.6.32-754.35.1.el6.x86_64,PHP:7.3.15))
 [2023-11-13 11:19:13] <128786> Connect to ssl://web.nicepay.co.kr:443
 [2023-11-13 11:19:13] <128786> ssl://web.nicepay.co.kr:443 Server Connect OK
 [2023-11-13 11:19:13] <128786> MSG_TO_SVR::[/lite/payProcess.jsp]
 [2023-11-13 11:19:14] <128786> TID -> [ilooda001m01012311131119175956]
 [2023-11-13 11:19:14] <128786> 3001[카드 결제 성공]
 [2023-11-13 11:19:14] <128786> END PYO  Laptime:[0.665sec]
 [2023-11-13 11:19:14] <128786> ===============================================================
 [2023-11-13 11:32:51] <77116> START NicepayLite PYO (V1.1B20140314(OS:Linux2.6.32-754.35.1.el6.x86_64,PHP:7.3.15))
 [2023-11-13 11:32:51] <77116> Connect to ssl://web.nicepay.co.kr:443
 [2023-11-13 11:32:51] <77116> ssl://web.nicepay.co.kr:443 Server Connect OK
 [2023-11-13 11:32:51] <77116> MSG_TO_SVR::[/lite/payProcess.jsp]
 [2023-11-13 11:32:51] <77116> TID -> [ilooda001m01012311131132547994]
 [2023-11-13 11:32:51] <77116> 3001[카드 결제 성공]
 [2023-11-13 11:32:51] <77116> END PYO  Laptime:[0.224sec]
 [2023-11-13 11:32:51] <77116> ===============================================================
 [2023-11-13 11:39:19] <128433> START NicepayLite PYO (V1.1B20140314(OS:Linux2.6.32-754.35.1.el6.x86_64,PHP:7.3.15))
 [2023-11-13 11:39:19] <128433> Connect to ssl://web.nicepay.co.kr:443
 [2023-11-13 11:39:19] <128433> ssl://web.nicepay.co.kr:443 Server Connect OK
 [2023-11-13 11:39:19] <128433> MSG_TO_SVR::[/lite/payProcess.jsp]
 [2023-11-13 11:39:20] <128433> TID -> [ilooda001m01012311131139236555]
 [2023-11-13 11:39:20] <128433> 3001[카드 결제 성공]
 [2023-11-13 11:39:20] <128433> END PYO  Laptime:[0.3sec]
 [2023-11-13 11:39:20] <128433> ===============================================================
 [2023-11-13 11:49:13] <39571> START NicepayLite PYO (V1.1B20140314(OS:Linux2.6.32-754.35.1.el6.x86_64,PHP:7.3.15))
 [2023-11-13 11:49:13] <39571> Connect to ssl://web.nicepay.co.kr:443
 [2023-11-13 11:49:13] <39571> ssl://web.nicepay.co.kr:443 Server Connect OK
 [2023-11-13 11:49:13] <39571> MSG_TO_SVR::[/lite/payProcess.jsp]
 [2023-11-13 11:49:13] <39571> TID -> [ilooda001m01012311131149169282]
 [2023-11-13 11:49:13] <39571> 3001[카드 결제 성공]
 [2023-11-13 11:49:13] <39571> END PYO  Laptime:[0.217sec]
 [2023-11-13 11:49:13] <39571> ===============================================================
 [2023-11-13 13:08:28] <40479> START NicepayLite PYO (V1.1B20140314(OS:Linux2.6.32-754.35.1.el6.x86_64,PHP:7.3.15))
 [2023-11-13 13:08:28] <40479> Connect to ssl://web.nicepay.co.kr:443
 [2023-11-13 13:08:28] <40479> ssl://web.nicepay.co.kr:443 Server Connect OK
 [2023-11-13 13:08:28] <40479> MSG_TO_SVR::[/lite/payProcess.jsp]
 [2023-11-13 13:08:28] <40479> TID -> [ilooda001m01012311131308322810]
 [2023-11-13 13:08:28] <40479> 3001[카드 결제 성공]
 [2023-11-13 13:08:28] <40479> END PYO  Laptime:[0.312sec]
 [2023-11-13 13:08:28] <40479> ===============================================================
 [2023-11-13 15:13:30] <67377> START NicepayLite PYO (V1.1B20140314(OS:Linux2.6.32-754.35.1.el6.x86_64,PHP:7.3.15))
 [2023-11-13 15:13:30] <67377> Connect to ssl://web.nicepay.co.kr:443
 [2023-11-13 15:13:30] <67377> ssl://web.nicepay.co.kr:443 Server Connect OK
 [2023-11-13 15:13:30] <67377> MSG_TO_SVR::[/lite/payProcess.jsp]
 [2023-11-13 15:13:31] <67377> TID -> [ilooda001m01012311131513347920]
 [2023-11-13 15:13:31] <67377> 3001[카드 결제 성공]
 [2023-11-13 15:13:31] <67377> END PYO  Laptime:[0.882sec]
 [2023-11-13 15:13:31] <67377> ===============================================================
 [2023-11-13 15:48:00] <21159> START NicepayLite PYO (V1.1B20140314(OS:Linux2.6.32-754.35.1.el6.x86_64,PHP:7.3.15))
 [2023-11-13 15:48:00] <21159> Connect to ssl://web.nicepay.co.kr:443
 [2023-11-13 15:48:00] <21159> ssl://web.nicepay.co.kr:443 Server Connect OK
 [2023-11-13 15:48:00] <21159> MSG_TO_SVR::[/lite/payProcess.jsp]
 [2023-11-13 15:48:01] <21159> TID -> [ilooda001m01012311131548042215]
 [2023-11-13 15:48:01] <21159> 3001[카드 결제 성공]
 [2023-11-13 15:48:01] <21159> END PYO  Laptime:[0.917sec]
 [2023-11-13 15:48:01] <21159> ===============================================================
 [2023-11-13 15:58:02] <94877> START NicepayLite PYO (V1.1B20140314(OS:Linux2.6.32-754.35.1.el6.x86_64,PHP:7.3.15))
 [2023-11-13 15:58:02] <94877> Connect to ssl://web.nicepay.co.kr:443
 [2023-11-13 15:58:02] <94877> ssl://web.nicepay.co.kr:443 Server Connect OK
 [2023-11-13 15:58:02] <94877> MSG_TO_SVR::[/lite/payProcess.jsp]
 [2023-11-13 15:58:03] <94877> TID -> [ilooda001m01012311131558063754]
 [2023-11-13 15:58:03] <94877> 3001[카드 결제 성공]
 [2023-11-13 15:58:03] <94877> END PYO  Laptime:[0.791sec]
 [2023-11-13 15:58:03] <94877> ===============================================================
 [2023-11-13 17:49:29] <36418> START NicepayLite PYO (V1.1B20140314(OS:Linux2.6.32-754.35.1.el6.x86_64,PHP:7.3.15))
 [2023-11-13 17:49:29] <36418> Connect to ssl://web.nicepay.co.kr:443
 [2023-11-13 17:49:29] <36418> ssl://web.nicepay.co.kr:443 Server Connect OK
 [2023-11-13 17:49:29] <36418> MSG_TO_SVR::[/lite/payProcess.jsp]
 [2023-11-13 17:49:30] <36418> TID -> [ilooda001m01012311131749336160]
 [2023-11-13 17:49:30] <36418> 3001[카드 결제 성공]
 [2023-11-13 17:49:30] <36418> END PYO  Laptime:[1.238sec]
 [2023-11-13 17:49:30] <36418> ===============================================================
 [2023-11-13 18:44:53] <146210> START NicepayLite PYO (V1.1B20140314(OS:Linux2.6.32-754.35.1.el6.x86_64,PHP:7.3.15))
 [2023-11-13 18:44:53] <146210> Connect to ssl://web.nicepay.co.kr:443
 [2023-11-13 18:44:53] <146210> ssl://web.nicepay.co.kr:443 Server Connect OK
 [2023-11-13 18:44:53] <146210> MSG_TO_SVR::[/lite/payProcess.jsp]
 [2023-11-13 18:44:54] <146210> TID -> [ilooda001m01012311131844578530]
 [2023-11-13 18:44:54] <146210> 3001[카드 결제 성공]
 [2023-11-13 18:44:54] <146210> END PYO  Laptime:[0.675sec]
 [2023-11-13 18:44:54] <146210> ===============================================================
 [2023-11-13 19:09:41] <34432> START NicepayLite PYO (V1.1B20140314(OS:Linux2.6.32-754.35.1.el6.x86_64,PHP:7.3.15))
 [2023-11-13 19:09:41] <34432> Connect to ssl://web.nicepay.co.kr:443
 [2023-11-13 19:09:41] <34432> ssl://web.nicepay.co.kr:443 Server Connect OK
 [2023-11-13 19:09:41] <34432> MSG_TO_SVR::[/lite/payProcess.jsp]
 [2023-11-13 19:09:42] <34432> TID -> [ilooda001m01012311131909453550]
 [2023-11-13 19:09:42] <34432> 3001[카드 결제 성공]
 [2023-11-13 19:09:42] <34432> END PYO  Laptime:[0.898sec]
 [2023-11-13 19:09:42] <34432> ===============================================================
 [2023-11-13 19:44:22] <141618> START NicepayLite PYO (V1.1B20140314(OS:Linux2.6.32-754.35.1.el6.x86_64,PHP:7.3.15))
 [2023-11-13 19:44:22] <141618> Connect to ssl://web.nicepay.co.kr:443
 [2023-11-13 19:44:22] <141618> ssl://web.nicepay.co.kr:443 Server Connect OK
 [2023-11-13 19:44:22] <141618> MSG_TO_SVR::[/lite/payProcess.jsp]
 [2023-11-13 19:44:23] <141618> TID -> [ilooda001m01012311131944267101]
 [2023-11-13 19:44:23] <141618> 3001[카드 결제 성공]
 [2023-11-13 19:44:23] <141618> END PYO  Laptime:[0.481sec]
 [2023-11-13 19:44:23] <141618> ===============================================================
