 [2024-03-28 02:15:51] <98409> START NicepayLite PYO (V1.1B20140314(OS:Linux2.6.32-754.35.1.el6.x86_64,PHP:7.3.15))
 [2024-03-28 02:15:51] <98409> Connect to ssl://web.nicepay.co.kr:443
 [2024-03-28 02:15:51] <98409> ssl://web.nicepay.co.kr:443 Server Connect OK
 [2024-03-28 02:15:51] <98409> MSG_TO_SVR::[/lite/payProcess.jsp]
 [2024-03-28 02:15:52] <98409> TID -> [ilooda001m01012403280215525827]
 [2024-03-28 02:15:52] <98409> 3001[카드 결제 성공]
 [2024-03-28 02:15:52] <98409> END PYO  Laptime:[0.324sec]
 [2024-03-28 02:15:52] <98409> ===============================================================
 [2024-03-28 10:51:22] <42254> START NicepayLite PYO (V1.1B20140314(OS:Linux2.6.32-754.35.1.el6.x86_64,PHP:7.3.15))
 [2024-03-28 10:51:22] <42254> Connect to ssl://web.nicepay.co.kr:443
 [2024-03-28 10:51:22] <42254> ssl://web.nicepay.co.kr:443 Server Connect OK
 [2024-03-28 10:51:22] <42254> MSG_TO_SVR::[/lite/payProcess.jsp]
 [2024-03-28 10:51:23] <42254> TID -> [ilooda001m01012403281051238536]
 [2024-03-28 10:51:23] <42254> 3001[카드 결제 성공]
 [2024-03-28 10:51:23] <42254> END PYO  Laptime:[0.516sec]
 [2024-03-28 10:51:23] <42254> ===============================================================
 [2024-03-28 13:31:39] <49123> START NicepayLite PYO (V1.1B20140314(OS:Linux2.6.32-754.35.1.el6.x86_64,PHP:7.3.15))
 [2024-03-28 13:31:39] <49123> Connect to ssl://web.nicepay.co.kr:443
 [2024-03-28 13:31:39] <49123> ssl://web.nicepay.co.kr:443 Server Connect OK
 [2024-03-28 13:31:39] <49123> MSG_TO_SVR::[/lite/payProcess.jsp]
 [2024-03-28 13:31:39] <49123> TID -> [ilooda001m01012403281331404828]
 [2024-03-28 13:31:39] <49123> 3001[카드 결제 성공]
 [2024-03-28 13:31:39] <49123> END PYO  Laptime:[0.509sec]
 [2024-03-28 13:31:39] <49123> ===============================================================
 [2024-03-28 15:56:50] <95059> START NicepayLite PYO (V1.1B20140314(OS:Linux2.6.32-754.35.1.el6.x86_64,PHP:7.3.15))
 [2024-03-28 15:56:50] <95059> Connect to ssl://web.nicepay.co.kr:443
 [2024-03-28 15:56:50] <95059> ssl://web.nicepay.co.kr:443 Server Connect OK
 [2024-03-28 15:56:50] <95059> MSG_TO_SVR::[/lite/payProcess.jsp]
 [2024-03-28 15:56:51] <95059> TID -> [ilooda001m01012403281556517001]
 [2024-03-28 15:56:51] <95059> 3001[카드 결제 성공]
 [2024-03-28 15:56:51] <95059> END PYO  Laptime:[1.387sec]
 [2024-03-28 15:56:51] <95059> ===============================================================
