 [2024-05-22 10:15:22] <80921> START NicepayLite PYO (V1.1B20140314(OS:Linux2.6.32-754.35.1.el6.x86_64,PHP:7.3.15))
 [2024-05-22 10:15:22] <80921> Connect to ssl://web.nicepay.co.kr:443
 [2024-05-22 10:15:22] <80921> ssl://web.nicepay.co.kr:443 Server Connect OK
 [2024-05-22 10:15:22] <80921> MSG_TO_SVR::[/lite/payProcess.jsp]
 [2024-05-22 10:15:23] <80921> TID -> [ilooda001m01012405221015229108]
 [2024-05-22 10:15:23] <80921> 3001[카드 결제 성공]
 [2024-05-22 10:15:23] <80921> END PYO  Laptime:[1.206sec]
 [2024-05-22 10:15:23] <80921> ===============================================================
 [2024-05-22 10:27:14] <30672> START NicepayLite PYO (V1.1B20140314(OS:Linux2.6.32-754.35.1.el6.x86_64,PHP:7.3.15))
 [2024-05-22 10:27:14] <30672> Connect to ssl://web.nicepay.co.kr:443
 [2024-05-22 10:27:14] <30672> ssl://web.nicepay.co.kr:443 Server Connect OK
 [2024-05-22 10:27:14] <30672> MSG_TO_SVR::[/lite/payProcess.jsp]
 [2024-05-22 10:27:14] <30672> TID -> [ilooda001m01012405221027143647]
 [2024-05-22 10:27:14] <30672> 3001[카드 결제 성공]
 [2024-05-22 10:27:14] <30672> END PYO  Laptime:[0.489sec]
 [2024-05-22 10:27:14] <30672> ===============================================================
 [2024-05-22 10:44:16] <15569> START NicepayLite PYO (V1.1B20140314(OS:Linux2.6.32-754.35.1.el6.x86_64,PHP:7.3.15))
 [2024-05-22 10:44:16] <15569> Connect to ssl://web.nicepay.co.kr:443
 [2024-05-22 10:44:16] <15569> ssl://web.nicepay.co.kr:443 Server Connect OK
 [2024-05-22 10:44:16] <15569> MSG_TO_SVR::[/lite/payProcess.jsp]
 [2024-05-22 10:44:17] <15569> TID -> [ilooda001m01012405221044171468]
 [2024-05-22 10:44:17] <15569> 3001[카드 결제 성공]
 [2024-05-22 10:44:17] <15569> END PYO  Laptime:[0.476sec]
 [2024-05-22 10:44:17] <15569> ===============================================================
 [2024-05-22 14:00:38] <60238> START NicepayLite PYO (V1.1B20140314(OS:Linux2.6.32-754.35.1.el6.x86_64,PHP:7.3.15))
 [2024-05-22 14:00:38] <60238> Connect to ssl://web.nicepay.co.kr:443
 [2024-05-22 14:00:38] <60238> ssl://web.nicepay.co.kr:443 Server Connect OK
 [2024-05-22 14:00:38] <60238> MSG_TO_SVR::[/lite/payProcess.jsp]
 [2024-05-22 14:00:39] <60238> TID -> [ilooda001m01012405221400393197]
 [2024-05-22 14:00:39] <60238> 3001[카드 결제 성공]
 [2024-05-22 14:00:39] <60238> END PYO  Laptime:[0.996sec]
 [2024-05-22 14:00:39] <60238> ===============================================================
 [2024-05-22 15:52:35] <44196> START NicepayLite PYO (V1.1B20140314(OS:Linux2.6.32-754.35.1.el6.x86_64,PHP:7.3.15))
 [2024-05-22 15:52:35] <44196> Connect to ssl://web.nicepay.co.kr:443
 [2024-05-22 15:52:35] <44196> ssl://web.nicepay.co.kr:443 Server Connect OK
 [2024-05-22 15:52:35] <44196> MSG_TO_SVR::[/lite/payProcess.jsp]
 [2024-05-22 15:52:36] <44196> TID -> [ilooda001m01012405221552360335]
 [2024-05-22 15:52:36] <44196> 3001[카드 결제 성공]
 [2024-05-22 15:52:36] <44196> END PYO  Laptime:[0.456sec]
 [2024-05-22 15:52:36] <44196> ===============================================================
 [2024-05-22 16:21:20] <119088> START NicepayLite PYO (V1.1B20140314(OS:Linux2.6.32-754.35.1.el6.x86_64,PHP:7.3.15))
 [2024-05-22 16:21:20] <119088> Connect to ssl://web.nicepay.co.kr:443
 [2024-05-22 16:21:20] <119088> ssl://web.nicepay.co.kr:443 Server Connect OK
 [2024-05-22 16:21:20] <119088> MSG_TO_SVR::[/lite/payProcess.jsp]
 [2024-05-22 16:21:20] <119088> TID -> [ilooda001m01012405221621208160]
 [2024-05-22 16:21:20] <119088> 3001[카드 결제 성공]
 [2024-05-22 16:21:20] <119088> END PYO  Laptime:[0.422sec]
 [2024-05-22 16:21:20] <119088> ===============================================================
 [2024-05-22 23:49:51] <23212> START NicepayLite PYO (V1.1B20140314(OS:Linux2.6.32-754.35.1.el6.x86_64,PHP:7.3.15))
 [2024-05-22 23:49:51] <23212> Connect to ssl://web.nicepay.co.kr:443
 [2024-05-22 23:49:51] <23212> ssl://web.nicepay.co.kr:443 Server Connect OK
 [2024-05-22 23:49:51] <23212> MSG_TO_SVR::[/lite/payProcess.jsp]
 [2024-05-22 23:49:51] <23212> TID -> [ilooda001m01012405222349517338]
 [2024-05-22 23:49:51] <23212> 3001[카드 결제 성공]
 [2024-05-22 23:49:51] <23212> END PYO  Laptime:[0.391sec]
 [2024-05-22 23:49:51] <23212> ===============================================================
