 [2024-05-10 09:46:57] <86975> START NicepayLite PYO (V1.1B20140314(OS:Linux2.6.32-754.35.1.el6.x86_64,PHP:7.3.15))
 [2024-05-10 09:46:57] <86975> Connect to ssl://web.nicepay.co.kr:443
 [2024-05-10 09:46:57] <86975> ssl://web.nicepay.co.kr:443 Server Connect OK
 [2024-05-10 09:46:57] <86975> MSG_TO_SVR::[/lite/payProcess.jsp]
 [2024-05-10 09:46:57] <86975> TID -> [ilooda001m01012405100946583697]
 [2024-05-10 09:46:57] <86975> 3001[카드 결제 성공]
 [2024-05-10 09:46:57] <86975> END PYO  Laptime:[0.847sec]
 [2024-05-10 09:46:57] <86975> ===============================================================
 [2024-05-10 09:56:52] <16532> START NicepayLite PYO (V1.1B20140314(OS:Linux2.6.32-754.35.1.el6.x86_64,PHP:7.3.15))
 [2024-05-10 09:56:52] <16532> Connect to ssl://web.nicepay.co.kr:443
 [2024-05-10 09:56:53] <16532> ssl://web.nicepay.co.kr:443 Server Connect OK
 [2024-05-10 09:56:53] <16532> MSG_TO_SVR::[/lite/payProcess.jsp]
 [2024-05-10 09:56:53] <16532> TID -> [ilooda001m01012405100956541106]
 [2024-05-10 09:56:53] <16532> 51[한도초과]
 [2024-05-10 09:56:53] <16532> END PYO  Laptime:[0.388sec]
 [2024-05-10 09:56:53] <16532> ===============================================================
 [2024-05-10 09:59:16] <40269> START NicepayLite PYO (V1.1B20140314(OS:Linux2.6.32-754.35.1.el6.x86_64,PHP:7.3.15))
 [2024-05-10 09:59:16] <40269> Connect to ssl://web.nicepay.co.kr:443
 [2024-05-10 09:59:16] <40269> ssl://web.nicepay.co.kr:443 Server Connect OK
 [2024-05-10 09:59:16] <40269> MSG_TO_SVR::[/lite/payProcess.jsp]
 [2024-05-10 09:59:17] <40269> TID -> [ilooda001m01012405100959176742]
 [2024-05-10 09:59:17] <40269> 3001[카드 결제 성공]
 [2024-05-10 09:59:17] <40269> END PYO  Laptime:[1.299sec]
 [2024-05-10 09:59:17] <40269> ===============================================================
 [2024-05-10 10:07:46] <104650> START NicepayLite PYO (V1.1B20140314(OS:Linux2.6.32-754.35.1.el6.x86_64,PHP:7.3.15))
 [2024-05-10 10:07:46] <104650> Connect to ssl://web.nicepay.co.kr:443
 [2024-05-10 10:07:46] <104650> ssl://web.nicepay.co.kr:443 Server Connect OK
 [2024-05-10 10:07:46] <104650> MSG_TO_SVR::[/lite/payProcess.jsp]
 [2024-05-10 10:07:47] <104650> TID -> [ilooda001m01012405101007473949]
 [2024-05-10 10:07:47] <104650> 3001[카드 결제 성공]
 [2024-05-10 10:07:47] <104650> END PYO  Laptime:[0.963sec]
 [2024-05-10 10:07:47] <104650> ===============================================================
 [2024-05-10 13:10:53] <19458> START NicepayLite PYO (V1.1B20140314(OS:Linux2.6.32-754.35.1.el6.x86_64,PHP:7.3.15))
 [2024-05-10 13:10:53] <19458> Connect to ssl://web.nicepay.co.kr:443
 [2024-05-10 13:10:53] <19458> ssl://web.nicepay.co.kr:443 Server Connect OK
 [2024-05-10 13:10:53] <19458> MSG_TO_SVR::[/lite/payProcess.jsp]
 [2024-05-10 13:10:53] <19458> TID -> [ilooda001m01012405101310543297]
 [2024-05-10 13:10:53] <19458> 3001[카드 결제 성공]
 [2024-05-10 13:10:53] <19458> END PYO  Laptime:[0.525sec]
 [2024-05-10 13:10:53] <19458> ===============================================================
 [2024-05-10 14:32:56] <55964> START NicepayLite PYO (V1.1B20140314(OS:Linux2.6.32-754.35.1.el6.x86_64,PHP:7.3.15))
 [2024-05-10 14:32:56] <55964> Connect to ssl://web.nicepay.co.kr:443
 [2024-05-10 14:32:56] <55964> ssl://web.nicepay.co.kr:443 Server Connect OK
 [2024-05-10 14:32:56] <55964> MSG_TO_SVR::[/lite/payProcess.jsp]
 [2024-05-10 14:32:56] <55964> TID -> [ilooda001m01012405101432573180]
 [2024-05-10 14:32:56] <55964> 3001[카드 결제 성공]
 [2024-05-10 14:32:56] <55964> END PYO  Laptime:[0.674sec]
 [2024-05-10 14:32:56] <55964> ===============================================================
 [2024-05-10 15:46:39] <26681> START NicepayLite PYO (V1.1B20140314(OS:Linux2.6.32-754.35.1.el6.x86_64,PHP:7.3.15))
 [2024-05-10 15:46:39] <26681> Connect to ssl://web.nicepay.co.kr:443
 [2024-05-10 15:46:39] <26681> ssl://web.nicepay.co.kr:443 Server Connect OK
 [2024-05-10 15:46:39] <26681> MSG_TO_SVR::[/lite/payProcess.jsp]
 [2024-05-10 15:46:40] <26681> TID -> [ilooda001m01012405101546408624]
 [2024-05-10 15:46:40] <26681> 3001[카드 결제 성공]
 [2024-05-10 15:46:40] <26681> END PYO  Laptime:[0.655sec]
 [2024-05-10 15:46:40] <26681> ===============================================================
 [2024-05-10 16:31:30] <81379> START NicepayLite PYO (V1.1B20140314(OS:Linux2.6.32-754.35.1.el6.x86_64,PHP:7.3.15))
 [2024-05-10 16:31:30] <81379> Connect to ssl://web.nicepay.co.kr:443
 [2024-05-10 16:31:30] <81379> ssl://web.nicepay.co.kr:443 Server Connect OK
 [2024-05-10 16:31:30] <81379> MSG_TO_SVR::[/lite/payProcess.jsp]
 [2024-05-10 16:31:30] <81379> TID -> [ilooda001m01012405101631314605]
 [2024-05-10 16:31:30] <81379> 3001[카드 결제 성공]
 [2024-05-10 16:31:30] <81379> END PYO  Laptime:[0.661sec]
 [2024-05-10 16:31:30] <81379> ===============================================================
 [2024-05-10 19:42:24] <70138> START NicepayLite PYO (V1.1B20140314(OS:Linux2.6.32-754.35.1.el6.x86_64,PHP:7.3.15))
 [2024-05-10 19:42:24] <70138> Connect to ssl://web.nicepay.co.kr:443
 [2024-05-10 19:42:24] <70138> ssl://web.nicepay.co.kr:443 Server Connect OK
 [2024-05-10 19:42:24] <70138> MSG_TO_SVR::[/lite/payProcess.jsp]
 [2024-05-10 19:42:24] <70138> TID -> [ilooda001m01012405101942255042]
 [2024-05-10 19:42:24] <70138> 3001[카드 결제 성공]
 [2024-05-10 19:42:24] <70138> END PYO  Laptime:[0.709sec]
 [2024-05-10 19:42:24] <70138> ===============================================================
