 [2023-12-08 10:55:42] <117182> START NicepayLite PYO (V1.1B20140314(OS:Linux2.6.32-754.35.1.el6.x86_64,PHP:7.3.15))
 [2023-12-08 10:55:42] <117182> Connect to ssl://web.nicepay.co.kr:443
 [2023-12-08 10:55:42] <117182> ssl://web.nicepay.co.kr:443 Server Connect OK
 [2023-12-08 10:55:42] <117182> MSG_TO_SVR::[/lite/payProcess.jsp]
 [2023-12-08 10:55:43] <117182> TID -> [ilooda001m01012312081055444587]
 [2023-12-08 10:55:43] <117182> 3001[카드 결제 성공]
 [2023-12-08 10:55:43] <117182> END PYO  Laptime:[0.56sec]
 [2023-12-08 10:55:43] <117182> ===============================================================
 [2023-12-08 11:51:01] <69464> START NicepayLite PYO (V1.1B20140314(OS:Linux2.6.32-754.35.1.el6.x86_64,PHP:7.3.15))
 [2023-12-08 11:51:01] <69464> Connect to ssl://web.nicepay.co.kr:443
 [2023-12-08 11:51:01] <69464> ssl://web.nicepay.co.kr:443 Server Connect OK
 [2023-12-08 11:51:01] <69464> MSG_TO_SVR::[/lite/payProcess.jsp]
 [2023-12-08 11:51:01] <69464> TID -> [ilooda001m01012312081151036069]
 [2023-12-08 11:51:01] <69464> 3001[카드 결제 성공]
 [2023-12-08 11:51:01] <69464> END PYO  Laptime:[0.278sec]
 [2023-12-08 11:51:01] <69464> ===============================================================
 [2023-12-08 15:18:51] <82410> START NicepayLite PYO (V1.1B20140314(OS:Linux2.6.32-754.35.1.el6.x86_64,PHP:7.3.15))
 [2023-12-08 15:18:51] <82410> Connect to ssl://web.nicepay.co.kr:443
 [2023-12-08 15:18:51] <82410> ssl://web.nicepay.co.kr:443 Server Connect OK
 [2023-12-08 15:18:51] <82410> MSG_TO_SVR::[/lite/payProcess.jsp]
 [2023-12-08 15:18:52] <82410> TID -> [ilooda001m01012312081518533597]
 [2023-12-08 15:18:52] <82410> 3001[카드 결제 성공]
 [2023-12-08 15:18:52] <82410> END PYO  Laptime:[0.706sec]
 [2023-12-08 15:18:52] <82410> ===============================================================
 [2023-12-08 15:40:56] <92579> START NicepayLite PYO (V1.1B20140314(OS:Linux2.6.32-754.35.1.el6.x86_64,PHP:7.3.15))
 [2023-12-08 15:40:56] <92579> Connect to ssl://web.nicepay.co.kr:443
 [2023-12-08 15:40:56] <92579> ssl://web.nicepay.co.kr:443 Server Connect OK
 [2023-12-08 15:40:56] <92579> MSG_TO_SVR::[/lite/payProcess.jsp]
 [2023-12-08 15:40:57] <92579> TID -> [ilooda001m01012312081540585692]
 [2023-12-08 15:40:57] <92579> 3001[카드 결제 성공]
 [2023-12-08 15:40:57] <92579> END PYO  Laptime:[0.705sec]
 [2023-12-08 15:40:57] <92579> ===============================================================
 [2023-12-08 18:44:49] <74806> START NicepayLite PYO (V1.1B20140314(OS:Linux2.6.32-754.35.1.el6.x86_64,PHP:7.3.15))
 [2023-12-08 18:44:49] <74806> Connect to ssl://web.nicepay.co.kr:443
 [2023-12-08 18:44:49] <74806> ssl://web.nicepay.co.kr:443 Server Connect OK
 [2023-12-08 18:44:49] <74806> MSG_TO_SVR::[/lite/payProcess.jsp]
 [2023-12-08 18:44:50] <74806> TID -> [ilooda001m01012312081844514037]
 [2023-12-08 18:44:50] <74806> 3001[카드 결제 성공]
 [2023-12-08 18:44:50] <74806> END PYO  Laptime:[0.82sec]
 [2023-12-08 18:44:50] <74806> ===============================================================
 [2023-12-08 19:08:58] <96295> START NicepayLite PYO (V1.1B20140314(OS:Linux2.6.32-754.35.1.el6.x86_64,PHP:7.3.15))
 [2023-12-08 19:08:58] <96295> Connect to ssl://web.nicepay.co.kr:443
 [2023-12-08 19:08:58] <96295> ssl://web.nicepay.co.kr:443 Server Connect OK
 [2023-12-08 19:08:58] <96295> MSG_TO_SVR::[/lite/payProcess.jsp]
 [2023-12-08 19:08:59] <96295> TID -> [ilooda001m01012312081909008116]
 [2023-12-08 19:08:59] <96295> 3001[카드 결제 성공]
 [2023-12-08 19:08:59] <96295> END PYO  Laptime:[0.589sec]
 [2023-12-08 19:08:59] <96295> ===============================================================
