 [2024-03-02 01:04:27] <33312> START NicepayLite PYO (V1.1B20140314(OS:Linux2.6.32-754.35.1.el6.x86_64,PHP:7.3.15))
 [2024-03-02 01:04:27] <33312> Connect to ssl://web.nicepay.co.kr:443
 [2024-03-02 01:04:28] <33312> ssl://web.nicepay.co.kr:443 Server Connect OK
 [2024-03-02 01:04:28] <33312> MSG_TO_SVR::[/lite/payProcess.jsp]
 [2024-03-02 01:04:28] <33312> TID -> [ilooda001m01012403020104294765]
 [2024-03-02 01:04:28] <33312> 3001[카드 결제 성공]
 [2024-03-02 01:04:28] <33312> END PYO  Laptime:[0.338sec]
 [2024-03-02 01:04:28] <33312> ===============================================================
 [2024-03-02 08:49:18] <56216> START NicepayLite PYO (V1.1B20140314(OS:Linux2.6.32-754.35.1.el6.x86_64,PHP:7.3.15))
 [2024-03-02 08:49:18] <56216> Connect to ssl://web.nicepay.co.kr:443
 [2024-03-02 08:49:18] <56216> ssl://web.nicepay.co.kr:443 Server Connect OK
 [2024-03-02 08:49:18] <56216> MSG_TO_SVR::[/lite/payProcess.jsp]
 [2024-03-02 08:49:18] <56216> TID -> [ilooda001m01012403020849198681]
 [2024-03-02 08:49:18] <56216> 3001[카드 결제 성공]
 [2024-03-02 08:49:18] <56216> END PYO  Laptime:[0.683sec]
 [2024-03-02 08:49:18] <56216> ===============================================================
 [2024-03-02 10:45:07] <57119> START NicepayLite PYO (V1.1B20140314(OS:Linux2.6.32-754.35.1.el6.x86_64,PHP:7.3.15))
 [2024-03-02 10:45:07] <57119> Connect to ssl://web.nicepay.co.kr:443
 [2024-03-02 10:45:07] <57119> ssl://web.nicepay.co.kr:443 Server Connect OK
 [2024-03-02 10:45:07] <57119> MSG_TO_SVR::[/lite/payProcess.jsp]
 [2024-03-02 10:45:07] <57119> TID -> [ilooda001m01012403021045090214]
 [2024-03-02 10:45:07] <57119> 3001[카드 결제 성공]
 [2024-03-02 10:45:07] <57119> END PYO  Laptime:[0.574sec]
 [2024-03-02 10:45:07] <57119> ===============================================================
 [2024-03-02 12:58:18] <43926> START NicepayLite PYO (V1.1B20140314(OS:Linux2.6.32-754.35.1.el6.x86_64,PHP:7.3.15))
 [2024-03-02 12:58:18] <43926> Connect to ssl://web.nicepay.co.kr:443
 [2024-03-02 12:58:18] <43926> ssl://web.nicepay.co.kr:443 Server Connect OK
 [2024-03-02 12:58:18] <43926> MSG_TO_SVR::[/lite/payProcess.jsp]
 [2024-03-02 12:58:19] <43926> TID -> [ilooda001m01012403021258201894]
 [2024-03-02 12:58:19] <43926> 3001[카드 결제 성공]
 [2024-03-02 12:58:19] <43926> END PYO  Laptime:[0.936sec]
 [2024-03-02 12:58:19] <43926> ===============================================================
 [2024-03-02 13:17:24] <42485> START NicepayLite PYO (V1.1B20140314(OS:Linux2.6.32-754.35.1.el6.x86_64,PHP:7.3.15))
 [2024-03-02 13:17:24] <42485> Connect to ssl://web.nicepay.co.kr:443
 [2024-03-02 13:17:24] <42485> ssl://web.nicepay.co.kr:443 Server Connect OK
 [2024-03-02 13:17:24] <42485> MSG_TO_SVR::[/lite/payProcess.jsp]
 [2024-03-02 13:17:24] <42485> TID -> [ilooda001m01012403021317259330]
 [2024-03-02 13:17:24] <42485> 3001[카드 결제 성공]
 [2024-03-02 13:17:24] <42485> END PYO  Laptime:[0.747sec]
 [2024-03-02 13:17:24] <42485> ===============================================================
 [2024-03-02 13:26:27] <110965> START NicepayLite PYO (V1.1B20140314(OS:Linux2.6.32-754.35.1.el6.x86_64,PHP:7.3.15))
 [2024-03-02 13:26:27] <110965> Connect to ssl://web.nicepay.co.kr:443
 [2024-03-02 13:26:27] <110965> ssl://web.nicepay.co.kr:443 Server Connect OK
 [2024-03-02 13:26:27] <110965> MSG_TO_SVR::[/lite/payProcess.jsp]
 [2024-03-02 13:26:27] <110965> TID -> [ilooda001m01012403021326290174]
 [2024-03-02 13:26:27] <110965> 56[카드번호 오류]
 [2024-03-02 13:26:27] <110965> END PYO  Laptime:[0.202sec]
 [2024-03-02 13:26:27] <110965> ===============================================================
 [2024-03-02 15:51:20] <40396> START NicepayLite PYO (V1.1B20140314(OS:Linux2.6.32-754.35.1.el6.x86_64,PHP:7.3.15))
 [2024-03-02 15:51:20] <40396> Connect to ssl://web.nicepay.co.kr:443
 [2024-03-02 15:51:20] <40396> ssl://web.nicepay.co.kr:443 Server Connect OK
 [2024-03-02 15:51:20] <40396> MSG_TO_SVR::[/lite/payProcess.jsp]
 [2024-03-02 15:51:21] <40396> TID -> [ilooda001m01012403021551226104]
 [2024-03-02 15:51:21] <40396> 3001[카드 결제 성공]
 [2024-03-02 15:51:21] <40396> END PYO  Laptime:[0.54sec]
 [2024-03-02 15:51:21] <40396> ===============================================================
 [2024-03-02 16:04:00] <131978> START NicepayLite PYO (V1.1B20140314(OS:Linux2.6.32-754.35.1.el6.x86_64,PHP:7.3.15))
 [2024-03-02 16:04:00] <131978> Connect to ssl://web.nicepay.co.kr:443
 [2024-03-02 16:04:00] <131978> ssl://web.nicepay.co.kr:443 Server Connect OK
 [2024-03-02 16:04:00] <131978> MSG_TO_SVR::[/lite/payProcess.jsp]
 [2024-03-02 16:04:00] <131978> TID -> [ilooda001m01012403021604020263]
 [2024-03-02 16:04:00] <131978> 3001[카드 결제 성공]
 [2024-03-02 16:04:00] <131978> END PYO  Laptime:[0.345sec]
 [2024-03-02 16:04:00] <131978> ===============================================================
 [2024-03-02 18:27:39] <50146> START NicepayLite PYO (V1.1B20140314(OS:Linux2.6.32-754.35.1.el6.x86_64,PHP:7.3.15))
 [2024-03-02 18:27:39] <50146> Connect to ssl://web.nicepay.co.kr:443
 [2024-03-02 18:27:39] <50146> ssl://web.nicepay.co.kr:443 Server Connect OK
 [2024-03-02 18:27:39] <50146> MSG_TO_SVR::[/lite/payProcess.jsp]
 [2024-03-02 18:27:40] <50146> TID -> [ilooda001m01012403021827417754]
 [2024-03-02 18:27:40] <50146> 3001[카드 결제 성공]
 [2024-03-02 18:27:40] <50146> END PYO  Laptime:[0.344sec]
 [2024-03-02 18:27:40] <50146> ===============================================================
 [2024-03-02 21:41:26] <53505> START NicepayLite PYO (V1.1B20140314(OS:Linux2.6.32-754.35.1.el6.x86_64,PHP:7.3.15))
 [2024-03-02 21:41:26] <53505> Connect to ssl://web.nicepay.co.kr:443
 [2024-03-02 21:41:26] <53505> ssl://web.nicepay.co.kr:443 Server Connect OK
 [2024-03-02 21:41:26] <53505> MSG_TO_SVR::[/lite/payProcess.jsp]
 [2024-03-02 21:41:26] <53505> TID -> [ilooda001m01012403022141282795]
 [2024-03-02 21:41:26] <53505> 3001[카드 결제 성공]
 [2024-03-02 21:41:26] <53505> END PYO  Laptime:[0.355sec]
 [2024-03-02 21:41:26] <53505> ===============================================================
