 [2024-04-05 10:31:18] <78080> START NicepayLite PYO (V1.1B20140314(OS:Linux2.6.32-754.35.1.el6.x86_64,PHP:7.3.15))
 [2024-04-05 10:31:18] <78080> Connect to ssl://web.nicepay.co.kr:443
 [2024-04-05 10:31:18] <78080> ssl://web.nicepay.co.kr:443 Server Connect OK
 [2024-04-05 10:31:18] <78080> MSG_TO_SVR::[/lite/payProcess.jsp]
 [2024-04-05 10:31:18] <78080> TID -> [ilooda001m01012404051031195830]
 [2024-04-05 10:31:18] <78080> 3001[카드 결제 성공]
 [2024-04-05 10:31:18] <78080> END PYO  Laptime:[0.755sec]
 [2024-04-05 10:31:18] <78080> ===============================================================
 [2024-04-05 11:52:08] <24300> START NicepayLite PYO (V1.1B20140314(OS:Linux2.6.32-754.35.1.el6.x86_64,PHP:7.3.15))
 [2024-04-05 11:52:08] <24300> Connect to ssl://web.nicepay.co.kr:443
 [2024-04-05 11:52:08] <24300> ssl://web.nicepay.co.kr:443 Server Connect OK
 [2024-04-05 11:52:08] <24300> MSG_TO_SVR::[/lite/payProcess.jsp]
 [2024-04-05 11:52:09] <24300> TID -> [ilooda001m01012404051152102052]
 [2024-04-05 11:52:09] <24300> 3001[카드 결제 성공]
 [2024-04-05 11:52:09] <24300> END PYO  Laptime:[0.736sec]
 [2024-04-05 11:52:09] <24300> ===============================================================
 [2024-04-05 11:54:42] <41494> START NicepayLite PYO (V1.1B20140314(OS:Linux2.6.32-754.35.1.el6.x86_64,PHP:7.3.15))
 [2024-04-05 11:54:42] <41494> Connect to ssl://web.nicepay.co.kr:443
 [2024-04-05 11:54:42] <41494> ssl://web.nicepay.co.kr:443 Server Connect OK
 [2024-04-05 11:54:42] <41494> MSG_TO_SVR::[/lite/payProcess.jsp]
 [2024-04-05 11:54:42] <41494> TID -> [ilooda001m01012404051154437221]
 [2024-04-05 11:54:42] <41494> 3001[카드 결제 성공]
 [2024-04-05 11:54:42] <41494> END PYO  Laptime:[0.473sec]
 [2024-04-05 11:54:42] <41494> ===============================================================
 [2024-04-05 15:48:25] <83158> START NicepayLite PYO (V1.1B20140314(OS:Linux2.6.32-754.35.1.el6.x86_64,PHP:7.3.15))
 [2024-04-05 15:48:25] <83158> Connect to ssl://web.nicepay.co.kr:443
 [2024-04-05 15:48:25] <83158> ssl://web.nicepay.co.kr:443 Server Connect OK
 [2024-04-05 15:48:25] <83158> MSG_TO_SVR::[/lite/payProcess.jsp]
 [2024-04-05 15:48:26] <83158> TID -> [ilooda001m01012404051548268781]
 [2024-04-05 15:48:26] <83158> 3001[카드 결제 성공]
 [2024-04-05 15:48:26] <83158> END PYO  Laptime:[0.668sec]
 [2024-04-05 15:48:26] <83158> ===============================================================
 [2024-04-05 15:48:35] <83158> START NicepayLite PYO (V1.1B20140314(OS:Linux2.6.32-754.35.1.el6.x86_64,PHP:7.3.15))
 [2024-04-05 15:48:35] <83158> Connect to ssl://web.nicepay.co.kr:443
 [2024-04-05 15:48:35] <83158> ssl://web.nicepay.co.kr:443 Server Connect OK
 [2024-04-05 15:48:35] <83158> MSG_TO_SVR::[/lite/payProcess.jsp]
 [2024-04-05 15:48:35] <83158> TID -> [ilooda001m01012404051548367459]
 [2024-04-05 15:48:35] <83158> 3001[카드 결제 성공]
 [2024-04-05 15:48:35] <83158> END PYO  Laptime:[0.501sec]
 [2024-04-05 15:48:35] <83158> ===============================================================
 [2024-04-05 16:17:11] <31888> START NicepayLite PYO (V1.1B20140314(OS:Linux2.6.32-754.35.1.el6.x86_64,PHP:7.3.15))
 [2024-04-05 16:17:11] <31888> Connect to ssl://web.nicepay.co.kr:443
 [2024-04-05 16:17:11] <31888> ssl://web.nicepay.co.kr:443 Server Connect OK
 [2024-04-05 16:17:11] <31888> MSG_TO_SVR::[/lite/payProcess.jsp]
 [2024-04-05 16:17:11] <31888> TID -> [ilooda001m01012404051617126620]
 [2024-04-05 16:17:11] <31888> 3001[카드 결제 성공]
 [2024-04-05 16:17:11] <31888> END PYO  Laptime:[0.482sec]
 [2024-04-05 16:17:11] <31888> ===============================================================
 [2024-04-05 16:28:55] <125662> START NicepayLite PYO (V1.1B20140314(OS:Linux2.6.32-754.35.1.el6.x86_64,PHP:7.3.15))
 [2024-04-05 16:28:55] <125662> Connect to ssl://web.nicepay.co.kr:443
 [2024-04-05 16:28:55] <125662> ssl://web.nicepay.co.kr:443 Server Connect OK
 [2024-04-05 16:28:55] <125662> MSG_TO_SVR::[/lite/payProcess.jsp]
 [2024-04-05 16:28:56] <125662> TID -> [ilooda001m01012404051628571556]
 [2024-04-05 16:28:56] <125662> 3001[카드 결제 성공]
 [2024-04-05 16:28:56] <125662> END PYO  Laptime:[0.593sec]
 [2024-04-05 16:28:56] <125662> ===============================================================
 [2024-04-05 17:27:06] <30855> START NicepayLite PYO (V1.1B20140314(OS:Linux2.6.32-754.35.1.el6.x86_64,PHP:7.3.15))
 [2024-04-05 17:27:06] <30855> Connect to ssl://web.nicepay.co.kr:443
 [2024-04-05 17:27:06] <30855> ssl://web.nicepay.co.kr:443 Server Connect OK
 [2024-04-05 17:27:06] <30855> MSG_TO_SVR::[/lite/payProcess.jsp]
 [2024-04-05 17:27:07] <30855> TID -> [ilooda001m01012404051727080941]
 [2024-04-05 17:27:07] <30855> 3001[카드 결제 성공]
 [2024-04-05 17:27:07] <30855> END PYO  Laptime:[0.429sec]
 [2024-04-05 17:27:07] <30855> ===============================================================
 [2024-04-05 17:53:23] <101856> START NicepayLite PYO (V1.1B20140314(OS:Linux2.6.32-754.35.1.el6.x86_64,PHP:7.3.15))
 [2024-04-05 17:53:23] <101856> Connect to ssl://web.nicepay.co.kr:443
 [2024-04-05 17:53:23] <101856> ssl://web.nicepay.co.kr:443 Server Connect OK
 [2024-04-05 17:53:23] <101856> MSG_TO_SVR::[/lite/payProcess.jsp]
 [2024-04-05 17:53:24] <101856> TID -> [ilooda001m01012404051753252126]
 [2024-04-05 17:53:24] <101856> 3001[카드 결제 성공]
 [2024-04-05 17:53:24] <101856> END PYO  Laptime:[0.661sec]
 [2024-04-05 17:53:24] <101856> ===============================================================
 [2024-04-05 17:56:24] <126557> START NicepayLite PYO (V1.1B20140314(OS:Linux2.6.32-754.35.1.el6.x86_64,PHP:7.3.15))
 [2024-04-05 17:56:24] <126557> Connect to ssl://web.nicepay.co.kr:443
 [2024-04-05 17:56:24] <126557> ssl://web.nicepay.co.kr:443 Server Connect OK
 [2024-04-05 17:56:24] <126557> MSG_TO_SVR::[/lite/payProcess.jsp]
 [2024-04-05 17:56:24] <126557> TID -> [ilooda001m01012404051756260571]
 [2024-04-05 17:56:24] <126557> 3001[카드 결제 성공]
 [2024-04-05 17:56:24] <126557> END PYO  Laptime:[0.436sec]
 [2024-04-05 17:56:24] <126557> ===============================================================
 [2024-04-05 18:46:06] <105049> START NicepayLite PYO (V1.1B20140314(OS:Linux2.6.32-754.35.1.el6.x86_64,PHP:7.3.15))
 [2024-04-05 18:46:06] <105049> Connect to ssl://web.nicepay.co.kr:443
 [2024-04-05 18:46:06] <105049> ssl://web.nicepay.co.kr:443 Server Connect OK
 [2024-04-05 18:46:06] <105049> MSG_TO_SVR::[/lite/payProcess.jsp]
 [2024-04-05 18:46:06] <105049> TID -> [ilooda001m01012404051846076696]
 [2024-04-05 18:46:06] <105049> 3001[카드 결제 성공]
 [2024-04-05 18:46:06] <105049> END PYO  Laptime:[0.676sec]
 [2024-04-05 18:46:06] <105049> ===============================================================
 [2024-04-05 19:00:02] <65471> START NicepayLite PYO (V1.1B20140314(OS:Linux2.6.32-754.35.1.el6.x86_64,PHP:7.3.15))
 [2024-04-05 19:00:02] <65471> Connect to ssl://web.nicepay.co.kr:443
 [2024-04-05 19:00:02] <65471> ssl://web.nicepay.co.kr:443 Server Connect OK
 [2024-04-05 19:00:02] <65471> MSG_TO_SVR::[/lite/payProcess.jsp]
 [2024-04-05 19:00:03] <65471> TID -> [ilooda001m01012404051900042921]
 [2024-04-05 19:00:03] <65471> 3001[카드 결제 성공]
 [2024-04-05 19:00:03] <65471> END PYO  Laptime:[0.403sec]
 [2024-04-05 19:00:03] <65471> ===============================================================
 [2024-04-05 19:44:00] <133969> START NicepayLite PYO (V1.1B20140314(OS:Linux2.6.32-754.35.1.el6.x86_64,PHP:7.3.15))
 [2024-04-05 19:44:00] <133969> Connect to ssl://web.nicepay.co.kr:443
 [2024-04-05 19:44:00] <133969> ssl://web.nicepay.co.kr:443 Server Connect OK
 [2024-04-05 19:44:00] <133969> MSG_TO_SVR::[/lite/payProcess.jsp]
 [2024-04-05 19:44:01] <133969> TID -> [ilooda001m01012404051944024581]
 [2024-04-05 19:44:01] <133969> 3001[카드 결제 성공]
 [2024-04-05 19:44:01] <133969> END PYO  Laptime:[0.606sec]
 [2024-04-05 19:44:01] <133969> ===============================================================
