 [2024-01-19 09:54:08] <99906> START NicepayLite PYO (V1.1B20140314(OS:Linux2.6.32-754.35.1.el6.x86_64,PHP:7.3.15))
 [2024-01-19 09:54:08] <99906> Connect to ssl://web.nicepay.co.kr:443
 [2024-01-19 09:54:08] <99906> ssl://web.nicepay.co.kr:443 Server Connect OK
 [2024-01-19 09:54:08] <99906> MSG_TO_SVR::[/lite/payProcess.jsp]
 [2024-01-19 09:54:09] <99906> TID -> [ilooda001m01012401190954107378]
 [2024-01-19 09:54:09] <99906> 3001[카드 결제 성공]
 [2024-01-19 09:54:09] <99906> END PYO  Laptime:[0.695sec]
 [2024-01-19 09:54:09] <99906> ===============================================================
 [2024-01-19 14:15:41] <120027> START NicepayLite PYO (V1.1B20140314(OS:Linux2.6.32-754.35.1.el6.x86_64,PHP:7.3.15))
 [2024-01-19 14:15:41] <120027> Connect to ssl://web.nicepay.co.kr:443
 [2024-01-19 14:15:41] <120027> ssl://web.nicepay.co.kr:443 Server Connect OK
 [2024-01-19 14:15:41] <120027> MSG_TO_SVR::[/lite/payProcess.jsp]
 [2024-01-19 14:15:41] <120027> TID -> [ilooda001m01012401191415434367]
 [2024-01-19 14:15:41] <120027> 3001[카드 결제 성공]
 [2024-01-19 14:15:41] <120027> END PYO  Laptime:[0.633sec]
 [2024-01-19 14:15:41] <120027> ===============================================================
 [2024-01-19 15:35:25] <123896> START NicepayLite PYO (V1.1B20140314(OS:Linux2.6.32-754.35.1.el6.x86_64,PHP:7.3.15))
 [2024-01-19 15:35:25] <123896> Connect to ssl://web.nicepay.co.kr:443
 [2024-01-19 15:35:25] <123896> ssl://web.nicepay.co.kr:443 Server Connect OK
 [2024-01-19 15:35:25] <123896> MSG_TO_SVR::[/lite/payProcess.jsp]
 [2024-01-19 15:35:26] <123896> TID -> [ilooda001m01012401191535276131]
 [2024-01-19 15:35:26] <123896> 3001[카드 결제 성공]
 [2024-01-19 15:35:26] <123896> END PYO  Laptime:[0.634sec]
 [2024-01-19 15:35:26] <123896> ===============================================================
 [2024-01-19 16:14:24] <115343> START NicepayLite PYO (V1.1B20140314(OS:Linux2.6.32-754.35.1.el6.x86_64,PHP:7.3.15))
 [2024-01-19 16:14:24] <115343> Connect to ssl://web.nicepay.co.kr:443
 [2024-01-19 16:14:25] <115343> ssl://web.nicepay.co.kr:443 Server Connect OK
 [2024-01-19 16:14:25] <115343> MSG_TO_SVR::[/lite/payProcess.jsp]
 [2024-01-19 16:14:25] <115343> TID -> [ilooda001m01012401191614272410]
 [2024-01-19 16:14:25] <115343> 3001[카드 결제 성공]
 [2024-01-19 16:14:25] <115343> END PYO  Laptime:[0.603sec]
 [2024-01-19 16:14:25] <115343> ===============================================================
 [2024-01-19 16:39:37] <5795> START NicepayLite PYO (V1.1B20140314(OS:Linux2.6.32-754.35.1.el6.x86_64,PHP:7.3.15))
 [2024-01-19 16:39:37] <5795> Connect to ssl://web.nicepay.co.kr:443
 [2024-01-19 16:39:37] <5795> ssl://web.nicepay.co.kr:443 Server Connect OK
 [2024-01-19 16:39:37] <5795> MSG_TO_SVR::[/lite/payProcess.jsp]
 [2024-01-19 16:39:38] <5795> TID -> [ilooda001m01012401191639400420]
 [2024-01-19 16:39:38] <5795> 3001[카드 결제 성공]
 [2024-01-19 16:39:38] <5795> END PYO  Laptime:[0.959sec]
 [2024-01-19 16:39:38] <5795> ===============================================================
 [2024-01-19 18:14:06] <115524> START NicepayLite PYO (V1.1B20140314(OS:Linux2.6.32-754.35.1.el6.x86_64,PHP:7.3.15))
 [2024-01-19 18:14:06] <115524> Connect to ssl://web.nicepay.co.kr:443
 [2024-01-19 18:14:06] <115524> ssl://web.nicepay.co.kr:443 Server Connect OK
 [2024-01-19 18:14:06] <115524> MSG_TO_SVR::[/lite/payProcess.jsp]
 [2024-01-19 18:14:07] <115524> TID -> [ilooda001m01012401191814088997]
 [2024-01-19 18:14:07] <115524> 3001[카드 결제 성공]
 [2024-01-19 18:14:07] <115524> END PYO  Laptime:[0.515sec]
 [2024-01-19 18:14:07] <115524> ===============================================================
 [2024-01-19 18:33:06] <107178> START NicepayLite PYO (V1.1B20140314(OS:Linux2.6.32-754.35.1.el6.x86_64,PHP:7.3.15))
 [2024-01-19 18:33:06] <107178> Connect to ssl://web.nicepay.co.kr:443
 [2024-01-19 18:33:06] <107178> ssl://web.nicepay.co.kr:443 Server Connect OK
 [2024-01-19 18:33:06] <107178> MSG_TO_SVR::[/lite/payProcess.jsp]
 [2024-01-19 18:33:06] <107178> TID -> [ilooda001m01012401191833083326]
 [2024-01-19 18:33:06] <107178> 3001[카드 결제 성공]
 [2024-01-19 18:33:06] <107178> END PYO  Laptime:[0.63sec]
 [2024-01-19 18:33:06] <107178> ===============================================================
 [2024-01-19 19:11:58] <92368> START NicepayLite PYO (V1.1B20140314(OS:Linux2.6.32-754.35.1.el6.x86_64,PHP:7.3.15))
 [2024-01-19 19:11:58] <92368> Connect to ssl://web.nicepay.co.kr:443
 [2024-01-19 19:11:58] <92368> ssl://web.nicepay.co.kr:443 Server Connect OK
 [2024-01-19 19:11:58] <92368> MSG_TO_SVR::[/lite/payProcess.jsp]
 [2024-01-19 19:11:58] <92368> TID -> [ilooda001m01012401191912008064]
 [2024-01-19 19:11:58] <92368> 3001[카드 결제 성공]
 [2024-01-19 19:11:58] <92368> END PYO  Laptime:[0.444sec]
 [2024-01-19 19:11:58] <92368> ===============================================================
 [2024-01-19 19:53:04] <105535> START NicepayLite PYO (V1.1B20140314(OS:Linux2.6.32-754.35.1.el6.x86_64,PHP:7.3.15))
 [2024-01-19 19:53:04] <105535> Connect to ssl://web.nicepay.co.kr:443
 [2024-01-19 19:53:04] <105535> ssl://web.nicepay.co.kr:443 Server Connect OK
 [2024-01-19 19:53:04] <105535> MSG_TO_SVR::[/lite/payProcess.jsp]
 [2024-01-19 19:53:05] <105535> TID -> [ilooda001m01012401191953072105]
 [2024-01-19 19:53:05] <105535> 3001[카드 결제 성공]
 [2024-01-19 19:53:05] <105535> END PYO  Laptime:[0.522sec]
 [2024-01-19 19:53:05] <105535> ===============================================================
