 [2024-02-17 10:14:10] <41860> START NicepayLite PYO (V1.1B20140314(OS:Linux2.6.32-754.35.1.el6.x86_64,PHP:7.3.15))
 [2024-02-17 10:14:10] <41860> Connect to ssl://web.nicepay.co.kr:443
 [2024-02-17 10:14:10] <41860> ssl://web.nicepay.co.kr:443 Server Connect OK
 [2024-02-17 10:14:10] <41860> MSG_TO_SVR::[/lite/payProcess.jsp]
 [2024-02-17 10:14:11] <41860> TID -> [ilooda001m01012402171014112618]
 [2024-02-17 10:14:11] <41860> 3001[카드 결제 성공]
 [2024-02-17 10:14:11] <41860> END PYO  Laptime:[1.099sec]
 [2024-02-17 10:14:11] <41860> ===============================================================
 [2024-02-17 10:41:11] <105566> START NicepayLite PYO (V1.1B20140314(OS:Linux2.6.32-754.35.1.el6.x86_64,PHP:7.3.15))
 [2024-02-17 10:41:11] <105566> Connect to ssl://web.nicepay.co.kr:443
 [2024-02-17 10:41:12] <105566> ssl://web.nicepay.co.kr:443 Server Connect OK
 [2024-02-17 10:41:12] <105566> MSG_TO_SVR::[/lite/payProcess.jsp]
 [2024-02-17 10:41:12] <105566> TID -> [ilooda001m01012402171041127633]
 [2024-02-17 10:41:12] <105566> 3001[카드 결제 성공]
 [2024-02-17 10:41:12] <105566> END PYO  Laptime:[0.452sec]
 [2024-02-17 10:41:12] <105566> ===============================================================
 [2024-02-17 11:31:52] <54588> START NicepayLite PYO (V1.1B20140314(OS:Linux2.6.32-754.35.1.el6.x86_64,PHP:7.3.15))
 [2024-02-17 11:31:52] <54588> Connect to ssl://web.nicepay.co.kr:443
 [2024-02-17 11:31:52] <54588> ssl://web.nicepay.co.kr:443 Server Connect OK
 [2024-02-17 11:31:52] <54588> MSG_TO_SVR::[/lite/payProcess.jsp]
 [2024-02-17 11:31:53] <54588> TID -> [ilooda001m01012402171131534652]
 [2024-02-17 11:31:53] <54588> 3001[카드 결제 성공]
 [2024-02-17 11:31:53] <54588> END PYO  Laptime:[1.17sec]
 [2024-02-17 11:31:53] <54588> ===============================================================
 [2024-02-17 12:57:57] <137926> START NicepayLite PYO (V1.1B20140314(OS:Linux2.6.32-754.35.1.el6.x86_64,PHP:7.3.15))
 [2024-02-17 12:57:57] <137926> Connect to ssl://web.nicepay.co.kr:443
 [2024-02-17 12:57:57] <137926> ssl://web.nicepay.co.kr:443 Server Connect OK
 [2024-02-17 12:57:57] <137926> MSG_TO_SVR::[/lite/payProcess.jsp]
 [2024-02-17 12:57:57] <137926> TID -> [ilooda001m01012402171257584530]
 [2024-02-17 12:57:57] <137926> 3001[카드 결제 성공]
 [2024-02-17 12:57:57] <137926> END PYO  Laptime:[0.264sec]
 [2024-02-17 12:57:57] <137926> ===============================================================
 [2024-02-17 13:49:18] <100817> START NicepayLite PYO (V1.1B20140314(OS:Linux2.6.32-754.35.1.el6.x86_64,PHP:7.3.15))
 [2024-02-17 13:49:18] <100817> Connect to ssl://web.nicepay.co.kr:443
 [2024-02-17 13:49:19] <100817> ssl://web.nicepay.co.kr:443 Server Connect OK
 [2024-02-17 13:49:19] <100817> MSG_TO_SVR::[/lite/payProcess.jsp]
 [2024-02-17 13:49:19] <100817> TID -> [ilooda001m01012402171349198520]
 [2024-02-17 13:49:19] <100817> 3001[카드 결제 성공]
 [2024-02-17 13:49:19] <100817> END PYO  Laptime:[0.395sec]
 [2024-02-17 13:49:19] <100817> ===============================================================
 [2024-02-17 15:17:40] <53818> START NicepayLite PYO (V1.1B20140314(OS:Linux2.6.32-754.35.1.el6.x86_64,PHP:7.3.15))
 [2024-02-17 15:17:40] <53818> Connect to ssl://web.nicepay.co.kr:443
 [2024-02-17 15:17:40] <53818> ssl://web.nicepay.co.kr:443 Server Connect OK
 [2024-02-17 15:17:40] <53818> MSG_TO_SVR::[/lite/payProcess.jsp]
 [2024-02-17 15:17:41] <53818> TID -> [ilooda001m01012402171517417963]
 [2024-02-17 15:17:41] <53818> 3001[카드 결제 성공]
 [2024-02-17 15:17:41] <53818> END PYO  Laptime:[0.744sec]
 [2024-02-17 15:17:41] <53818> ===============================================================
