 [2024-05-09 07:49:37] <73344> START NicepayLite PYO (V1.1B20140314(OS:Linux2.6.32-754.35.1.el6.x86_64,PHP:7.3.15))
 [2024-05-09 07:49:37] <73344> Connect to ssl://web.nicepay.co.kr:443
 [2024-05-09 07:49:38] <73344> ssl://web.nicepay.co.kr:443 Server Connect OK
 [2024-05-09 07:49:38] <73344> MSG_TO_SVR::[/lite/payProcess.jsp]
 [2024-05-09 07:49:38] <73344> TID -> [ilooda001m01012405090749390833]
 [2024-05-09 07:49:38] <73344> 3001[카드 결제 성공]
 [2024-05-09 07:49:38] <73344> END PYO  Laptime:[0.871sec]
 [2024-05-09 07:49:38] <73344> ===============================================================
 [2024-05-09 11:14:56] <40641> START NicepayLite PYO (V1.1B20140314(OS:Linux2.6.32-754.35.1.el6.x86_64,PHP:7.3.15))
 [2024-05-09 11:14:56] <40641> Connect to ssl://web.nicepay.co.kr:443
 [2024-05-09 11:14:57] <40641> ssl://web.nicepay.co.kr:443 Server Connect OK
 [2024-05-09 11:14:57] <40641> MSG_TO_SVR::[/lite/payProcess.jsp]
 [2024-05-09 11:14:58] <40641> TID -> [ilooda001m01012405091114583336]
 [2024-05-09 11:14:58] <40641> 3001[카드 결제 성공]
 [2024-05-09 11:14:58] <40641> END PYO  Laptime:[2.039sec]
 [2024-05-09 11:14:58] <40641> ===============================================================
 [2024-05-09 12:28:57] <14729> START NicepayLite PYO (V1.1B20140314(OS:Linux2.6.32-754.35.1.el6.x86_64,PHP:7.3.15))
 [2024-05-09 12:28:57] <14729> Connect to ssl://web.nicepay.co.kr:443
 [2024-05-09 12:28:57] <14729> ssl://web.nicepay.co.kr:443 Server Connect OK
 [2024-05-09 12:28:57] <14729> MSG_TO_SVR::[/lite/payProcess.jsp]
 [2024-05-09 12:28:58] <14729> TID -> [ilooda001m01012405091228588336]
 [2024-05-09 12:28:58] <14729> 3001[카드 결제 성공]
 [2024-05-09 12:28:58] <14729> END PYO  Laptime:[0.681sec]
 [2024-05-09 12:28:58] <14729> ===============================================================
 [2024-05-09 14:31:45] <81097> START NicepayLite PYO (V1.1B20140314(OS:Linux2.6.32-754.35.1.el6.x86_64,PHP:7.3.15))
 [2024-05-09 14:31:45] <81097> Connect to ssl://web.nicepay.co.kr:443
 [2024-05-09 14:31:45] <81097> ssl://web.nicepay.co.kr:443 Server Connect OK
 [2024-05-09 14:31:45] <81097> MSG_TO_SVR::[/lite/payProcess.jsp]
 [2024-05-09 14:31:45] <81097> TID -> [ilooda001m01012405091431465965]
 [2024-05-09 14:31:45] <81097> 3001[카드 결제 성공]
 [2024-05-09 14:31:45] <81097> END PYO  Laptime:[0.432sec]
 [2024-05-09 14:31:45] <81097> ===============================================================
 [2024-05-09 14:34:47] <103738> START NicepayLite PYO (V1.1B20140314(OS:Linux2.6.32-754.35.1.el6.x86_64,PHP:7.3.15))
 [2024-05-09 14:34:47] <103738> Connect to ssl://web.nicepay.co.kr:443
 [2024-05-09 14:34:47] <103738> ssl://web.nicepay.co.kr:443 Server Connect OK
 [2024-05-09 14:34:47] <103738> MSG_TO_SVR::[/lite/payProcess.jsp]
 [2024-05-09 14:34:48] <103738> TID -> [ilooda001m01012405091434486419]
 [2024-05-09 14:34:48] <103738> 3001[카드 결제 성공]
 [2024-05-09 14:34:48] <103738> END PYO  Laptime:[0.865sec]
 [2024-05-09 14:34:48] <103738> ===============================================================
 [2024-05-09 15:49:21] <89298> START NicepayLite PYO (V1.1B20140314(OS:Linux2.6.32-754.35.1.el6.x86_64,PHP:7.3.15))
 [2024-05-09 15:49:21] <89298> Connect to ssl://web.nicepay.co.kr:443
 [2024-05-09 15:49:21] <89298> ssl://web.nicepay.co.kr:443 Server Connect OK
 [2024-05-09 15:49:21] <89298> MSG_TO_SVR::[/lite/payProcess.jsp]
 [2024-05-09 15:49:22] <89298> TID -> [ilooda001m01012405091549225012]
 [2024-05-09 15:49:22] <89298> 3001[카드 결제 성공]
 [2024-05-09 15:49:22] <89298> END PYO  Laptime:[0.878sec]
 [2024-05-09 15:49:22] <89298> ===============================================================
 [2024-05-09 17:00:14] <70111> START NicepayLite PYO (V1.1B20140314(OS:Linux2.6.32-754.35.1.el6.x86_64,PHP:7.3.15))
 [2024-05-09 17:00:14] <70111> Connect to ssl://web.nicepay.co.kr:443
 [2024-05-09 17:00:14] <70111> ssl://web.nicepay.co.kr:443 Server Connect OK
 [2024-05-09 17:00:14] <70111> MSG_TO_SVR::[/lite/payProcess.jsp]
 [2024-05-09 17:00:15] <70111> TID -> [ilooda001m01012405091700155489]
 [2024-05-09 17:00:15] <70111> 3001[카드 결제 성공]
 [2024-05-09 17:00:15] <70111> END PYO  Laptime:[0.696sec]
 [2024-05-09 17:00:15] <70111> ===============================================================
 [2024-05-09 18:18:50] <82942> START NicepayLite PYO (V1.1B20140314(OS:Linux2.6.32-754.35.1.el6.x86_64,PHP:7.3.15))
 [2024-05-09 18:18:50] <82942> Connect to ssl://web.nicepay.co.kr:443
 [2024-05-09 18:18:50] <82942> ssl://web.nicepay.co.kr:443 Server Connect OK
 [2024-05-09 18:18:50] <82942> MSG_TO_SVR::[/lite/payProcess.jsp]
 [2024-05-09 18:18:51] <82942> TID -> [ilooda001m01012405091818518789]
 [2024-05-09 18:18:51] <82942> 3001[카드 결제 성공]
 [2024-05-09 18:18:51] <82942> END PYO  Laptime:[0.564sec]
 [2024-05-09 18:18:51] <82942> ===============================================================
 [2024-05-09 18:27:30] <3510> START NicepayLite PYO (V1.1B20140314(OS:Linux2.6.32-754.35.1.el6.x86_64,PHP:7.3.15))
 [2024-05-09 18:27:30] <3510> Connect to ssl://web.nicepay.co.kr:443
 [2024-05-09 18:27:30] <3510> ssl://web.nicepay.co.kr:443 Server Connect OK
 [2024-05-09 18:27:30] <3510> MSG_TO_SVR::[/lite/payProcess.jsp]
 [2024-05-09 18:27:30] <3510> TID -> [ilooda001m01012405091827318083]
 [2024-05-09 18:27:30] <3510> 3001[카드 결제 성공]
 [2024-05-09 18:27:30] <3510> END PYO  Laptime:[0.344sec]
 [2024-05-09 18:27:30] <3510> ===============================================================
 [2024-05-09 19:37:31] <96164> START NicepayLite PYO (V1.1B20140314(OS:Linux2.6.32-754.35.1.el6.x86_64,PHP:7.3.15))
 [2024-05-09 19:37:31] <96164> Connect to ssl://web.nicepay.co.kr:443
 [2024-05-09 19:37:31] <96164> ssl://web.nicepay.co.kr:443 Server Connect OK
 [2024-05-09 19:37:31] <96164> MSG_TO_SVR::[/lite/payProcess.jsp]
 [2024-05-09 19:37:31] <96164> TID -> [ilooda001m01012405091937322333]
 [2024-05-09 19:37:31] <96164> 3001[카드 결제 성공]
 [2024-05-09 19:37:31] <96164> END PYO  Laptime:[0.919sec]
 [2024-05-09 19:37:31] <96164> ===============================================================
