 [2024-01-31 11:07:38] <80552> START NicepayLite PYO (V1.1B20140314(OS:Linux2.6.32-754.35.1.el6.x86_64,PHP:7.3.15))
 [2024-01-31 11:07:38] <80552> Connect to ssl://web.nicepay.co.kr:443
 [2024-01-31 11:07:38] <80552> ssl://web.nicepay.co.kr:443 Server Connect OK
 [2024-01-31 11:07:38] <80552> MSG_TO_SVR::[/lite/payProcess.jsp]
 [2024-01-31 11:07:39] <80552> TID -> [ilooda001m01012401311107396477]
 [2024-01-31 11:07:39] <80552> 3001[카드 결제 성공]
 [2024-01-31 11:07:39] <80552> END PYO  Laptime:[0.945sec]
 [2024-01-31 11:07:39] <80552> ===============================================================
 [2024-01-31 11:09:27] <96313> START NicepayLite PYO (V1.1B20140314(OS:Linux2.6.32-754.35.1.el6.x86_64,PHP:7.3.15))
 [2024-01-31 11:09:27] <96313> Connect to ssl://web.nicepay.co.kr:443
 [2024-01-31 11:09:27] <96313> ssl://web.nicepay.co.kr:443 Server Connect OK
 [2024-01-31 11:09:27] <96313> MSG_TO_SVR::[/lite/payProcess.jsp]
 [2024-01-31 11:09:28] <96313> TID -> [ilooda001m01012401311109286867]
 [2024-01-31 11:09:28] <96313> 3001[카드 결제 성공]
 [2024-01-31 11:09:28] <96313> END PYO  Laptime:[0.632sec]
 [2024-01-31 11:09:28] <96313> ===============================================================
 [2024-01-31 12:38:10] <60272> START NicepayLite PYO (V1.1B20140314(OS:Linux2.6.32-754.35.1.el6.x86_64,PHP:7.3.15))
 [2024-01-31 12:38:10] <60272> Connect to ssl://web.nicepay.co.kr:443
 [2024-01-31 12:38:10] <60272> ssl://web.nicepay.co.kr:443 Server Connect OK
 [2024-01-31 12:38:10] <60272> MSG_TO_SVR::[/lite/payProcess.jsp]
 [2024-01-31 12:38:11] <60272> TID -> [ilooda001m01012401311238114422]
 [2024-01-31 12:38:11] <60272> 3001[카드 결제 성공]
 [2024-01-31 12:38:11] <60272> END PYO  Laptime:[0.438sec]
 [2024-01-31 12:38:11] <60272> ===============================================================
 [2024-01-31 15:09:04] <69075> START NicepayLite PYO (V1.1B20140314(OS:Linux2.6.32-754.35.1.el6.x86_64,PHP:7.3.15))
 [2024-01-31 15:09:04] <69075> Connect to ssl://web.nicepay.co.kr:443
 [2024-01-31 15:09:04] <69075> ssl://web.nicepay.co.kr:443 Server Connect OK
 [2024-01-31 15:09:04] <69075> MSG_TO_SVR::[/lite/payProcess.jsp]
 [2024-01-31 15:09:05] <69075> TID -> [ilooda001m01012401311509057045]
 [2024-01-31 15:09:05] <69075> 3001[카드 결제 성공]
 [2024-01-31 15:09:05] <69075> END PYO  Laptime:[0.771sec]
 [2024-01-31 15:09:05] <69075> ===============================================================
 [2024-01-31 17:23:27] <86105> START NicepayLite PYO (V1.1B20140314(OS:Linux2.6.32-754.35.1.el6.x86_64,PHP:7.3.15))
 [2024-01-31 17:23:27] <86105> Connect to ssl://web.nicepay.co.kr:443
 [2024-01-31 17:23:27] <86105> ssl://web.nicepay.co.kr:443 Server Connect OK
 [2024-01-31 17:23:27] <86105> MSG_TO_SVR::[/lite/payProcess.jsp]
 [2024-01-31 17:23:28] <86105> TID -> [ilooda001m01012401311723284297]
 [2024-01-31 17:23:28] <86105> 3001[카드 결제 성공]
 [2024-01-31 17:23:28] <86105> END PYO  Laptime:[0.608sec]
 [2024-01-31 17:23:28] <86105> ===============================================================
 [2024-01-31 17:50:34] <2881> START NicepayLite PYO (V1.1B20140314(OS:Linux2.6.32-754.35.1.el6.x86_64,PHP:7.3.15))
 [2024-01-31 17:50:34] <2881> Connect to ssl://web.nicepay.co.kr:443
 [2024-01-31 17:50:34] <2881> ssl://web.nicepay.co.kr:443 Server Connect OK
 [2024-01-31 17:50:34] <2881> MSG_TO_SVR::[/lite/payProcess.jsp]
 [2024-01-31 17:50:35] <2881> TID -> [ilooda001m01012401311750351460]
 [2024-01-31 17:50:35] <2881> 3001[카드 결제 성공]
 [2024-01-31 17:50:35] <2881> END PYO  Laptime:[1.139sec]
 [2024-01-31 17:50:35] <2881> ===============================================================
 [2024-01-31 21:37:17] <146025> START NicepayLite PYO (V1.1B20140314(OS:Linux2.6.32-754.35.1.el6.x86_64,PHP:7.3.15))
 [2024-01-31 21:37:17] <146025> Connect to ssl://web.nicepay.co.kr:443
 [2024-01-31 21:37:17] <146025> ssl://web.nicepay.co.kr:443 Server Connect OK
 [2024-01-31 21:37:17] <146025> MSG_TO_SVR::[/lite/payProcess.jsp]
 [2024-01-31 21:37:18] <146025> TID -> [ilooda001m01012401312137188344]
 [2024-01-31 21:37:18] <146025> 3001[카드 결제 성공]
 [2024-01-31 21:37:18] <146025> END PYO  Laptime:[0.708sec]
 [2024-01-31 21:37:18] <146025> ===============================================================
 [2024-01-31 21:41:04] <29922> START NicepayLite PYO (V1.1B20140314(OS:Linux2.6.32-754.35.1.el6.x86_64,PHP:7.3.15))
 [2024-01-31 21:41:04] <29922> Connect to ssl://web.nicepay.co.kr:443
 [2024-01-31 21:41:04] <29922> ssl://web.nicepay.co.kr:443 Server Connect OK
 [2024-01-31 21:41:04] <29922> MSG_TO_SVR::[/lite/payProcess.jsp]
 [2024-01-31 21:41:04] <29922> TID -> [ilooda001m01012401312141051466]
 [2024-01-31 21:41:04] <29922> 3001[카드 결제 성공]
 [2024-01-31 21:41:04] <29922> END PYO  Laptime:[0.684sec]
 [2024-01-31 21:41:04] <29922> ===============================================================
 [2024-01-31 22:27:19] <91899> START NicepayLite PYO (V1.1B20140314(OS:Linux2.6.32-754.35.1.el6.x86_64,PHP:7.3.15))
 [2024-01-31 22:27:19] <91899> Connect to ssl://web.nicepay.co.kr:443
 [2024-01-31 22:27:19] <91899> ssl://web.nicepay.co.kr:443 Server Connect OK
 [2024-01-31 22:27:19] <91899> MSG_TO_SVR::[/lite/payProcess.jsp]
 [2024-01-31 22:27:19] <91899> TID -> [ilooda001m01012401312227206264]
 [2024-01-31 22:27:19] <91899> 3001[카드 결제 성공]
 [2024-01-31 22:27:19] <91899> END PYO  Laptime:[0.406sec]
 [2024-01-31 22:27:19] <91899> ===============================================================
 [2024-01-31 23:00:25] <52188> START NicepayLite PYO (V1.1B20140314(OS:Linux2.6.32-754.35.1.el6.x86_64,PHP:7.3.15))
 [2024-01-31 23:00:25] <52188> Connect to ssl://web.nicepay.co.kr:443
 [2024-01-31 23:00:25] <52188> ssl://web.nicepay.co.kr:443 Server Connect OK
 [2024-01-31 23:00:25] <52188> MSG_TO_SVR::[/lite/payProcess.jsp]
 [2024-01-31 23:00:25] <52188> TID -> [ilooda001m01012401312300262106]
 [2024-01-31 23:00:25] <52188> 3001[카드 결제 성공]
 [2024-01-31 23:00:25] <52188> END PYO  Laptime:[0.383sec]
 [2024-01-31 23:00:25] <52188> ===============================================================
