 [2024-05-06 09:36:55] <41231> START NicepayLite PYO (V1.1B20140314(OS:Linux2.6.32-754.35.1.el6.x86_64,PHP:7.3.15))
 [2024-05-06 09:36:55] <41231> Connect to ssl://web.nicepay.co.kr:443
 [2024-05-06 09:36:55] <41231> ssl://web.nicepay.co.kr:443 Server Connect OK
 [2024-05-06 09:36:55] <41231> MSG_TO_SVR::[/lite/payProcess.jsp]
 [2024-05-06 09:36:56] <41231> TID -> [ilooda001m01012405060936581381]
 [2024-05-06 09:36:56] <41231> 3001[카드 결제 성공]
 [2024-05-06 09:36:56] <41231> END PYO  Laptime:[0.622sec]
 [2024-05-06 09:36:56] <41231> ===============================================================
 [2024-05-06 12:27:11] <2030> START NicepayLite PYO (V1.1B20140314(OS:Linux2.6.32-754.35.1.el6.x86_64,PHP:7.3.15))
 [2024-05-06 12:27:11] <2030> Connect to ssl://web.nicepay.co.kr:443
 [2024-05-06 12:27:11] <2030> ssl://web.nicepay.co.kr:443 Server Connect OK
 [2024-05-06 12:27:11] <2030> MSG_TO_SVR::[/lite/payProcess.jsp]
 [2024-05-06 12:27:11] <2030> TID -> [ilooda001m01012405061227137288]
 [2024-05-06 12:27:11] <2030> 3001[카드 결제 성공]
 [2024-05-06 12:27:11] <2030> END PYO  Laptime:[0.602sec]
 [2024-05-06 12:27:11] <2030> ===============================================================
 [2024-05-06 16:25:04] <123433> START NicepayLite PYO (V1.1B20140314(OS:Linux2.6.32-754.35.1.el6.x86_64,PHP:7.3.15))
 [2024-05-06 16:25:04] <123433> Connect to ssl://web.nicepay.co.kr:443
 [2024-05-06 16:25:04] <123433> ssl://web.nicepay.co.kr:443 Server Connect OK
 [2024-05-06 16:25:04] <123433> MSG_TO_SVR::[/lite/payProcess.jsp]
 [2024-05-06 16:25:05] <123433> TID -> [ilooda001m01012405061625069762]
 [2024-05-06 16:25:05] <123433> 1082[한도 초과]
 [2024-05-06 16:25:05] <123433> END PYO  Laptime:[0.626sec]
 [2024-05-06 16:25:05] <123433> ===============================================================
 [2024-05-06 17:42:35] <116856> START NicepayLite PYO (V1.1B20140314(OS:Linux2.6.32-754.35.1.el6.x86_64,PHP:7.3.15))
 [2024-05-06 17:42:35] <116856> Connect to ssl://web.nicepay.co.kr:443
 [2024-05-06 17:42:35] <116856> ssl://web.nicepay.co.kr:443 Server Connect OK
 [2024-05-06 17:42:35] <116856> MSG_TO_SVR::[/lite/payProcess.jsp]
 [2024-05-06 17:42:36] <116856> TID -> [ilooda001m01012405061742378925]
 [2024-05-06 17:42:36] <116856> 3001[카드 결제 성공]
 [2024-05-06 17:42:36] <116856> END PYO  Laptime:[0.622sec]
 [2024-05-06 17:42:36] <116856> ===============================================================
