 [2024-05-20 09:18:07] <126582> START NicepayLite PYO (V1.1B20140314(OS:Linux2.6.32-754.35.1.el6.x86_64,PHP:7.3.15))
 [2024-05-20 09:18:07] <126582> Connect to ssl://web.nicepay.co.kr:443
 [2024-05-20 09:18:07] <126582> ssl://web.nicepay.co.kr:443 Server Connect OK
 [2024-05-20 09:18:07] <126582> MSG_TO_SVR::[/lite/payProcess.jsp]
 [2024-05-20 09:18:08] <126582> TID -> [ilooda001m01012405200918230654]
 [2024-05-20 09:18:08] <126582> 3001[카드 결제 성공]
 [2024-05-20 09:18:08] <126582> END PYO  Laptime:[0.673sec]
 [2024-05-20 09:18:08] <126582> ===============================================================
 [2024-05-20 10:06:50] <67269> START NicepayLite PYO (V1.1B20140314(OS:Linux2.6.32-754.35.1.el6.x86_64,PHP:7.3.15))
 [2024-05-20 10:06:50] <67269> Connect to ssl://web.nicepay.co.kr:443
 [2024-05-20 10:06:50] <67269> ssl://web.nicepay.co.kr:443 Server Connect OK
 [2024-05-20 10:06:50] <67269> MSG_TO_SVR::[/lite/payProcess.jsp]
 [2024-05-20 10:06:50] <67269> TID -> [ilooda001m01012405201007054528]
 [2024-05-20 10:06:50] <67269> 3001[카드 결제 성공]
 [2024-05-20 10:06:50] <67269> END PYO  Laptime:[0.644sec]
 [2024-05-20 10:06:50] <67269> ===============================================================
 [2024-05-20 10:50:07] <113690> START NicepayLite PYO (V1.1B20140314(OS:Linux2.6.32-754.35.1.el6.x86_64,PHP:7.3.15))
 [2024-05-20 10:50:07] <113690> Connect to ssl://web.nicepay.co.kr:443
 [2024-05-20 10:50:07] <113690> ssl://web.nicepay.co.kr:443 Server Connect OK
 [2024-05-20 10:50:07] <113690> MSG_TO_SVR::[/lite/payProcess.jsp]
 [2024-05-20 10:50:08] <113690> TID -> [ilooda001m01012405201050227326]
 [2024-05-20 10:50:08] <113690> 3001[카드 결제 성공]
 [2024-05-20 10:50:08] <113690> END PYO  Laptime:[0.84sec]
 [2024-05-20 10:50:08] <113690> ===============================================================
 [2024-05-20 10:56:30] <22578> START NicepayLite PYO (V1.1B20140314(OS:Linux2.6.32-754.35.1.el6.x86_64,PHP:7.3.15))
 [2024-05-20 10:56:30] <22578> Connect to ssl://web.nicepay.co.kr:443
 [2024-05-20 10:56:30] <22578> ssl://web.nicepay.co.kr:443 Server Connect OK
 [2024-05-20 10:56:30] <22578> MSG_TO_SVR::[/lite/payProcess.jsp]
 [2024-05-20 10:56:30] <22578> TID -> [ilooda001m01012405201056452544]
 [2024-05-20 10:56:30] <22578> 3001[카드 결제 성공]
 [2024-05-20 10:56:30] <22578> END PYO  Laptime:[0.664sec]
 [2024-05-20 10:56:30] <22578> ===============================================================
 [2024-05-20 11:00:48] <46646> START NicepayLite PYO (V1.1B20140314(OS:Linux2.6.32-754.35.1.el6.x86_64,PHP:7.3.15))
 [2024-05-20 11:00:48] <46646> Connect to ssl://web.nicepay.co.kr:443
 [2024-05-20 11:00:48] <46646> ssl://web.nicepay.co.kr:443 Server Connect OK
 [2024-05-20 11:00:48] <46646> MSG_TO_SVR::[/lite/payProcess.jsp]
 [2024-05-20 11:00:49] <46646> TID -> [ilooda001m01012405201101038345]
 [2024-05-20 11:00:49] <46646> 3001[카드 결제 성공]
 [2024-05-20 11:00:49] <46646> END PYO  Laptime:[0.787sec]
 [2024-05-20 11:00:49] <46646> ===============================================================
 [2024-05-20 11:10:14] <133521> START NicepayLite PYO (V1.1B20140314(OS:Linux2.6.32-754.35.1.el6.x86_64,PHP:7.3.15))
 [2024-05-20 11:10:14] <133521> Connect to ssl://web.nicepay.co.kr:443
 [2024-05-20 11:10:14] <133521> ssl://web.nicepay.co.kr:443 Server Connect OK
 [2024-05-20 11:10:14] <133521> MSG_TO_SVR::[/lite/payProcess.jsp]
 [2024-05-20 11:10:15] <133521> TID -> [ilooda001m01012405201110298093]
 [2024-05-20 11:10:15] <133521> 3001[카드 결제 성공]
 [2024-05-20 11:10:15] <133521> END PYO  Laptime:[0.582sec]
 [2024-05-20 11:10:15] <133521> ===============================================================
 [2024-05-20 11:42:31] <90325> START NicepayLite PYO (V1.1B20140314(OS:Linux2.6.32-754.35.1.el6.x86_64,PHP:7.3.15))
 [2024-05-20 11:42:31] <90325> Connect to ssl://web.nicepay.co.kr:443
 [2024-05-20 11:42:31] <90325> ssl://web.nicepay.co.kr:443 Server Connect OK
 [2024-05-20 11:42:31] <90325> MSG_TO_SVR::[/lite/payProcess.jsp]
 [2024-05-20 11:42:32] <90325> TID -> [ilooda001m01012405201142470340]
 [2024-05-20 11:42:32] <90325> 3001[카드 결제 성공]
 [2024-05-20 11:42:32] <90325> END PYO  Laptime:[0.585sec]
 [2024-05-20 11:42:32] <90325> ===============================================================
 [2024-05-20 14:39:18] <8316> START NicepayLite PYO (V1.1B20140314(OS:Linux2.6.32-754.35.1.el6.x86_64,PHP:7.3.15))
 [2024-05-20 14:39:18] <8316> Connect to ssl://web.nicepay.co.kr:443
 [2024-05-20 14:39:18] <8316> ssl://web.nicepay.co.kr:443 Server Connect OK
 [2024-05-20 14:39:18] <8316> MSG_TO_SVR::[/lite/payProcess.jsp]
 [2024-05-20 14:39:18] <8316> TID -> [ilooda001m01012405201439333933]
 [2024-05-20 14:39:18] <8316> 3001[카드 결제 성공]
 [2024-05-20 14:39:18] <8316> END PYO  Laptime:[0.565sec]
 [2024-05-20 14:39:18] <8316> ===============================================================
 [2024-05-20 14:45:39] <55004> START NicepayLite PYO (V1.1B20140314(OS:Linux2.6.32-754.35.1.el6.x86_64,PHP:7.3.15))
 [2024-05-20 14:45:39] <55004> Connect to ssl://web.nicepay.co.kr:443
 [2024-05-20 14:45:39] <55004> ssl://web.nicepay.co.kr:443 Server Connect OK
 [2024-05-20 14:45:39] <55004> MSG_TO_SVR::[/lite/payProcess.jsp]
 [2024-05-20 14:45:40] <55004> TID -> [ilooda001m01012405201445550914]
 [2024-05-20 14:45:40] <55004> 3001[카드 결제 성공]
 [2024-05-20 14:45:40] <55004> END PYO  Laptime:[0.767sec]
 [2024-05-20 14:45:40] <55004> ===============================================================
 [2024-05-20 15:03:41] <47120> START NicepayLite PYO (V1.1B20140314(OS:Linux2.6.32-754.35.1.el6.x86_64,PHP:7.3.15))
 [2024-05-20 15:03:41] <47120> Connect to ssl://web.nicepay.co.kr:443
 [2024-05-20 15:03:41] <47120> ssl://web.nicepay.co.kr:443 Server Connect OK
 [2024-05-20 15:03:41] <47120> MSG_TO_SVR::[/lite/payProcess.jsp]
 [2024-05-20 15:03:42] <47120> TID -> [ilooda001m01012405201503569310]
 [2024-05-20 15:03:42] <47120> 3001[카드 결제 성공]
 [2024-05-20 15:03:42] <47120> END PYO  Laptime:[1.004sec]
 [2024-05-20 15:03:42] <47120> ===============================================================
 [2024-05-20 15:06:34] <70658> START NicepayLite PYO (V1.1B20140314(OS:Linux2.6.32-754.35.1.el6.x86_64,PHP:7.3.15))
 [2024-05-20 15:06:34] <70658> Connect to ssl://web.nicepay.co.kr:443
 [2024-05-20 15:06:34] <70658> ssl://web.nicepay.co.kr:443 Server Connect OK
 [2024-05-20 15:06:34] <70658> MSG_TO_SVR::[/lite/payProcess.jsp]
 [2024-05-20 15:06:34] <70658> TID -> [ilooda001m01012405201506498150]
 [2024-05-20 15:06:34] <70658> 3001[카드 결제 성공]
 [2024-05-20 15:06:34] <70658> END PYO  Laptime:[0.338sec]
 [2024-05-20 15:06:34] <70658> ===============================================================
 [2024-05-20 15:55:05] <13100> START NicepayLite PYO (V1.1B20140314(OS:Linux2.6.32-754.35.1.el6.x86_64,PHP:7.3.15))
 [2024-05-20 15:55:05] <13100> Connect to ssl://web.nicepay.co.kr:443
 [2024-05-20 15:55:05] <13100> ssl://web.nicepay.co.kr:443 Server Connect OK
 [2024-05-20 15:55:05] <13100> MSG_TO_SVR::[/lite/payProcess.jsp]
 [2024-05-20 15:55:05] <13100> TID -> [ilooda001m01012405201555208446]
 [2024-05-20 15:55:05] <13100> 3001[카드 결제 성공]
 [2024-05-20 15:55:05] <13100> END PYO  Laptime:[0.396sec]
 [2024-05-20 15:55:05] <13100> ===============================================================
 [2024-05-20 18:41:24] <5014> START NicepayLite PYO (V1.1B20140314(OS:Linux2.6.32-754.35.1.el6.x86_64,PHP:7.3.15))
 [2024-05-20 18:41:24] <5014> Connect to ssl://web.nicepay.co.kr:443
 [2024-05-20 18:41:24] <5014> ssl://web.nicepay.co.kr:443 Server Connect OK
 [2024-05-20 18:41:24] <5014> MSG_TO_SVR::[/lite/payProcess.jsp]
 [2024-05-20 18:41:25] <5014> TID -> [ilooda001m01012405201841402369]
 [2024-05-20 18:41:25] <5014> 3001[카드 결제 성공]
 [2024-05-20 18:41:25] <5014> END PYO  Laptime:[0.855sec]
 [2024-05-20 18:41:25] <5014> ===============================================================
 [2024-05-20 18:57:53] <128389> START NicepayLite PYO (V1.1B20140314(OS:Linux2.6.32-754.35.1.el6.x86_64,PHP:7.3.15))
 [2024-05-20 18:57:53] <128389> Connect to ssl://web.nicepay.co.kr:443
 [2024-05-20 18:57:53] <128389> ssl://web.nicepay.co.kr:443 Server Connect OK
 [2024-05-20 18:57:53] <128389> MSG_TO_SVR::[/lite/payProcess.jsp]
 [2024-05-20 18:57:54] <128389> TID -> [ilooda001m01012405201858086139]
 [2024-05-20 18:57:54] <128389> 3001[카드 결제 성공]
 [2024-05-20 18:57:54] <128389> END PYO  Laptime:[1.143sec]
 [2024-05-20 18:57:54] <128389> ===============================================================
 [2024-05-20 19:10:36] <81897> START NicepayLite PYO (V1.1B20140314(OS:Linux2.6.32-754.35.1.el6.x86_64,PHP:7.3.15))
 [2024-05-20 19:10:36] <81897> Connect to ssl://web.nicepay.co.kr:443
 [2024-05-20 19:10:36] <81897> ssl://web.nicepay.co.kr:443 Server Connect OK
 [2024-05-20 19:10:36] <81897> MSG_TO_SVR::[/lite/payProcess.jsp]
 [2024-05-20 19:10:37] <81897> TID -> [ilooda001m01012405201910522529]
 [2024-05-20 19:10:37] <81897> 3001[카드 결제 성공]
 [2024-05-20 19:10:37] <81897> END PYO  Laptime:[0.861sec]
 [2024-05-20 19:10:37] <81897> ===============================================================
 [2024-05-20 22:15:49] <57624> START NicepayLite PYO (V1.1B20140314(OS:Linux2.6.32-754.35.1.el6.x86_64,PHP:7.3.15))
 [2024-05-20 22:15:49] <57624> Connect to ssl://web.nicepay.co.kr:443
 [2024-05-20 22:15:49] <57624> ssl://web.nicepay.co.kr:443 Server Connect OK
 [2024-05-20 22:15:49] <57624> MSG_TO_SVR::[/lite/payProcess.jsp]
 [2024-05-20 22:15:49] <57624> TID -> [ilooda001m01012405202216047884]
 [2024-05-20 22:15:49] <57624> 3001[카드 결제 성공]
 [2024-05-20 22:15:49] <57624> END PYO  Laptime:[0.582sec]
 [2024-05-20 22:15:49] <57624> ===============================================================
