 [2024-04-11 09:51:29] <144585> START NicepayLite PYO (V1.1B20140314(OS:Linux2.6.32-754.35.1.el6.x86_64,PHP:7.3.15))
 [2024-04-11 09:51:29] <144585> Connect to ssl://web.nicepay.co.kr:443
 [2024-04-11 09:51:29] <144585> ssl://web.nicepay.co.kr:443 Server Connect OK
 [2024-04-11 09:51:29] <144585> MSG_TO_SVR::[/lite/payProcess.jsp]
 [2024-04-11 09:51:29] <144585> TID -> [ilooda001m01012404110951301309]
 [2024-04-11 09:51:29] <144585> 3001[카드 결제 성공]
 [2024-04-11 09:51:29] <144585> END PYO  Laptime:[0.779sec]
 [2024-04-11 09:51:29] <144585> ===============================================================
 [2024-04-11 10:32:16] <50906> START NicepayLite PYO (V1.1B20140314(OS:Linux2.6.32-754.35.1.el6.x86_64,PHP:7.3.15))
 [2024-04-11 10:32:16] <50906> Connect to ssl://web.nicepay.co.kr:443
 [2024-04-11 10:32:16] <50906> ssl://web.nicepay.co.kr:443 Server Connect OK
 [2024-04-11 10:32:16] <50906> MSG_TO_SVR::[/lite/payProcess.jsp]
 [2024-04-11 10:32:17] <50906> TID -> [ilooda001m01012404111032171561]
 [2024-04-11 10:32:17] <50906> 3001[카드 결제 성공]
 [2024-04-11 10:32:17] <50906> END PYO  Laptime:[0.799sec]
 [2024-04-11 10:32:17] <50906> ===============================================================
 [2024-04-11 11:18:40] <143084> START NicepayLite PYO (V1.1B20140314(OS:Linux2.6.32-754.35.1.el6.x86_64,PHP:7.3.15))
 [2024-04-11 11:18:40] <143084> Connect to ssl://web.nicepay.co.kr:443
 [2024-04-11 11:18:40] <143084> ssl://web.nicepay.co.kr:443 Server Connect OK
 [2024-04-11 11:18:40] <143084> MSG_TO_SVR::[/lite/payProcess.jsp]
 [2024-04-11 11:18:40] <143084> TID -> [ilooda001m01012404111118409987]
 [2024-04-11 11:18:40] <143084> 3001[카드 결제 성공]
 [2024-04-11 11:18:40] <143084> END PYO  Laptime:[0.546sec]
 [2024-04-11 11:18:40] <143084> ===============================================================
 [2024-04-11 13:34:09] <119992> START NicepayLite PYO (V1.1B20140314(OS:Linux2.6.32-754.35.1.el6.x86_64,PHP:7.3.15))
 [2024-04-11 13:34:09] <119992> Connect to ssl://web.nicepay.co.kr:443
 [2024-04-11 13:34:09] <119992> ssl://web.nicepay.co.kr:443 Server Connect OK
 [2024-04-11 13:34:09] <119992> MSG_TO_SVR::[/lite/payProcess.jsp]
 [2024-04-11 13:34:09] <119992> TID -> [ilooda001m01012404111334100484]
 [2024-04-11 13:34:09] <119992> 3001[카드 결제 성공]
 [2024-04-11 13:34:09] <119992> END PYO  Laptime:[0.736sec]
 [2024-04-11 13:34:09] <119992> ===============================================================
 [2024-04-11 15:03:34] <144374> START NicepayLite PYO (V1.1B20140314(OS:Linux2.6.32-754.35.1.el6.x86_64,PHP:7.3.15))
 [2024-04-11 15:03:34] <144374> Connect to ssl://web.nicepay.co.kr:443
 [2024-04-11 15:03:34] <144374> ssl://web.nicepay.co.kr:443 Server Connect OK
 [2024-04-11 15:03:34] <144374> MSG_TO_SVR::[/lite/payProcess.jsp]
 [2024-04-11 15:03:34] <144374> TID -> [ilooda001m01012404111503350918]
 [2024-04-11 15:03:34] <144374> 3001[카드 결제 성공]
 [2024-04-11 15:03:34] <144374> END PYO  Laptime:[0.609sec]
 [2024-04-11 15:03:34] <144374> ===============================================================
 [2024-04-11 15:30:33] <79175> START NicepayLite PYO (V1.1B20140314(OS:Linux2.6.32-754.35.1.el6.x86_64,PHP:7.3.15))
 [2024-04-11 15:30:33] <79175> Connect to ssl://web.nicepay.co.kr:443
 [2024-04-11 15:30:33] <79175> ssl://web.nicepay.co.kr:443 Server Connect OK
 [2024-04-11 15:30:33] <79175> MSG_TO_SVR::[/lite/payProcess.jsp]
 [2024-04-11 15:30:34] <79175> TID -> [ilooda001m01012404111530349029]
 [2024-04-11 15:30:34] <79175> 3001[카드 결제 성공]
 [2024-04-11 15:30:34] <79175> END PYO  Laptime:[0.715sec]
 [2024-04-11 15:30:34] <79175> ===============================================================
 [2024-04-11 15:42:05] <34551> START NicepayLite PYO (V1.1B20140314(OS:Linux2.6.32-754.35.1.el6.x86_64,PHP:7.3.15))
 [2024-04-11 15:42:05] <34551> Connect to ssl://web.nicepay.co.kr:443
 [2024-04-11 15:42:05] <34551> ssl://web.nicepay.co.kr:443 Server Connect OK
 [2024-04-11 15:42:05] <34551> MSG_TO_SVR::[/lite/payProcess.jsp]
 [2024-04-11 15:42:05] <34551> TID -> [ilooda001m01012404111542059836]
 [2024-04-11 15:42:05] <34551> 3001[카드 결제 성공]
 [2024-04-11 15:42:05] <34551> END PYO  Laptime:[0.365sec]
 [2024-04-11 15:42:05] <34551> ===============================================================
 [2024-04-11 16:13:06] <3131> START NicepayLite PYO (V1.1B20140314(OS:Linux2.6.32-754.35.1.el6.x86_64,PHP:7.3.15))
 [2024-04-11 16:13:06] <3131> Connect to ssl://web.nicepay.co.kr:443
 [2024-04-11 16:13:06] <3131> ssl://web.nicepay.co.kr:443 Server Connect OK
 [2024-04-11 16:13:06] <3131> MSG_TO_SVR::[/lite/payProcess.jsp]
 [2024-04-11 16:13:07] <3131> TID -> [ilooda001m01012404111613078697]
 [2024-04-11 16:13:07] <3131> 3001[카드 결제 성공]
 [2024-04-11 16:13:07] <3131> END PYO  Laptime:[0.656sec]
 [2024-04-11 16:13:07] <3131> ===============================================================
 [2024-04-11 17:21:05] <133068> START NicepayLite PYO (V1.1B20140314(OS:Linux2.6.32-754.35.1.el6.x86_64,PHP:7.3.15))
 [2024-04-11 17:21:05] <133068> Connect to ssl://web.nicepay.co.kr:443
 [2024-04-11 17:21:05] <133068> ssl://web.nicepay.co.kr:443 Server Connect OK
 [2024-04-11 17:21:05] <133068> MSG_TO_SVR::[/lite/payProcess.jsp]
 [2024-04-11 17:21:05] <133068> TID -> [ilooda001m01012404111721062831]
 [2024-04-11 17:21:05] <133068> 3001[카드 결제 성공]
 [2024-04-11 17:21:05] <133068> END PYO  Laptime:[0.374sec]
 [2024-04-11 17:21:05] <133068> ===============================================================
 [2024-04-11 17:54:52] <116175> START NicepayLite PYO (V1.1B20140314(OS:Linux2.6.32-754.35.1.el6.x86_64,PHP:7.3.15))
 [2024-04-11 17:54:52] <116175> Connect to ssl://web.nicepay.co.kr:443
 [2024-04-11 17:54:52] <116175> ssl://web.nicepay.co.kr:443 Server Connect OK
 [2024-04-11 17:54:52] <116175> MSG_TO_SVR::[/lite/payProcess.jsp]
 [2024-04-11 17:54:53] <116175> TID -> [ilooda001m01012404111754532396]
 [2024-04-11 17:54:53] <116175> 3001[카드 결제 성공]
 [2024-04-11 17:54:53] <116175> END PYO  Laptime:[0.999sec]
 [2024-04-11 17:54:53] <116175> ===============================================================
 [2024-04-11 20:22:34] <20139> START NicepayLite PYO (V1.1B20140314(OS:Linux2.6.32-754.35.1.el6.x86_64,PHP:7.3.15))
 [2024-04-11 20:22:34] <20139> Connect to ssl://web.nicepay.co.kr:443
 [2024-04-11 20:22:34] <20139> ssl://web.nicepay.co.kr:443 Server Connect OK
 [2024-04-11 20:22:34] <20139> MSG_TO_SVR::[/lite/payProcess.jsp]
 [2024-04-11 20:22:34] <20139> TID -> [ilooda001m01012404112022356096]
 [2024-04-11 20:22:34] <20139> 3001[카드 결제 성공]
 [2024-04-11 20:22:34] <20139> END PYO  Laptime:[0.423sec]
 [2024-04-11 20:22:34] <20139> ===============================================================
