 [2023-11-27 10:10:45] <9389> START NicepayLite PYO (V1.1B20140314(OS:Linux2.6.32-754.35.1.el6.x86_64,PHP:7.3.15))
 [2023-11-27 10:10:45] <9389> Connect to ssl://web.nicepay.co.kr:443
 [2023-11-27 10:10:45] <9389> ssl://web.nicepay.co.kr:443 Server Connect OK
 [2023-11-27 10:10:45] <9389> MSG_TO_SVR::[/lite/payProcess.jsp]
 [2023-11-27 10:10:46] <9389> TID -> [ilooda001m01012311271010472126]
 [2023-11-27 10:10:46] <9389> 3001[카드 결제 성공]
 [2023-11-27 10:10:46] <9389> END PYO  Laptime:[0.848sec]
 [2023-11-27 10:10:46] <9389> ===============================================================
 [2023-11-27 10:26:29] <125799> START NicepayLite PYO (V1.1B20140314(OS:Linux2.6.32-754.35.1.el6.x86_64,PHP:7.3.15))
 [2023-11-27 10:26:29] <125799> Connect to ssl://web.nicepay.co.kr:443
 [2023-11-27 10:26:29] <125799> ssl://web.nicepay.co.kr:443 Server Connect OK
 [2023-11-27 10:26:29] <125799> MSG_TO_SVR::[/lite/payProcess.jsp]
 [2023-11-27 10:26:30] <125799> TID -> [ilooda001m01012311271026310519]
 [2023-11-27 10:26:30] <125799> 3001[카드 결제 성공]
 [2023-11-27 10:26:30] <125799> END PYO  Laptime:[0.817sec]
 [2023-11-27 10:26:30] <125799> ===============================================================
 [2023-11-27 10:35:59] <42998> START NicepayLite PYO (V1.1B20140314(OS:Linux2.6.32-754.35.1.el6.x86_64,PHP:7.3.15))
 [2023-11-27 10:35:59] <42998> Connect to ssl://web.nicepay.co.kr:443
 [2023-11-27 10:35:59] <42998> ssl://web.nicepay.co.kr:443 Server Connect OK
 [2023-11-27 10:35:59] <42998> MSG_TO_SVR::[/lite/payProcess.jsp]
 [2023-11-27 10:35:59] <42998> TID -> [ilooda001m01012311271036011473]
 [2023-11-27 10:35:59] <42998> 3001[카드 결제 성공]
 [2023-11-27 10:35:59] <42998> END PYO  Laptime:[0.463sec]
 [2023-11-27 10:35:59] <42998> ===============================================================
 [2023-11-27 11:13:33] <21174> START NicepayLite PYO (V1.1B20140314(OS:Linux2.6.32-754.35.1.el6.x86_64,PHP:7.3.15))
 [2023-11-27 11:13:33] <21174> Connect to ssl://web.nicepay.co.kr:443
 [2023-11-27 11:13:33] <21174> ssl://web.nicepay.co.kr:443 Server Connect OK
 [2023-11-27 11:13:33] <21174> MSG_TO_SVR::[/lite/payProcess.jsp]
 [2023-11-27 11:13:34] <21174> TID -> [ilooda001m01012311271113355140]
 [2023-11-27 11:13:34] <21174> 3001[카드 결제 성공]
 [2023-11-27 11:13:34] <21174> END PYO  Laptime:[0.759sec]
 [2023-11-27 11:13:34] <21174> ===============================================================
 [2023-11-27 11:19:27] <56761> START NicepayLite PYO (V1.1B20140314(OS:Linux2.6.32-754.35.1.el6.x86_64,PHP:7.3.15))
 [2023-11-27 11:19:27] <56761> Connect to ssl://web.nicepay.co.kr:443
 [2023-11-27 11:19:27] <56761> ssl://web.nicepay.co.kr:443 Server Connect OK
 [2023-11-27 11:19:27] <56761> MSG_TO_SVR::[/lite/payProcess.jsp]
 [2023-11-27 11:19:28] <56761> TID -> [ilooda001m01012311271119291465]
 [2023-11-27 11:19:28] <56761> 3001[카드 결제 성공]
 [2023-11-27 11:19:28] <56761> END PYO  Laptime:[0.582sec]
 [2023-11-27 11:19:28] <56761> ===============================================================
 [2023-11-27 11:51:25] <145211> START NicepayLite PYO (V1.1B20140314(OS:Linux2.6.32-754.35.1.el6.x86_64,PHP:7.3.15))
 [2023-11-27 11:51:25] <145211> Connect to ssl://web.nicepay.co.kr:443
 [2023-11-27 11:51:25] <145211> ssl://web.nicepay.co.kr:443 Server Connect OK
 [2023-11-27 11:51:25] <145211> MSG_TO_SVR::[/lite/payProcess.jsp]
 [2023-11-27 11:51:25] <145211> TID -> [ilooda001m01012311271151270515]
 [2023-11-27 11:51:25] <145211> 3001[카드 결제 성공]
 [2023-11-27 11:51:25] <145211> END PYO  Laptime:[0.498sec]
 [2023-11-27 11:51:25] <145211> ===============================================================
 [2023-11-27 12:09:39] <127051> START NicepayLite PYO (V1.1B20140314(OS:Linux2.6.32-754.35.1.el6.x86_64,PHP:7.3.15))
 [2023-11-27 12:09:39] <127051> Connect to ssl://web.nicepay.co.kr:443
 [2023-11-27 12:09:39] <127051> ssl://web.nicepay.co.kr:443 Server Connect OK
 [2023-11-27 12:09:39] <127051> MSG_TO_SVR::[/lite/payProcess.jsp]
 [2023-11-27 12:09:40] <127051> TID -> [ilooda001m01012311271209411116]
 [2023-11-27 12:09:40] <127051> 3001[카드 결제 성공]
 [2023-11-27 12:09:40] <127051> END PYO  Laptime:[0.707sec]
 [2023-11-27 12:09:40] <127051> ===============================================================
 [2023-11-27 12:34:03] <9146> START NicepayLite PYO (V1.1B20140314(OS:Linux2.6.32-754.35.1.el6.x86_64,PHP:7.3.15))
 [2023-11-27 12:34:03] <9146> Connect to ssl://web.nicepay.co.kr:443
 [2023-11-27 12:34:04] <9146> ssl://web.nicepay.co.kr:443 Server Connect OK
 [2023-11-27 12:34:04] <9146> MSG_TO_SVR::[/lite/payProcess.jsp]
 [2023-11-27 12:34:05] <9146> TID -> [ilooda001m01012311271234057281]
 [2023-11-27 12:34:05] <9146> 3001[카드 결제 성공]
 [2023-11-27 12:34:05] <9146> END PYO  Laptime:[1.109sec]
 [2023-11-27 12:34:05] <9146> ===============================================================
 [2023-11-27 15:33:45] <118563> START NicepayLite PYO (V1.1B20140314(OS:Linux2.6.32-754.35.1.el6.x86_64,PHP:7.3.15))
 [2023-11-27 15:33:45] <118563> Connect to ssl://web.nicepay.co.kr:443
 [2023-11-27 15:33:45] <118563> ssl://web.nicepay.co.kr:443 Server Connect OK
 [2023-11-27 15:33:45] <118563> MSG_TO_SVR::[/lite/payProcess.jsp]
 [2023-11-27 15:33:45] <118563> TID -> [ilooda001m01012311271533473948]
 [2023-11-27 15:33:45] <118563> 3001[카드 결제 성공]
 [2023-11-27 15:33:45] <118563> END PYO  Laptime:[0.322sec]
 [2023-11-27 15:33:45] <118563> ===============================================================
 [2023-11-27 18:01:31] <2179> START NicepayLite PYO (V1.1B20140314(OS:Linux2.6.32-754.35.1.el6.x86_64,PHP:7.3.15))
 [2023-11-27 18:01:32] <2179> Connect to ssl://web.nicepay.co.kr:443
 [2023-11-27 18:01:32] <2179> ssl://web.nicepay.co.kr:443 Server Connect OK
 [2023-11-27 18:01:32] <2179> MSG_TO_SVR::[/lite/payProcess.jsp]
 [2023-11-27 18:01:33] <2179> TID -> [ilooda001m01012311271801344442]
 [2023-11-27 18:01:33] <2179> 3001[카드 결제 성공]
 [2023-11-27 18:01:33] <2179> END PYO  Laptime:[1.959sec]
 [2023-11-27 18:01:33] <2179> ===============================================================
