 [2024-02-15 10:08:56] <19655> START NicepayLite PYO (V1.1B20140314(OS:Linux2.6.32-754.35.1.el6.x86_64,PHP:7.3.15))
 [2024-02-15 10:08:56] <19655> Connect to ssl://web.nicepay.co.kr:443
 [2024-02-15 10:08:56] <19655> ssl://web.nicepay.co.kr:443 Server Connect OK
 [2024-02-15 10:08:56] <19655> MSG_TO_SVR::[/lite/payProcess.jsp]
 [2024-02-15 10:08:56] <19655> TID -> [ilooda001m01012402151008572157]
 [2024-02-15 10:08:56] <19655> 3001[카드 결제 성공]
 [2024-02-15 10:08:56] <19655> END PYO  Laptime:[0.545sec]
 [2024-02-15 10:08:56] <19655> ===============================================================
 [2024-02-15 10:41:58] <122728> START NicepayLite PYO (V1.1B20140314(OS:Linux2.6.32-754.35.1.el6.x86_64,PHP:7.3.15))
 [2024-02-15 10:41:58] <122728> Connect to ssl://web.nicepay.co.kr:443
 [2024-02-15 10:41:58] <122728> ssl://web.nicepay.co.kr:443 Server Connect OK
 [2024-02-15 10:41:58] <122728> MSG_TO_SVR::[/lite/payProcess.jsp]
 [2024-02-15 10:41:59] <122728> TID -> [ilooda001m01012402151041595411]
 [2024-02-15 10:41:59] <122728> 3001[카드 결제 성공]
 [2024-02-15 10:41:59] <122728> END PYO  Laptime:[0.885sec]
 [2024-02-15 10:41:59] <122728> ===============================================================
 [2024-02-15 11:40:40] <9116> START NicepayLite PYO (V1.1B20140314(OS:Linux2.6.32-754.35.1.el6.x86_64,PHP:7.3.15))
 [2024-02-15 11:40:40] <9116> Connect to ssl://web.nicepay.co.kr:443
 [2024-02-15 11:40:40] <9116> ssl://web.nicepay.co.kr:443 Server Connect OK
 [2024-02-15 11:40:40] <9116> MSG_TO_SVR::[/lite/payProcess.jsp]
 [2024-02-15 11:40:40] <9116> TID -> [ilooda001m01012402151140413013]
 [2024-02-15 11:40:40] <9116> 3001[카드 결제 성공]
 [2024-02-15 11:40:40] <9116> END PYO  Laptime:[0.516sec]
 [2024-02-15 11:40:40] <9116> ===============================================================
 [2024-02-15 11:50:18] <86095> START NicepayLite PYO (V1.1B20140314(OS:Linux2.6.32-754.35.1.el6.x86_64,PHP:7.3.15))
 [2024-02-15 11:50:18] <86095> Connect to ssl://web.nicepay.co.kr:443
 [2024-02-15 11:50:18] <86095> ssl://web.nicepay.co.kr:443 Server Connect OK
 [2024-02-15 11:50:18] <86095> MSG_TO_SVR::[/lite/payProcess.jsp]
 [2024-02-15 11:50:18] <86095> TID -> [ilooda001m01012402151150193382]
 [2024-02-15 11:50:18] <86095> 3001[카드 결제 성공]
 [2024-02-15 11:50:18] <86095> END PYO  Laptime:[0.326sec]
 [2024-02-15 11:50:18] <86095> ===============================================================
 [2024-02-15 13:36:58] <29860> START NicepayLite PYO (V1.1B20140314(OS:Linux2.6.32-754.35.1.el6.x86_64,PHP:7.3.15))
 [2024-02-15 13:36:58] <29860> Connect to ssl://web.nicepay.co.kr:443
 [2024-02-15 13:36:58] <29860> ssl://web.nicepay.co.kr:443 Server Connect OK
 [2024-02-15 13:36:58] <29860> MSG_TO_SVR::[/lite/payProcess.jsp]
 [2024-02-15 13:36:58] <29860> TID -> [ilooda001m01012402151336592444]
 [2024-02-15 13:36:58] <29860> 3001[카드 결제 성공]
 [2024-02-15 13:36:58] <29860> END PYO  Laptime:[0.874sec]
 [2024-02-15 13:36:58] <29860> ===============================================================
 [2024-02-15 13:39:18] <54562> START NicepayLite PYO (V1.1B20140314(OS:Linux2.6.32-754.35.1.el6.x86_64,PHP:7.3.15))
 [2024-02-15 13:39:18] <54562> Connect to ssl://web.nicepay.co.kr:443
 [2024-02-15 13:39:18] <54562> ssl://web.nicepay.co.kr:443 Server Connect OK
 [2024-02-15 13:39:18] <54562> MSG_TO_SVR::[/lite/payProcess.jsp]
 [2024-02-15 13:39:19] <54562> TID -> [ilooda001m01012402151339200809]
 [2024-02-15 13:39:19] <54562> 3001[카드 결제 성공]
 [2024-02-15 13:39:19] <54562> END PYO  Laptime:[0.773sec]
 [2024-02-15 13:39:19] <54562> ===============================================================
 [2024-02-15 14:04:04] <102393> START NicepayLite PYO (V1.1B20140314(OS:Linux2.6.32-754.35.1.el6.x86_64,PHP:7.3.15))
 [2024-02-15 14:04:04] <102393> Connect to ssl://web.nicepay.co.kr:443
 [2024-02-15 14:04:04] <102393> ssl://web.nicepay.co.kr:443 Server Connect OK
 [2024-02-15 14:04:04] <102393> MSG_TO_SVR::[/lite/payProcess.jsp]
 [2024-02-15 14:04:04] <102393> TID -> [ilooda001m01012402151404056253]
 [2024-02-15 14:04:04] <102393> 3001[카드 결제 성공]
 [2024-02-15 14:04:04] <102393> END PYO  Laptime:[0.319sec]
 [2024-02-15 14:04:04] <102393> ===============================================================
 [2024-02-15 17:30:22] <98721> START NicepayLite PYO (V1.1B20140314(OS:Linux2.6.32-754.35.1.el6.x86_64,PHP:7.3.15))
 [2024-02-15 17:30:22] <98721> Connect to ssl://web.nicepay.co.kr:443
 [2024-02-15 17:30:22] <98721> ssl://web.nicepay.co.kr:443 Server Connect OK
 [2024-02-15 17:30:22] <98721> MSG_TO_SVR::[/lite/payProcess.jsp]
 [2024-02-15 17:30:22] <98721> TID -> [ilooda001m01012402151730235405]
 [2024-02-15 17:30:22] <98721> 3001[카드 결제 성공]
 [2024-02-15 17:30:22] <98721> END PYO  Laptime:[0.467sec]
 [2024-02-15 17:30:22] <98721> ===============================================================
 [2024-02-15 17:45:43] <69816> START NicepayLite PYO (V1.1B20140314(OS:Linux2.6.32-754.35.1.el6.x86_64,PHP:7.3.15))
 [2024-02-15 17:45:43] <69816> Connect to ssl://web.nicepay.co.kr:443
 [2024-02-15 17:45:43] <69816> ssl://web.nicepay.co.kr:443 Server Connect OK
 [2024-02-15 17:45:43] <69816> MSG_TO_SVR::[/lite/payProcess.jsp]
 [2024-02-15 17:45:44] <69816> TID -> [ilooda001m01012402151745450827]
 [2024-02-15 17:45:44] <69816> 3001[카드 결제 성공]
 [2024-02-15 17:45:44] <69816> END PYO  Laptime:[0.557sec]
 [2024-02-15 17:45:44] <69816> ===============================================================
 [2024-02-15 21:20:36] <132884> START NicepayLite PYO (V1.1B20140314(OS:Linux2.6.32-754.35.1.el6.x86_64,PHP:7.3.15))
 [2024-02-15 21:20:36] <132884> Connect to ssl://web.nicepay.co.kr:443
 [2024-02-15 21:20:36] <132884> ssl://web.nicepay.co.kr:443 Server Connect OK
 [2024-02-15 21:20:36] <132884> MSG_TO_SVR::[/lite/payProcess.jsp]
 [2024-02-15 21:20:37] <132884> TID -> [ilooda001m01012402152120381744]
 [2024-02-15 21:20:37] <132884> 3001[카드 결제 성공]
 [2024-02-15 21:20:37] <132884> END PYO  Laptime:[0.866sec]
 [2024-02-15 21:20:37] <132884> ===============================================================
