 [2023-12-05 10:34:00] <50473> START NicepayLite PYO (V1.1B20140314(OS:Linux2.6.32-754.35.1.el6.x86_64,PHP:7.3.15))
 [2023-12-05 10:34:00] <50473> Connect to ssl://web.nicepay.co.kr:443
 [2023-12-05 10:34:00] <50473> ssl://web.nicepay.co.kr:443 Server Connect OK
 [2023-12-05 10:34:00] <50473> MSG_TO_SVR::[/lite/payProcess.jsp]
 [2023-12-05 10:34:01] <50473> TID -> [ilooda001m01012312051034012717]
 [2023-12-05 10:34:01] <50473> 3001[카드 결제 성공]
 [2023-12-05 10:34:01] <50473> END PYO  Laptime:[0.893sec]
 [2023-12-05 10:34:01] <50473> ===============================================================
 [2023-12-05 10:41:05] <98596> START NicepayLite PYO (V1.1B20140314(OS:Linux2.6.32-754.35.1.el6.x86_64,PHP:7.3.15))
 [2023-12-05 10:41:05] <98596> Connect to ssl://web.nicepay.co.kr:443
 [2023-12-05 10:41:05] <98596> ssl://web.nicepay.co.kr:443 Server Connect OK
 [2023-12-05 10:41:05] <98596> MSG_TO_SVR::[/lite/payProcess.jsp]
 [2023-12-05 10:41:05] <98596> TID -> [ilooda001m01012312051041061979]
 [2023-12-05 10:41:05] <98596> 3001[카드 결제 성공]
 [2023-12-05 10:41:05] <98596> END PYO  Laptime:[0.73sec]
 [2023-12-05 10:41:05] <98596> ===============================================================
 [2023-12-05 10:49:50] <13261> START NicepayLite PYO (V1.1B20140314(OS:Linux2.6.32-754.35.1.el6.x86_64,PHP:7.3.15))
 [2023-12-05 10:49:50] <13261> Connect to ssl://web.nicepay.co.kr:443
 [2023-12-05 10:49:50] <13261> ssl://web.nicepay.co.kr:443 Server Connect OK
 [2023-12-05 10:49:50] <13261> MSG_TO_SVR::[/lite/payProcess.jsp]
 [2023-12-05 10:49:51] <13261> TID -> [ilooda001m01012312051049518095]
 [2023-12-05 10:49:51] <13261> 3001[카드 결제 성공]
 [2023-12-05 10:49:51] <13261> END PYO  Laptime:[0.676sec]
 [2023-12-05 10:49:51] <13261> ===============================================================
 [2023-12-05 12:21:02] <49530> START NicepayLite PYO (V1.1B20140314(OS:Linux2.6.32-754.35.1.el6.x86_64,PHP:7.3.15))
 [2023-12-05 12:21:02] <49530> Connect to ssl://web.nicepay.co.kr:443
 [2023-12-05 12:21:02] <49530> ssl://web.nicepay.co.kr:443 Server Connect OK
 [2023-12-05 12:21:02] <49530> MSG_TO_SVR::[/lite/payProcess.jsp]
 [2023-12-05 12:21:03] <49530> TID -> [ilooda001m01012312051221037937]
 [2023-12-05 12:21:03] <49530> 3001[카드 결제 성공]
 [2023-12-05 12:21:03] <49530> END PYO  Laptime:[0.543sec]
 [2023-12-05 12:21:03] <49530> ===============================================================
 [2023-12-05 13:35:38] <118962> START NicepayLite PYO (V1.1B20140314(OS:Linux2.6.32-754.35.1.el6.x86_64,PHP:7.3.15))
 [2023-12-05 13:35:38] <118962> Connect to ssl://web.nicepay.co.kr:443
 [2023-12-05 13:35:38] <118962> ssl://web.nicepay.co.kr:443 Server Connect OK
 [2023-12-05 13:35:38] <118962> MSG_TO_SVR::[/lite/payProcess.jsp]
 [2023-12-05 13:35:39] <118962> TID -> [ilooda001m01012312051335396028]
 [2023-12-05 13:35:39] <118962> 3001[카드 결제 성공]
 [2023-12-05 13:35:39] <118962> END PYO  Laptime:[0.82sec]
 [2023-12-05 13:35:39] <118962> ===============================================================
 [2023-12-05 18:56:32] <117342> START NicepayLite PYO (V1.1B20140314(OS:Linux2.6.32-754.35.1.el6.x86_64,PHP:7.3.15))
 [2023-12-05 18:56:32] <117342> Connect to ssl://web.nicepay.co.kr:443
 [2023-12-05 18:56:32] <117342> ssl://web.nicepay.co.kr:443 Server Connect OK
 [2023-12-05 18:56:32] <117342> MSG_TO_SVR::[/lite/payProcess.jsp]
 [2023-12-05 18:56:32] <117342> TID -> [ilooda001m01012312051856333879]
 [2023-12-05 18:56:32] <117342> 3001[카드 결제 성공]
 [2023-12-05 18:56:32] <117342> END PYO  Laptime:[0.628sec]
 [2023-12-05 18:56:32] <117342> ===============================================================
