 [2023-11-30 08:10:22] <145221> START NicepayLite PYO (V1.1B20140314(OS:Linux2.6.32-754.35.1.el6.x86_64,PHP:7.3.15))
 [2023-11-30 08:10:22] <145221> Connect to ssl://web.nicepay.co.kr:443
 [2023-11-30 08:10:22] <145221> ssl://web.nicepay.co.kr:443 Server Connect OK
 [2023-11-30 08:10:22] <145221> MSG_TO_SVR::[/lite/payProcess.jsp]
 [2023-11-30 08:10:23] <145221> TID -> [ilooda001m01012311300810244162]
 [2023-11-30 08:10:23] <145221> 3001[카드 결제 성공]
 [2023-11-30 08:10:23] <145221> END PYO  Laptime:[0.578sec]
 [2023-11-30 08:10:23] <145221> ===============================================================
 [2023-11-30 09:50:10] <111468> START NicepayLite PYO (V1.1B20140314(OS:Linux2.6.32-754.35.1.el6.x86_64,PHP:7.3.15))
 [2023-11-30 09:50:10] <111468> Connect to ssl://web.nicepay.co.kr:443
 [2023-11-30 09:50:10] <111468> ssl://web.nicepay.co.kr:443 Server Connect OK
 [2023-11-30 09:50:10] <111468> MSG_TO_SVR::[/lite/payProcess.jsp]
 [2023-11-30 09:50:11] <111468> TID -> [ilooda001m01012311300950120261]
 [2023-11-30 09:50:11] <111468> 3001[카드 결제 성공]
 [2023-11-30 09:50:11] <111468> END PYO  Laptime:[0.978sec]
 [2023-11-30 09:50:11] <111468> ===============================================================
 [2023-11-30 10:18:04] <15168> START NicepayLite PYO (V1.1B20140314(OS:Linux2.6.32-754.35.1.el6.x86_64,PHP:7.3.15))
 [2023-11-30 10:18:04] <15168> Connect to ssl://web.nicepay.co.kr:443
 [2023-11-30 10:18:04] <15168> ssl://web.nicepay.co.kr:443 Server Connect OK
 [2023-11-30 10:18:04] <15168> MSG_TO_SVR::[/lite/payProcess.jsp]
 [2023-11-30 10:18:04] <15168> TID -> [ilooda001m01012311301018058711]
 [2023-11-30 10:18:04] <15168> 3001[카드 결제 성공]
 [2023-11-30 10:18:04] <15168> END PYO  Laptime:[0.489sec]
 [2023-11-30 10:18:04] <15168> ===============================================================
 [2023-11-30 11:28:59] <68021> START NicepayLite PYO (V1.1B20140314(OS:Linux2.6.32-754.35.1.el6.x86_64,PHP:7.3.15))
 [2023-11-30 11:28:59] <68021> Connect to ssl://web.nicepay.co.kr:443
 [2023-11-30 11:28:59] <68021> ssl://web.nicepay.co.kr:443 Server Connect OK
 [2023-11-30 11:28:59] <68021> MSG_TO_SVR::[/lite/payProcess.jsp]
 [2023-11-30 11:29:00] <68021> TID -> [ilooda001m01012311301129009751]
 [2023-11-30 11:29:00] <68021> 3001[카드 결제 성공]
 [2023-11-30 11:29:00] <68021> END PYO  Laptime:[0.78sec]
 [2023-11-30 11:29:00] <68021> ===============================================================
 [2023-11-30 12:32:56] <72410> START NicepayLite PYO (V1.1B20140314(OS:Linux2.6.32-754.35.1.el6.x86_64,PHP:7.3.15))
 [2023-11-30 12:32:56] <72410> Connect to ssl://web.nicepay.co.kr:443
 [2023-11-30 12:32:56] <72410> ssl://web.nicepay.co.kr:443 Server Connect OK
 [2023-11-30 12:32:56] <72410> MSG_TO_SVR::[/lite/payProcess.jsp]
 [2023-11-30 12:32:56] <72410> TID -> [ilooda001m01012311301232579434]
 [2023-11-30 12:32:56] <72410> 3001[카드 결제 성공]
 [2023-11-30 12:32:56] <72410> END PYO  Laptime:[0.404sec]
 [2023-11-30 12:32:56] <72410> ===============================================================
 [2023-11-30 15:11:15] <11262> START NicepayLite PYO (V1.1B20140314(OS:Linux2.6.32-754.35.1.el6.x86_64,PHP:7.3.15))
 [2023-11-30 15:11:15] <11262> Connect to ssl://web.nicepay.co.kr:443
 [2023-11-30 15:11:15] <11262> ssl://web.nicepay.co.kr:443 Server Connect OK
 [2023-11-30 15:11:15] <11262> MSG_TO_SVR::[/lite/payProcess.jsp]
 [2023-11-30 15:11:15] <11262> TID -> [ilooda001m01012311301511167350]
 [2023-11-30 15:11:15] <11262> 3001[카드 결제 성공]
 [2023-11-30 15:11:15] <11262> END PYO  Laptime:[0.472sec]
 [2023-11-30 15:11:15] <11262> ===============================================================
 [2023-11-30 15:44:53] <108578> START NicepayLite PYO (V1.1B20140314(OS:Linux2.6.32-754.35.1.el6.x86_64,PHP:7.3.15))
 [2023-11-30 15:44:53] <108578> Connect to ssl://web.nicepay.co.kr:443
 [2023-11-30 15:44:53] <108578> ssl://web.nicepay.co.kr:443 Server Connect OK
 [2023-11-30 15:44:53] <108578> MSG_TO_SVR::[/lite/payProcess.jsp]
 [2023-11-30 15:44:54] <108578> TID -> [ilooda001m01012311301544556300]
 [2023-11-30 15:44:54] <108578> 3001[카드 결제 성공]
 [2023-11-30 15:44:54] <108578> END PYO  Laptime:[0.648sec]
 [2023-11-30 15:44:54] <108578> ===============================================================
 [2023-11-30 16:32:10] <21982> START NicepayLite PYO (V1.1B20140314(OS:Linux2.6.32-754.35.1.el6.x86_64,PHP:7.3.15))
 [2023-11-30 16:32:10] <21982> Connect to ssl://web.nicepay.co.kr:443
 [2023-11-30 16:32:10] <21982> ssl://web.nicepay.co.kr:443 Server Connect OK
 [2023-11-30 16:32:10] <21982> MSG_TO_SVR::[/lite/payProcess.jsp]
 [2023-11-30 16:32:11] <21982> TID -> [ilooda001m01012311301632124680]
 [2023-11-30 16:32:11] <21982> 3001[카드 결제 성공]
 [2023-11-30 16:32:11] <21982> END PYO  Laptime:[1.039sec]
 [2023-11-30 16:32:11] <21982> ===============================================================
