 [2023-12-01 09:40:21] <33787> START NicepayLite PYO (V1.1B20140314(OS:Linux2.6.32-754.35.1.el6.x86_64,PHP:7.3.15))
 [2023-12-01 09:40:21] <33787> Connect to ssl://web.nicepay.co.kr:443
 [2023-12-01 09:40:21] <33787> ssl://web.nicepay.co.kr:443 Server Connect OK
 [2023-12-01 09:40:21] <33787> MSG_TO_SVR::[/lite/payProcess.jsp]
 [2023-12-01 09:40:21] <33787> TID -> [ilooda001m01012312010940219702]
 [2023-12-01 09:40:21] <33787> 1082[한도 초과]
 [2023-12-01 09:40:21] <33787> END PYO  Laptime:[0.868sec]
 [2023-12-01 09:40:21] <33787> ===============================================================
 [2023-12-01 09:42:36] <47292> START NicepayLite PYO (V1.1B20140314(OS:Linux2.6.32-754.35.1.el6.x86_64,PHP:7.3.15))
 [2023-12-01 09:42:36] <47292> Connect to ssl://web.nicepay.co.kr:443
 [2023-12-01 09:42:36] <47292> ssl://web.nicepay.co.kr:443 Server Connect OK
 [2023-12-01 09:42:36] <47292> MSG_TO_SVR::[/lite/payProcess.jsp]
 [2023-12-01 09:42:37] <47292> TID -> [ilooda001m01012312010942374841]
 [2023-12-01 09:42:37] <47292> 3001[카드 결제 성공]
 [2023-12-01 09:42:37] <47292> END PYO  Laptime:[0.744sec]
 [2023-12-01 09:42:37] <47292> ===============================================================
 [2023-12-01 10:12:08] <106997> START NicepayLite PYO (V1.1B20140314(OS:Linux2.6.32-754.35.1.el6.x86_64,PHP:7.3.15))
 [2023-12-01 10:12:08] <106997> Connect to ssl://web.nicepay.co.kr:443
 [2023-12-01 10:12:08] <106997> ssl://web.nicepay.co.kr:443 Server Connect OK
 [2023-12-01 10:12:08] <106997> MSG_TO_SVR::[/lite/payProcess.jsp]
 [2023-12-01 10:12:08] <106997> TID -> [ilooda001m01012312011012094206]
 [2023-12-01 10:12:08] <106997> 3001[카드 결제 성공]
 [2023-12-01 10:12:08] <106997> END PYO  Laptime:[0.355sec]
 [2023-12-01 10:12:08] <106997> ===============================================================
 [2023-12-01 10:44:47] <33498> START NicepayLite PYO (V1.1B20140314(OS:Linux2.6.32-754.35.1.el6.x86_64,PHP:7.3.15))
 [2023-12-01 10:44:47] <33498> Connect to ssl://web.nicepay.co.kr:443
 [2023-12-01 10:44:47] <33498> ssl://web.nicepay.co.kr:443 Server Connect OK
 [2023-12-01 10:44:47] <33498> MSG_TO_SVR::[/lite/payProcess.jsp]
 [2023-12-01 10:44:48] <33498> TID -> [ilooda001m01012312011044484893]
 [2023-12-01 10:44:48] <33498> 3001[카드 결제 성공]
 [2023-12-01 10:44:48] <33498> END PYO  Laptime:[0.789sec]
 [2023-12-01 10:44:48] <33498> ===============================================================
 [2023-12-01 10:59:54] <136127> START NicepayLite PYO (V1.1B20140314(OS:Linux2.6.32-754.35.1.el6.x86_64,PHP:7.3.15))
 [2023-12-01 10:59:54] <136127> Connect to ssl://web.nicepay.co.kr:443
 [2023-12-01 10:59:54] <136127> ssl://web.nicepay.co.kr:443 Server Connect OK
 [2023-12-01 10:59:54] <136127> MSG_TO_SVR::[/lite/payProcess.jsp]
 [2023-12-01 10:59:54] <136127> TID -> [ilooda001m01012312011059553659]
 [2023-12-01 10:59:54] <136127> 3001[카드 결제 성공]
 [2023-12-01 10:59:54] <136127> END PYO  Laptime:[0.288sec]
 [2023-12-01 10:59:54] <136127> ===============================================================
 [2023-12-01 14:08:31] <114592> START NicepayLite PYO (V1.1B20140314(OS:Linux2.6.32-754.35.1.el6.x86_64,PHP:7.3.15))
 [2023-12-01 14:08:31] <114592> Connect to ssl://web.nicepay.co.kr:443
 [2023-12-01 14:08:31] <114592> ssl://web.nicepay.co.kr:443 Server Connect OK
 [2023-12-01 14:08:31] <114592> MSG_TO_SVR::[/lite/payProcess.jsp]
 [2023-12-01 14:08:32] <114592> TID -> [ilooda001m01012312011408328437]
 [2023-12-01 14:08:32] <114592> 3001[카드 결제 성공]
 [2023-12-01 14:08:32] <114592> END PYO  Laptime:[0.55sec]
 [2023-12-01 14:08:32] <114592> ===============================================================
 [2023-12-01 14:10:02] <122123> START NicepayLite PYO (V1.1B20140314(OS:Linux2.6.32-754.35.1.el6.x86_64,PHP:7.3.15))
 [2023-12-01 14:10:02] <122123> Connect to ssl://web.nicepay.co.kr:443
 [2023-12-01 14:10:02] <122123> ssl://web.nicepay.co.kr:443 Server Connect OK
 [2023-12-01 14:10:02] <122123> MSG_TO_SVR::[/lite/payProcess.jsp]
 [2023-12-01 14:10:03] <122123> TID -> [ilooda001m01012312011410036795]
 [2023-12-01 14:10:03] <122123> 3001[카드 결제 성공]
 [2023-12-01 14:10:03] <122123> END PYO  Laptime:[0.811sec]
 [2023-12-01 14:10:03] <122123> ===============================================================
 [2023-12-01 14:25:02] <79756> START NicepayLite PYO (V1.1B20140314(OS:Linux2.6.32-754.35.1.el6.x86_64,PHP:7.3.15))
 [2023-12-01 14:25:02] <79756> Connect to ssl://web.nicepay.co.kr:443
 [2023-12-01 14:25:02] <79756> ssl://web.nicepay.co.kr:443 Server Connect OK
 [2023-12-01 14:25:02] <79756> MSG_TO_SVR::[/lite/payProcess.jsp]
 [2023-12-01 14:25:03] <79756> TID -> [ilooda001m01012312011425031668]
 [2023-12-01 14:25:03] <79756> 1082[한도 초과]
 [2023-12-01 14:25:03] <79756> END PYO  Laptime:[0.934sec]
 [2023-12-01 14:25:03] <79756> ===============================================================
 [2023-12-01 14:27:47] <100810> START NicepayLite PYO (V1.1B20140314(OS:Linux2.6.32-754.35.1.el6.x86_64,PHP:7.3.15))
 [2023-12-01 14:27:47] <100810> Connect to ssl://web.nicepay.co.kr:443
 [2023-12-01 14:27:47] <100810> ssl://web.nicepay.co.kr:443 Server Connect OK
 [2023-12-01 14:27:47] <100810> MSG_TO_SVR::[/lite/payProcess.jsp]
 [2023-12-01 14:27:48] <100810> TID -> [ilooda001m01012312011427483512]
 [2023-12-01 14:27:48] <100810> 3001[카드 결제 성공]
 [2023-12-01 14:27:48] <100810> END PYO  Laptime:[0.956sec]
 [2023-12-01 14:27:48] <100810> ===============================================================
 [2023-12-01 14:36:14] <16220> START NicepayLite PYO (V1.1B20140314(OS:Linux2.6.32-754.35.1.el6.x86_64,PHP:7.3.15))
 [2023-12-01 14:36:14] <16220> Connect to ssl://web.nicepay.co.kr:443
 [2023-12-01 14:36:14] <16220> ssl://web.nicepay.co.kr:443 Server Connect OK
 [2023-12-01 14:36:14] <16220> MSG_TO_SVR::[/lite/payProcess.jsp]
 [2023-12-01 14:36:15] <16220> TID -> [ilooda001m01012312011436154381]
 [2023-12-01 14:36:15] <16220> 3001[카드 결제 성공]
 [2023-12-01 14:36:15] <16220> END PYO  Laptime:[0.949sec]
 [2023-12-01 14:36:15] <16220> ===============================================================
 [2023-12-01 15:35:56] <132701> START NicepayLite PYO (V1.1B20140314(OS:Linux2.6.32-754.35.1.el6.x86_64,PHP:7.3.15))
 [2023-12-01 15:35:56] <132701> Connect to ssl://web.nicepay.co.kr:443
 [2023-12-01 15:35:57] <132701> ssl://web.nicepay.co.kr:443 Server Connect OK
 [2023-12-01 15:35:57] <132701> MSG_TO_SVR::[/lite/payProcess.jsp]
 [2023-12-01 15:35:57] <132701> TID -> [ilooda001m01012312011535579108]
 [2023-12-01 15:35:57] <132701> 3001[카드 결제 성공]
 [2023-12-01 15:35:57] <132701> END PYO  Laptime:[0.737sec]
 [2023-12-01 15:35:57] <132701> ===============================================================
 [2023-12-01 15:36:48] <139530> START NicepayLite PYO (V1.1B20140314(OS:Linux2.6.32-754.35.1.el6.x86_64,PHP:7.3.15))
 [2023-12-01 15:36:48] <139530> Connect to ssl://web.nicepay.co.kr:443
 [2023-12-01 15:36:48] <139530> ssl://web.nicepay.co.kr:443 Server Connect OK
 [2023-12-01 15:36:48] <139530> MSG_TO_SVR::[/lite/payProcess.jsp]
 [2023-12-01 15:36:48] <139530> TID -> [ilooda001m01012312011536494916]
 [2023-12-01 15:36:48] <139530> 3001[카드 결제 성공]
 [2023-12-01 15:36:48] <139530> END PYO  Laptime:[0.305sec]
 [2023-12-01 15:36:48] <139530> ===============================================================
 [2023-12-01 17:12:15] <73124> START NicepayLite PYO (V1.1B20140314(OS:Linux2.6.32-754.35.1.el6.x86_64,PHP:7.3.15))
 [2023-12-01 17:12:15] <73124> Connect to ssl://web.nicepay.co.kr:443
 [2023-12-01 17:12:15] <73124> ssl://web.nicepay.co.kr:443 Server Connect OK
 [2023-12-01 17:12:15] <73124> MSG_TO_SVR::[/lite/payProcess.jsp]
 [2023-12-01 17:12:16] <73124> TID -> [ilooda001m01012312011712165392]
 [2023-12-01 17:12:16] <73124> 3001[카드 결제 성공]
 [2023-12-01 17:12:16] <73124> END PYO  Laptime:[1.071sec]
 [2023-12-01 17:12:16] <73124> ===============================================================
 [2023-12-01 18:25:56] <134860> START NicepayLite PYO (V1.1B20140314(OS:Linux2.6.32-754.35.1.el6.x86_64,PHP:7.3.15))
 [2023-12-01 18:25:56] <134860> Connect to ssl://web.nicepay.co.kr:443
 [2023-12-01 18:25:56] <134860> ssl://web.nicepay.co.kr:443 Server Connect OK
 [2023-12-01 18:25:56] <134860> MSG_TO_SVR::[/lite/payProcess.jsp]
 [2023-12-01 18:25:57] <134860> TID -> [ilooda001m01012312011825576876]
 [2023-12-01 18:25:57] <134860> 3001[카드 결제 성공]
 [2023-12-01 18:25:57] <134860> END PYO  Laptime:[0.416sec]
 [2023-12-01 18:25:57] <134860> ===============================================================
