 [2024-01-12 11:19:07] <83670> START NicepayLite PYO (V1.1B20140314(OS:Linux2.6.32-754.35.1.el6.x86_64,PHP:7.3.15))
 [2024-01-12 11:19:07] <83670> Connect to ssl://web.nicepay.co.kr:443
 [2024-01-12 11:19:08] <83670> ssl://web.nicepay.co.kr:443 Server Connect OK
 [2024-01-12 11:19:08] <83670> MSG_TO_SVR::[/lite/payProcess.jsp]
 [2024-01-12 11:19:08] <83670> TID -> [ilooda001m01012401121119084300]
 [2024-01-12 11:19:08] <83670> 3001[카드 결제 성공]
 [2024-01-12 11:19:08] <83670> END PYO  Laptime:[0.67sec]
 [2024-01-12 11:19:08] <83670> ===============================================================
 [2024-01-12 13:43:26] <56418> START NicepayLite PYO (V1.1B20140314(OS:Linux2.6.32-754.35.1.el6.x86_64,PHP:7.3.15))
 [2024-01-12 13:43:26] <56418> Connect to ssl://web.nicepay.co.kr:443
 [2024-01-12 13:43:26] <56418> ssl://web.nicepay.co.kr:443 Server Connect OK
 [2024-01-12 13:43:26] <56418> MSG_TO_SVR::[/lite/payProcess.jsp]
 [2024-01-12 13:43:27] <56418> TID -> [ilooda001m01012401121343274333]
 [2024-01-12 13:43:27] <56418> 3001[카드 결제 성공]
 [2024-01-12 13:43:27] <56418> END PYO  Laptime:[0.617sec]
 [2024-01-12 13:43:27] <56418> ===============================================================
 [2024-01-12 15:04:57] <31371> START NicepayLite PYO (V1.1B20140314(OS:Linux2.6.32-754.35.1.el6.x86_64,PHP:7.3.15))
 [2024-01-12 15:04:57] <31371> Connect to ssl://web.nicepay.co.kr:443
 [2024-01-12 15:04:57] <31371> ssl://web.nicepay.co.kr:443 Server Connect OK
 [2024-01-12 15:04:57] <31371> MSG_TO_SVR::[/lite/payProcess.jsp]
 [2024-01-12 15:04:58] <31371> TID -> [ilooda001m01012401121504582014]
 [2024-01-12 15:04:58] <31371> 3001[카드 결제 성공]
 [2024-01-12 15:04:58] <31371> END PYO  Laptime:[0.834sec]
 [2024-01-12 15:04:58] <31371> ===============================================================
 [2024-01-12 15:24:25] <22570> START NicepayLite PYO (V1.1B20140314(OS:Linux2.6.32-754.35.1.el6.x86_64,PHP:7.3.15))
 [2024-01-12 15:24:25] <22570> Connect to ssl://web.nicepay.co.kr:443
 [2024-01-12 15:24:25] <22570> ssl://web.nicepay.co.kr:443 Server Connect OK
 [2024-01-12 15:24:25] <22570> MSG_TO_SVR::[/lite/payProcess.jsp]
 [2024-01-12 15:24:26] <22570> TID -> [ilooda001m01012401121524263392]
 [2024-01-12 15:24:26] <22570> 3001[카드 결제 성공]
 [2024-01-12 15:24:26] <22570> END PYO  Laptime:[0.549sec]
 [2024-01-12 15:24:26] <22570> ===============================================================
 [2024-01-12 15:31:11] <70912> START NicepayLite PYO (V1.1B20140314(OS:Linux2.6.32-754.35.1.el6.x86_64,PHP:7.3.15))
 [2024-01-12 15:31:11] <70912> Connect to ssl://web.nicepay.co.kr:443
 [2024-01-12 15:31:11] <70912> ssl://web.nicepay.co.kr:443 Server Connect OK
 [2024-01-12 15:31:11] <70912> MSG_TO_SVR::[/lite/payProcess.jsp]
 [2024-01-12 15:31:11] <70912> TID -> [ilooda001m01012401121531119135]
 [2024-01-12 15:31:11] <70912> 3001[카드 결제 성공]
 [2024-01-12 15:31:11] <70912> END PYO  Laptime:[0.557sec]
 [2024-01-12 15:31:11] <70912> ===============================================================
 [2024-01-12 15:31:38] <71050> START NicepayLite PYO (V1.1B20140314(OS:Linux2.6.32-754.35.1.el6.x86_64,PHP:7.3.15))
 [2024-01-12 15:31:38] <71050> Connect to ssl://web.nicepay.co.kr:443
 [2024-01-12 15:31:38] <71050> ssl://web.nicepay.co.kr:443 Server Connect OK
 [2024-01-12 15:31:38] <71050> MSG_TO_SVR::[/lite/payProcess.jsp]
 [2024-01-12 15:31:38] <71050> TID -> [ilooda001m01012401121531387271]
 [2024-01-12 15:31:38] <71050> 3001[카드 결제 성공]
 [2024-01-12 15:31:38] <71050> END PYO  Laptime:[0.384sec]
 [2024-01-12 15:31:38] <71050> ===============================================================
 [2024-01-12 15:44:01] <7692> START NicepayLite PYO (V1.1B20140314(OS:Linux2.6.32-754.35.1.el6.x86_64,PHP:7.3.15))
 [2024-01-12 15:44:01] <7692> Connect to ssl://web.nicepay.co.kr:443
 [2024-01-12 15:44:01] <7692> ssl://web.nicepay.co.kr:443 Server Connect OK
 [2024-01-12 15:44:01] <7692> MSG_TO_SVR::[/lite/payProcess.jsp]
 [2024-01-12 15:44:02] <7692> TID -> [ilooda001m01012401121544020631]
 [2024-01-12 15:44:02] <7692> 3001[카드 결제 성공]
 [2024-01-12 15:44:02] <7692> END PYO  Laptime:[0.638sec]
 [2024-01-12 15:44:02] <7692> ===============================================================
 [2024-01-12 15:55:16] <89964> START NicepayLite PYO (V1.1B20140314(OS:Linux2.6.32-754.35.1.el6.x86_64,PHP:7.3.15))
 [2024-01-12 15:55:16] <89964> Connect to ssl://web.nicepay.co.kr:443
 [2024-01-12 15:55:16] <89964> ssl://web.nicepay.co.kr:443 Server Connect OK
 [2024-01-12 15:55:16] <89964> MSG_TO_SVR::[/lite/payProcess.jsp]
 [2024-01-12 15:55:16] <89964> TID -> [ilooda001m01012401121555170505]
 [2024-01-12 15:55:16] <89964> 3001[카드 결제 성공]
 [2024-01-12 15:55:16] <89964> END PYO  Laptime:[0.406sec]
 [2024-01-12 15:55:16] <89964> ===============================================================
 [2024-01-12 17:08:29] <19373> START NicepayLite PYO (V1.1B20140314(OS:Linux2.6.32-754.35.1.el6.x86_64,PHP:7.3.15))
 [2024-01-12 17:08:29] <19373> Connect to ssl://web.nicepay.co.kr:443
 [2024-01-12 17:08:29] <19373> ssl://web.nicepay.co.kr:443 Server Connect OK
 [2024-01-12 17:08:29] <19373> MSG_TO_SVR::[/lite/payProcess.jsp]
 [2024-01-12 17:08:30] <19373> TID -> [ilooda001m01012401121708300391]
 [2024-01-12 17:08:30] <19373> 3001[카드 결제 성공]
 [2024-01-12 17:08:30] <19373> END PYO  Laptime:[0.971sec]
 [2024-01-12 17:08:30] <19373> ===============================================================
 [2024-01-12 19:55:57] <46342> START NicepayLite PYO (V1.1B20140314(OS:Linux2.6.32-754.35.1.el6.x86_64,PHP:7.3.15))
 [2024-01-12 19:55:57] <46342> Connect to ssl://web.nicepay.co.kr:443
 [2024-01-12 19:55:57] <46342> ssl://web.nicepay.co.kr:443 Server Connect OK
 [2024-01-12 19:55:57] <46342> MSG_TO_SVR::[/lite/payProcess.jsp]
 [2024-01-12 19:55:57] <46342> TID -> [ilooda001m01012401121955577479]
 [2024-01-12 19:55:57] <46342> 3001[카드 결제 성공]
 [2024-01-12 19:55:57] <46342> END PYO  Laptime:[0.748sec]
 [2024-01-12 19:55:57] <46342> ===============================================================
 [2024-01-12 20:55:23] <39217> START NicepayLite PYO (V1.1B20140314(OS:Linux2.6.32-754.35.1.el6.x86_64,PHP:7.3.15))
 [2024-01-12 20:55:23] <39217> Connect to ssl://web.nicepay.co.kr:443
 [2024-01-12 20:55:23] <39217> ssl://web.nicepay.co.kr:443 Server Connect OK
 [2024-01-12 20:55:23] <39217> MSG_TO_SVR::[/lite/payProcess.jsp]
 [2024-01-12 20:55:23] <39217> TID -> [ilooda001m01012401122055237659]
 [2024-01-12 20:55:23] <39217> 3001[카드 결제 성공]
 [2024-01-12 20:55:23] <39217> END PYO  Laptime:[0.5sec]
 [2024-01-12 20:55:23] <39217> ===============================================================
