 [2024-04-30 05:48:36] <103592> START NicepayLite PYO (V1.1B20140314(OS:Linux2.6.32-754.35.1.el6.x86_64,PHP:7.3.15))
 [2024-04-30 05:48:36] <103592> Connect to ssl://web.nicepay.co.kr:443
 [2024-04-30 05:48:36] <103592> ssl://web.nicepay.co.kr:443 Server Connect OK
 [2024-04-30 05:48:36] <103592> MSG_TO_SVR::[/lite/payProcess.jsp]
 [2024-04-30 05:48:37] <103592> TID -> [ilooda001m01012404300548369694]
 [2024-04-30 05:48:37] <103592> 3001[카드 결제 성공]
 [2024-04-30 05:48:37] <103592> END PYO  Laptime:[1.59sec]
 [2024-04-30 05:48:37] <103592> ===============================================================
 [2024-04-30 10:55:29] <4154> START NicepayLite PYO (V1.1B20140314(OS:Linux2.6.32-754.35.1.el6.x86_64,PHP:7.3.15))
 [2024-04-30 10:55:29] <4154> Connect to ssl://web.nicepay.co.kr:443
 [2024-04-30 10:55:29] <4154> ssl://web.nicepay.co.kr:443 Server Connect OK
 [2024-04-30 10:55:29] <4154> MSG_TO_SVR::[/lite/payProcess.jsp]
 [2024-04-30 10:55:29] <4154> TID -> [ilooda001m01012404301055299762]
 [2024-04-30 10:55:29] <4154> 3001[카드 결제 성공]
 [2024-04-30 10:55:29] <4154> END PYO  Laptime:[0.635sec]
 [2024-04-30 10:55:29] <4154> ===============================================================
 [2024-04-30 12:31:11] <70619> START NicepayLite PYO (V1.1B20140314(OS:Linux2.6.32-754.35.1.el6.x86_64,PHP:7.3.15))
 [2024-04-30 12:31:11] <70619> Connect to ssl://web.nicepay.co.kr:443
 [2024-04-30 12:31:12] <70619> ssl://web.nicepay.co.kr:443 Server Connect OK
 [2024-04-30 12:31:12] <70619> MSG_TO_SVR::[/lite/payProcess.jsp]
 [2024-04-30 12:31:12] <70619> TID -> [ilooda001m01012404301231127579]
 [2024-04-30 12:31:12] <70619> 3001[카드 결제 성공]
 [2024-04-30 12:31:12] <70619> END PYO  Laptime:[0.397sec]
 [2024-04-30 12:31:12] <70619> ===============================================================
 [2024-04-30 13:06:36] <70321> START NicepayLite PYO (V1.1B20140314(OS:Linux2.6.32-754.35.1.el6.x86_64,PHP:7.3.15))
 [2024-04-30 13:06:36] <70321> Connect to ssl://web.nicepay.co.kr:443
 [2024-04-30 13:06:36] <70321> ssl://web.nicepay.co.kr:443 Server Connect OK
 [2024-04-30 13:06:36] <70321> MSG_TO_SVR::[/lite/payProcess.jsp]
 [2024-04-30 13:06:37] <70321> TID -> [ilooda001m01012404301306376713]
 [2024-04-30 13:06:37] <70321> 3001[카드 결제 성공]
 [2024-04-30 13:06:37] <70321> END PYO  Laptime:[0.449sec]
 [2024-04-30 13:06:37] <70321> ===============================================================
 [2024-04-30 14:40:08] <112031> START NicepayLite PYO (V1.1B20140314(OS:Linux2.6.32-754.35.1.el6.x86_64,PHP:7.3.15))
 [2024-04-30 14:40:08] <112031> Connect to ssl://web.nicepay.co.kr:443
 [2024-04-30 14:40:09] <112031> ssl://web.nicepay.co.kr:443 Server Connect OK
 [2024-04-30 14:40:09] <112031> MSG_TO_SVR::[/lite/payProcess.jsp]
 [2024-04-30 14:40:09] <112031> TID -> [ilooda001m01012404301440098239]
 [2024-04-30 14:40:09] <112031> 3001[카드 결제 성공]
 [2024-04-30 14:40:09] <112031> END PYO  Laptime:[0.628sec]
 [2024-04-30 14:40:09] <112031> ===============================================================
 [2024-04-30 14:53:22] <71413> START NicepayLite PYO (V1.1B20140314(OS:Linux2.6.32-754.35.1.el6.x86_64,PHP:7.3.15))
 [2024-04-30 14:53:22] <71413> Connect to ssl://web.nicepay.co.kr:443
 [2024-04-30 14:53:23] <71413> ssl://web.nicepay.co.kr:443 Server Connect OK
 [2024-04-30 14:53:23] <71413> MSG_TO_SVR::[/lite/payProcess.jsp]
 [2024-04-30 14:53:23] <71413> TID -> [ilooda001m01012404301453238124]
 [2024-04-30 14:53:23] <71413> 3001[카드 결제 성공]
 [2024-04-30 14:53:23] <71413> END PYO  Laptime:[0.573sec]
 [2024-04-30 14:53:23] <71413> ===============================================================
 [2024-04-30 14:58:19] <112753> START NicepayLite PYO (V1.1B20140314(OS:Linux2.6.32-754.35.1.el6.x86_64,PHP:7.3.15))
 [2024-04-30 14:58:19] <112753> Connect to ssl://web.nicepay.co.kr:443
 [2024-04-30 14:58:19] <112753> ssl://web.nicepay.co.kr:443 Server Connect OK
 [2024-04-30 14:58:19] <112753> MSG_TO_SVR::[/lite/payProcess.jsp]
 [2024-04-30 14:58:20] <112753> TID -> [ilooda001m01012404301458202766]
 [2024-04-30 14:58:20] <112753> 3001[카드 결제 성공]
 [2024-04-30 14:58:20] <112753> END PYO  Laptime:[0.77sec]
 [2024-04-30 14:58:20] <112753> ===============================================================
 [2024-04-30 15:01:58] <138350> START NicepayLite PYO (V1.1B20140314(OS:Linux2.6.32-754.35.1.el6.x86_64,PHP:7.3.15))
 [2024-04-30 15:01:58] <138350> Connect to ssl://web.nicepay.co.kr:443
 [2024-04-30 15:01:58] <138350> ssl://web.nicepay.co.kr:443 Server Connect OK
 [2024-04-30 15:01:58] <138350> MSG_TO_SVR::[/lite/payProcess.jsp]
 [2024-04-30 15:01:58] <138350> TID -> [ilooda001m01012404301501589566]
 [2024-04-30 15:01:58] <138350> 3001[카드 결제 성공]
 [2024-04-30 15:01:58] <138350> END PYO  Laptime:[0.667sec]
 [2024-04-30 15:01:58] <138350> ===============================================================
 [2024-04-30 15:39:36] <12850> START NicepayLite PYO (V1.1B20140314(OS:Linux2.6.32-754.35.1.el6.x86_64,PHP:7.3.15))
 [2024-04-30 15:39:36] <12850> Connect to ssl://web.nicepay.co.kr:443
 [2024-04-30 15:39:36] <12850> ssl://web.nicepay.co.kr:443 Server Connect OK
 [2024-04-30 15:39:36] <12850> MSG_TO_SVR::[/lite/payProcess.jsp]
 [2024-04-30 15:39:37] <12850> TID -> [ilooda001m01012404301539377416]
 [2024-04-30 15:39:37] <12850> 3001[카드 결제 성공]
 [2024-04-30 15:39:37] <12850> END PYO  Laptime:[0.556sec]
 [2024-04-30 15:39:37] <12850> ===============================================================
 [2024-04-30 16:32:28] <18394> START NicepayLite PYO (V1.1B20140314(OS:Linux2.6.32-754.35.1.el6.x86_64,PHP:7.3.15))
 [2024-04-30 16:32:28] <18394> Connect to ssl://web.nicepay.co.kr:443
 [2024-04-30 16:32:28] <18394> ssl://web.nicepay.co.kr:443 Server Connect OK
 [2024-04-30 16:32:28] <18394> MSG_TO_SVR::[/lite/payProcess.jsp]
 [2024-04-30 16:32:29] <18394> TID -> [ilooda001m01012404301632297527]
 [2024-04-30 16:32:29] <18394> 3001[카드 결제 성공]
 [2024-04-30 16:32:29] <18394> END PYO  Laptime:[1.042sec]
 [2024-04-30 16:32:29] <18394> ===============================================================
 [2024-04-30 17:29:05] <55160> START NicepayLite PYO (V1.1B20140314(OS:Linux2.6.32-754.35.1.el6.x86_64,PHP:7.3.15))
 [2024-04-30 17:29:05] <55160> Connect to ssl://web.nicepay.co.kr:443
 [2024-04-30 17:29:05] <55160> ssl://web.nicepay.co.kr:443 Server Connect OK
 [2024-04-30 17:29:05] <55160> MSG_TO_SVR::[/lite/payProcess.jsp]
 [2024-04-30 17:29:06] <55160> TID -> [ilooda001m01012404301729062428]
 [2024-04-30 17:29:06] <55160> 3001[카드 결제 성공]
 [2024-04-30 17:29:06] <55160> END PYO  Laptime:[1.186sec]
 [2024-04-30 17:29:06] <55160> ===============================================================
 [2024-04-30 18:15:12] <7434> START NicepayLite PYO (V1.1B20140314(OS:Linux2.6.32-754.35.1.el6.x86_64,PHP:7.3.15))
 [2024-04-30 18:15:12] <7434> Connect to ssl://web.nicepay.co.kr:443
 [2024-04-30 18:15:12] <7434> ssl://web.nicepay.co.kr:443 Server Connect OK
 [2024-04-30 18:15:12] <7434> MSG_TO_SVR::[/lite/payProcess.jsp]
 [2024-04-30 18:15:12] <7434> TID -> [ilooda001m01012404301815131852]
 [2024-04-30 18:15:12] <7434> 3001[카드 결제 성공]
 [2024-04-30 18:15:12] <7434> END PYO  Laptime:[0.53sec]
 [2024-04-30 18:15:12] <7434> ===============================================================
 [2024-04-30 18:23:03] <57216> START NicepayLite PYO (V1.1B20140314(OS:Linux2.6.32-754.35.1.el6.x86_64,PHP:7.3.15))
 [2024-04-30 18:23:03] <57216> Connect to ssl://web.nicepay.co.kr:443
 [2024-04-30 18:23:03] <57216> ssl://web.nicepay.co.kr:443 Server Connect OK
 [2024-04-30 18:23:03] <57216> MSG_TO_SVR::[/lite/payProcess.jsp]
 [2024-04-30 18:23:03] <57216> TID -> [ilooda001m01012404301823041365]
 [2024-04-30 18:23:03] <57216> 3001[카드 결제 성공]
 [2024-04-30 18:23:03] <57216> END PYO  Laptime:[0.469sec]
 [2024-04-30 18:23:03] <57216> ===============================================================
 [2024-04-30 18:28:51] <114424> START NicepayLite PYO (V1.1B20140314(OS:Linux2.6.32-754.35.1.el6.x86_64,PHP:7.3.15))
 [2024-04-30 18:28:51] <114424> Connect to ssl://web.nicepay.co.kr:443
 [2024-04-30 18:28:51] <114424> ssl://web.nicepay.co.kr:443 Server Connect OK
 [2024-04-30 18:28:51] <114424> MSG_TO_SVR::[/lite/payProcess.jsp]
 [2024-04-30 18:28:52] <114424> TID -> [ilooda001m01012404301828520543]
 [2024-04-30 18:28:52] <114424> 3001[카드 결제 성공]
 [2024-04-30 18:28:52] <114424> END PYO  Laptime:[0.9sec]
 [2024-04-30 18:28:52] <114424> ===============================================================
 [2024-04-30 18:51:16] <7163> START NicepayLite PYO (V1.1B20140314(OS:Linux2.6.32-754.35.1.el6.x86_64,PHP:7.3.15))
 [2024-04-30 18:51:16] <7163> Connect to ssl://web.nicepay.co.kr:443
 [2024-04-30 18:51:16] <7163> ssl://web.nicepay.co.kr:443 Server Connect OK
 [2024-04-30 18:51:16] <7163> MSG_TO_SVR::[/lite/payProcess.jsp]
 [2024-04-30 18:51:17] <7163> TID -> [ilooda001m01012404301851173783]
 [2024-04-30 18:51:17] <7163> 3001[카드 결제 성공]
 [2024-04-30 18:51:17] <7163> END PYO  Laptime:[0.799sec]
 [2024-04-30 18:51:17] <7163> ===============================================================
 [2024-04-30 19:14:26] <49781> START NicepayLite PYO (V1.1B20140314(OS:Linux2.6.32-754.35.1.el6.x86_64,PHP:7.3.15))
 [2024-04-30 19:14:26] <49781> Connect to ssl://web.nicepay.co.kr:443
 [2024-04-30 19:14:26] <49781> ssl://web.nicepay.co.kr:443 Server Connect OK
 [2024-04-30 19:14:26] <49781> MSG_TO_SVR::[/lite/payProcess.jsp]
 [2024-04-30 19:14:27] <49781> TID -> [ilooda001m01012404301914277649]
 [2024-04-30 19:14:27] <49781> 3001[카드 결제 성공]
 [2024-04-30 19:14:27] <49781> END PYO  Laptime:[0.327sec]
 [2024-04-30 19:14:27] <49781> ===============================================================
