 [2024-02-22 10:13:28] <76224> START NicepayLite PYO (V1.1B20140314(OS:Linux2.6.32-754.35.1.el6.x86_64,PHP:7.3.15))
 [2024-02-22 10:13:28] <76224> Connect to ssl://web.nicepay.co.kr:443
 [2024-02-22 10:13:29] <76224> ssl://web.nicepay.co.kr:443 Server Connect OK
 [2024-02-22 10:13:29] <76224> MSG_TO_SVR::[/lite/payProcess.jsp]
 [2024-02-22 10:13:29] <76224> TID -> [ilooda001m01012402221013301950]
 [2024-02-22 10:13:29] <76224> 3001[카드 결제 성공]
 [2024-02-22 10:13:29] <76224> END PYO  Laptime:[0.668sec]
 [2024-02-22 10:13:29] <76224> ===============================================================
 [2024-02-22 10:13:41] <76289> START NicepayLite PYO (V1.1B20140314(OS:Linux2.6.32-754.35.1.el6.x86_64,PHP:7.3.15))
 [2024-02-22 10:13:41] <76289> Connect to ssl://web.nicepay.co.kr:443
 [2024-02-22 10:13:41] <76289> ssl://web.nicepay.co.kr:443 Server Connect OK
 [2024-02-22 10:13:41] <76289> MSG_TO_SVR::[/lite/payProcess.jsp]
 [2024-02-22 10:13:42] <76289> TID -> [ilooda001m01012402221013424862]
 [2024-02-22 10:13:42] <76289> 3001[카드 결제 성공]
 [2024-02-22 10:13:42] <76289> END PYO  Laptime:[0.716sec]
 [2024-02-22 10:13:42] <76289> ===============================================================
 [2024-02-22 12:24:15] <86998> START NicepayLite PYO (V1.1B20140314(OS:Linux2.6.32-754.35.1.el6.x86_64,PHP:7.3.15))
 [2024-02-22 12:24:15] <86998> Connect to ssl://web.nicepay.co.kr:443
 [2024-02-22 12:24:15] <86998> ssl://web.nicepay.co.kr:443 Server Connect OK
 [2024-02-22 12:24:15] <86998> MSG_TO_SVR::[/lite/payProcess.jsp]
 [2024-02-22 12:24:15] <86998> TID -> [ilooda001m01012402221224162350]
 [2024-02-22 12:24:15] <86998> 3001[카드 결제 성공]
 [2024-02-22 12:24:15] <86998> END PYO  Laptime:[0.922sec]
 [2024-02-22 12:24:15] <86998> ===============================================================
 [2024-02-22 12:25:37] <95023> START NicepayLite PYO (V1.1B20140314(OS:Linux2.6.32-754.35.1.el6.x86_64,PHP:7.3.15))
 [2024-02-22 12:25:37] <95023> Connect to ssl://web.nicepay.co.kr:443
 [2024-02-22 12:25:37] <95023> ssl://web.nicepay.co.kr:443 Server Connect OK
 [2024-02-22 12:25:37] <95023> MSG_TO_SVR::[/lite/payProcess.jsp]
 [2024-02-22 12:25:38] <95023> TID -> [ilooda001m01012402221225390391]
 [2024-02-22 12:25:38] <95023> 3001[카드 결제 성공]
 [2024-02-22 12:25:38] <95023> END PYO  Laptime:[0.62sec]
 [2024-02-22 12:25:38] <95023> ===============================================================
 [2024-02-22 13:14:39] <46955> START NicepayLite PYO (V1.1B20140314(OS:Linux2.6.32-754.35.1.el6.x86_64,PHP:7.3.15))
 [2024-02-22 13:14:39] <46955> Connect to ssl://web.nicepay.co.kr:443
 [2024-02-22 13:14:39] <46955> ssl://web.nicepay.co.kr:443 Server Connect OK
 [2024-02-22 13:14:39] <46955> MSG_TO_SVR::[/lite/payProcess.jsp]
 [2024-02-22 13:14:40] <46955> TID -> [ilooda001m01012402221314408891]
 [2024-02-22 13:14:40] <46955> 3001[카드 결제 성공]
 [2024-02-22 13:14:40] <46955> END PYO  Laptime:[0.901sec]
 [2024-02-22 13:14:40] <46955> ===============================================================
 [2024-02-22 14:07:00] <20546> START NicepayLite PYO (V1.1B20140314(OS:Linux2.6.32-754.35.1.el6.x86_64,PHP:7.3.15))
 [2024-02-22 14:07:00] <20546> Connect to ssl://web.nicepay.co.kr:443
 [2024-02-22 14:07:00] <20546> ssl://web.nicepay.co.kr:443 Server Connect OK
 [2024-02-22 14:07:00] <20546> MSG_TO_SVR::[/lite/payProcess.jsp]
 [2024-02-22 14:07:00] <20546> TID -> [ilooda001m01012402221407017328]
 [2024-02-22 14:07:00] <20546> 3001[카드 결제 성공]
 [2024-02-22 14:07:00] <20546> END PYO  Laptime:[0.454sec]
 [2024-02-22 14:07:00] <20546> ===============================================================
 [2024-02-22 14:48:17] <62218> START NicepayLite PYO (V1.1B20140314(OS:Linux2.6.32-754.35.1.el6.x86_64,PHP:7.3.15))
 [2024-02-22 14:48:17] <62218> Connect to ssl://web.nicepay.co.kr:443
 [2024-02-22 14:48:17] <62218> ssl://web.nicepay.co.kr:443 Server Connect OK
 [2024-02-22 14:48:17] <62218> MSG_TO_SVR::[/lite/payProcess.jsp]
 [2024-02-22 14:48:17] <62218> TID -> [ilooda001m01012402221448186307]
 [2024-02-22 14:48:17] <62218> 3001[카드 결제 성공]
 [2024-02-22 14:48:17] <62218> END PYO  Laptime:[0.444sec]
 [2024-02-22 14:48:17] <62218> ===============================================================
 [2024-02-22 16:05:40] <90406> START NicepayLite PYO (V1.1B20140314(OS:Linux2.6.32-754.35.1.el6.x86_64,PHP:7.3.15))
 [2024-02-22 16:05:40] <90406> Connect to ssl://web.nicepay.co.kr:443
 [2024-02-22 16:05:40] <90406> ssl://web.nicepay.co.kr:443 Server Connect OK
 [2024-02-22 16:05:40] <90406> MSG_TO_SVR::[/lite/payProcess.jsp]
 [2024-02-22 16:05:40] <90406> TID -> [ilooda001m01012402221605416104]
 [2024-02-22 16:05:40] <90406> 3001[카드 결제 성공]
 [2024-02-22 16:05:40] <90406> END PYO  Laptime:[0.473sec]
 [2024-02-22 16:05:40] <90406> ===============================================================
 [2024-02-22 17:51:57] <52063> START NicepayLite PYO (V1.1B20140314(OS:Linux2.6.32-754.35.1.el6.x86_64,PHP:7.3.15))
 [2024-02-22 17:51:57] <52063> Connect to ssl://web.nicepay.co.kr:443
 [2024-02-22 17:51:57] <52063> ssl://web.nicepay.co.kr:443 Server Connect OK
 [2024-02-22 17:51:57] <52063> MSG_TO_SVR::[/lite/payProcess.jsp]
 [2024-02-22 17:51:58] <52063> TID -> [ilooda001m01012402221751586351]
 [2024-02-22 17:51:58] <52063> 3001[카드 결제 성공]
 [2024-02-22 17:51:58] <52063> END PYO  Laptime:[0.788sec]
 [2024-02-22 17:51:58] <52063> ===============================================================
 [2024-02-22 18:58:35] <145635> START NicepayLite PYO (V1.1B20140314(OS:Linux2.6.32-754.35.1.el6.x86_64,PHP:7.3.15))
 [2024-02-22 18:58:35] <145635> Connect to ssl://web.nicepay.co.kr:443
 [2024-02-22 18:58:35] <145635> ssl://web.nicepay.co.kr:443 Server Connect OK
 [2024-02-22 18:58:35] <145635> MSG_TO_SVR::[/lite/payProcess.jsp]
 [2024-02-22 18:58:35] <145635> TID -> [ilooda001m01012402221858364079]
 [2024-02-22 18:58:35] <145635> 3001[카드 결제 성공]
 [2024-02-22 18:58:35] <145635> END PYO  Laptime:[0.295sec]
 [2024-02-22 18:58:35] <145635> ===============================================================
 [2024-02-22 20:36:17] <36639> START NicepayLite PYO (V1.1B20140314(OS:Linux2.6.32-754.35.1.el6.x86_64,PHP:7.3.15))
 [2024-02-22 20:36:17] <36639> Connect to ssl://web.nicepay.co.kr:443
 [2024-02-22 20:36:17] <36639> ssl://web.nicepay.co.kr:443 Server Connect OK
 [2024-02-22 20:36:17] <36639> MSG_TO_SVR::[/lite/payProcess.jsp]
 [2024-02-22 20:36:18] <36639> TID -> [ilooda001m01012402222036192537]
 [2024-02-22 20:36:18] <36639> 3001[카드 결제 성공]
 [2024-02-22 20:36:18] <36639> END PYO  Laptime:[0.537sec]
 [2024-02-22 20:36:18] <36639> ===============================================================
