 [2023-11-07 02:16:01] <144971> START NicepayLite PYO (V1.1B20140314(OS:Linux2.6.32-754.35.1.el6.x86_64,PHP:7.3.15))
 [2023-11-07 02:16:01] <144971> Connect to ssl://web.nicepay.co.kr:443
 [2023-11-07 02:16:01] <144971> ssl://web.nicepay.co.kr:443 Server Connect OK
 [2023-11-07 02:16:01] <144971> MSG_TO_SVR::[/lite/payProcess.jsp]
 [2023-11-07 02:16:02] <144971> TID -> [ilooda001m01012311070216037291]
 [2023-11-07 02:16:02] <144971> 3001[카드 결제 성공]
 [2023-11-07 02:16:02] <144971> END PYO  Laptime:[0.66sec]
 [2023-11-07 02:16:02] <144971> ===============================================================
 [2023-11-07 10:58:40] <68095> START NicepayLite PYO (V1.1B20140314(OS:Linux2.6.32-754.35.1.el6.x86_64,PHP:7.3.15))
 [2023-11-07 10:58:40] <68095> Connect to ssl://web.nicepay.co.kr:443
 [2023-11-07 10:58:40] <68095> ssl://web.nicepay.co.kr:443 Server Connect OK
 [2023-11-07 10:58:40] <68095> MSG_TO_SVR::[/lite/payProcess.jsp]
 [2023-11-07 10:58:41] <68095> TID -> [ilooda001m01012311071058427031]
 [2023-11-07 10:58:41] <68095> 3001[카드 결제 성공]
 [2023-11-07 10:58:41] <68095> END PYO  Laptime:[0.836sec]
 [2023-11-07 10:58:41] <68095> ===============================================================
 [2023-11-07 11:27:29] <1567> START NicepayLite PYO (V1.1B20140314(OS:Linux2.6.32-754.35.1.el6.x86_64,PHP:7.3.15))
 [2023-11-07 11:27:29] <1567> Connect to ssl://web.nicepay.co.kr:443
 [2023-11-07 11:27:29] <1567> ssl://web.nicepay.co.kr:443 Server Connect OK
 [2023-11-07 11:27:29] <1567> MSG_TO_SVR::[/lite/payProcess.jsp]
 [2023-11-07 11:27:30] <1567> TID -> [ilooda001m01012311071127313176]
 [2023-11-07 11:27:30] <1567> 3001[카드 결제 성공]
 [2023-11-07 11:27:30] <1567> END PYO  Laptime:[0.706sec]
 [2023-11-07 11:27:30] <1567> ===============================================================
 [2023-11-07 11:58:55] <97083> START NicepayLite PYO (V1.1B20140314(OS:Linux2.6.32-754.35.1.el6.x86_64,PHP:7.3.15))
 [2023-11-07 11:58:55] <97083> Connect to ssl://web.nicepay.co.kr:443
 [2023-11-07 11:58:55] <97083> ssl://web.nicepay.co.kr:443 Server Connect OK
 [2023-11-07 11:58:55] <97083> MSG_TO_SVR::[/lite/payProcess.jsp]
 [2023-11-07 11:58:56] <97083> TID -> [ilooda001m01012311071158577600]
 [2023-11-07 11:58:56] <97083> 3001[카드 결제 성공]
 [2023-11-07 11:58:56] <97083> END PYO  Laptime:[0.537sec]
 [2023-11-07 11:58:56] <97083> ===============================================================
 [2023-11-07 11:59:40] <104926> START NicepayLite PYO (V1.1B20140314(OS:Linux2.6.32-754.35.1.el6.x86_64,PHP:7.3.15))
 [2023-11-07 11:59:40] <104926> Connect to ssl://web.nicepay.co.kr:443
 [2023-11-07 11:59:40] <104926> ssl://web.nicepay.co.kr:443 Server Connect OK
 [2023-11-07 11:59:40] <104926> MSG_TO_SVR::[/lite/payProcess.jsp]
 [2023-11-07 11:59:41] <104926> TID -> [ilooda001m01012311071159427880]
 [2023-11-07 11:59:41] <104926> 3001[카드 결제 성공]
 [2023-11-07 11:59:41] <104926> END PYO  Laptime:[0.803sec]
 [2023-11-07 11:59:41] <104926> ===============================================================
 [2023-11-07 14:40:16] <27927> START NicepayLite PYO (V1.1B20140314(OS:Linux2.6.32-754.35.1.el6.x86_64,PHP:7.3.15))
 [2023-11-07 14:40:16] <27927> Connect to ssl://web.nicepay.co.kr:443
 [2023-11-07 14:40:17] <27927> ssl://web.nicepay.co.kr:443 Server Connect OK
 [2023-11-07 14:40:17] <27927> MSG_TO_SVR::[/lite/payProcess.jsp]
 [2023-11-07 14:40:17] <27927> TID -> [ilooda001m01012311071440190610]
 [2023-11-07 14:40:17] <27927> 3001[카드 결제 성공]
 [2023-11-07 14:40:17] <27927> END PYO  Laptime:[0.537sec]
 [2023-11-07 14:40:17] <27927> ===============================================================
 [2023-11-07 14:42:37] <43564> START NicepayLite PYO (V1.1B20140314(OS:Linux2.6.32-754.35.1.el6.x86_64,PHP:7.3.15))
 [2023-11-07 14:42:37] <43564> Connect to ssl://web.nicepay.co.kr:443
 [2023-11-07 14:42:37] <43564> ssl://web.nicepay.co.kr:443 Server Connect OK
 [2023-11-07 14:42:37] <43564> MSG_TO_SVR::[/lite/payProcess.jsp]
 [2023-11-07 14:42:37] <43564> TID -> [ilooda001m01012311071442396480]
 [2023-11-07 14:42:37] <43564> 3001[카드 결제 성공]
 [2023-11-07 14:42:37] <43564> END PYO  Laptime:[0.404sec]
 [2023-11-07 14:42:37] <43564> ===============================================================
 [2023-11-07 16:18:28] <48556> START NicepayLite PYO (V1.1B20140314(OS:Linux2.6.32-754.35.1.el6.x86_64,PHP:7.3.15))
 [2023-11-07 16:18:28] <48556> Connect to ssl://web.nicepay.co.kr:443
 [2023-11-07 16:18:28] <48556> ssl://web.nicepay.co.kr:443 Server Connect OK
 [2023-11-07 16:18:28] <48556> MSG_TO_SVR::[/lite/payProcess.jsp]
 [2023-11-07 16:18:28] <48556> TID -> [ilooda001m01012311071618302021]
 [2023-11-07 16:18:28] <48556> 3001[카드 결제 성공]
 [2023-11-07 16:18:28] <48556> END PYO  Laptime:[0.618sec]
 [2023-11-07 16:18:28] <48556> ===============================================================
 [2023-11-07 17:10:57] <12273> START NicepayLite PYO (V1.1B20140314(OS:Linux2.6.32-754.35.1.el6.x86_64,PHP:7.3.15))
 [2023-11-07 17:10:57] <12273> Connect to ssl://web.nicepay.co.kr:443
 [2023-11-07 17:10:57] <12273> ssl://web.nicepay.co.kr:443 Server Connect OK
 [2023-11-07 17:10:57] <12273> MSG_TO_SVR::[/lite/payProcess.jsp]
 [2023-11-07 17:10:57] <12273> TID -> [ilooda001m01012311071710592702]
 [2023-11-07 17:10:57] <12273> 3001[카드 결제 성공]
 [2023-11-07 17:10:57] <12273> END PYO  Laptime:[0.566sec]
 [2023-11-07 17:10:57] <12273> ===============================================================
 [2023-11-07 18:28:40] <26584> START NicepayLite PYO (V1.1B20140314(OS:Linux2.6.32-754.35.1.el6.x86_64,PHP:7.3.15))
 [2023-11-07 18:28:40] <26584> Connect to ssl://web.nicepay.co.kr:443
 [2023-11-07 18:28:40] <26584> ssl://web.nicepay.co.kr:443 Server Connect OK
 [2023-11-07 18:28:40] <26584> MSG_TO_SVR::[/lite/payProcess.jsp]
 [2023-11-07 18:28:40] <26584> TID -> [ilooda001m01012311071828425886]
 [2023-11-07 18:28:40] <26584> 3001[카드 결제 성공]
 [2023-11-07 18:28:40] <26584> END PYO  Laptime:[0.349sec]
 [2023-11-07 18:28:40] <26584> ===============================================================
 [2023-11-07 18:52:49] <63078> START NicepayLite PYO (V1.1B20140314(OS:Linux2.6.32-754.35.1.el6.x86_64,PHP:7.3.15))
 [2023-11-07 18:52:49] <63078> Connect to ssl://web.nicepay.co.kr:443
 [2023-11-07 18:52:49] <63078> ssl://web.nicepay.co.kr:443 Server Connect OK
 [2023-11-07 18:52:49] <63078> MSG_TO_SVR::[/lite/payProcess.jsp]
 [2023-11-07 18:52:50] <63078> TID -> [ilooda001m01012311071852519376]
 [2023-11-07 18:52:50] <63078> 3001[카드 결제 성공]
 [2023-11-07 18:52:50] <63078> END PYO  Laptime:[0.796sec]
 [2023-11-07 18:52:50] <63078> ===============================================================
 [2023-11-07 19:09:09] <45544> START NicepayLite PYO (V1.1B20140314(OS:Linux2.6.32-754.35.1.el6.x86_64,PHP:7.3.15))
 [2023-11-07 19:09:09] <45544> Connect to ssl://web.nicepay.co.kr:443
 [2023-11-07 19:09:09] <45544> ssl://web.nicepay.co.kr:443 Server Connect OK
 [2023-11-07 19:09:09] <45544> MSG_TO_SVR::[/lite/payProcess.jsp]
 [2023-11-07 19:09:09] <45544> TID -> [ilooda001m01012311071909115224]
 [2023-11-07 19:09:09] <45544> 3001[카드 결제 성공]
 [2023-11-07 19:09:09] <45544> END PYO  Laptime:[0.624sec]
 [2023-11-07 19:09:09] <45544> ===============================================================
 [2023-11-07 21:13:53] <108555> START NicepayLite PYO (V1.1B20140314(OS:Linux2.6.32-754.35.1.el6.x86_64,PHP:7.3.15))
 [2023-11-07 21:13:53] <108555> Connect to ssl://web.nicepay.co.kr:443
 [2023-11-07 21:13:53] <108555> ssl://web.nicepay.co.kr:443 Server Connect OK
 [2023-11-07 21:13:53] <108555> MSG_TO_SVR::[/lite/payProcess.jsp]
 [2023-11-07 21:13:54] <108555> TID -> [ilooda001m01012311072113561453]
 [2023-11-07 21:13:54] <108555> 3001[카드 결제 성공]
 [2023-11-07 21:13:54] <108555> END PYO  Laptime:[0.543sec]
 [2023-11-07 21:13:54] <108555> ===============================================================
