 [2024-02-28 11:13:29] <97672> START NicepayLite PYO (V1.1B20140314(OS:Linux2.6.32-754.35.1.el6.x86_64,PHP:7.3.15))
 [2024-02-28 11:13:29] <97672> Connect to ssl://web.nicepay.co.kr:443
 [2024-02-28 11:13:29] <97672> ssl://web.nicepay.co.kr:443 Server Connect OK
 [2024-02-28 11:13:29] <97672> MSG_TO_SVR::[/lite/payProcess.jsp]
 [2024-02-28 11:13:30] <97672> TID -> [ilooda001m01012402281113301657]
 [2024-02-28 11:13:30] <97672> 3001[카드 결제 성공]
 [2024-02-28 11:13:30] <97672> END PYO  Laptime:[0.911sec]
 [2024-02-28 11:13:30] <97672> ===============================================================
 [2024-02-28 11:14:20] <97826> START NicepayLite PYO (V1.1B20140314(OS:Linux2.6.32-754.35.1.el6.x86_64,PHP:7.3.15))
 [2024-02-28 11:14:20] <97826> Connect to ssl://web.nicepay.co.kr:443
 [2024-02-28 11:14:20] <97826> ssl://web.nicepay.co.kr:443 Server Connect OK
 [2024-02-28 11:14:20] <97826> MSG_TO_SVR::[/lite/payProcess.jsp]
 [2024-02-28 11:14:20] <97826> TID -> [ilooda001m01012402281114212849]
 [2024-02-28 11:14:20] <97826> 3001[카드 결제 성공]
 [2024-02-28 11:14:20] <97826> END PYO  Laptime:[0.372sec]
 [2024-02-28 11:14:20] <97826> ===============================================================
 [2024-02-28 14:54:08] <8099> START NicepayLite PYO (V1.1B20140314(OS:Linux2.6.32-754.35.1.el6.x86_64,PHP:7.3.15))
 [2024-02-28 14:54:08] <8099> Connect to ssl://web.nicepay.co.kr:443
 [2024-02-28 14:54:08] <8099> ssl://web.nicepay.co.kr:443 Server Connect OK
 [2024-02-28 14:54:08] <8099> MSG_TO_SVR::[/lite/payProcess.jsp]
 [2024-02-28 14:54:10] <8099> TID -> [ilooda001m01012402281454098442]
 [2024-02-28 14:54:10] <8099> 3001[카드 결제 성공]
 [2024-02-28 14:54:10] <8099> END PYO  Laptime:[1.08sec]
 [2024-02-28 14:54:10] <8099> ===============================================================
 [2024-02-28 23:15:46] <122088> START NicepayLite PYO (V1.1B20140314(OS:Linux2.6.32-754.35.1.el6.x86_64,PHP:7.3.15))
 [2024-02-28 23:15:46] <122088> Connect to ssl://web.nicepay.co.kr:443
 [2024-02-28 23:15:46] <122088> ssl://web.nicepay.co.kr:443 Server Connect OK
 [2024-02-28 23:15:46] <122088> MSG_TO_SVR::[/lite/payProcess.jsp]
 [2024-02-28 23:15:46] <122088> TID -> [ilooda001m01012402282315473210]
 [2024-02-28 23:15:46] <122088> 3001[카드 결제 성공]
 [2024-02-28 23:15:46] <122088> END PYO  Laptime:[0.396sec]
 [2024-02-28 23:15:46] <122088> ===============================================================
