 [2024-01-15 09:56:15] <23503> START NicepayLite PYO (V1.1B20140314(OS:Linux2.6.32-754.35.1.el6.x86_64,PHP:7.3.15))
 [2024-01-15 09:56:15] <23503> Connect to ssl://web.nicepay.co.kr:443
 [2024-01-15 09:56:15] <23503> ssl://web.nicepay.co.kr:443 Server Connect OK
 [2024-01-15 09:56:15] <23503> MSG_TO_SVR::[/lite/payProcess.jsp]
 [2024-01-15 09:56:16] <23503> TID -> [ilooda001m01012401150956162195]
 [2024-01-15 09:56:16] <23503> 3001[카드 결제 성공]
 [2024-01-15 09:56:16] <23503> END PYO  Laptime:[1.028sec]
 [2024-01-15 09:56:16] <23503> ===============================================================
 [2024-01-15 10:25:24] <84188> START NicepayLite PYO (V1.1B20140314(OS:Linux2.6.32-754.35.1.el6.x86_64,PHP:7.3.15))
 [2024-01-15 10:25:24] <84188> Connect to ssl://web.nicepay.co.kr:443
 [2024-01-15 10:25:24] <84188> ssl://web.nicepay.co.kr:443 Server Connect OK
 [2024-01-15 10:25:24] <84188> MSG_TO_SVR::[/lite/payProcess.jsp]
 [2024-01-15 10:25:25] <84188> TID -> [ilooda001m01012401151025255982]
 [2024-01-15 10:25:25] <84188> 3001[카드 결제 성공]
 [2024-01-15 10:25:25] <84188> END PYO  Laptime:[0.507sec]
 [2024-01-15 10:25:25] <84188> ===============================================================
 [2024-01-15 12:11:57] <108470> START NicepayLite PYO (V1.1B20140314(OS:Linux2.6.32-754.35.1.el6.x86_64,PHP:7.3.15))
 [2024-01-15 12:11:57] <108470> Connect to ssl://web.nicepay.co.kr:443
 [2024-01-15 12:11:57] <108470> ssl://web.nicepay.co.kr:443 Server Connect OK
 [2024-01-15 12:11:57] <108470> MSG_TO_SVR::[/lite/payProcess.jsp]
 [2024-01-15 12:11:57] <108470> TID -> [ilooda001m01012401151211581918]
 [2024-01-15 12:11:57] <108470> 3001[카드 결제 성공]
 [2024-01-15 12:11:57] <108470> END PYO  Laptime:[0.681sec]
 [2024-01-15 12:11:57] <108470> ===============================================================
 [2024-01-15 12:25:19] <61555> START NicepayLite PYO (V1.1B20140314(OS:Linux2.6.32-754.35.1.el6.x86_64,PHP:7.3.15))
 [2024-01-15 12:25:19] <61555> Connect to ssl://web.nicepay.co.kr:443
 [2024-01-15 12:25:19] <61555> ssl://web.nicepay.co.kr:443 Server Connect OK
 [2024-01-15 12:25:19] <61555> MSG_TO_SVR::[/lite/payProcess.jsp]
 [2024-01-15 12:25:20] <61555> TID -> [ilooda001m01012401151225208098]
 [2024-01-15 12:25:20] <61555> 3001[카드 결제 성공]
 [2024-01-15 12:25:20] <61555> END PYO  Laptime:[0.724sec]
 [2024-01-15 12:25:20] <61555> ===============================================================
 [2024-01-15 13:33:23] <108599> START NicepayLite PYO (V1.1B20140314(OS:Linux2.6.32-754.35.1.el6.x86_64,PHP:7.3.15))
 [2024-01-15 13:33:23] <108599> Connect to ssl://web.nicepay.co.kr:443
 [2024-01-15 13:33:23] <108599> ssl://web.nicepay.co.kr:443 Server Connect OK
 [2024-01-15 13:33:23] <108599> MSG_TO_SVR::[/lite/payProcess.jsp]
 [2024-01-15 13:33:23] <108599> TID -> [ilooda001m01012401151333242689]
 [2024-01-15 13:33:23] <108599> 3001[카드 결제 성공]
 [2024-01-15 13:33:23] <108599> END PYO  Laptime:[0.475sec]
 [2024-01-15 13:33:23] <108599> ===============================================================
 [2024-01-15 13:38:15] <144473> START NicepayLite PYO (V1.1B20140314(OS:Linux2.6.32-754.35.1.el6.x86_64,PHP:7.3.15))
 [2024-01-15 13:38:15] <144473> Connect to ssl://web.nicepay.co.kr:443
 [2024-01-15 13:38:15] <144473> ssl://web.nicepay.co.kr:443 Server Connect OK
 [2024-01-15 13:38:15] <144473> MSG_TO_SVR::[/lite/payProcess.jsp]
 [2024-01-15 13:38:15] <144473> TID -> [ilooda001m01012401151338162650]
 [2024-01-15 13:38:15] <144473> 3001[카드 결제 성공]
 [2024-01-15 13:38:15] <144473> END PYO  Laptime:[0.609sec]
 [2024-01-15 13:38:15] <144473> ===============================================================
 [2024-01-15 14:58:53] <132908> START NicepayLite PYO (V1.1B20140314(OS:Linux2.6.32-754.35.1.el6.x86_64,PHP:7.3.15))
 [2024-01-15 14:58:53] <132908> Connect to ssl://web.nicepay.co.kr:443
 [2024-01-15 14:58:53] <132908> ssl://web.nicepay.co.kr:443 Server Connect OK
 [2024-01-15 14:58:53] <132908> MSG_TO_SVR::[/lite/payProcess.jsp]
 [2024-01-15 14:58:54] <132908> TID -> [ilooda001m01012401151458545012]
 [2024-01-15 14:58:54] <132908> 3001[카드 결제 성공]
 [2024-01-15 14:58:54] <132908> END PYO  Laptime:[0.889sec]
 [2024-01-15 14:58:54] <132908> ===============================================================
 [2024-01-15 15:39:57] <136284> START NicepayLite PYO (V1.1B20140314(OS:Linux2.6.32-754.35.1.el6.x86_64,PHP:7.3.15))
 [2024-01-15 15:39:57] <136284> Connect to ssl://web.nicepay.co.kr:443
 [2024-01-15 15:39:57] <136284> ssl://web.nicepay.co.kr:443 Server Connect OK
 [2024-01-15 15:39:57] <136284> MSG_TO_SVR::[/lite/payProcess.jsp]
 [2024-01-15 15:39:58] <136284> TID -> [ilooda001m01012401151539585187]
 [2024-01-15 15:39:58] <136284> 3001[카드 결제 성공]
 [2024-01-15 15:39:58] <136284> END PYO  Laptime:[1.055sec]
 [2024-01-15 15:39:58] <136284> ===============================================================
 [2024-01-15 16:02:33] <7406> START NicepayLite PYO (V1.1B20140314(OS:Linux2.6.32-754.35.1.el6.x86_64,PHP:7.3.15))
 [2024-01-15 16:02:33] <7406> Connect to ssl://web.nicepay.co.kr:443
 [2024-01-15 16:02:33] <7406> ssl://web.nicepay.co.kr:443 Server Connect OK
 [2024-01-15 16:02:33] <7406> MSG_TO_SVR::[/lite/payProcess.jsp]
 [2024-01-15 16:02:34] <7406> TID -> [ilooda001m01012401151602346933]
 [2024-01-15 16:02:34] <7406> 3001[카드 결제 성공]
 [2024-01-15 16:02:34] <7406> END PYO  Laptime:[0.716sec]
 [2024-01-15 16:02:34] <7406> ===============================================================
 [2024-01-15 17:17:55] <110814> START NicepayLite PYO (V1.1B20140314(OS:Linux2.6.32-754.35.1.el6.x86_64,PHP:7.3.15))
 [2024-01-15 17:17:55] <110814> Connect to ssl://web.nicepay.co.kr:443
 [2024-01-15 17:17:55] <110814> ssl://web.nicepay.co.kr:443 Server Connect OK
 [2024-01-15 17:17:55] <110814> MSG_TO_SVR::[/lite/payProcess.jsp]
 [2024-01-15 17:17:56] <110814> TID -> [ilooda001m01012401151717571188]
 [2024-01-15 17:17:56] <110814> 3001[카드 결제 성공]
 [2024-01-15 17:17:56] <110814> END PYO  Laptime:[0.802sec]
 [2024-01-15 17:17:56] <110814> ===============================================================
 [2024-01-15 18:06:51] <21248> START NicepayLite PYO (V1.1B20140314(OS:Linux2.6.32-754.35.1.el6.x86_64,PHP:7.3.15))
 [2024-01-15 18:06:51] <21248> Connect to ssl://web.nicepay.co.kr:443
 [2024-01-15 18:06:51] <21248> ssl://web.nicepay.co.kr:443 Server Connect OK
 [2024-01-15 18:06:51] <21248> MSG_TO_SVR::[/lite/payProcess.jsp]
 [2024-01-15 18:06:52] <21248> TID -> [ilooda001m01012401151806530641]
 [2024-01-15 18:06:52] <21248> 3001[카드 결제 성공]
 [2024-01-15 18:06:52] <21248> END PYO  Laptime:[0.651sec]
 [2024-01-15 18:06:52] <21248> ===============================================================
 [2024-01-15 23:30:58] <117550> START NicepayLite PYO (V1.1B20140314(OS:Linux2.6.32-754.35.1.el6.x86_64,PHP:7.3.15))
 [2024-01-15 23:30:58] <117550> Connect to ssl://web.nicepay.co.kr:443
 [2024-01-15 23:30:58] <117550> ssl://web.nicepay.co.kr:443 Server Connect OK
 [2024-01-15 23:30:58] <117550> MSG_TO_SVR::[/lite/payProcess.jsp]
 [2024-01-15 23:30:59] <117550> TID -> [ilooda001m01012401152331001442]
 [2024-01-15 23:30:59] <117550> 3001[카드 결제 성공]
 [2024-01-15 23:30:59] <117550> END PYO  Laptime:[0.641sec]
 [2024-01-15 23:30:59] <117550> ===============================================================
