 [2024-05-16 09:45:57] <130255> START NicepayLite PYO (V1.1B20140314(OS:Linux2.6.32-754.35.1.el6.x86_64,PHP:7.3.15))
 [2024-05-16 09:45:57] <130255> Connect to ssl://web.nicepay.co.kr:443
 [2024-05-16 09:45:57] <130255> ssl://web.nicepay.co.kr:443 Server Connect OK
 [2024-05-16 09:45:57] <130255> MSG_TO_SVR::[/lite/payProcess.jsp]
 [2024-05-16 09:45:58] <130255> TID -> [ilooda001m01012405160945579808]
 [2024-05-16 09:45:58] <130255> 3001[카드 결제 성공]
 [2024-05-16 09:45:58] <130255> END PYO  Laptime:[1.074sec]
 [2024-05-16 09:45:58] <130255> ===============================================================
 [2024-05-16 10:49:38] <48527> START NicepayLite PYO (V1.1B20140314(OS:Linux2.6.32-754.35.1.el6.x86_64,PHP:7.3.15))
 [2024-05-16 10:49:38] <48527> Connect to ssl://web.nicepay.co.kr:443
 [2024-05-16 10:49:38] <48527> ssl://web.nicepay.co.kr:443 Server Connect OK
 [2024-05-16 10:49:38] <48527> MSG_TO_SVR::[/lite/payProcess.jsp]
 [2024-05-16 10:49:39] <48527> TID -> [ilooda001m01012405161049390373]
 [2024-05-16 10:49:39] <48527> 3001[카드 결제 성공]
 [2024-05-16 10:49:39] <48527> END PYO  Laptime:[0.833sec]
 [2024-05-16 10:49:39] <48527> ===============================================================
 [2024-05-16 11:31:40] <92277> START NicepayLite PYO (V1.1B20140314(OS:Linux2.6.32-754.35.1.el6.x86_64,PHP:7.3.15))
 [2024-05-16 11:31:40] <92277> Connect to ssl://web.nicepay.co.kr:443
 [2024-05-16 11:31:40] <92277> ssl://web.nicepay.co.kr:443 Server Connect OK
 [2024-05-16 11:31:40] <92277> MSG_TO_SVR::[/lite/payProcess.jsp]
 [2024-05-16 11:31:40] <92277> TID -> [ilooda001m01012405161131406628]
 [2024-05-16 11:31:40] <92277> 3001[카드 결제 성공]
 [2024-05-16 11:31:40] <92277> END PYO  Laptime:[0.638sec]
 [2024-05-16 11:31:40] <92277> ===============================================================
 [2024-05-16 11:57:44] <2015> START NicepayLite PYO (V1.1B20140314(OS:Linux2.6.32-754.35.1.el6.x86_64,PHP:7.3.15))
 [2024-05-16 11:57:44] <2015> Connect to ssl://web.nicepay.co.kr:443
 [2024-05-16 11:57:44] <2015> ssl://web.nicepay.co.kr:443 Server Connect OK
 [2024-05-16 11:57:44] <2015> MSG_TO_SVR::[/lite/payProcess.jsp]
 [2024-05-16 11:57:44] <2015> TID -> [ilooda001m01012405161157448166]
 [2024-05-16 11:57:44] <2015> 1082[한도 초과]
 [2024-05-16 11:57:44] <2015> END PYO  Laptime:[0.614sec]
 [2024-05-16 11:57:44] <2015> ===============================================================
 [2024-05-16 11:58:20] <9867> START NicepayLite PYO (V1.1B20140314(OS:Linux2.6.32-754.35.1.el6.x86_64,PHP:7.3.15))
 [2024-05-16 11:58:20] <9867> Connect to ssl://web.nicepay.co.kr:443
 [2024-05-16 11:58:20] <9867> ssl://web.nicepay.co.kr:443 Server Connect OK
 [2024-05-16 11:58:20] <9867> MSG_TO_SVR::[/lite/payProcess.jsp]
 [2024-05-16 11:58:20] <9867> TID -> [ilooda001m01012405161158205421]
 [2024-05-16 11:58:20] <9867> 1082[한도 초과]
 [2024-05-16 11:58:20] <9867> END PYO  Laptime:[0.621sec]
 [2024-05-16 11:58:20] <9867> ===============================================================
 [2024-05-16 12:27:38] <92715> START NicepayLite PYO (V1.1B20140314(OS:Linux2.6.32-754.35.1.el6.x86_64,PHP:7.3.15))
 [2024-05-16 12:27:38] <92715> Connect to ssl://web.nicepay.co.kr:443
 [2024-05-16 12:27:38] <92715> ssl://web.nicepay.co.kr:443 Server Connect OK
 [2024-05-16 12:27:38] <92715> MSG_TO_SVR::[/lite/payProcess.jsp]
 [2024-05-16 12:27:39] <92715> TID -> [ilooda001m01012405161227387761]
 [2024-05-16 12:27:39] <92715> 1082[한도 초과]
 [2024-05-16 12:27:39] <92715> END PYO  Laptime:[0.795sec]
 [2024-05-16 12:27:39] <92715> ===============================================================
 [2024-05-16 12:43:52] <71635> START NicepayLite PYO (V1.1B20140314(OS:Linux2.6.32-754.35.1.el6.x86_64,PHP:7.3.15))
 [2024-05-16 12:43:52] <71635> Connect to ssl://web.nicepay.co.kr:443
 [2024-05-16 12:43:52] <71635> ssl://web.nicepay.co.kr:443 Server Connect OK
 [2024-05-16 12:43:52] <71635> MSG_TO_SVR::[/lite/payProcess.jsp]
 [2024-05-16 12:43:53] <71635> TID -> [ilooda001m01012405161243533287]
 [2024-05-16 12:43:53] <71635> 3001[카드 결제 성공]
 [2024-05-16 12:43:53] <71635> END PYO  Laptime:[0.665sec]
 [2024-05-16 12:43:53] <71635> ===============================================================
 [2024-05-16 17:55:57] <35298> START NicepayLite PYO (V1.1B20140314(OS:Linux2.6.32-754.35.1.el6.x86_64,PHP:7.3.15))
 [2024-05-16 17:55:57] <35298> Connect to ssl://web.nicepay.co.kr:443
 [2024-05-16 17:55:57] <35298> ssl://web.nicepay.co.kr:443 Server Connect OK
 [2024-05-16 17:55:57] <35298> MSG_TO_SVR::[/lite/payProcess.jsp]
 [2024-05-16 17:55:57] <35298> TID -> [ilooda001m01012405161755581516]
 [2024-05-16 17:55:57] <35298> 3001[카드 결제 성공]
 [2024-05-16 17:55:57] <35298> END PYO  Laptime:[0.501sec]
 [2024-05-16 17:55:57] <35298> ===============================================================
 [2024-05-16 18:45:31] <138481> START NicepayLite PYO (V1.1B20140314(OS:Linux2.6.32-754.35.1.el6.x86_64,PHP:7.3.15))
 [2024-05-16 18:45:31] <138481> Connect to ssl://web.nicepay.co.kr:443
 [2024-05-16 18:45:31] <138481> ssl://web.nicepay.co.kr:443 Server Connect OK
 [2024-05-16 18:45:31] <138481> MSG_TO_SVR::[/lite/payProcess.jsp]
 [2024-05-16 18:45:32] <138481> TID -> [ilooda001m01012405161845322340]
 [2024-05-16 18:45:32] <138481> 3001[카드 결제 성공]
 [2024-05-16 18:45:32] <138481> END PYO  Laptime:[1.15sec]
 [2024-05-16 18:45:32] <138481> ===============================================================
