 [2024-03-30 11:07:26] <14653> START NicepayLite PYO (V1.1B20140314(OS:Linux2.6.32-754.35.1.el6.x86_64,PHP:7.3.15))
 [2024-03-30 11:07:26] <14653> Connect to ssl://web.nicepay.co.kr:443
 [2024-03-30 11:07:26] <14653> ssl://web.nicepay.co.kr:443 Server Connect OK
 [2024-03-30 11:07:26] <14653> MSG_TO_SVR::[/lite/payProcess.jsp]
 [2024-03-30 11:07:27] <14653> TID -> [ilooda001m01012403301107281560]
 [2024-03-30 11:07:27] <14653> 3001[카드 결제 성공]
 [2024-03-30 11:07:27] <14653> END PYO  Laptime:[0.986sec]
 [2024-03-30 11:07:27] <14653> ===============================================================
 [2024-03-30 14:11:56] <54237> START NicepayLite PYO (V1.1B20140314(OS:Linux2.6.32-754.35.1.el6.x86_64,PHP:7.3.15))
 [2024-03-30 14:11:56] <54237> Connect to ssl://web.nicepay.co.kr:443
 [2024-03-30 14:11:57] <54237> ssl://web.nicepay.co.kr:443 Server Connect OK
 [2024-03-30 14:11:57] <54237> MSG_TO_SVR::[/lite/payProcess.jsp]
 [2024-03-30 14:11:57] <54237> TID -> [ilooda001m01012403301411582530]
 [2024-03-30 14:11:57] <54237> 3001[카드 결제 성공]
 [2024-03-30 14:11:57] <54237> END PYO  Laptime:[0.718sec]
 [2024-03-30 14:11:57] <54237> ===============================================================
 [2024-03-30 14:33:57] <89517> START NicepayLite PYO (V1.1B20140314(OS:Linux2.6.32-754.35.1.el6.x86_64,PHP:7.3.15))
 [2024-03-30 14:33:57] <89517> Connect to ssl://web.nicepay.co.kr:443
 [2024-03-30 14:33:57] <89517> ssl://web.nicepay.co.kr:443 Server Connect OK
 [2024-03-30 14:33:57] <89517> MSG_TO_SVR::[/lite/payProcess.jsp]
 [2024-03-30 14:33:58] <89517> TID -> [ilooda001m01012403301433592292]
 [2024-03-30 14:33:58] <89517> 3001[카드 결제 성공]
 [2024-03-30 14:33:58] <89517> END PYO  Laptime:[0.609sec]
 [2024-03-30 14:33:58] <89517> ===============================================================
 [2024-03-30 16:57:17] <102731> START NicepayLite PYO (V1.1B20140314(OS:Linux2.6.32-754.35.1.el6.x86_64,PHP:7.3.15))
 [2024-03-30 16:57:17] <102731> Connect to ssl://web.nicepay.co.kr:443
 [2024-03-30 16:57:17] <102731> ssl://web.nicepay.co.kr:443 Server Connect OK
 [2024-03-30 16:57:17] <102731> MSG_TO_SVR::[/lite/payProcess.jsp]
 [2024-03-30 16:57:18] <102731> TID -> [ilooda001m01012403301657190651]
 [2024-03-30 16:57:18] <102731> 3001[카드 결제 성공]
 [2024-03-30 16:57:18] <102731> END PYO  Laptime:[0.481sec]
 [2024-03-30 16:57:18] <102731> ===============================================================
 [2024-03-30 20:29:33] <99469> START NicepayLite PYO (V1.1B20140314(OS:Linux2.6.32-754.35.1.el6.x86_64,PHP:7.3.15))
 [2024-03-30 20:29:34] <99469> Connect to ssl://web.nicepay.co.kr:443
 [2024-03-30 20:29:34] <99469> ssl://web.nicepay.co.kr:443 Server Connect OK
 [2024-03-30 20:29:34] <99469> MSG_TO_SVR::[/lite/payProcess.jsp]
 [2024-03-30 20:29:35] <99469> TID -> [ilooda001m01012403302029354138]
 [2024-03-30 20:29:35] <99469> 3001[카드 결제 성공]
 [2024-03-30 20:29:35] <99469> END PYO  Laptime:[1.189sec]
 [2024-03-30 20:29:35] <99469> ===============================================================
