 [2023-11-29 11:22:00] <54865> START NicepayLite PYO (V1.1B20140314(OS:Linux2.6.32-754.35.1.el6.x86_64,PHP:7.3.15))
 [2023-11-29 11:22:00] <54865> Connect to ssl://web.nicepay.co.kr:443
 [2023-11-29 11:22:00] <54865> ssl://web.nicepay.co.kr:443 Server Connect OK
 [2023-11-29 11:22:00] <54865> MSG_TO_SVR::[/lite/payProcess.jsp]
 [2023-11-29 11:22:01] <54865> TID -> [ilooda001m01012311291122017012]
 [2023-11-29 11:22:01] <54865> 3001[카드 결제 성공]
 [2023-11-29 11:22:01] <54865> END PYO  Laptime:[0.626sec]
 [2023-11-29 11:22:01] <54865> ===============================================================
 [2023-11-29 11:39:34] <52669> START NicepayLite PYO (V1.1B20140314(OS:Linux2.6.32-754.35.1.el6.x86_64,PHP:7.3.15))
 [2023-11-29 11:39:34] <52669> Connect to ssl://web.nicepay.co.kr:443
 [2023-11-29 11:39:34] <52669> ssl://web.nicepay.co.kr:443 Server Connect OK
 [2023-11-29 11:39:34] <52669> MSG_TO_SVR::[/lite/payProcess.jsp]
 [2023-11-29 11:39:34] <52669> TID -> [ilooda001m01012311291139353609]
 [2023-11-29 11:39:34] <52669> 3001[카드 결제 성공]
 [2023-11-29 11:39:34] <52669> END PYO  Laptime:[0.662sec]
 [2023-11-29 11:39:34] <52669> ===============================================================
 [2023-11-29 12:49:56] <14553> START NicepayLite PYO (V1.1B20140314(OS:Linux2.6.32-754.35.1.el6.x86_64,PHP:7.3.15))
 [2023-11-29 12:49:56] <14553> Connect to ssl://web.nicepay.co.kr:443
 [2023-11-29 12:49:56] <14553> ssl://web.nicepay.co.kr:443 Server Connect OK
 [2023-11-29 12:49:56] <14553> MSG_TO_SVR::[/lite/payProcess.jsp]
 [2023-11-29 12:49:56] <14553> TID -> [ilooda001m01012311291249571489]
 [2023-11-29 12:49:56] <14553> 3001[카드 결제 성공]
 [2023-11-29 12:49:56] <14553> END PYO  Laptime:[0.849sec]
 [2023-11-29 12:49:56] <14553> ===============================================================
 [2023-11-29 13:50:37] <60981> START NicepayLite PYO (V1.1B20140314(OS:Linux2.6.32-754.35.1.el6.x86_64,PHP:7.3.15))
 [2023-11-29 13:50:37] <60981> Connect to ssl://web.nicepay.co.kr:443
 [2023-11-29 13:50:38] <60981> ssl://web.nicepay.co.kr:443 Server Connect OK
 [2023-11-29 13:50:38] <60981> MSG_TO_SVR::[/lite/payProcess.jsp]
 [2023-11-29 13:50:38] <60981> TID -> [ilooda001m01012311291350390656]
 [2023-11-29 13:50:38] <60981> 3001[카드 결제 성공]
 [2023-11-29 13:50:38] <60981> END PYO  Laptime:[0.407sec]
 [2023-11-29 13:50:38] <60981> ===============================================================
 [2023-11-29 15:44:01] <143800> START NicepayLite PYO (V1.1B20140314(OS:Linux2.6.32-754.35.1.el6.x86_64,PHP:7.3.15))
 [2023-11-29 15:44:01] <143800> Connect to ssl://web.nicepay.co.kr:443
 [2023-11-29 15:44:01] <143800> ssl://web.nicepay.co.kr:443 Server Connect OK
 [2023-11-29 15:44:01] <143800> MSG_TO_SVR::[/lite/payProcess.jsp]
 [2023-11-29 15:44:01] <143800> TID -> [ilooda001m01012311291544025378]
 [2023-11-29 15:44:01] <143800> 3001[카드 결제 성공]
 [2023-11-29 15:44:01] <143800> END PYO  Laptime:[0.489sec]
 [2023-11-29 15:44:01] <143800> ===============================================================
 [2023-11-29 16:43:54] <40219> START NicepayLite PYO (V1.1B20140314(OS:Linux2.6.32-754.35.1.el6.x86_64,PHP:7.3.15))
 [2023-11-29 16:43:54] <40219> Connect to ssl://web.nicepay.co.kr:443
 [2023-11-29 16:43:54] <40219> ssl://web.nicepay.co.kr:443 Server Connect OK
 [2023-11-29 16:43:54] <40219> MSG_TO_SVR::[/lite/payProcess.jsp]
 [2023-11-29 16:43:55] <40219> TID -> [ilooda001m01012311291643559419]
 [2023-11-29 16:43:55] <40219> 3001[카드 결제 성공]
 [2023-11-29 16:43:55] <40219> END PYO  Laptime:[1.172sec]
 [2023-11-29 16:43:55] <40219> ===============================================================
