 [2024-02-21 09:58:00] <80230> START NicepayLite PYO (V1.1B20140314(OS:Linux2.6.32-754.35.1.el6.x86_64,PHP:7.3.15))
 [2024-02-21 09:58:00] <80230> Connect to ssl://web.nicepay.co.kr:443
 [2024-02-21 09:58:00] <80230> ssl://web.nicepay.co.kr:443 Server Connect OK
 [2024-02-21 09:58:00] <80230> MSG_TO_SVR::[/lite/payProcess.jsp]
 [2024-02-21 09:58:01] <80230> TID -> [ilooda001m01012402210958024195]
 [2024-02-21 09:58:01] <80230> 3001[카드 결제 성공]
 [2024-02-21 09:58:01] <80230> END PYO  Laptime:[0.903sec]
 [2024-02-21 09:58:01] <80230> ===============================================================
 [2024-02-21 10:00:01] <96522> START NicepayLite PYO (V1.1B20140314(OS:Linux2.6.32-754.35.1.el6.x86_64,PHP:7.3.15))
 [2024-02-21 10:00:01] <96522> Connect to ssl://web.nicepay.co.kr:443
 [2024-02-21 10:00:01] <96522> ssl://web.nicepay.co.kr:443 Server Connect OK
 [2024-02-21 10:00:01] <96522> MSG_TO_SVR::[/lite/payProcess.jsp]
 [2024-02-21 10:00:02] <96522> TID -> [ilooda001m01012402211000032173]
 [2024-02-21 10:00:02] <96522> 3001[카드 결제 성공]
 [2024-02-21 10:00:02] <96522> END PYO  Laptime:[0.843sec]
 [2024-02-21 10:00:02] <96522> ===============================================================
 [2024-02-21 12:34:55] <13035> START NicepayLite PYO (V1.1B20140314(OS:Linux2.6.32-754.35.1.el6.x86_64,PHP:7.3.15))
 [2024-02-21 12:34:55] <13035> Connect to ssl://web.nicepay.co.kr:443
 [2024-02-21 12:34:55] <13035> ssl://web.nicepay.co.kr:443 Server Connect OK
 [2024-02-21 12:34:55] <13035> MSG_TO_SVR::[/lite/payProcess.jsp]
 [2024-02-21 12:34:56] <13035> TID -> [ilooda001m01012402211234570396]
 [2024-02-21 12:34:56] <13035> 3001[카드 결제 성공]
 [2024-02-21 12:34:56] <13035> END PYO  Laptime:[0.525sec]
 [2024-02-21 12:34:56] <13035> ===============================================================
 [2024-02-21 14:15:57] <85273> START NicepayLite PYO (V1.1B20140314(OS:Linux2.6.32-754.35.1.el6.x86_64,PHP:7.3.15))
 [2024-02-21 14:15:57] <85273> Connect to ssl://web.nicepay.co.kr:443
 [2024-02-21 14:15:57] <85273> ssl://web.nicepay.co.kr:443 Server Connect OK
 [2024-02-21 14:15:57] <85273> MSG_TO_SVR::[/lite/payProcess.jsp]
 [2024-02-21 14:15:58] <85273> TID -> [ilooda001m01012402211415590941]
 [2024-02-21 14:15:58] <85273> 3001[카드 결제 성공]
 [2024-02-21 14:15:58] <85273> END PYO  Laptime:[0.655sec]
 [2024-02-21 14:15:58] <85273> ===============================================================
 [2024-02-21 15:15:36] <120218> START NicepayLite PYO (V1.1B20140314(OS:Linux2.6.32-754.35.1.el6.x86_64,PHP:7.3.15))
 [2024-02-21 15:15:36] <120218> Connect to ssl://web.nicepay.co.kr:443
 [2024-02-21 15:15:36] <120218> ssl://web.nicepay.co.kr:443 Server Connect OK
 [2024-02-21 15:15:36] <120218> MSG_TO_SVR::[/lite/payProcess.jsp]
 [2024-02-21 15:15:36] <120218> TID -> [ilooda001m01012402211515377767]
 [2024-02-21 15:15:36] <120218> 3001[카드 결제 성공]
 [2024-02-21 15:15:36] <120218> END PYO  Laptime:[0.26sec]
 [2024-02-21 15:15:36] <120218> ===============================================================
 [2024-02-21 15:53:01] <120612> START NicepayLite PYO (V1.1B20140314(OS:Linux2.6.32-754.35.1.el6.x86_64,PHP:7.3.15))
 [2024-02-21 15:53:01] <120612> Connect to ssl://web.nicepay.co.kr:443
 [2024-02-21 15:53:01] <120612> ssl://web.nicepay.co.kr:443 Server Connect OK
 [2024-02-21 15:53:01] <120612> MSG_TO_SVR::[/lite/payProcess.jsp]
 [2024-02-21 15:53:01] <120612> TID -> [ilooda001m01012402211553026434]
 [2024-02-21 15:53:01] <120612> 3001[카드 결제 성공]
 [2024-02-21 15:53:01] <120612> END PYO  Laptime:[0.746sec]
 [2024-02-21 15:53:01] <120612> ===============================================================
 [2024-02-21 17:26:59] <140153> START NicepayLite PYO (V1.1B20140314(OS:Linux2.6.32-754.35.1.el6.x86_64,PHP:7.3.15))
 [2024-02-21 17:26:59] <140153> Connect to ssl://web.nicepay.co.kr:443
 [2024-02-21 17:26:59] <140153> ssl://web.nicepay.co.kr:443 Server Connect OK
 [2024-02-21 17:26:59] <140153> MSG_TO_SVR::[/lite/payProcess.jsp]
 [2024-02-21 17:27:00] <140153> TID -> [ilooda001m01012402211727015825]
 [2024-02-21 17:27:00] <140153> 3001[카드 결제 성공]
 [2024-02-21 17:27:00] <140153> END PYO  Laptime:[0.803sec]
 [2024-02-21 17:27:00] <140153> ===============================================================
 [2024-02-21 19:34:51] <26160> START NicepayLite PYO (V1.1B20140314(OS:Linux2.6.32-754.35.1.el6.x86_64,PHP:7.3.15))
 [2024-02-21 19:34:51] <26160> Connect to ssl://web.nicepay.co.kr:443
 [2024-02-21 19:34:51] <26160> ssl://web.nicepay.co.kr:443 Server Connect OK
 [2024-02-21 19:34:51] <26160> MSG_TO_SVR::[/lite/payProcess.jsp]
 [2024-02-21 19:34:52] <26160> TID -> [ilooda001m01012402211934533583]
 [2024-02-21 19:34:52] <26160> 3001[카드 결제 성공]
 [2024-02-21 19:34:52] <26160> END PYO  Laptime:[0.698sec]
 [2024-02-21 19:34:52] <26160> ===============================================================
