 [2024-05-03 14:53:50] <34002> START NicepayLite PYO (V1.1B20140314(OS:Linux2.6.32-754.35.1.el6.x86_64,PHP:7.3.15))
 [2024-05-03 14:53:50] <34002> Connect to ssl://web.nicepay.co.kr:443
 [2024-05-03 14:53:50] <34002> ssl://web.nicepay.co.kr:443 Server Connect OK
 [2024-05-03 14:53:50] <34002> MSG_TO_SVR::[/lite/payProcess.jsp]
 [2024-05-03 14:53:50] <34002> TID -> [ilooda001m01012405031453508419]
 [2024-05-03 14:53:50] <34002> 3001[카드 결제 성공]
 [2024-05-03 14:53:50] <34002> END PYO  Laptime:[0.655sec]
 [2024-05-03 14:53:50] <34002> ===============================================================
 [2024-05-03 15:08:19] <1773> START NicepayLite PYO (V1.1B20140314(OS:Linux2.6.32-754.35.1.el6.x86_64,PHP:7.3.15))
 [2024-05-03 15:08:19] <1773> Connect to ssl://web.nicepay.co.kr:443
 [2024-05-03 15:08:19] <1773> ssl://web.nicepay.co.kr:443 Server Connect OK
 [2024-05-03 15:08:19] <1773> MSG_TO_SVR::[/lite/payProcess.jsp]
 [2024-05-03 15:08:19] <1773> TID -> [ilooda001m01012405031508200056]
 [2024-05-03 15:08:19] <1773> 3001[카드 결제 성공]
 [2024-05-03 15:08:19] <1773> END PYO  Laptime:[0.433sec]
 [2024-05-03 15:08:19] <1773> ===============================================================
 [2024-05-03 17:54:21] <82838> START NicepayLite PYO (V1.1B20140314(OS:Linux2.6.32-754.35.1.el6.x86_64,PHP:7.3.15))
 [2024-05-03 17:54:21] <82838> Connect to ssl://web.nicepay.co.kr:443
 [2024-05-03 17:54:21] <82838> ssl://web.nicepay.co.kr:443 Server Connect OK
 [2024-05-03 17:54:21] <82838> MSG_TO_SVR::[/lite/payProcess.jsp]
 [2024-05-03 17:54:22] <82838> TID -> [ilooda001m01012405031754223548]
 [2024-05-03 17:54:22] <82838> 3001[카드 결제 성공]
 [2024-05-03 17:54:22] <82838> END PYO  Laptime:[1.057sec]
 [2024-05-03 17:54:22] <82838> ===============================================================
 [2024-05-03 18:24:02] <9346> START NicepayLite PYO (V1.1B20140314(OS:Linux2.6.32-754.35.1.el6.x86_64,PHP:7.3.15))
 [2024-05-03 18:24:02] <9346> Connect to ssl://web.nicepay.co.kr:443
 [2024-05-03 18:24:07] <9346> ssl://web.nicepay.co.kr:443 Server Connect OK
 [2024-05-03 18:24:07] <9346> MSG_TO_SVR::[/lite/payProcess.jsp]
 [2024-05-03 18:24:08] <9346> TID -> [ilooda001m01012405031824086711]
 [2024-05-03 18:24:08] <9346> 3001[카드 결제 성공]
 [2024-05-03 18:24:08] <9346> END PYO  Laptime:[5.718sec]
 [2024-05-03 18:24:08] <9346> ===============================================================
 [2024-05-03 18:48:18] <49629> START NicepayLite PYO (V1.1B20140314(OS:Linux2.6.32-754.35.1.el6.x86_64,PHP:7.3.15))
 [2024-05-03 18:48:18] <49629> Connect to ssl://web.nicepay.co.kr:443
 [2024-05-03 18:48:18] <49629> ssl://web.nicepay.co.kr:443 Server Connect OK
 [2024-05-03 18:48:18] <49629> MSG_TO_SVR::[/lite/payProcess.jsp]
 [2024-05-03 18:48:19] <49629> TID -> [ilooda001m01012405031848193248]
 [2024-05-03 18:48:19] <49629> 3001[카드 결제 성공]
 [2024-05-03 18:48:19] <49629> END PYO  Laptime:[0.778sec]
 [2024-05-03 18:48:19] <49629> ===============================================================
 [2024-05-03 20:16:28] <141638> START NicepayLite PYO (V1.1B20140314(OS:Linux2.6.32-754.35.1.el6.x86_64,PHP:7.3.15))
 [2024-05-03 20:16:28] <141638> Connect to ssl://web.nicepay.co.kr:443
 [2024-05-03 20:16:28] <141638> ssl://web.nicepay.co.kr:443 Server Connect OK
 [2024-05-03 20:16:28] <141638> MSG_TO_SVR::[/lite/payProcess.jsp]
 [2024-05-03 20:16:28] <141638> TID -> [ilooda001m01012405032016291875]
 [2024-05-03 20:16:28] <141638> 3001[카드 결제 성공]
 [2024-05-03 20:16:28] <141638> END PYO  Laptime:[0.572sec]
 [2024-05-03 20:16:28] <141638> ===============================================================
