 [2024-04-18 07:36:34] <47241> START NicepayLite PYO (V1.1B20140314(OS:Linux2.6.32-754.35.1.el6.x86_64,PHP:7.3.15))
 [2024-04-18 07:36:34] <47241> Connect to ssl://web.nicepay.co.kr:443
 [2024-04-18 07:36:34] <47241> ssl://web.nicepay.co.kr:443 Server Connect OK
 [2024-04-18 07:36:34] <47241> MSG_TO_SVR::[/lite/payProcess.jsp]
 [2024-04-18 07:36:35] <47241> TID -> [ilooda001m01012404180736353090]
 [2024-04-18 07:36:35] <47241> 3001[카드 결제 성공]
 [2024-04-18 07:36:35] <47241> END PYO  Laptime:[0.927sec]
 [2024-04-18 07:36:35] <47241> ===============================================================
 [2024-04-18 07:39:26] <71545> START NicepayLite PYO (V1.1B20140314(OS:Linux2.6.32-754.35.1.el6.x86_64,PHP:7.3.15))
 [2024-04-18 07:39:26] <71545> Connect to ssl://web.nicepay.co.kr:443
 [2024-04-18 07:39:26] <71545> ssl://web.nicepay.co.kr:443 Server Connect OK
 [2024-04-18 07:39:26] <71545> MSG_TO_SVR::[/lite/payProcess.jsp]
 [2024-04-18 07:39:27] <71545> TID -> [ilooda001m01012404180739274786]
 [2024-04-18 07:39:27] <71545> 3001[카드 결제 성공]
 [2024-04-18 07:39:27] <71545> END PYO  Laptime:[0.863sec]
 [2024-04-18 07:39:27] <71545> ===============================================================
 [2024-04-18 09:48:47] <107723> START NicepayLite PYO (V1.1B20140314(OS:Linux2.6.32-754.35.1.el6.x86_64,PHP:7.3.15))
 [2024-04-18 09:48:47] <107723> Connect to ssl://web.nicepay.co.kr:443
 [2024-04-18 09:48:47] <107723> ssl://web.nicepay.co.kr:443 Server Connect OK
 [2024-04-18 09:48:47] <107723> MSG_TO_SVR::[/lite/payProcess.jsp]
 [2024-04-18 09:48:47] <107723> TID -> [ilooda001m01012404180948481411]
 [2024-04-18 09:48:47] <107723> 3001[카드 결제 성공]
 [2024-04-18 09:48:47] <107723> END PYO  Laptime:[0.469sec]
 [2024-04-18 09:48:47] <107723> ===============================================================
 [2024-04-18 10:23:27] <105154> START NicepayLite PYO (V1.1B20140314(OS:Linux2.6.32-754.35.1.el6.x86_64,PHP:7.3.15))
 [2024-04-18 10:23:27] <105154> Connect to ssl://web.nicepay.co.kr:443
 [2024-04-18 10:23:27] <105154> ssl://web.nicepay.co.kr:443 Server Connect OK
 [2024-04-18 10:23:27] <105154> MSG_TO_SVR::[/lite/payProcess.jsp]
 [2024-04-18 10:23:27] <105154> TID -> [ilooda001m01012404181023283010]
 [2024-04-18 10:23:27] <105154> 3001[카드 결제 성공]
 [2024-04-18 10:23:27] <105154> END PYO  Laptime:[0.456sec]
 [2024-04-18 10:23:27] <105154> ===============================================================
 [2024-04-18 10:56:27] <86759> START NicepayLite PYO (V1.1B20140314(OS:Linux2.6.32-754.35.1.el6.x86_64,PHP:7.3.15))
 [2024-04-18 10:56:27] <86759> Connect to ssl://web.nicepay.co.kr:443
 [2024-04-18 10:56:27] <86759> ssl://web.nicepay.co.kr:443 Server Connect OK
 [2024-04-18 10:56:27] <86759> MSG_TO_SVR::[/lite/payProcess.jsp]
 [2024-04-18 10:56:27] <86759> TID -> [ilooda001m01012404181056279673]
 [2024-04-18 10:56:27] <86759> 3001[카드 결제 성공]
 [2024-04-18 10:56:27] <86759> END PYO  Laptime:[0.634sec]
 [2024-04-18 10:56:27] <86759> ===============================================================
 [2024-04-18 11:31:40] <86811> START NicepayLite PYO (V1.1B20140314(OS:Linux2.6.32-754.35.1.el6.x86_64,PHP:7.3.15))
 [2024-04-18 11:31:40] <86811> Connect to ssl://web.nicepay.co.kr:443
 [2024-04-18 11:31:40] <86811> ssl://web.nicepay.co.kr:443 Server Connect OK
 [2024-04-18 11:31:40] <86811> MSG_TO_SVR::[/lite/payProcess.jsp]
 [2024-04-18 11:31:40] <86811> TID -> [ilooda001m01012404181131409919]
 [2024-04-18 11:31:40] <86811> 3001[카드 결제 성공]
 [2024-04-18 11:31:40] <86811> END PYO  Laptime:[0.881sec]
 [2024-04-18 11:31:40] <86811> ===============================================================
 [2024-04-18 11:42:11] <26479> START NicepayLite PYO (V1.1B20140314(OS:Linux2.6.32-754.35.1.el6.x86_64,PHP:7.3.15))
 [2024-04-18 11:42:11] <26479> Connect to ssl://web.nicepay.co.kr:443
 [2024-04-18 11:42:11] <26479> ssl://web.nicepay.co.kr:443 Server Connect OK
 [2024-04-18 11:42:11] <26479> MSG_TO_SVR::[/lite/payProcess.jsp]
 [2024-04-18 11:42:12] <26479> TID -> [ilooda001m01012404181142123013]
 [2024-04-18 11:42:12] <26479> 3001[카드 결제 성공]
 [2024-04-18 11:42:12] <26479> END PYO  Laptime:[0.678sec]
 [2024-04-18 11:42:12] <26479> ===============================================================
 [2024-04-18 13:11:49] <39459> START NicepayLite PYO (V1.1B20140314(OS:Linux2.6.32-754.35.1.el6.x86_64,PHP:7.3.15))
 [2024-04-18 13:11:49] <39459> Connect to ssl://web.nicepay.co.kr:443
 [2024-04-18 13:11:49] <39459> ssl://web.nicepay.co.kr:443 Server Connect OK
 [2024-04-18 13:11:49] <39459> MSG_TO_SVR::[/lite/payProcess.jsp]
 [2024-04-18 13:11:49] <39459> TID -> [ilooda001m01012404181311502975]
 [2024-04-18 13:11:49] <39459> 3001[카드 결제 성공]
 [2024-04-18 13:11:49] <39459> END PYO  Laptime:[0.353sec]
 [2024-04-18 13:11:49] <39459> ===============================================================
 [2024-04-18 14:42:57] <65830> START NicepayLite PYO (V1.1B20140314(OS:Linux2.6.32-754.35.1.el6.x86_64,PHP:7.3.15))
 [2024-04-18 14:42:57] <65830> Connect to ssl://web.nicepay.co.kr:443
 [2024-04-18 14:42:57] <65830> ssl://web.nicepay.co.kr:443 Server Connect OK
 [2024-04-18 14:42:57] <65830> MSG_TO_SVR::[/lite/payProcess.jsp]
 [2024-04-18 14:42:58] <65830> TID -> [ilooda001m01012404181442589095]
 [2024-04-18 14:42:58] <65830> 3001[카드 결제 성공]
 [2024-04-18 14:42:58] <65830> END PYO  Laptime:[0.48sec]
 [2024-04-18 14:42:58] <65830> ===============================================================
 [2024-04-18 18:05:03] <4277> START NicepayLite PYO (V1.1B20140314(OS:Linux2.6.32-754.35.1.el6.x86_64,PHP:7.3.15))
 [2024-04-18 18:05:03] <4277> Connect to ssl://web.nicepay.co.kr:443
 [2024-04-18 18:05:03] <4277> ssl://web.nicepay.co.kr:443 Server Connect OK
 [2024-04-18 18:05:03] <4277> MSG_TO_SVR::[/lite/payProcess.jsp]
 [2024-04-18 18:05:04] <4277> TID -> [ilooda001m01012404181805047920]
 [2024-04-18 18:05:04] <4277> 3001[카드 결제 성공]
 [2024-04-18 18:05:04] <4277> END PYO  Laptime:[0.747sec]
 [2024-04-18 18:05:04] <4277> ===============================================================
 [2024-04-18 18:36:43] <123185> START NicepayLite PYO (V1.1B20140314(OS:Linux2.6.32-754.35.1.el6.x86_64,PHP:7.3.15))
 [2024-04-18 18:36:43] <123185> Connect to ssl://web.nicepay.co.kr:443
 [2024-04-18 18:36:43] <123185> ssl://web.nicepay.co.kr:443 Server Connect OK
 [2024-04-18 18:36:43] <123185> MSG_TO_SVR::[/lite/payProcess.jsp]
 [2024-04-18 18:36:44] <123185> TID -> [ilooda001m01012404181836447872]
 [2024-04-18 18:36:44] <123185> 3001[카드 결제 성공]
 [2024-04-18 18:36:44] <123185> END PYO  Laptime:[0.549sec]
 [2024-04-18 18:36:44] <123185> ===============================================================
 [2024-04-18 19:01:29] <41413> START NicepayLite PYO (V1.1B20140314(OS:Linux2.6.32-754.35.1.el6.x86_64,PHP:7.3.15))
 [2024-04-18 19:01:29] <41413> Connect to ssl://web.nicepay.co.kr:443
 [2024-04-18 19:01:29] <41413> ssl://web.nicepay.co.kr:443 Server Connect OK
 [2024-04-18 19:01:29] <41413> MSG_TO_SVR::[/lite/payProcess.jsp]
 [2024-04-18 19:01:30] <41413> TID -> [ilooda001m01012404181901308666]
 [2024-04-18 19:01:30] <41413> 3001[카드 결제 성공]
 [2024-04-18 19:01:30] <41413> END PYO  Laptime:[0.919sec]
 [2024-04-18 19:01:30] <41413> ===============================================================
