 [2024-01-18 07:54:10] <130589> START NicepayLite PYO (V1.1B20140314(OS:Linux2.6.32-754.35.1.el6.x86_64,PHP:7.3.15))
 [2024-01-18 07:54:10] <130589> Connect to ssl://web.nicepay.co.kr:443
 [2024-01-18 07:54:11] <130589> ssl://web.nicepay.co.kr:443 Server Connect OK
 [2024-01-18 07:54:11] <130589> MSG_TO_SVR::[/lite/payProcess.jsp]
 [2024-01-18 07:54:11] <130589> TID -> [ilooda001m01012401180754125752]
 [2024-01-18 07:54:11] <130589> 3001[카드 결제 성공]
 [2024-01-18 07:54:11] <130589> END PYO  Laptime:[0.384sec]
 [2024-01-18 07:54:11] <130589> ===============================================================
 [2024-01-18 10:59:37] <140371> START NicepayLite PYO (V1.1B20140314(OS:Linux2.6.32-754.35.1.el6.x86_64,PHP:7.3.15))
 [2024-01-18 10:59:37] <140371> Connect to ssl://web.nicepay.co.kr:443
 [2024-01-18 10:59:38] <140371> ssl://web.nicepay.co.kr:443 Server Connect OK
 [2024-01-18 10:59:38] <140371> MSG_TO_SVR::[/lite/payProcess.jsp]
 [2024-01-18 10:59:38] <140371> TID -> [ilooda001m01012401181059395996]
 [2024-01-18 10:59:38] <140371> 3001[카드 결제 성공]
 [2024-01-18 10:59:38] <140371> END PYO  Laptime:[0.733sec]
 [2024-01-18 10:59:38] <140371> ===============================================================
 [2024-01-18 11:35:08] <116360> START NicepayLite PYO (V1.1B20140314(OS:Linux2.6.32-754.35.1.el6.x86_64,PHP:7.3.15))
 [2024-01-18 11:35:08] <116360> Connect to ssl://web.nicepay.co.kr:443
 [2024-01-18 11:35:08] <116360> ssl://web.nicepay.co.kr:443 Server Connect OK
 [2024-01-18 11:35:08] <116360> MSG_TO_SVR::[/lite/payProcess.jsp]
 [2024-01-18 11:35:09] <116360> TID -> [ilooda001m01012401181135102524]
 [2024-01-18 11:35:09] <116360> 3001[카드 결제 성공]
 [2024-01-18 11:35:09] <116360> END PYO  Laptime:[0.658sec]
 [2024-01-18 11:35:09] <116360> ===============================================================
 [2024-01-18 12:25:56] <36623> START NicepayLite PYO (V1.1B20140314(OS:Linux2.6.32-754.35.1.el6.x86_64,PHP:7.3.15))
 [2024-01-18 12:25:56] <36623> Connect to ssl://web.nicepay.co.kr:443
 [2024-01-18 12:25:56] <36623> ssl://web.nicepay.co.kr:443 Server Connect OK
 [2024-01-18 12:25:56] <36623> MSG_TO_SVR::[/lite/payProcess.jsp]
 [2024-01-18 12:25:57] <36623> TID -> [ilooda001m01012401181225582904]
 [2024-01-18 12:25:57] <36623> 3001[카드 결제 성공]
 [2024-01-18 12:25:57] <36623> END PYO  Laptime:[0.366sec]
 [2024-01-18 12:25:57] <36623> ===============================================================
 [2024-01-18 12:47:37] <48334> START NicepayLite PYO (V1.1B20140314(OS:Linux2.6.32-754.35.1.el6.x86_64,PHP:7.3.15))
 [2024-01-18 12:47:37] <48334> Connect to ssl://web.nicepay.co.kr:443
 [2024-01-18 12:47:37] <48334> ssl://web.nicepay.co.kr:443 Server Connect OK
 [2024-01-18 12:47:37] <48334> MSG_TO_SVR::[/lite/payProcess.jsp]
 [2024-01-18 12:47:38] <48334> TID -> [ilooda001m01012401181247388967]
 [2024-01-18 12:47:38] <48334> 3001[카드 결제 성공]
 [2024-01-18 12:47:38] <48334> END PYO  Laptime:[0.776sec]
 [2024-01-18 12:47:38] <48334> ===============================================================
 [2024-01-18 13:16:32] <115833> START NicepayLite PYO (V1.1B20140314(OS:Linux2.6.32-754.35.1.el6.x86_64,PHP:7.3.15))
 [2024-01-18 13:16:32] <115833> Connect to ssl://web.nicepay.co.kr:443
 [2024-01-18 13:16:32] <115833> ssl://web.nicepay.co.kr:443 Server Connect OK
 [2024-01-18 13:16:32] <115833> MSG_TO_SVR::[/lite/payProcess.jsp]
 [2024-01-18 13:16:32] <115833> TID -> [ilooda001m01012401181316339272]
 [2024-01-18 13:16:32] <115833> 3001[카드 결제 성공]
 [2024-01-18 13:16:32] <115833> END PYO  Laptime:[0.557sec]
 [2024-01-18 13:16:32] <115833> ===============================================================
 [2024-01-18 14:14:14] <89982> START NicepayLite PYO (V1.1B20140314(OS:Linux2.6.32-754.35.1.el6.x86_64,PHP:7.3.15))
 [2024-01-18 14:14:14] <89982> Connect to ssl://web.nicepay.co.kr:443
 [2024-01-18 14:14:14] <89982> ssl://web.nicepay.co.kr:443 Server Connect OK
 [2024-01-18 14:14:14] <89982> MSG_TO_SVR::[/lite/payProcess.jsp]
 [2024-01-18 14:14:14] <89982> TID -> [ilooda001m01012401181414158368]
 [2024-01-18 14:14:14] <89982> 3001[카드 결제 성공]
 [2024-01-18 14:14:14] <89982> END PYO  Laptime:[0.498sec]
 [2024-01-18 14:14:14] <89982> ===============================================================
 [2024-01-18 17:42:49] <1305> START NicepayLite PYO (V1.1B20140314(OS:Linux2.6.32-754.35.1.el6.x86_64,PHP:7.3.15))
 [2024-01-18 17:42:49] <1305> Connect to ssl://web.nicepay.co.kr:443
 [2024-01-18 17:42:49] <1305> ssl://web.nicepay.co.kr:443 Server Connect OK
 [2024-01-18 17:42:49] <1305> MSG_TO_SVR::[/lite/payProcess.jsp]
 [2024-01-18 17:42:49] <1305> TID -> [ilooda001m01012401181742511238]
 [2024-01-18 17:42:49] <1305> 3001[카드 결제 성공]
 [2024-01-18 17:42:49] <1305> END PYO  Laptime:[0.623sec]
 [2024-01-18 17:42:49] <1305> ===============================================================
