 [2024-04-02 09:58:37] <84201> START NicepayLite PYO (V1.1B20140314(OS:Linux2.6.32-754.35.1.el6.x86_64,PHP:7.3.15))
 [2024-04-02 09:58:37] <84201> Connect to ssl://web.nicepay.co.kr:443
 [2024-04-02 09:58:37] <84201> ssl://web.nicepay.co.kr:443 Server Connect OK
 [2024-04-02 09:58:37] <84201> MSG_TO_SVR::[/lite/payProcess.jsp]
 [2024-04-02 09:58:37] <84201> TID -> [ilooda001m01012404020958381839]
 [2024-04-02 09:58:37] <84201> 3001[카드 결제 성공]
 [2024-04-02 09:58:37] <84201> END PYO  Laptime:[0.582sec]
 [2024-04-02 09:58:37] <84201> ===============================================================
 [2024-04-02 10:57:23] <119963> START NicepayLite PYO (V1.1B20140314(OS:Linux2.6.32-754.35.1.el6.x86_64,PHP:7.3.15))
 [2024-04-02 10:57:23] <119963> Connect to ssl://web.nicepay.co.kr:443
 [2024-04-02 10:57:23] <119963> ssl://web.nicepay.co.kr:443 Server Connect OK
 [2024-04-02 10:57:23] <119963> MSG_TO_SVR::[/lite/payProcess.jsp]
 [2024-04-02 10:57:24] <119963> TID -> [ilooda001m01012404021057243921]
 [2024-04-02 10:57:24] <119963> 3001[카드 결제 성공]
 [2024-04-02 10:57:24] <119963> END PYO  Laptime:[0.646sec]
 [2024-04-02 10:57:24] <119963> ===============================================================
 [2024-04-02 11:21:51] <16071> START NicepayLite PYO (V1.1B20140314(OS:Linux2.6.32-754.35.1.el6.x86_64,PHP:7.3.15))
 [2024-04-02 11:21:51] <16071> Connect to ssl://web.nicepay.co.kr:443
 [2024-04-02 11:21:52] <16071> ssl://web.nicepay.co.kr:443 Server Connect OK
 [2024-04-02 11:21:52] <16071> MSG_TO_SVR::[/lite/payProcess.jsp]
 [2024-04-02 11:21:52] <16071> TID -> [ilooda001m01012404021121527012]
 [2024-04-02 11:21:52] <16071> 3001[카드 결제 성공]
 [2024-04-02 11:21:52] <16071> END PYO  Laptime:[0.709sec]
 [2024-04-02 11:21:52] <16071> ===============================================================
 [2024-04-02 13:41:45] <112358> START NicepayLite PYO (V1.1B20140314(OS:Linux2.6.32-754.35.1.el6.x86_64,PHP:7.3.15))
 [2024-04-02 13:41:45] <112358> Connect to ssl://web.nicepay.co.kr:443
 [2024-04-02 13:41:45] <112358> ssl://web.nicepay.co.kr:443 Server Connect OK
 [2024-04-02 13:41:45] <112358> MSG_TO_SVR::[/lite/payProcess.jsp]
 [2024-04-02 13:41:46] <112358> TID -> [ilooda001m01012404021341465381]
 [2024-04-02 13:41:46] <112358> 3001[카드 결제 성공]
 [2024-04-02 13:41:46] <112358> END PYO  Laptime:[0.818sec]
 [2024-04-02 13:41:46] <112358> ===============================================================
 [2024-04-02 14:12:50] <64695> START NicepayLite PYO (V1.1B20140314(OS:Linux2.6.32-754.35.1.el6.x86_64,PHP:7.3.15))
 [2024-04-02 14:12:50] <64695> Connect to ssl://web.nicepay.co.kr:443
 [2024-04-02 14:12:50] <64695> ssl://web.nicepay.co.kr:443 Server Connect OK
 [2024-04-02 14:12:50] <64695> MSG_TO_SVR::[/lite/payProcess.jsp]
 [2024-04-02 14:12:50] <64695> TID -> [ilooda001m01012404021412511367]
 [2024-04-02 14:12:50] <64695> 3001[카드 결제 성공]
 [2024-04-02 14:12:50] <64695> END PYO  Laptime:[0.356sec]
 [2024-04-02 14:12:50] <64695> ===============================================================
 [2024-04-02 14:15:28] <88733> START NicepayLite PYO (V1.1B20140314(OS:Linux2.6.32-754.35.1.el6.x86_64,PHP:7.3.15))
 [2024-04-02 14:15:28] <88733> Connect to ssl://web.nicepay.co.kr:443
 [2024-04-02 14:15:28] <88733> ssl://web.nicepay.co.kr:443 Server Connect OK
 [2024-04-02 14:15:28] <88733> MSG_TO_SVR::[/lite/payProcess.jsp]
 [2024-04-02 14:15:29] <88733> TID -> [ilooda001m01012404021415293555]
 [2024-04-02 14:15:29] <88733> 3001[카드 결제 성공]
 [2024-04-02 14:15:29] <88733> END PYO  Laptime:[0.754sec]
 [2024-04-02 14:15:29] <88733> ===============================================================
 [2024-04-02 14:16:58] <96969> START NicepayLite PYO (V1.1B20140314(OS:Linux2.6.32-754.35.1.el6.x86_64,PHP:7.3.15))
 [2024-04-02 14:16:58] <96969> Connect to ssl://web.nicepay.co.kr:443
 [2024-04-02 14:16:58] <96969> ssl://web.nicepay.co.kr:443 Server Connect OK
 [2024-04-02 14:16:58] <96969> MSG_TO_SVR::[/lite/payProcess.jsp]
 [2024-04-02 14:16:59] <96969> TID -> [ilooda001m01012404021416592771]
 [2024-04-02 14:16:59] <96969> 3001[카드 결제 성공]
 [2024-04-02 14:16:59] <96969> END PYO  Laptime:[1.045sec]
 [2024-04-02 14:16:59] <96969> ===============================================================
 [2024-04-02 14:53:12] <106167> START NicepayLite PYO (V1.1B20140314(OS:Linux2.6.32-754.35.1.el6.x86_64,PHP:7.3.15))
 [2024-04-02 14:53:12] <106167> Connect to ssl://web.nicepay.co.kr:443
 [2024-04-02 14:53:12] <106167> ssl://web.nicepay.co.kr:443 Server Connect OK
 [2024-04-02 14:53:12] <106167> MSG_TO_SVR::[/lite/payProcess.jsp]
 [2024-04-02 14:53:13] <106167> TID -> [ilooda001m01012404021453136816]
 [2024-04-02 14:53:13] <106167> 3001[카드 결제 성공]
 [2024-04-02 14:53:13] <106167> END PYO  Laptime:[0.515sec]
 [2024-04-02 14:53:13] <106167> ===============================================================
 [2024-04-02 15:18:07] <18548> START NicepayLite PYO (V1.1B20140314(OS:Linux2.6.32-754.35.1.el6.x86_64,PHP:7.3.15))
 [2024-04-02 15:18:07] <18548> Connect to ssl://web.nicepay.co.kr:443
 [2024-04-02 15:18:07] <18548> ssl://web.nicepay.co.kr:443 Server Connect OK
 [2024-04-02 15:18:07] <18548> MSG_TO_SVR::[/lite/payProcess.jsp]
 [2024-04-02 15:18:07] <18548> TID -> [ilooda001m01012404021518079485]
 [2024-04-02 15:18:07] <18548> 3001[카드 결제 성공]
 [2024-04-02 15:18:07] <18548> END PYO  Laptime:[0.462sec]
 [2024-04-02 15:18:07] <18548> ===============================================================
 [2024-04-02 16:13:41] <22936> START NicepayLite PYO (V1.1B20140314(OS:Linux2.6.32-754.35.1.el6.x86_64,PHP:7.3.15))
 [2024-04-02 16:13:41] <22936> Connect to ssl://web.nicepay.co.kr:443
 [2024-04-02 16:13:41] <22936> ssl://web.nicepay.co.kr:443 Server Connect OK
 [2024-04-02 16:13:41] <22936> MSG_TO_SVR::[/lite/payProcess.jsp]
 [2024-04-02 16:13:42] <22936> TID -> [ilooda001m01012404021613423910]
 [2024-04-02 16:13:42] <22936> 3001[카드 결제 성공]
 [2024-04-02 16:13:42] <22936> END PYO  Laptime:[0.778sec]
 [2024-04-02 16:13:42] <22936> ===============================================================
 [2024-04-02 17:11:28] <49547> START NicepayLite PYO (V1.1B20140314(OS:Linux2.6.32-754.35.1.el6.x86_64,PHP:7.3.15))
 [2024-04-02 17:11:28] <49547> Connect to ssl://web.nicepay.co.kr:443
 [2024-04-02 17:11:28] <49547> ssl://web.nicepay.co.kr:443 Server Connect OK
 [2024-04-02 17:11:28] <49547> MSG_TO_SVR::[/lite/payProcess.jsp]
 [2024-04-02 17:11:29] <49547> TID -> [ilooda001m01012404021711290924]
 [2024-04-02 17:11:29] <49547> 3001[카드 결제 성공]
 [2024-04-02 17:11:29] <49547> END PYO  Laptime:[0.766sec]
 [2024-04-02 17:11:29] <49547> ===============================================================
 [2024-04-02 17:22:14] <137860> START NicepayLite PYO (V1.1B20140314(OS:Linux2.6.32-754.35.1.el6.x86_64,PHP:7.3.15))
 [2024-04-02 17:22:14] <137860> Connect to ssl://web.nicepay.co.kr:443
 [2024-04-02 17:22:14] <137860> ssl://web.nicepay.co.kr:443 Server Connect OK
 [2024-04-02 17:22:14] <137860> MSG_TO_SVR::[/lite/payProcess.jsp]
 [2024-04-02 17:22:14] <137860> TID -> [ilooda001m01012404021722149900]
 [2024-04-02 17:22:14] <137860> 3001[카드 결제 성공]
 [2024-04-02 17:22:14] <137860> END PYO  Laptime:[0.426sec]
 [2024-04-02 17:22:14] <137860> ===============================================================
 [2024-04-02 18:35:53] <139218> START NicepayLite PYO (V1.1B20140314(OS:Linux2.6.32-754.35.1.el6.x86_64,PHP:7.3.15))
 [2024-04-02 18:35:53] <139218> Connect to ssl://web.nicepay.co.kr:443
 [2024-04-02 18:35:53] <139218> ssl://web.nicepay.co.kr:443 Server Connect OK
 [2024-04-02 18:35:53] <139218> MSG_TO_SVR::[/lite/payProcess.jsp]
 [2024-04-02 18:35:53] <139218> TID -> [ilooda001m01012404021835543700]
 [2024-04-02 18:35:53] <139218> 3001[카드 결제 성공]
 [2024-04-02 18:35:53] <139218> END PYO  Laptime:[0.501sec]
 [2024-04-02 18:35:53] <139218> ===============================================================
 [2024-04-02 19:44:39] <106913> START NicepayLite PYO (V1.1B20140314(OS:Linux2.6.32-754.35.1.el6.x86_64,PHP:7.3.15))
 [2024-04-02 19:44:39] <106913> Connect to ssl://web.nicepay.co.kr:443
 [2024-04-02 19:44:39] <106913> ssl://web.nicepay.co.kr:443 Server Connect OK
 [2024-04-02 19:44:39] <106913> MSG_TO_SVR::[/lite/payProcess.jsp]
 [2024-04-02 19:44:40] <106913> TID -> [ilooda001m01012404021944400760]
 [2024-04-02 19:44:40] <106913> 3001[카드 결제 성공]
 [2024-04-02 19:44:40] <106913> END PYO  Laptime:[0.973sec]
 [2024-04-02 19:44:40] <106913> ===============================================================
