 [2023-12-16 10:18:34] <117901> START NicepayLite PYO (V1.1B20140314(OS:Linux2.6.32-754.35.1.el6.x86_64,PHP:7.3.15))
 [2023-12-16 10:18:35] <117901> Connect to ssl://web.nicepay.co.kr:443
 [2023-12-16 10:18:36] <117901> ssl://web.nicepay.co.kr:443 Server Connect OK
 [2023-12-16 10:18:36] <117901> MSG_TO_SVR::[/lite/payProcess.jsp]
 [2023-12-16 10:18:36] <117901> TID -> [ilooda001m01012312161018370391]
 [2023-12-16 10:18:36] <117901> 51[한도초과]
 [2023-12-16 10:18:36] <117901> END PYO  Laptime:[1.491sec]
 [2023-12-16 10:18:36] <117901> ===============================================================
 [2023-12-16 10:19:35] <124765> START NicepayLite PYO (V1.1B20140314(OS:Linux2.6.32-754.35.1.el6.x86_64,PHP:7.3.15))
 [2023-12-16 10:19:35] <124765> Connect to ssl://web.nicepay.co.kr:443
 [2023-12-16 10:19:35] <124765> ssl://web.nicepay.co.kr:443 Server Connect OK
 [2023-12-16 10:19:35] <124765> MSG_TO_SVR::[/lite/payProcess.jsp]
 [2023-12-16 10:19:36] <124765> TID -> [ilooda001m01012312161019366369]
 [2023-12-16 10:19:36] <124765> 51[한도초과]
 [2023-12-16 10:19:36] <124765> END PYO  Laptime:[0.424sec]
 [2023-12-16 10:19:36] <124765> ===============================================================
 [2023-12-16 11:18:49] <86122> START NicepayLite PYO (V1.1B20140314(OS:Linux2.6.32-754.35.1.el6.x86_64,PHP:7.3.15))
 [2023-12-16 11:18:49] <86122> Connect to ssl://web.nicepay.co.kr:443
 [2023-12-16 11:18:49] <86122> ssl://web.nicepay.co.kr:443 Server Connect OK
 [2023-12-16 11:18:49] <86122> MSG_TO_SVR::[/lite/payProcess.jsp]
 [2023-12-16 11:18:50] <86122> TID -> [ilooda001m01012312161118506270]
 [2023-12-16 11:18:50] <86122> 3001[카드 결제 성공]
 [2023-12-16 11:18:50] <86122> END PYO  Laptime:[0.558sec]
 [2023-12-16 11:18:50] <86122> ===============================================================
 [2023-12-16 11:30:19] <21483> START NicepayLite PYO (V1.1B20140314(OS:Linux2.6.32-754.35.1.el6.x86_64,PHP:7.3.15))
 [2023-12-16 11:30:19] <21483> Connect to ssl://web.nicepay.co.kr:443
 [2023-12-16 11:30:19] <21483> ssl://web.nicepay.co.kr:443 Server Connect OK
 [2023-12-16 11:30:19] <21483> MSG_TO_SVR::[/lite/payProcess.jsp]
 [2023-12-16 11:30:20] <21483> TID -> [ilooda001m01012312161130199978]
 [2023-12-16 11:30:20] <21483> 3001[카드 결제 성공]
 [2023-12-16 11:30:20] <21483> END PYO  Laptime:[1.385sec]
 [2023-12-16 11:30:20] <21483> ===============================================================
