 [2023-12-19 11:21:50] <69133> START NicepayLite CLO (V1.1B20140314(OS:Linux2.6.32-754.35.1.el6.x86_64,PHP:7.3.15))
 [2023-12-19 11:21:50] <69133> ilooda001m01012312191121169405
 [2023-12-19 11:21:50] <69133> Connect to ssl://web.nicepay.co.kr:443
 [2023-12-19 11:21:50] <69133> ssl://web.nicepay.co.kr:443 Server Connect OK
 [2023-12-19 11:21:50] <69133> MSG_TO_SVR::[/lite/cancelProcess.jsp]
 [2023-12-19 11:21:50] <69133> TID -> [ilooda001m01012312191121169405]
 [2023-12-19 11:21:50] <69133> 2001[취소 성공]
 [2023-12-19 11:21:50] <69133> END CLO  Laptime:[0.728sec]
 [2023-12-19 11:21:50] <69133> ===============================================================
 [2023-12-19 11:23:41] <83524> START NicepayLite CLO (V1.1B20140314(OS:Linux2.6.32-754.35.1.el6.x86_64,PHP:7.3.15))
 [2023-12-19 11:23:41] <83524> ilooda001m01012312191123276344
 [2023-12-19 11:23:41] <83524> Connect to ssl://web.nicepay.co.kr:443
 [2023-12-19 11:23:42] <83524> ssl://web.nicepay.co.kr:443 Server Connect OK
 [2023-12-19 11:23:42] <83524> MSG_TO_SVR::[/lite/cancelProcess.jsp]
 [2023-12-19 11:23:42] <83524> TID -> [ilooda001m01012312191123276344]
 [2023-12-19 11:23:42] <83524> 2001[취소 성공]
 [2023-12-19 11:23:42] <83524> END CLO  Laptime:[0.687sec]
 [2023-12-19 11:23:42] <83524> ===============================================================
 [2023-12-19 15:10:38] <107158> START NicepayLite CLO (V1.1B20140314(OS:Linux2.6.32-754.35.1.el6.x86_64,PHP:7.3.15))
 [2023-12-19 15:10:38] <107158> ilooda001m01012312191508357538
 [2023-12-19 15:10:38] <107158> Connect to ssl://web.nicepay.co.kr:443
 [2023-12-19 15:10:38] <107158> ssl://web.nicepay.co.kr:443 Server Connect OK
 [2023-12-19 15:10:38] <107158> MSG_TO_SVR::[/lite/cancelProcess.jsp]
 [2023-12-19 15:10:39] <107158> TID -> [ilooda001m01012312191508357538]
 [2023-12-19 15:10:39] <107158> 2001[취소 성공]
 [2023-12-19 15:10:39] <107158> END CLO  Laptime:[0.769sec]
 [2023-12-19 15:10:39] <107158> ===============================================================
