 [2023-11-25 10:29:02] <109950> START NicepayLite PYO (V1.1B20140314(OS:Linux2.6.32-754.35.1.el6.x86_64,PHP:7.3.15))
 [2023-11-25 10:29:02] <109950> Connect to ssl://web.nicepay.co.kr:443
 [2023-11-25 10:29:02] <109950> ssl://web.nicepay.co.kr:443 Server Connect OK
 [2023-11-25 10:29:02] <109950> MSG_TO_SVR::[/lite/payProcess.jsp]
 [2023-11-25 10:29:02] <109950> TID -> [ilooda001m01012311251029028212]
 [2023-11-25 10:29:02] <109950> 3001[카드 결제 성공]
 [2023-11-25 10:29:02] <109950> END PYO  Laptime:[0.623sec]
 [2023-11-25 10:29:02] <109950> ===============================================================
 [2023-11-25 11:44:20] <80103> START NicepayLite PYO (V1.1B20140314(OS:Linux2.6.32-754.35.1.el6.x86_64,PHP:7.3.15))
 [2023-11-25 11:44:20] <80103> Connect to ssl://web.nicepay.co.kr:443
 [2023-11-25 11:44:20] <80103> ssl://web.nicepay.co.kr:443 Server Connect OK
 [2023-11-25 11:44:20] <80103> MSG_TO_SVR::[/lite/payProcess.jsp]
 [2023-11-25 11:44:20] <80103> TID -> [ilooda001m01012311251144209031]
 [2023-11-25 11:44:20] <80103> 3001[카드 결제 성공]
 [2023-11-25 11:44:20] <80103> END PYO  Laptime:[0.551sec]
 [2023-11-25 11:44:20] <80103> ===============================================================
 [2023-11-25 13:13:51] <141228> START NicepayLite PYO (V1.1B20140314(OS:Linux2.6.32-754.35.1.el6.x86_64,PHP:7.3.15))
 [2023-11-25 13:13:51] <141228> Connect to ssl://web.nicepay.co.kr:443
 [2023-11-25 13:13:51] <141228> ssl://web.nicepay.co.kr:443 Server Connect OK
 [2023-11-25 13:13:51] <141228> MSG_TO_SVR::[/lite/payProcess.jsp]
 [2023-11-25 13:13:52] <141228> TID -> [ilooda001m01012311251313524611]
 [2023-11-25 13:13:52] <141228> 3001[카드 결제 성공]
 [2023-11-25 13:13:52] <141228> END PYO  Laptime:[0.543sec]
 [2023-11-25 13:13:52] <141228> ===============================================================
 [2023-11-25 15:46:56] <81475> START NicepayLite PYO (V1.1B20140314(OS:Linux2.6.32-754.35.1.el6.x86_64,PHP:7.3.15))
 [2023-11-25 15:46:56] <81475> Connect to ssl://web.nicepay.co.kr:443
 [2023-11-25 15:46:56] <81475> ssl://web.nicepay.co.kr:443 Server Connect OK
 [2023-11-25 15:46:56] <81475> MSG_TO_SVR::[/lite/payProcess.jsp]
 [2023-11-25 15:46:57] <81475> TID -> [ilooda001m01012311251546572681]
 [2023-11-25 15:46:57] <81475> 3001[카드 결제 성공]
 [2023-11-25 15:46:57] <81475> END PYO  Laptime:[0.774sec]
 [2023-11-25 15:46:57] <81475> ===============================================================
