 [2024-02-02 10:41:47] <34439> START NicepayLite PYO (V1.1B20140314(OS:Linux2.6.32-754.35.1.el6.x86_64,PHP:7.3.15))
 [2024-02-02 10:41:47] <34439> Connect to ssl://web.nicepay.co.kr:443
 [2024-02-02 10:41:47] <34439> ssl://web.nicepay.co.kr:443 Server Connect OK
 [2024-02-02 10:41:47] <34439> MSG_TO_SVR::[/lite/payProcess.jsp]
 [2024-02-02 10:41:48] <34439> TID -> [ilooda001m01012402021041486268]
 [2024-02-02 10:41:48] <34439> 3001[카드 결제 성공]
 [2024-02-02 10:41:48] <34439> END PYO  Laptime:[0.767sec]
 [2024-02-02 10:41:48] <34439> ===============================================================
 [2024-02-02 11:10:15] <109756> START NicepayLite PYO (V1.1B20140314(OS:Linux2.6.32-754.35.1.el6.x86_64,PHP:7.3.15))
 [2024-02-02 11:10:15] <109756> Connect to ssl://web.nicepay.co.kr:443
 [2024-02-02 11:10:15] <109756> ssl://web.nicepay.co.kr:443 Server Connect OK
 [2024-02-02 11:10:15] <109756> MSG_TO_SVR::[/lite/payProcess.jsp]
 [2024-02-02 11:10:16] <109756> TID -> [ilooda001m01012402021110163328]
 [2024-02-02 11:10:16] <109756> 3001[카드 결제 성공]
 [2024-02-02 11:10:16] <109756> END PYO  Laptime:[0.95sec]
 [2024-02-02 11:10:16] <109756> ===============================================================
 [2024-02-02 11:17:26] <16450> START NicepayLite PYO (V1.1B20140314(OS:Linux2.6.32-754.35.1.el6.x86_64,PHP:7.3.15))
 [2024-02-02 11:17:26] <16450> Connect to ssl://web.nicepay.co.kr:443
 [2024-02-02 11:17:26] <16450> ssl://web.nicepay.co.kr:443 Server Connect OK
 [2024-02-02 11:17:26] <16450> MSG_TO_SVR::[/lite/payProcess.jsp]
 [2024-02-02 11:17:27] <16450> TID -> [ilooda001m01012402021117277678]
 [2024-02-02 11:17:27] <16450> 3001[카드 결제 성공]
 [2024-02-02 11:17:27] <16450> END PYO  Laptime:[0.665sec]
 [2024-02-02 11:17:27] <16450> ===============================================================
 [2024-02-02 12:19:30] <48092> START NicepayLite PYO (V1.1B20140314(OS:Linux2.6.32-754.35.1.el6.x86_64,PHP:7.3.15))
 [2024-02-02 12:19:30] <48092> Connect to ssl://web.nicepay.co.kr:443
 [2024-02-02 12:19:30] <48092> ssl://web.nicepay.co.kr:443 Server Connect OK
 [2024-02-02 12:19:30] <48092> MSG_TO_SVR::[/lite/payProcess.jsp]
 [2024-02-02 12:19:31] <48092> TID -> [ilooda001m01012402021219313340]
 [2024-02-02 12:19:31] <48092> 3001[카드 결제 성공]
 [2024-02-02 12:19:31] <48092> END PYO  Laptime:[0.879sec]
 [2024-02-02 12:19:31] <48092> ===============================================================
 [2024-02-02 13:29:22] <136998> START NicepayLite PYO (V1.1B20140314(OS:Linux2.6.32-754.35.1.el6.x86_64,PHP:7.3.15))
 [2024-02-02 13:29:22] <136998> Connect to ssl://web.nicepay.co.kr:443
 [2024-02-02 13:29:22] <136998> ssl://web.nicepay.co.kr:443 Server Connect OK
 [2024-02-02 13:29:22] <136998> MSG_TO_SVR::[/lite/payProcess.jsp]
 [2024-02-02 13:29:23] <136998> TID -> [ilooda001m01012402021329240511]
 [2024-02-02 13:29:23] <136998> 3001[카드 결제 성공]
 [2024-02-02 13:29:23] <136998> END PYO  Laptime:[0.742sec]
 [2024-02-02 13:29:23] <136998> ===============================================================
 [2024-02-02 15:38:56] <75826> START NicepayLite PYO (V1.1B20140314(OS:Linux2.6.32-754.35.1.el6.x86_64,PHP:7.3.15))
 [2024-02-02 15:38:56] <75826> Connect to ssl://web.nicepay.co.kr:443
 [2024-02-02 15:38:56] <75826> ssl://web.nicepay.co.kr:443 Server Connect OK
 [2024-02-02 15:38:56] <75826> MSG_TO_SVR::[/lite/payProcess.jsp]
 [2024-02-02 15:38:57] <75826> TID -> [ilooda001m01012402021538576563]
 [2024-02-02 15:38:57] <75826> 3001[카드 결제 성공]
 [2024-02-02 15:38:57] <75826> END PYO  Laptime:[0.635sec]
 [2024-02-02 15:38:57] <75826> ===============================================================
 [2024-02-02 16:32:25] <34824> START NicepayLite PYO (V1.1B20140314(OS:Linux2.6.32-754.35.1.el6.x86_64,PHP:7.3.15))
 [2024-02-02 16:32:25] <34824> Connect to ssl://web.nicepay.co.kr:443
 [2024-02-02 16:32:25] <34824> ssl://web.nicepay.co.kr:443 Server Connect OK
 [2024-02-02 16:32:25] <34824> MSG_TO_SVR::[/lite/payProcess.jsp]
 [2024-02-02 16:32:26] <34824> TID -> [ilooda001m01012402021632267554]
 [2024-02-02 16:32:26] <34824> 3001[카드 결제 성공]
 [2024-02-02 16:32:26] <34824> END PYO  Laptime:[0.677sec]
 [2024-02-02 16:32:26] <34824> ===============================================================
 [2024-02-02 18:23:31] <123903> START NicepayLite PYO (V1.1B20140314(OS:Linux2.6.32-754.35.1.el6.x86_64,PHP:7.3.15))
 [2024-02-02 18:23:31] <123903> Connect to ssl://web.nicepay.co.kr:443
 [2024-02-02 18:23:31] <123903> ssl://web.nicepay.co.kr:443 Server Connect OK
 [2024-02-02 18:23:31] <123903> MSG_TO_SVR::[/lite/payProcess.jsp]
 [2024-02-02 18:23:32] <123903> TID -> [ilooda001m01012402021823332034]
 [2024-02-02 18:23:32] <123903> 3001[카드 결제 성공]
 [2024-02-02 18:23:32] <123903> END PYO  Laptime:[0.494sec]
 [2024-02-02 18:23:32] <123903> ===============================================================
 [2024-02-02 18:24:34] <131203> START NicepayLite PYO (V1.1B20140314(OS:Linux2.6.32-754.35.1.el6.x86_64,PHP:7.3.15))
 [2024-02-02 18:24:34] <131203> Connect to ssl://web.nicepay.co.kr:443
 [2024-02-02 18:24:34] <131203> ssl://web.nicepay.co.kr:443 Server Connect OK
 [2024-02-02 18:24:34] <131203> MSG_TO_SVR::[/lite/payProcess.jsp]
 [2024-02-02 18:24:35] <131203> TID -> [ilooda001m01012402021824360459]
 [2024-02-02 18:24:35] <131203> 3001[카드 결제 성공]
 [2024-02-02 18:24:35] <131203> END PYO  Laptime:[0.764sec]
 [2024-02-02 18:24:35] <131203> ===============================================================
