 [2024-05-24 10:46:30] <129105> START NicepayLite PYO (V1.1B20140314(OS:Linux2.6.32-754.35.1.el6.x86_64,PHP:7.3.15))
 [2024-05-24 10:46:30] <129105> Connect to ssl://web.nicepay.co.kr:443
 [2024-05-24 10:46:30] <129105> ssl://web.nicepay.co.kr:443 Server Connect OK
 [2024-05-24 10:46:30] <129105> MSG_TO_SVR::[/lite/payProcess.jsp]
 [2024-05-24 10:46:31] <129105> TID -> [ilooda001m01012405241046307496]
 [2024-05-24 10:46:31] <129105> 3001[카드 결제 성공]
 [2024-05-24 10:46:31] <129105> END PYO  Laptime:[0.604sec]
 [2024-05-24 10:46:31] <129105> ===============================================================
 [2024-05-24 11:26:03] <4237> START NicepayLite PYO (V1.1B20140314(OS:Linux2.6.32-754.35.1.el6.x86_64,PHP:7.3.15))
 [2024-05-24 11:26:03] <4237> Connect to ssl://web.nicepay.co.kr:443
 [2024-05-24 11:26:03] <4237> ssl://web.nicepay.co.kr:443 Server Connect OK
 [2024-05-24 11:26:03] <4237> MSG_TO_SVR::[/lite/payProcess.jsp]
 [2024-05-24 11:26:04] <4237> TID -> [ilooda001m01012405241126037850]
 [2024-05-24 11:26:04] <4237> 3001[카드 결제 성공]
 [2024-05-24 11:26:04] <4237> END PYO  Laptime:[0.543sec]
 [2024-05-24 11:26:04] <4237> ===============================================================
 [2024-05-24 11:31:18] <46818> START NicepayLite PYO (V1.1B20140314(OS:Linux2.6.32-754.35.1.el6.x86_64,PHP:7.3.15))
 [2024-05-24 11:31:18] <46818> Connect to ssl://web.nicepay.co.kr:443
 [2024-05-24 11:31:18] <46818> ssl://web.nicepay.co.kr:443 Server Connect OK
 [2024-05-24 11:31:18] <46818> MSG_TO_SVR::[/lite/payProcess.jsp]
 [2024-05-24 11:31:19] <46818> TID -> [ilooda001m01012405241131186039]
 [2024-05-24 11:31:19] <46818> 3001[카드 결제 성공]
 [2024-05-24 11:31:19] <46818> END PYO  Laptime:[0.671sec]
 [2024-05-24 11:31:19] <46818> ===============================================================
 [2024-05-24 12:05:32] <16289> START NicepayLite PYO (V1.1B20140314(OS:Linux2.6.32-754.35.1.el6.x86_64,PHP:7.3.15))
 [2024-05-24 12:05:32] <16289> Connect to ssl://web.nicepay.co.kr:443
 [2024-05-24 12:05:32] <16289> ssl://web.nicepay.co.kr:443 Server Connect OK
 [2024-05-24 12:05:32] <16289> MSG_TO_SVR::[/lite/payProcess.jsp]
 [2024-05-24 12:05:32] <16289> TID -> [ilooda001m01012405241205323937]
 [2024-05-24 12:05:32] <16289> 3001[카드 결제 성공]
 [2024-05-24 12:05:32] <16289> END PYO  Laptime:[0.609sec]
 [2024-05-24 12:05:32] <16289> ===============================================================
 [2024-05-24 12:43:09] <15410> START NicepayLite PYO (V1.1B20140314(OS:Linux2.6.32-754.35.1.el6.x86_64,PHP:7.3.15))
 [2024-05-24 12:43:09] <15410> Connect to ssl://web.nicepay.co.kr:443
 [2024-05-24 12:43:09] <15410> ssl://web.nicepay.co.kr:443 Server Connect OK
 [2024-05-24 12:43:09] <15410> MSG_TO_SVR::[/lite/payProcess.jsp]
 [2024-05-24 12:43:10] <15410> TID -> [ilooda001m01012405241243099508]
 [2024-05-24 12:43:10] <15410> 3001[카드 결제 성공]
 [2024-05-24 12:43:10] <15410> END PYO  Laptime:[0.54sec]
 [2024-05-24 12:43:10] <15410> ===============================================================
 [2024-05-24 13:07:57] <53928> START NicepayLite PYO (V1.1B20140314(OS:Linux2.6.32-754.35.1.el6.x86_64,PHP:7.3.15))
 [2024-05-24 13:07:57] <53928> Connect to ssl://web.nicepay.co.kr:443
 [2024-05-24 13:07:57] <53928> ssl://web.nicepay.co.kr:443 Server Connect OK
 [2024-05-24 13:07:57] <53928> MSG_TO_SVR::[/lite/payProcess.jsp]
 [2024-05-24 13:07:58] <53928> TID -> [ilooda001m01012405241307581836]
 [2024-05-24 13:07:58] <53928> 3001[카드 결제 성공]
 [2024-05-24 13:07:58] <53928> END PYO  Laptime:[0.411sec]
 [2024-05-24 13:07:58] <53928> ===============================================================
 [2024-05-24 14:59:02] <25849> START NicepayLite PYO (V1.1B20140314(OS:Linux2.6.32-754.35.1.el6.x86_64,PHP:7.3.15))
 [2024-05-24 14:59:02] <25849> Connect to ssl://web.nicepay.co.kr:443
 [2024-05-24 14:59:02] <25849> ssl://web.nicepay.co.kr:443 Server Connect OK
 [2024-05-24 14:59:02] <25849> MSG_TO_SVR::[/lite/payProcess.jsp]
 [2024-05-24 14:59:03] <25849> TID -> [ilooda001m01012405241459027338]
 [2024-05-24 14:59:03] <25849> 3001[카드 결제 성공]
 [2024-05-24 14:59:03] <25849> END PYO  Laptime:[0.852sec]
 [2024-05-24 14:59:03] <25849> ===============================================================
 [2024-05-24 15:10:00] <109308> START NicepayLite PYO (V1.1B20140314(OS:Linux2.6.32-754.35.1.el6.x86_64,PHP:7.3.15))
 [2024-05-24 15:10:00] <109308> Connect to ssl://web.nicepay.co.kr:443
 [2024-05-24 15:10:00] <109308> ssl://web.nicepay.co.kr:443 Server Connect OK
 [2024-05-24 15:10:00] <109308> MSG_TO_SVR::[/lite/payProcess.jsp]
 [2024-05-24 15:10:01] <109308> TID -> [ilooda001m01012405241510007411]
 [2024-05-24 15:10:01] <109308> 3001[카드 결제 성공]
 [2024-05-24 15:10:01] <109308> END PYO  Laptime:[0.714sec]
 [2024-05-24 15:10:01] <109308> ===============================================================
 [2024-05-24 15:49:36] <123307> START NicepayLite PYO (V1.1B20140314(OS:Linux2.6.32-754.35.1.el6.x86_64,PHP:7.3.15))
 [2024-05-24 15:49:36] <123307> Connect to ssl://web.nicepay.co.kr:443
 [2024-05-24 15:49:36] <123307> ssl://web.nicepay.co.kr:443 Server Connect OK
 [2024-05-24 15:49:36] <123307> MSG_TO_SVR::[/lite/payProcess.jsp]
 [2024-05-24 15:49:37] <123307> TID -> [ilooda001m01012405241549371030]
 [2024-05-24 15:49:37] <123307> 3001[카드 결제 성공]
 [2024-05-24 15:49:37] <123307> END PYO  Laptime:[0.586sec]
 [2024-05-24 15:49:37] <123307> ===============================================================
 [2024-05-24 17:14:53] <54374> START NicepayLite PYO (V1.1B20140314(OS:Linux2.6.32-754.35.1.el6.x86_64,PHP:7.3.15))
 [2024-05-24 17:14:53] <54374> Connect to ssl://web.nicepay.co.kr:443
 [2024-05-24 17:14:53] <54374> ssl://web.nicepay.co.kr:443 Server Connect OK
 [2024-05-24 17:14:53] <54374> MSG_TO_SVR::[/lite/payProcess.jsp]
 [2024-05-24 17:14:54] <54374> TID -> [ilooda001m01012405241714539570]
 [2024-05-24 17:14:54] <54374> 3001[카드 결제 성공]
 [2024-05-24 17:14:54] <54374> END PYO  Laptime:[1.219sec]
 [2024-05-24 17:14:54] <54374> ===============================================================
 [2024-05-24 17:46:48] <17503> START NicepayLite PYO (V1.1B20140314(OS:Linux2.6.32-754.35.1.el6.x86_64,PHP:7.3.15))
 [2024-05-24 17:46:48] <17503> Connect to ssl://web.nicepay.co.kr:443
 [2024-05-24 17:46:48] <17503> ssl://web.nicepay.co.kr:443 Server Connect OK
 [2024-05-24 17:46:48] <17503> MSG_TO_SVR::[/lite/payProcess.jsp]
 [2024-05-24 17:46:48] <17503> TID -> [ilooda001m01012405241746486347]
 [2024-05-24 17:46:48] <17503> 3001[카드 결제 성공]
 [2024-05-24 17:46:48] <17503> END PYO  Laptime:[0.525sec]
 [2024-05-24 17:46:48] <17503> ===============================================================
 [2024-05-24 18:31:42] <88485> START NicepayLite PYO (V1.1B20140314(OS:Linux2.6.32-754.35.1.el6.x86_64,PHP:7.3.15))
 [2024-05-24 18:31:42] <88485> Connect to ssl://web.nicepay.co.kr:443
 [2024-05-24 18:31:42] <88485> ssl://web.nicepay.co.kr:443 Server Connect OK
 [2024-05-24 18:31:42] <88485> MSG_TO_SVR::[/lite/payProcess.jsp]
 [2024-05-24 18:31:43] <88485> TID -> [ilooda001m01012405241831430714]
 [2024-05-24 18:31:43] <88485> 3001[카드 결제 성공]
 [2024-05-24 18:31:43] <88485> END PYO  Laptime:[0.5sec]
 [2024-05-24 18:31:43] <88485> ===============================================================
