 [2023-11-28 10:46:11] <76852> START NicepayLite PYO (V1.1B20140314(OS:Linux2.6.32-754.35.1.el6.x86_64,PHP:7.3.15))
 [2023-11-28 10:46:11] <76852> Connect to ssl://web.nicepay.co.kr:443
 [2023-11-28 10:46:11] <76852> ssl://web.nicepay.co.kr:443 Server Connect OK
 [2023-11-28 10:46:11] <76852> MSG_TO_SVR::[/lite/payProcess.jsp]
 [2023-11-28 10:46:12] <76852> TID -> [ilooda001m01012311281046121439]
 [2023-11-28 10:46:12] <76852> 3001[카드 결제 성공]
 [2023-11-28 10:46:12] <76852> END PYO  Laptime:[0.939sec]
 [2023-11-28 10:46:12] <76852> ===============================================================
 [2023-11-28 10:48:13] <98008> START NicepayLite PYO (V1.1B20140314(OS:Linux2.6.32-754.35.1.el6.x86_64,PHP:7.3.15))
 [2023-11-28 10:48:13] <98008> Connect to ssl://web.nicepay.co.kr:443
 [2023-11-28 10:48:13] <98008> ssl://web.nicepay.co.kr:443 Server Connect OK
 [2023-11-28 10:48:13] <98008> MSG_TO_SVR::[/lite/payProcess.jsp]
 [2023-11-28 10:48:14] <98008> TID -> [ilooda001m01012311281048140203]
 [2023-11-28 10:48:14] <98008> 3001[카드 결제 성공]
 [2023-11-28 10:48:14] <98008> END PYO  Laptime:[0.694sec]
 [2023-11-28 10:48:14] <98008> ===============================================================
 [2023-11-28 12:02:44] <43275> START NicepayLite PYO (V1.1B20140314(OS:Linux2.6.32-754.35.1.el6.x86_64,PHP:7.3.15))
 [2023-11-28 12:02:44] <43275> Connect to ssl://web.nicepay.co.kr:443
 [2023-11-28 12:02:44] <43275> ssl://web.nicepay.co.kr:443 Server Connect OK
 [2023-11-28 12:02:44] <43275> MSG_TO_SVR::[/lite/payProcess.jsp]
 [2023-11-28 12:02:45] <43275> TID -> [ilooda001m01012311281202450620]
 [2023-11-28 12:02:45] <43275> 3001[카드 결제 성공]
 [2023-11-28 12:02:45] <43275> END PYO  Laptime:[0.482sec]
 [2023-11-28 12:02:45] <43275> ===============================================================
 [2023-11-28 12:46:27] <62995> START NicepayLite PYO (V1.1B20140314(OS:Linux2.6.32-754.35.1.el6.x86_64,PHP:7.3.15))
 [2023-11-28 12:46:27] <62995> Connect to ssl://web.nicepay.co.kr:443
 [2023-11-28 12:46:27] <62995> ssl://web.nicepay.co.kr:443 Server Connect OK
 [2023-11-28 12:46:27] <62995> MSG_TO_SVR::[/lite/payProcess.jsp]
 [2023-11-28 12:46:28] <62995> TID -> [ilooda001m01012311281246283709]
 [2023-11-28 12:46:28] <62995> 3001[카드 결제 성공]
 [2023-11-28 12:46:28] <62995> END PYO  Laptime:[0.421sec]
 [2023-11-28 12:46:28] <62995> ===============================================================
 [2023-11-28 12:58:50] <1554> START NicepayLite PYO (V1.1B20140314(OS:Linux2.6.32-754.35.1.el6.x86_64,PHP:7.3.15))
 [2023-11-28 12:58:50] <1554> Connect to ssl://web.nicepay.co.kr:443
 [2023-11-28 12:58:50] <1554> ssl://web.nicepay.co.kr:443 Server Connect OK
 [2023-11-28 12:58:50] <1554> MSG_TO_SVR::[/lite/payProcess.jsp]
 [2023-11-28 12:58:50] <1554> TID -> [ilooda001m01012311281258508681]
 [2023-11-28 12:58:50] <1554> 3001[카드 결제 성공]
 [2023-11-28 12:58:50] <1554> END PYO  Laptime:[0.346sec]
 [2023-11-28 12:58:50] <1554> ===============================================================
 [2023-11-28 14:15:00] <106332> START NicepayLite PYO (V1.1B20140314(OS:Linux2.6.32-754.35.1.el6.x86_64,PHP:7.3.15))
 [2023-11-28 14:15:00] <106332> Connect to ssl://web.nicepay.co.kr:443
 [2023-11-28 14:15:00] <106332> ssl://web.nicepay.co.kr:443 Server Connect OK
 [2023-11-28 14:15:00] <106332> MSG_TO_SVR::[/lite/payProcess.jsp]
 [2023-11-28 14:15:00] <106332> TID -> [ilooda001m01012311281415005561]
 [2023-11-28 14:15:00] <106332> 3001[카드 결제 성공]
 [2023-11-28 14:15:00] <106332> END PYO  Laptime:[0.559sec]
 [2023-11-28 14:15:00] <106332> ===============================================================
 [2023-11-28 18:02:56] <136836> START NicepayLite PYO (V1.1B20140314(OS:Linux2.6.32-754.35.1.el6.x86_64,PHP:7.3.15))
 [2023-11-28 18:02:56] <136836> Connect to ssl://web.nicepay.co.kr:443
 [2023-11-28 18:02:56] <136836> ssl://web.nicepay.co.kr:443 Server Connect OK
 [2023-11-28 18:02:56] <136836> MSG_TO_SVR::[/lite/payProcess.jsp]
 [2023-11-28 18:02:56] <136836> TID -> [ilooda001m01012311281802567215]
 [2023-11-28 18:02:56] <136836> 3001[카드 결제 성공]
 [2023-11-28 18:02:56] <136836> END PYO  Laptime:[0.648sec]
 [2023-11-28 18:02:56] <136836> ===============================================================
 [2023-11-28 18:27:50] <19716> START NicepayLite PYO (V1.1B20140314(OS:Linux2.6.32-754.35.1.el6.x86_64,PHP:7.3.15))
 [2023-11-28 18:27:50] <19716> Connect to ssl://web.nicepay.co.kr:443
 [2023-11-28 18:27:51] <19716> ssl://web.nicepay.co.kr:443 Server Connect OK
 [2023-11-28 18:27:51] <19716> MSG_TO_SVR::[/lite/payProcess.jsp]
 [2023-11-28 18:27:51] <19716> TID -> [ilooda001m01012311281827516033]
 [2023-11-28 18:27:51] <19716> 3001[카드 결제 성공]
 [2023-11-28 18:27:51] <19716> END PYO  Laptime:[0.514sec]
 [2023-11-28 18:27:51] <19716> ===============================================================
