 [2024-05-27 10:23:04] <73471> START NicepayLite PYO (V1.1B20140314(OS:Linux2.6.32-754.35.1.el6.x86_64,PHP:7.3.15))
 [2024-05-27 10:23:04] <73471> Connect to ssl://web.nicepay.co.kr:443
 [2024-05-27 10:23:04] <73471> ssl://web.nicepay.co.kr:443 Server Connect OK
 [2024-05-27 10:23:04] <73471> MSG_TO_SVR::[/lite/payProcess.jsp]
 [2024-05-27 10:23:05] <73471> TID -> [ilooda001m01012405271023049102]
 [2024-05-27 10:23:05] <73471> 3001[카드 결제 성공]
 [2024-05-27 10:23:05] <73471> END PYO  Laptime:[1.191sec]
 [2024-05-27 10:23:05] <73471> ===============================================================
 [2024-05-27 11:53:05] <81794> START NicepayLite PYO (V1.1B20140314(OS:Linux2.6.32-754.35.1.el6.x86_64,PHP:7.3.15))
 [2024-05-27 11:53:05] <81794> Connect to ssl://web.nicepay.co.kr:443
 [2024-05-27 11:53:05] <81794> ssl://web.nicepay.co.kr:443 Server Connect OK
 [2024-05-27 11:53:05] <81794> MSG_TO_SVR::[/lite/payProcess.jsp]
 [2024-05-27 11:53:06] <81794> TID -> [ilooda001m01012405271153064265]
 [2024-05-27 11:53:06] <81794> 3001[카드 결제 성공]
 [2024-05-27 11:53:06] <81794> END PYO  Laptime:[0.546sec]
 [2024-05-27 11:53:06] <81794> ===============================================================
 [2024-05-27 12:09:37] <61536> START NicepayLite PYO (V1.1B20140314(OS:Linux2.6.32-754.35.1.el6.x86_64,PHP:7.3.15))
 [2024-05-27 12:09:37] <61536> Connect to ssl://web.nicepay.co.kr:443
 [2024-05-27 12:09:37] <61536> ssl://web.nicepay.co.kr:443 Server Connect OK
 [2024-05-27 12:09:37] <61536> MSG_TO_SVR::[/lite/payProcess.jsp]
 [2024-05-27 12:09:38] <61536> TID -> [ilooda001m01012405271209383062]
 [2024-05-27 12:09:38] <61536> 3001[카드 결제 성공]
 [2024-05-27 12:09:38] <61536> END PYO  Laptime:[0.692sec]
 [2024-05-27 12:09:38] <61536> ===============================================================
 [2024-05-27 12:55:48] <133676> START NicepayLite PYO (V1.1B20140314(OS:Linux2.6.32-754.35.1.el6.x86_64,PHP:7.3.15))
 [2024-05-27 12:55:48] <133676> Connect to ssl://web.nicepay.co.kr:443
 [2024-05-27 12:55:48] <133676> ssl://web.nicepay.co.kr:443 Server Connect OK
 [2024-05-27 12:55:48] <133676> MSG_TO_SVR::[/lite/payProcess.jsp]
 [2024-05-27 12:55:49] <133676> TID -> [ilooda001m01012405271255493375]
 [2024-05-27 12:55:49] <133676> 3001[카드 결제 성공]
 [2024-05-27 12:55:49] <133676> END PYO  Laptime:[0.657sec]
 [2024-05-27 12:55:49] <133676> ===============================================================
 [2024-05-27 13:13:46] <129493> START NicepayLite PYO (V1.1B20140314(OS:Linux2.6.32-754.35.1.el6.x86_64,PHP:7.3.15))
 [2024-05-27 13:13:46] <129493> Connect to ssl://web.nicepay.co.kr:443
 [2024-05-27 13:13:46] <129493> ssl://web.nicepay.co.kr:443 Server Connect OK
 [2024-05-27 13:13:46] <129493> MSG_TO_SVR::[/lite/payProcess.jsp]
 [2024-05-27 13:13:46] <129493> TID -> [ilooda001m01012405271313467744]
 [2024-05-27 13:13:46] <129493> 3001[카드 결제 성공]
 [2024-05-27 13:13:46] <129493> END PYO  Laptime:[0.43sec]
 [2024-05-27 13:13:46] <129493> ===============================================================
 [2024-05-27 14:08:30] <124614> START NicepayLite PYO (V1.1B20140314(OS:Linux2.6.32-754.35.1.el6.x86_64,PHP:7.3.15))
 [2024-05-27 14:08:30] <124614> Connect to ssl://web.nicepay.co.kr:443
 [2024-05-27 14:08:30] <124614> ssl://web.nicepay.co.kr:443 Server Connect OK
 [2024-05-27 14:08:30] <124614> MSG_TO_SVR::[/lite/payProcess.jsp]
 [2024-05-27 14:08:30] <124614> TID -> [ilooda001m01012405271408307918]
 [2024-05-27 14:08:30] <124614> 3001[카드 결제 성공]
 [2024-05-27 14:08:30] <124614> END PYO  Laptime:[0.557sec]
 [2024-05-27 14:08:30] <124614> ===============================================================
 [2024-05-27 16:15:06] <132790> START NicepayLite PYO (V1.1B20140314(OS:Linux2.6.32-754.35.1.el6.x86_64,PHP:7.3.15))
 [2024-05-27 16:15:06] <132790> Connect to ssl://web.nicepay.co.kr:443
 [2024-05-27 16:15:06] <132790> ssl://web.nicepay.co.kr:443 Server Connect OK
 [2024-05-27 16:15:06] <132790> MSG_TO_SVR::[/lite/payProcess.jsp]
 [2024-05-27 16:15:07] <132790> TID -> [ilooda001m01012405271615072055]
 [2024-05-27 16:15:07] <132790> 3001[카드 결제 성공]
 [2024-05-27 16:15:07] <132790> END PYO  Laptime:[0.651sec]
 [2024-05-27 16:15:07] <132790> ===============================================================
 [2024-05-27 16:18:41] <9871> START NicepayLite PYO (V1.1B20140314(OS:Linux2.6.32-754.35.1.el6.x86_64,PHP:7.3.15))
 [2024-05-27 16:18:41] <9871> Connect to ssl://web.nicepay.co.kr:443
 [2024-05-27 16:18:41] <9871> ssl://web.nicepay.co.kr:443 Server Connect OK
 [2024-05-27 16:18:41] <9871> MSG_TO_SVR::[/lite/payProcess.jsp]
 [2024-05-27 16:18:41] <9871> TID -> [ilooda001m01012405271618417790]
 [2024-05-27 16:18:41] <9871> 3001[카드 결제 성공]
 [2024-05-27 16:18:41] <9871> END PYO  Laptime:[0.78sec]
 [2024-05-27 16:18:41] <9871> ===============================================================
