 [2023-12-07 11:03:17] <33185> START NicepayLite PYO (V1.1B20140314(OS:Linux2.6.32-754.35.1.el6.x86_64,PHP:7.3.15))
 [2023-12-07 11:03:17] <33185> Connect to ssl://web.nicepay.co.kr:443
 [2023-12-07 11:03:18] <33185> ssl://web.nicepay.co.kr:443 Server Connect OK
 [2023-12-07 11:03:18] <33185> MSG_TO_SVR::[/lite/payProcess.jsp]
 [2023-12-07 11:03:18] <33185> TID -> [ilooda001m01012312071103193483]
 [2023-12-07 11:03:18] <33185> 3001[카드 결제 성공]
 [2023-12-07 11:03:18] <33185> END PYO  Laptime:[0.77sec]
 [2023-12-07 11:03:18] <33185> ===============================================================
 [2023-12-07 12:25:02] <31603> START NicepayLite PYO (V1.1B20140314(OS:Linux2.6.32-754.35.1.el6.x86_64,PHP:7.3.15))
 [2023-12-07 12:25:02] <31603> Connect to ssl://web.nicepay.co.kr:443
 [2023-12-07 12:25:02] <31603> ssl://web.nicepay.co.kr:443 Server Connect OK
 [2023-12-07 12:25:02] <31603> MSG_TO_SVR::[/lite/payProcess.jsp]
 [2023-12-07 12:25:03] <31603> TID -> [ilooda001m01012312071225042915]
 [2023-12-07 12:25:03] <31603> 3001[카드 결제 성공]
 [2023-12-07 12:25:03] <31603> END PYO  Laptime:[0.69sec]
 [2023-12-07 12:25:03] <31603> ===============================================================
 [2023-12-07 13:02:08] <7517> START NicepayLite PYO (V1.1B20140314(OS:Linux2.6.32-754.35.1.el6.x86_64,PHP:7.3.15))
 [2023-12-07 13:02:08] <7517> Connect to ssl://web.nicepay.co.kr:443
 [2023-12-07 13:02:08] <7517> ssl://web.nicepay.co.kr:443 Server Connect OK
 [2023-12-07 13:02:08] <7517> MSG_TO_SVR::[/lite/payProcess.jsp]
 [2023-12-07 13:02:09] <7517> TID -> [ilooda001m01012312071302101476]
 [2023-12-07 13:02:09] <7517> 3001[카드 결제 성공]
 [2023-12-07 13:02:09] <7517> END PYO  Laptime:[0.307sec]
 [2023-12-07 13:02:09] <7517> ===============================================================
 [2023-12-07 15:04:56] <3446> START NicepayLite PYO (V1.1B20140314(OS:Linux2.6.32-754.35.1.el6.x86_64,PHP:7.3.15))
 [2023-12-07 15:04:56] <3446> Connect to ssl://web.nicepay.co.kr:443
 [2023-12-07 15:04:56] <3446> ssl://web.nicepay.co.kr:443 Server Connect OK
 [2023-12-07 15:04:56] <3446> MSG_TO_SVR::[/lite/payProcess.jsp]
 [2023-12-07 15:04:57] <3446> TID -> [ilooda001m01012312071504580433]
 [2023-12-07 15:04:57] <3446> 3001[카드 결제 성공]
 [2023-12-07 15:04:57] <3446> END PYO  Laptime:[0.999sec]
 [2023-12-07 15:04:57] <3446> ===============================================================
 [2023-12-07 15:11:53] <54819> START NicepayLite PYO (V1.1B20140314(OS:Linux2.6.32-754.35.1.el6.x86_64,PHP:7.3.15))
 [2023-12-07 15:11:53] <54819> Connect to ssl://web.nicepay.co.kr:443
 [2023-12-07 15:11:53] <54819> ssl://web.nicepay.co.kr:443 Server Connect OK
 [2023-12-07 15:11:53] <54819> MSG_TO_SVR::[/lite/payProcess.jsp]
 [2023-12-07 15:11:54] <54819> TID -> [ilooda001m01012312071511549760]
 [2023-12-07 15:11:54] <54819> 3001[카드 결제 성공]
 [2023-12-07 15:11:54] <54819> END PYO  Laptime:[0.714sec]
 [2023-12-07 15:11:54] <54819> ===============================================================
 [2023-12-07 15:15:04] <82364> START NicepayLite PYO (V1.1B20140314(OS:Linux2.6.32-754.35.1.el6.x86_64,PHP:7.3.15))
 [2023-12-07 15:15:04] <82364> Connect to ssl://web.nicepay.co.kr:443
 [2023-12-07 15:15:04] <82364> ssl://web.nicepay.co.kr:443 Server Connect OK
 [2023-12-07 15:15:04] <82364> MSG_TO_SVR::[/lite/payProcess.jsp]
 [2023-12-07 15:15:04] <82364> TID -> [ilooda001m01012312071515054989]
 [2023-12-07 15:15:04] <82364> 3001[카드 결제 성공]
 [2023-12-07 15:15:04] <82364> END PYO  Laptime:[0.771sec]
 [2023-12-07 15:15:04] <82364> ===============================================================
 [2023-12-07 17:09:31] <20218> START NicepayLite PYO (V1.1B20140314(OS:Linux2.6.32-754.35.1.el6.x86_64,PHP:7.3.15))
 [2023-12-07 17:09:31] <20218> Connect to ssl://web.nicepay.co.kr:443
 [2023-12-07 17:09:31] <20218> ssl://web.nicepay.co.kr:443 Server Connect OK
 [2023-12-07 17:09:31] <20218> MSG_TO_SVR::[/lite/payProcess.jsp]
 [2023-12-07 17:09:31] <20218> TID -> [ilooda001m01012312071709326437]
 [2023-12-07 17:09:31] <20218> 3001[카드 결제 성공]
 [2023-12-07 17:09:31] <20218> END PYO  Laptime:[0.538sec]
 [2023-12-07 17:09:31] <20218> ===============================================================
 [2023-12-07 18:02:40] <105023> START NicepayLite PYO (V1.1B20140314(OS:Linux2.6.32-754.35.1.el6.x86_64,PHP:7.3.15))
 [2023-12-07 18:02:40] <105023> Connect to ssl://web.nicepay.co.kr:443
 [2023-12-07 18:02:40] <105023> ssl://web.nicepay.co.kr:443 Server Connect OK
 [2023-12-07 18:02:40] <105023> MSG_TO_SVR::[/lite/payProcess.jsp]
 [2023-12-07 18:02:41] <105023> TID -> [ilooda001m01012312071802421392]
 [2023-12-07 18:02:41] <105023> 3001[카드 결제 성공]
 [2023-12-07 18:02:41] <105023> END PYO  Laptime:[0.547sec]
 [2023-12-07 18:02:41] <105023> ===============================================================
 [2023-12-07 18:03:53] <112186> START NicepayLite PYO (V1.1B20140314(OS:Linux2.6.32-754.35.1.el6.x86_64,PHP:7.3.15))
 [2023-12-07 18:03:53] <112186> Connect to ssl://web.nicepay.co.kr:443
 [2023-12-07 18:03:53] <112186> ssl://web.nicepay.co.kr:443 Server Connect OK
 [2023-12-07 18:03:53] <112186> MSG_TO_SVR::[/lite/payProcess.jsp]
 [2023-12-07 18:03:53] <112186> TID -> [ilooda001m01012312071803548658]
 [2023-12-07 18:03:53] <112186> 3001[카드 결제 성공]
 [2023-12-07 18:03:53] <112186> END PYO  Laptime:[0.382sec]
 [2023-12-07 18:03:53] <112186> ===============================================================
 [2023-12-07 18:23:51] <107751> START NicepayLite PYO (V1.1B20140314(OS:Linux2.6.32-754.35.1.el6.x86_64,PHP:7.3.15))
 [2023-12-07 18:23:51] <107751> Connect to ssl://web.nicepay.co.kr:443
 [2023-12-07 18:23:51] <107751> ssl://web.nicepay.co.kr:443 Server Connect OK
 [2023-12-07 18:23:51] <107751> MSG_TO_SVR::[/lite/payProcess.jsp]
 [2023-12-07 18:23:52] <107751> TID -> [ilooda001m01012312071823528753]
 [2023-12-07 18:23:52] <107751> 3001[카드 결제 성공]
 [2023-12-07 18:23:52] <107751> END PYO  Laptime:[0.704sec]
 [2023-12-07 18:23:52] <107751> ===============================================================
 [2023-12-07 18:48:57] <140195> START NicepayLite PYO (V1.1B20140314(OS:Linux2.6.32-754.35.1.el6.x86_64,PHP:7.3.15))
 [2023-12-07 18:48:57] <140195> Connect to ssl://web.nicepay.co.kr:443
 [2023-12-07 18:48:57] <140195> ssl://web.nicepay.co.kr:443 Server Connect OK
 [2023-12-07 18:48:57] <140195> MSG_TO_SVR::[/lite/payProcess.jsp]
 [2023-12-07 18:48:58] <140195> TID -> [ilooda001m01012312071848592039]
 [2023-12-07 18:48:58] <140195> 3001[카드 결제 성공]
 [2023-12-07 18:48:58] <140195> END PYO  Laptime:[1.281sec]
 [2023-12-07 18:48:58] <140195> ===============================================================
 [2023-12-07 19:13:00] <18216> START NicepayLite PYO (V1.1B20140314(OS:Linux2.6.32-754.35.1.el6.x86_64,PHP:7.3.15))
 [2023-12-07 19:13:00] <18216> Connect to ssl://web.nicepay.co.kr:443
 [2023-12-07 19:13:00] <18216> ssl://web.nicepay.co.kr:443 Server Connect OK
 [2023-12-07 19:13:00] <18216> MSG_TO_SVR::[/lite/payProcess.jsp]
 [2023-12-07 19:13:01] <18216> TID -> [ilooda001m01012312071913024499]
 [2023-12-07 19:13:01] <18216> 3001[카드 결제 성공]
 [2023-12-07 19:13:01] <18216> END PYO  Laptime:[0.77sec]
 [2023-12-07 19:13:01] <18216> ===============================================================
