 [2023-11-15 08:10:42] <137757> START NicepayLite PYO (V1.1B20140314(OS:Linux2.6.32-754.35.1.el6.x86_64,PHP:7.3.15))
 [2023-11-15 08:10:42] <137757> Connect to ssl://web.nicepay.co.kr:443
 [2023-11-15 08:10:43] <137757> ssl://web.nicepay.co.kr:443 Server Connect OK
 [2023-11-15 08:10:43] <137757> MSG_TO_SVR::[/lite/payProcess.jsp]
 [2023-11-15 08:10:43] <137757> TID -> [ilooda001m01012311150810441967]
 [2023-11-15 08:10:43] <137757> 3001[카드 결제 성공]
 [2023-11-15 08:10:43] <137757> END PYO  Laptime:[0.796sec]
 [2023-11-15 08:10:43] <137757> ===============================================================
 [2023-11-15 09:50:50] <96238> START NicepayLite PYO (V1.1B20140314(OS:Linux2.6.32-754.35.1.el6.x86_64,PHP:7.3.15))
 [2023-11-15 09:50:50] <96238> Connect to ssl://web.nicepay.co.kr:443
 [2023-11-15 09:50:50] <96238> ssl://web.nicepay.co.kr:443 Server Connect OK
 [2023-11-15 09:50:50] <96238> MSG_TO_SVR::[/lite/payProcess.jsp]
 [2023-11-15 09:50:51] <96238> TID -> [ilooda001m01012311150950520594]
 [2023-11-15 09:50:51] <96238> 3001[카드 결제 성공]
 [2023-11-15 09:50:51] <96238> END PYO  Laptime:[1.135sec]
 [2023-11-15 09:50:51] <96238> ===============================================================
 [2023-11-15 11:55:21] <83397> START NicepayLite PYO (V1.1B20140314(OS:Linux2.6.32-754.35.1.el6.x86_64,PHP:7.3.15))
 [2023-11-15 11:55:21] <83397> Connect to ssl://web.nicepay.co.kr:443
 [2023-11-15 11:55:21] <83397> ssl://web.nicepay.co.kr:443 Server Connect OK
 [2023-11-15 11:55:21] <83397> MSG_TO_SVR::[/lite/payProcess.jsp]
 [2023-11-15 11:55:22] <83397> TID -> [ilooda001m01012311151155226223]
 [2023-11-15 11:55:22] <83397> 3001[카드 결제 성공]
 [2023-11-15 11:55:22] <83397> END PYO  Laptime:[0.862sec]
 [2023-11-15 11:55:22] <83397> ===============================================================
 [2023-11-15 16:33:42] <113618> START NicepayLite PYO (V1.1B20140314(OS:Linux2.6.32-754.35.1.el6.x86_64,PHP:7.3.15))
 [2023-11-15 16:33:42] <113618> Connect to ssl://web.nicepay.co.kr:443
 [2023-11-15 16:33:42] <113618> ssl://web.nicepay.co.kr:443 Server Connect OK
 [2023-11-15 16:33:42] <113618> MSG_TO_SVR::[/lite/payProcess.jsp]
 [2023-11-15 16:33:43] <113618> TID -> [ilooda001m01012311151633438495]
 [2023-11-15 16:33:43] <113618> 3001[카드 결제 성공]
 [2023-11-15 16:33:43] <113618> END PYO  Laptime:[0.576sec]
 [2023-11-15 16:33:43] <113618> ===============================================================
 [2023-11-15 18:00:54] <139434> START NicepayLite PYO (V1.1B20140314(OS:Linux2.6.32-754.35.1.el6.x86_64,PHP:7.3.15))
 [2023-11-15 18:00:54] <139434> Connect to ssl://web.nicepay.co.kr:443
 [2023-11-15 18:00:54] <139434> ssl://web.nicepay.co.kr:443 Server Connect OK
 [2023-11-15 18:00:54] <139434> MSG_TO_SVR::[/lite/payProcess.jsp]
 [2023-11-15 18:00:55] <139434> TID -> [ilooda001m01012311151800557833]
 [2023-11-15 18:00:55] <139434> 3001[카드 결제 성공]
 [2023-11-15 18:00:55] <139434> END PYO  Laptime:[0.589sec]
 [2023-11-15 18:00:55] <139434> ===============================================================
 [2023-11-15 19:34:58] <58799> START NicepayLite PYO (V1.1B20140314(OS:Linux2.6.32-754.35.1.el6.x86_64,PHP:7.3.15))
 [2023-11-15 19:34:58] <58799> Connect to ssl://web.nicepay.co.kr:443
 [2023-11-15 19:34:58] <58799> ssl://web.nicepay.co.kr:443 Server Connect OK
 [2023-11-15 19:34:58] <58799> MSG_TO_SVR::[/lite/payProcess.jsp]
 [2023-11-15 19:34:59] <58799> TID -> [ilooda001m01012311151934594262]
 [2023-11-15 19:34:59] <58799> 3001[카드 결제 성공]
 [2023-11-15 19:34:59] <58799> END PYO  Laptime:[1.065sec]
 [2023-11-15 19:34:59] <58799> ===============================================================
