 [2024-05-23 18:15:49] <140727> START NicepayLite PYO (V1.1B20140314(OS:Linux2.6.32-754.35.1.el6.x86_64,PHP:7.3.15))
 [2024-05-23 18:15:49] <140727> Connect to ssl://web.nicepay.co.kr:443
 [2024-05-23 18:15:49] <140727> ssl://web.nicepay.co.kr:443 Server Connect OK
 [2024-05-23 18:15:49] <140727> MSG_TO_SVR::[/lite/payProcess.jsp]
 [2024-05-23 18:15:50] <140727> TID -> [ilooda001m01012405231815503881]
 [2024-05-23 18:15:50] <140727> 3001[카드 결제 성공]
 [2024-05-23 18:15:50] <140727> END PYO  Laptime:[0.991sec]
 [2024-05-23 18:15:50] <140727> ===============================================================
 [2024-05-23 18:34:08] <137847> START NicepayLite PYO (V1.1B20140314(OS:Linux2.6.32-754.35.1.el6.x86_64,PHP:7.3.15))
 [2024-05-23 18:34:08] <137847> Connect to ssl://web.nicepay.co.kr:443
 [2024-05-23 18:34:08] <137847> ssl://web.nicepay.co.kr:443 Server Connect OK
 [2024-05-23 18:34:08] <137847> MSG_TO_SVR::[/lite/payProcess.jsp]
 [2024-05-23 18:34:09] <137847> TID -> [ilooda001m01012405231834091813]
 [2024-05-23 18:34:09] <137847> 1091[가족 한도 초과]
 [2024-05-23 18:34:09] <137847> END PYO  Laptime:[1.074sec]
 [2024-05-23 18:34:09] <137847> ===============================================================
 [2024-05-23 18:35:42] <145583> START NicepayLite PYO (V1.1B20140314(OS:Linux2.6.32-754.35.1.el6.x86_64,PHP:7.3.15))
 [2024-05-23 18:35:42] <145583> Connect to ssl://web.nicepay.co.kr:443
 [2024-05-23 18:35:42] <145583> ssl://web.nicepay.co.kr:443 Server Connect OK
 [2024-05-23 18:35:42] <145583> MSG_TO_SVR::[/lite/payProcess.jsp]
 [2024-05-23 18:35:43] <145583> TID -> [ilooda001m01012405231835437956]
 [2024-05-23 18:35:43] <145583> 1091[가족 한도 초과]
 [2024-05-23 18:35:43] <145583> END PYO  Laptime:[0.93sec]
 [2024-05-23 18:35:43] <145583> ===============================================================
