 [2024-02-08 10:27:34] <93513> START NicepayLite PYO (V1.1B20140314(OS:Linux2.6.32-754.35.1.el6.x86_64,PHP:7.3.15))
 [2024-02-08 10:27:34] <93513> Connect to ssl://web.nicepay.co.kr:443
 [2024-02-08 10:27:34] <93513> ssl://web.nicepay.co.kr:443 Server Connect OK
 [2024-02-08 10:27:34] <93513> MSG_TO_SVR::[/lite/payProcess.jsp]
 [2024-02-08 10:27:34] <93513> TID -> [ilooda001m01012402081027351751]
 [2024-02-08 10:27:34] <93513> 3001[카드 결제 성공]
 [2024-02-08 10:27:34] <93513> END PYO  Laptime:[0.52sec]
 [2024-02-08 10:27:34] <93513> ===============================================================
 [2024-02-08 15:26:21] <144897> START NicepayLite PYO (V1.1B20140314(OS:Linux2.6.32-754.35.1.el6.x86_64,PHP:7.3.15))
 [2024-02-08 15:26:21] <144897> Connect to ssl://web.nicepay.co.kr:443
 [2024-02-08 15:26:21] <144897> ssl://web.nicepay.co.kr:443 Server Connect OK
 [2024-02-08 15:26:21] <144897> MSG_TO_SVR::[/lite/payProcess.jsp]
 [2024-02-08 15:26:22] <144897> TID -> [ilooda001m01012402081526222201]
 [2024-02-08 15:26:22] <144897> 3001[카드 결제 성공]
 [2024-02-08 15:26:22] <144897> END PYO  Laptime:[1.207sec]
 [2024-02-08 15:26:22] <144897> ===============================================================
 [2024-02-08 17:54:35] <100671> START NicepayLite PYO (V1.1B20140314(OS:Linux2.6.32-754.35.1.el6.x86_64,PHP:7.3.15))
 [2024-02-08 17:54:35] <100671> Connect to ssl://web.nicepay.co.kr:443
 [2024-02-08 17:54:35] <100671> ssl://web.nicepay.co.kr:443 Server Connect OK
 [2024-02-08 17:54:35] <100671> MSG_TO_SVR::[/lite/payProcess.jsp]
 [2024-02-08 17:54:36] <100671> TID -> [ilooda001m01012402081754368522]
 [2024-02-08 17:54:36] <100671> 3001[카드 결제 성공]
 [2024-02-08 17:54:36] <100671> END PYO  Laptime:[0.53sec]
 [2024-02-08 17:54:36] <100671> ===============================================================
 [2024-02-08 18:23:19] <30031> START NicepayLite PYO (V1.1B20140314(OS:Linux2.6.32-754.35.1.el6.x86_64,PHP:7.3.15))
 [2024-02-08 18:23:19] <30031> Connect to ssl://web.nicepay.co.kr:443
 [2024-02-08 18:23:19] <30031> ssl://web.nicepay.co.kr:443 Server Connect OK
 [2024-02-08 18:23:19] <30031> MSG_TO_SVR::[/lite/payProcess.jsp]
 [2024-02-08 18:23:20] <30031> TID -> [ilooda001m01012402081823210218]
 [2024-02-08 18:23:20] <30031> 3001[카드 결제 성공]
 [2024-02-08 18:23:20] <30031> END PYO  Laptime:[0.641sec]
 [2024-02-08 18:23:20] <30031> ===============================================================
