 [2024-01-13 12:13:36] <80098> START NicepayLite PYO (V1.1B20140314(OS:Linux2.6.32-754.35.1.el6.x86_64,PHP:7.3.15))
 [2024-01-13 12:13:36] <80098> Connect to ssl://web.nicepay.co.kr:443
 [2024-01-13 12:13:36] <80098> ssl://web.nicepay.co.kr:443 Server Connect OK
 [2024-01-13 12:13:36] <80098> MSG_TO_SVR::[/lite/payProcess.jsp]
 [2024-01-13 12:13:37] <80098> TID -> [ilooda001m01012401131213376544]
 [2024-01-13 12:13:37] <80098> 3001[카드 결제 성공]
 [2024-01-13 12:13:37] <80098> END PYO  Laptime:[0.695sec]
 [2024-01-13 12:13:37] <80098> ===============================================================
 [2024-01-13 13:09:49] <43967> START NicepayLite PYO (V1.1B20140314(OS:Linux2.6.32-754.35.1.el6.x86_64,PHP:7.3.15))
 [2024-01-13 13:09:49] <43967> Connect to ssl://web.nicepay.co.kr:443
 [2024-01-13 13:09:49] <43967> ssl://web.nicepay.co.kr:443 Server Connect OK
 [2024-01-13 13:09:49] <43967> MSG_TO_SVR::[/lite/payProcess.jsp]
 [2024-01-13 13:09:50] <43967> TID -> [ilooda001m01012401131309508555]
 [2024-01-13 13:09:50] <43967> 3001[카드 결제 성공]
 [2024-01-13 13:09:50] <43967> END PYO  Laptime:[0.513sec]
 [2024-01-13 13:09:50] <43967> ===============================================================
 [2024-01-13 17:37:27] <63160> START NicepayLite PYO (V1.1B20140314(OS:Linux2.6.32-754.35.1.el6.x86_64,PHP:7.3.15))
 [2024-01-13 17:37:27] <63160> Connect to ssl://web.nicepay.co.kr:443
 [2024-01-13 17:37:27] <63160> ssl://web.nicepay.co.kr:443 Server Connect OK
 [2024-01-13 17:37:27] <63160> MSG_TO_SVR::[/lite/payProcess.jsp]
 [2024-01-13 17:37:28] <63160> TID -> [ilooda001m01012401131737284315]
 [2024-01-13 17:37:28] <63160> 3001[카드 결제 성공]
 [2024-01-13 17:37:28] <63160> END PYO  Laptime:[1.179sec]
 [2024-01-13 17:37:28] <63160> ===============================================================
