 [2023-12-19 08:41:17] <95610> START NicepayLite PYO (V1.1B20140314(OS:Linux2.6.32-754.35.1.el6.x86_64,PHP:7.3.15))
 [2023-12-19 08:41:17] <95610> Connect to ssl://web.nicepay.co.kr:443
 [2023-12-19 08:41:17] <95610> ssl://web.nicepay.co.kr:443 Server Connect OK
 [2023-12-19 08:41:17] <95610> MSG_TO_SVR::[/lite/payProcess.jsp]
 [2023-12-19 08:41:18] <95610> TID -> [ilooda001m01012312190841181740]
 [2023-12-19 08:41:18] <95610> 3001[카드 결제 성공]
 [2023-12-19 08:41:18] <95610> END PYO  Laptime:[0.762sec]
 [2023-12-19 08:41:18] <95610> ===============================================================
 [2023-12-19 09:26:02] <116282> START NicepayLite PYO (V1.1B20140314(OS:Linux2.6.32-754.35.1.el6.x86_64,PHP:7.3.15))
 [2023-12-19 09:26:02] <116282> Connect to ssl://web.nicepay.co.kr:443
 [2023-12-19 09:26:02] <116282> ssl://web.nicepay.co.kr:443 Server Connect OK
 [2023-12-19 09:26:02] <116282> MSG_TO_SVR::[/lite/payProcess.jsp]
 [2023-12-19 09:26:02] <116282> TID -> [ilooda001m01012312190926025596]
 [2023-12-19 09:26:02] <116282> 3001[카드 결제 성공]
 [2023-12-19 09:26:02] <116282> END PYO  Laptime:[0.507sec]
 [2023-12-19 09:26:02] <116282> ===============================================================
 [2023-12-19 09:46:51] <120352> START NicepayLite PYO (V1.1B20140314(OS:Linux2.6.32-754.35.1.el6.x86_64,PHP:7.3.15))
 [2023-12-19 09:46:51] <120352> Connect to ssl://web.nicepay.co.kr:443
 [2023-12-19 09:46:51] <120352> ssl://web.nicepay.co.kr:443 Server Connect OK
 [2023-12-19 09:46:51] <120352> MSG_TO_SVR::[/lite/payProcess.jsp]
 [2023-12-19 09:46:52] <120352> TID -> [ilooda001m01012312190946518732]
 [2023-12-19 09:46:52] <120352> 3001[카드 결제 성공]
 [2023-12-19 09:46:52] <120352> END PYO  Laptime:[0.701sec]
 [2023-12-19 09:46:52] <120352> ===============================================================
 [2023-12-19 10:09:34] <139176> START NicepayLite PYO (V1.1B20140314(OS:Linux2.6.32-754.35.1.el6.x86_64,PHP:7.3.15))
 [2023-12-19 10:09:34] <139176> Connect to ssl://web.nicepay.co.kr:443
 [2023-12-19 10:09:34] <139176> ssl://web.nicepay.co.kr:443 Server Connect OK
 [2023-12-19 10:09:34] <139176> MSG_TO_SVR::[/lite/payProcess.jsp]
 [2023-12-19 10:09:35] <139176> TID -> [ilooda001m01012312191009351898]
 [2023-12-19 10:09:35] <139176> 3001[카드 결제 성공]
 [2023-12-19 10:09:35] <139176> END PYO  Laptime:[0.739sec]
 [2023-12-19 10:09:35] <139176> ===============================================================
 [2023-12-19 11:21:16] <69080> START NicepayLite PYO (V1.1B20140314(OS:Linux2.6.32-754.35.1.el6.x86_64,PHP:7.3.15))
 [2023-12-19 11:21:16] <69080> Connect to ssl://web.nicepay.co.kr:443
 [2023-12-19 11:21:16] <69080> ssl://web.nicepay.co.kr:443 Server Connect OK
 [2023-12-19 11:21:16] <69080> MSG_TO_SVR::[/lite/payProcess.jsp]
 [2023-12-19 11:21:17] <69080> TID -> [ilooda001m01012312191121169405]
 [2023-12-19 11:21:17] <69080> 3001[카드 결제 성공]
 [2023-12-19 11:21:17] <69080> END PYO  Laptime:[0.744sec]
 [2023-12-19 11:21:17] <69080> ===============================================================
 [2023-12-19 11:23:27] <83524> START NicepayLite PYO (V1.1B20140314(OS:Linux2.6.32-754.35.1.el6.x86_64,PHP:7.3.15))
 [2023-12-19 11:23:27] <83524> Connect to ssl://web.nicepay.co.kr:443
 [2023-12-19 11:23:27] <83524> ssl://web.nicepay.co.kr:443 Server Connect OK
 [2023-12-19 11:23:27] <83524> MSG_TO_SVR::[/lite/payProcess.jsp]
 [2023-12-19 11:23:27] <83524> TID -> [ilooda001m01012312191123276344]
 [2023-12-19 11:23:27] <83524> 3001[카드 결제 성공]
 [2023-12-19 11:23:27] <83524> END PYO  Laptime:[0.849sec]
 [2023-12-19 11:23:27] <83524> ===============================================================
 [2023-12-19 15:08:35] <92704> START NicepayLite PYO (V1.1B20140314(OS:Linux2.6.32-754.35.1.el6.x86_64,PHP:7.3.15))
 [2023-12-19 15:08:35] <92704> Connect to ssl://web.nicepay.co.kr:443
 [2023-12-19 15:08:35] <92704> ssl://web.nicepay.co.kr:443 Server Connect OK
 [2023-12-19 15:08:35] <92704> MSG_TO_SVR::[/lite/payProcess.jsp]
 [2023-12-19 15:08:35] <92704> TID -> [ilooda001m01012312191508357538]
 [2023-12-19 15:08:35] <92704> 3001[카드 결제 성공]
 [2023-12-19 15:08:35] <92704> END PYO  Laptime:[0.509sec]
 [2023-12-19 15:08:35] <92704> ===============================================================
 [2023-12-19 15:40:59] <31527> START NicepayLite PYO (V1.1B20140314(OS:Linux2.6.32-754.35.1.el6.x86_64,PHP:7.3.15))
 [2023-12-19 15:40:59] <31527> Connect to ssl://web.nicepay.co.kr:443
 [2023-12-19 15:40:59] <31527> ssl://web.nicepay.co.kr:443 Server Connect OK
 [2023-12-19 15:40:59] <31527> MSG_TO_SVR::[/lite/payProcess.jsp]
 [2023-12-19 15:41:00] <31527> TID -> [ilooda001m01012312191541001179]
 [2023-12-19 15:41:00] <31527> 3001[카드 결제 성공]
 [2023-12-19 15:41:00] <31527> END PYO  Laptime:[0.661sec]
 [2023-12-19 15:41:00] <31527> ===============================================================
 [2023-12-19 15:58:45] <14687> START NicepayLite PYO (V1.1B20140314(OS:Linux2.6.32-754.35.1.el6.x86_64,PHP:7.3.15))
 [2023-12-19 15:58:45] <14687> Connect to ssl://web.nicepay.co.kr:443
 [2023-12-19 15:58:45] <14687> ssl://web.nicepay.co.kr:443 Server Connect OK
 [2023-12-19 15:58:45] <14687> MSG_TO_SVR::[/lite/payProcess.jsp]
 [2023-12-19 15:58:46] <14687> TID -> [ilooda001m01012312191558465357]
 [2023-12-19 15:58:46] <14687> 3001[카드 결제 성공]
 [2023-12-19 15:58:46] <14687> END PYO  Laptime:[0.653sec]
 [2023-12-19 15:58:46] <14687> ===============================================================
 [2023-12-19 16:48:57] <84504> START NicepayLite PYO (V1.1B20140314(OS:Linux2.6.32-754.35.1.el6.x86_64,PHP:7.3.15))
 [2023-12-19 16:48:57] <84504> Connect to ssl://web.nicepay.co.kr:443
 [2023-12-19 16:48:57] <84504> ssl://web.nicepay.co.kr:443 Server Connect OK
 [2023-12-19 16:48:57] <84504> MSG_TO_SVR::[/lite/payProcess.jsp]
 [2023-12-19 16:48:58] <84504> TID -> [ilooda001m01012312191648580899]
 [2023-12-19 16:48:58] <84504> 3001[카드 결제 성공]
 [2023-12-19 16:48:58] <84504> END PYO  Laptime:[1.147sec]
 [2023-12-19 16:48:58] <84504> ===============================================================
 [2023-12-19 20:01:27] <14710> START NicepayLite PYO (V1.1B20140314(OS:Linux2.6.32-754.35.1.el6.x86_64,PHP:7.3.15))
 [2023-12-19 20:01:27] <14710> Connect to ssl://web.nicepay.co.kr:443
 [2023-12-19 20:01:27] <14710> ssl://web.nicepay.co.kr:443 Server Connect OK
 [2023-12-19 20:01:27] <14710> MSG_TO_SVR::[/lite/payProcess.jsp]
 [2023-12-19 20:01:27] <14710> TID -> [ilooda001m01012312192001280346]
 [2023-12-19 20:01:27] <14710> 3001[카드 결제 성공]
 [2023-12-19 20:01:27] <14710> END PYO  Laptime:[0.476sec]
 [2023-12-19 20:01:27] <14710> ===============================================================
