 [2023-11-16 11:42:26] <137587> START NicepayLite PYO (V1.1B20140314(OS:Linux2.6.32-754.35.1.el6.x86_64,PHP:7.3.15))
 [2023-11-16 11:42:26] <137587> Connect to ssl://web.nicepay.co.kr:443
 [2023-11-16 11:42:26] <137587> ssl://web.nicepay.co.kr:443 Server Connect OK
 [2023-11-16 11:42:26] <137587> MSG_TO_SVR::[/lite/payProcess.jsp]
 [2023-11-16 11:42:27] <137587> TID -> [ilooda001m01012311161142284762]
 [2023-11-16 11:42:27] <137587> 3001[카드 결제 성공]
 [2023-11-16 11:42:27] <137587> END PYO  Laptime:[0.713sec]
 [2023-11-16 11:42:27] <137587> ===============================================================
 [2023-11-16 16:34:45] <127721> START NicepayLite PYO (V1.1B20140314(OS:Linux2.6.32-754.35.1.el6.x86_64,PHP:7.3.15))
 [2023-11-16 16:34:45] <127721> Connect to ssl://web.nicepay.co.kr:443
 [2023-11-16 16:34:45] <127721> ssl://web.nicepay.co.kr:443 Server Connect OK
 [2023-11-16 16:34:45] <127721> MSG_TO_SVR::[/lite/payProcess.jsp]
 [2023-11-16 16:34:45] <127721> TID -> [ilooda001m01012311161634471114]
 [2023-11-16 16:34:45] <127721> 3001[카드 결제 성공]
 [2023-11-16 16:34:45] <127721> END PYO  Laptime:[0.574sec]
 [2023-11-16 16:34:45] <127721> ===============================================================
 [2023-11-16 17:21:04] <17591> START NicepayLite PYO (V1.1B20140314(OS:Linux2.6.32-754.35.1.el6.x86_64,PHP:7.3.15))
 [2023-11-16 17:21:04] <17591> Connect to ssl://web.nicepay.co.kr:443
 [2023-11-16 17:21:04] <17591> ssl://web.nicepay.co.kr:443 Server Connect OK
 [2023-11-16 17:21:04] <17591> MSG_TO_SVR::[/lite/payProcess.jsp]
 [2023-11-16 17:21:04] <17591> TID -> [ilooda001m01012311161721059380]
 [2023-11-16 17:21:04] <17591> 3001[카드 결제 성공]
 [2023-11-16 17:21:04] <17591> END PYO  Laptime:[0.718sec]
 [2023-11-16 17:21:04] <17591> ===============================================================
 [2023-11-16 17:28:36] <67994> START NicepayLite PYO (V1.1B20140314(OS:Linux2.6.32-754.35.1.el6.x86_64,PHP:7.3.15))
 [2023-11-16 17:28:36] <67994> Connect to ssl://web.nicepay.co.kr:443
 [2023-11-16 17:28:36] <67994> ssl://web.nicepay.co.kr:443 Server Connect OK
 [2023-11-16 17:28:36] <67994> MSG_TO_SVR::[/lite/payProcess.jsp]
 [2023-11-16 17:28:36] <67994> TID -> [ilooda001m01012311161728384803]
 [2023-11-16 17:28:36] <67994> 3001[카드 결제 성공]
 [2023-11-16 17:28:36] <67994> END PYO  Laptime:[0.283sec]
 [2023-11-16 17:28:36] <67994> ===============================================================
 [2023-11-16 19:23:51] <134221> START NicepayLite PYO (V1.1B20140314(OS:Linux2.6.32-754.35.1.el6.x86_64,PHP:7.3.15))
 [2023-11-16 19:23:51] <134221> Connect to ssl://web.nicepay.co.kr:443
 [2023-11-16 19:23:51] <134221> ssl://web.nicepay.co.kr:443 Server Connect OK
 [2023-11-16 19:23:51] <134221> MSG_TO_SVR::[/lite/payProcess.jsp]
 [2023-11-16 19:23:51] <134221> TID -> [ilooda001m01012311161923529486]
 [2023-11-16 19:23:51] <134221> 3001[카드 결제 성공]
 [2023-11-16 19:23:51] <134221> END PYO  Laptime:[0.987sec]
 [2023-11-16 19:23:51] <134221> ===============================================================
 [2023-11-16 19:58:21] <83270> START NicepayLite PYO (V1.1B20140314(OS:Linux2.6.32-754.35.1.el6.x86_64,PHP:7.3.15))
 [2023-11-16 19:58:21] <83270> Connect to ssl://web.nicepay.co.kr:443
 [2023-11-16 19:58:21] <83270> ssl://web.nicepay.co.kr:443 Server Connect OK
 [2023-11-16 19:58:21] <83270> MSG_TO_SVR::[/lite/payProcess.jsp]
 [2023-11-16 19:58:21] <83270> TID -> [ilooda001m01012311161958234495]
 [2023-11-16 19:58:21] <83270> 3001[카드 결제 성공]
 [2023-11-16 19:58:21] <83270> END PYO  Laptime:[0.458sec]
 [2023-11-16 19:58:21] <83270> ===============================================================
