 [2024-05-11 13:03:30] <43343> START NicepayLite PYO (V1.1B20140314(OS:Linux2.6.32-754.35.1.el6.x86_64,PHP:7.3.15))
 [2024-05-11 13:03:30] <43343> Connect to ssl://web.nicepay.co.kr:443
 [2024-05-11 13:03:30] <43343> ssl://web.nicepay.co.kr:443 Server Connect OK
 [2024-05-11 13:03:30] <43343> MSG_TO_SVR::[/lite/payProcess.jsp]
 [2024-05-11 13:03:30] <43343> TID -> [ilooda001m01012405111303308459]
 [2024-05-11 13:03:30] <43343> 51[한도초과]
 [2024-05-11 13:03:30] <43343> END PYO  Laptime:[0.449sec]
 [2024-05-11 13:03:30] <43343> ===============================================================
 [2024-05-11 13:24:24] <62997> START NicepayLite PYO (V1.1B20140314(OS:Linux2.6.32-754.35.1.el6.x86_64,PHP:7.3.15))
 [2024-05-11 13:24:24] <62997> Connect to ssl://web.nicepay.co.kr:443
 [2024-05-11 13:24:24] <62997> ssl://web.nicepay.co.kr:443 Server Connect OK
 [2024-05-11 13:24:24] <62997> MSG_TO_SVR::[/lite/payProcess.jsp]
 [2024-05-11 13:24:25] <62997> TID -> [ilooda001m01012405111324254374]
 [2024-05-11 13:24:25] <62997> 3001[카드 결제 성공]
 [2024-05-11 13:24:25] <62997> END PYO  Laptime:[0.484sec]
 [2024-05-11 13:24:25] <62997> ===============================================================
 [2024-05-11 13:33:12] <133563> START NicepayLite PYO (V1.1B20140314(OS:Linux2.6.32-754.35.1.el6.x86_64,PHP:7.3.15))
 [2024-05-11 13:33:12] <133563> Connect to ssl://web.nicepay.co.kr:443
 [2024-05-11 13:33:12] <133563> ssl://web.nicepay.co.kr:443 Server Connect OK
 [2024-05-11 13:33:12] <133563> MSG_TO_SVR::[/lite/payProcess.jsp]
 [2024-05-11 13:33:13] <133563> TID -> [ilooda001m01012405111333130074]
 [2024-05-11 13:33:13] <133563> 3001[카드 결제 성공]
 [2024-05-11 13:33:13] <133563> END PYO  Laptime:[0.569sec]
 [2024-05-11 13:33:13] <133563> ===============================================================
