 [2024-02-14 00:56:31] <131954> START NicepayLite PYO (V1.1B20140314(OS:Linux2.6.32-754.35.1.el6.x86_64,PHP:7.3.15))
 [2024-02-14 00:56:31] <131954> Connect to ssl://web.nicepay.co.kr:443
 [2024-02-14 00:56:31] <131954> ssl://web.nicepay.co.kr:443 Server Connect OK
 [2024-02-14 00:56:31] <131954> MSG_TO_SVR::[/lite/payProcess.jsp]
 [2024-02-14 00:56:31] <131954> TID -> [ilooda001m01012402140056294549]
 [2024-02-14 00:56:31] <131954> 3001[카드 결제 성공]
 [2024-02-14 00:56:31] <131954> END PYO  Laptime:[0.343sec]
 [2024-02-14 00:56:31] <131954> ===============================================================
 [2024-02-14 09:48:25] <123999> START NicepayLite PYO (V1.1B20140314(OS:Linux2.6.32-754.35.1.el6.x86_64,PHP:7.3.15))
 [2024-02-14 09:48:25] <123999> Connect to ssl://web.nicepay.co.kr:443
 [2024-02-14 09:48:25] <123999> ssl://web.nicepay.co.kr:443 Server Connect OK
 [2024-02-14 09:48:25] <123999> MSG_TO_SVR::[/lite/payProcess.jsp]
 [2024-02-14 09:48:26] <123999> TID -> [ilooda001m01012402140948238796]
 [2024-02-14 09:48:26] <123999> 3001[카드 결제 성공]
 [2024-02-14 09:48:26] <123999> END PYO  Laptime:[0.602sec]
 [2024-02-14 09:48:26] <123999> ===============================================================
 [2024-02-14 09:56:14] <38686> START NicepayLite PYO (V1.1B20140314(OS:Linux2.6.32-754.35.1.el6.x86_64,PHP:7.3.15))
 [2024-02-14 09:56:14] <38686> Connect to ssl://web.nicepay.co.kr:443
 [2024-02-14 09:56:14] <38686> ssl://web.nicepay.co.kr:443 Server Connect OK
 [2024-02-14 09:56:14] <38686> MSG_TO_SVR::[/lite/payProcess.jsp]
 [2024-02-14 09:56:16] <38686> TID -> [ilooda001m01012402140956129333]
 [2024-02-14 09:56:16] <38686> 3001[카드 결제 성공]
 [2024-02-14 09:56:16] <38686> END PYO  Laptime:[1.209sec]
 [2024-02-14 09:56:16] <38686> ===============================================================
 [2024-02-14 11:10:14] <26131> START NicepayLite PYO (V1.1B20140314(OS:Linux2.6.32-754.35.1.el6.x86_64,PHP:7.3.15))
 [2024-02-14 11:10:14] <26131> Connect to ssl://web.nicepay.co.kr:443
 [2024-02-14 11:10:14] <26131> ssl://web.nicepay.co.kr:443 Server Connect OK
 [2024-02-14 11:10:14] <26131> MSG_TO_SVR::[/lite/payProcess.jsp]
 [2024-02-14 11:10:15] <26131> TID -> [ilooda001m01012402141110126185]
 [2024-02-14 11:10:15] <26131> 3001[카드 결제 성공]
 [2024-02-14 11:10:15] <26131> END PYO  Laptime:[0.641sec]
 [2024-02-14 11:10:15] <26131> ===============================================================
 [2024-02-14 11:13:30] <41778> START NicepayLite PYO (V1.1B20140314(OS:Linux2.6.32-754.35.1.el6.x86_64,PHP:7.3.15))
 [2024-02-14 11:13:30] <41778> Connect to ssl://web.nicepay.co.kr:443
 [2024-02-14 11:13:30] <41778> ssl://web.nicepay.co.kr:443 Server Connect OK
 [2024-02-14 11:13:30] <41778> MSG_TO_SVR::[/lite/payProcess.jsp]
 [2024-02-14 11:13:31] <41778> TID -> [ilooda001m01012402141113289014]
 [2024-02-14 11:13:31] <41778> 3001[카드 결제 성공]
 [2024-02-14 11:13:31] <41778> END PYO  Laptime:[0.732sec]
 [2024-02-14 11:13:31] <41778> ===============================================================
 [2024-02-14 11:31:07] <43165> START NicepayLite PYO (V1.1B20140314(OS:Linux2.6.32-754.35.1.el6.x86_64,PHP:7.3.15))
 [2024-02-14 11:31:07] <43165> Connect to ssl://web.nicepay.co.kr:443
 [2024-02-14 11:31:07] <43165> ssl://web.nicepay.co.kr:443 Server Connect OK
 [2024-02-14 11:31:07] <43165> MSG_TO_SVR::[/lite/payProcess.jsp]
 [2024-02-14 11:31:08] <43165> TID -> [ilooda001m01012402141131058177]
 [2024-02-14 11:31:08] <43165> 3001[카드 결제 성공]
 [2024-02-14 11:31:08] <43165> END PYO  Laptime:[0.722sec]
 [2024-02-14 11:31:08] <43165> ===============================================================
 [2024-02-14 13:42:26] <34216> START NicepayLite PYO (V1.1B20140314(OS:Linux2.6.32-754.35.1.el6.x86_64,PHP:7.3.15))
 [2024-02-14 13:42:26] <34216> Connect to ssl://web.nicepay.co.kr:443
 [2024-02-14 13:42:26] <34216> ssl://web.nicepay.co.kr:443 Server Connect OK
 [2024-02-14 13:42:26] <34216> MSG_TO_SVR::[/lite/payProcess.jsp]
 [2024-02-14 13:42:26] <34216> TID -> [ilooda001m01012402141342241714]
 [2024-02-14 13:42:26] <34216> 3001[카드 결제 성공]
 [2024-02-14 13:42:26] <34216> END PYO  Laptime:[0.611sec]
 [2024-02-14 13:42:26] <34216> ===============================================================
 [2024-02-14 13:47:43] <72844> START NicepayLite PYO (V1.1B20140314(OS:Linux2.6.32-754.35.1.el6.x86_64,PHP:7.3.15))
 [2024-02-14 13:47:43] <72844> Connect to ssl://web.nicepay.co.kr:443
 [2024-02-14 13:47:43] <72844> ssl://web.nicepay.co.kr:443 Server Connect OK
 [2024-02-14 13:47:43] <72844> MSG_TO_SVR::[/lite/payProcess.jsp]
 [2024-02-14 13:47:43] <72844> TID -> [ilooda001m01012402141347411250]
 [2024-02-14 13:47:43] <72844> 3001[카드 결제 성공]
 [2024-02-14 13:47:43] <72844> END PYO  Laptime:[0.691sec]
 [2024-02-14 13:47:43] <72844> ===============================================================
 [2024-02-14 14:07:10] <73905> START NicepayLite PYO (V1.1B20140314(OS:Linux2.6.32-754.35.1.el6.x86_64,PHP:7.3.15))
 [2024-02-14 14:07:10] <73905> Connect to ssl://web.nicepay.co.kr:443
 [2024-02-14 14:07:10] <73905> ssl://web.nicepay.co.kr:443 Server Connect OK
 [2024-02-14 14:07:10] <73905> MSG_TO_SVR::[/lite/payProcess.jsp]
 [2024-02-14 14:07:10] <73905> TID -> [ilooda001m01012402141407083682]
 [2024-02-14 14:07:10] <73905> 3001[카드 결제 성공]
 [2024-02-14 14:07:10] <73905> END PYO  Laptime:[0.455sec]
 [2024-02-14 14:07:10] <73905> ===============================================================
 [2024-02-14 14:43:30] <68882> START NicepayLite PYO (V1.1B20140314(OS:Linux2.6.32-754.35.1.el6.x86_64,PHP:7.3.15))
 [2024-02-14 14:43:30] <68882> Connect to ssl://web.nicepay.co.kr:443
 [2024-02-14 14:43:30] <68882> ssl://web.nicepay.co.kr:443 Server Connect OK
 [2024-02-14 14:43:30] <68882> MSG_TO_SVR::[/lite/payProcess.jsp]
 [2024-02-14 14:43:31] <68882> TID -> [ilooda001m01012402141443288241]
 [2024-02-14 14:43:31] <68882> 3001[카드 결제 성공]
 [2024-02-14 14:43:31] <68882> END PYO  Laptime:[0.882sec]
 [2024-02-14 14:43:31] <68882> ===============================================================
 [2024-02-14 14:58:35] <38321> START NicepayLite PYO (V1.1B20140314(OS:Linux2.6.32-754.35.1.el6.x86_64,PHP:7.3.15))
 [2024-02-14 14:58:35] <38321> Connect to ssl://web.nicepay.co.kr:443
 [2024-02-14 14:58:35] <38321> ssl://web.nicepay.co.kr:443 Server Connect OK
 [2024-02-14 14:58:35] <38321> MSG_TO_SVR::[/lite/payProcess.jsp]
 [2024-02-14 14:58:35] <38321> TID -> [ilooda001m01012402141458332254]
 [2024-02-14 14:58:35] <38321> 3001[카드 결제 성공]
 [2024-02-14 14:58:35] <38321> END PYO  Laptime:[0.653sec]
 [2024-02-14 14:58:35] <38321> ===============================================================
 [2024-02-14 15:12:11] <146772> START NicepayLite PYO (V1.1B20140314(OS:Linux2.6.32-754.35.1.el6.x86_64,PHP:7.3.15))
 [2024-02-14 15:12:11] <146772> Connect to ssl://web.nicepay.co.kr:443
 [2024-02-14 15:12:11] <146772> ssl://web.nicepay.co.kr:443 Server Connect OK
 [2024-02-14 15:12:11] <146772> MSG_TO_SVR::[/lite/payProcess.jsp]
 [2024-02-14 15:12:11] <146772> TID -> [ilooda001m01012402141512092226]
 [2024-02-14 15:12:11] <146772> 3001[카드 결제 성공]
 [2024-02-14 15:12:11] <146772> END PYO  Laptime:[0.794sec]
 [2024-02-14 15:12:11] <146772> ===============================================================
 [2024-02-14 17:12:32] <55273> START NicepayLite PYO (V1.1B20140314(OS:Linux2.6.32-754.35.1.el6.x86_64,PHP:7.3.15))
 [2024-02-14 17:12:32] <55273> Connect to ssl://web.nicepay.co.kr:443
 [2024-02-14 17:12:32] <55273> ssl://web.nicepay.co.kr:443 Server Connect OK
 [2024-02-14 17:12:32] <55273> MSG_TO_SVR::[/lite/payProcess.jsp]
 [2024-02-14 17:12:32] <55273> TID -> [ilooda001m01012402141712303016]
 [2024-02-14 17:12:32] <55273> 3001[카드 결제 성공]
 [2024-02-14 17:12:32] <55273> END PYO  Laptime:[0.462sec]
 [2024-02-14 17:12:32] <55273> ===============================================================
 [2024-02-14 19:01:48] <17645> START NicepayLite PYO (V1.1B20140314(OS:Linux2.6.32-754.35.1.el6.x86_64,PHP:7.3.15))
 [2024-02-14 19:01:48] <17645> Connect to ssl://web.nicepay.co.kr:443
 [2024-02-14 19:01:48] <17645> ssl://web.nicepay.co.kr:443 Server Connect OK
 [2024-02-14 19:01:48] <17645> MSG_TO_SVR::[/lite/payProcess.jsp]
 [2024-02-14 19:01:49] <17645> TID -> [ilooda001m01012402141901472154]
 [2024-02-14 19:01:49] <17645> 3001[카드 결제 성공]
 [2024-02-14 19:01:49] <17645> END PYO  Laptime:[0.506sec]
 [2024-02-14 19:01:49] <17645> ===============================================================
 [2024-02-14 20:13:26] <140725> START NicepayLite PYO (V1.1B20140314(OS:Linux2.6.32-754.35.1.el6.x86_64,PHP:7.3.15))
 [2024-02-14 20:13:26] <140725> Connect to ssl://web.nicepay.co.kr:443
 [2024-02-14 20:13:26] <140725> ssl://web.nicepay.co.kr:443 Server Connect OK
 [2024-02-14 20:13:26] <140725> MSG_TO_SVR::[/lite/payProcess.jsp]
 [2024-02-14 20:13:26] <140725> TID -> [ilooda001m01012402142013245246]
 [2024-02-14 20:13:26] <140725> 3001[카드 결제 성공]
 [2024-02-14 20:13:26] <140725> END PYO  Laptime:[0.506sec]
 [2024-02-14 20:13:26] <140725> ===============================================================
 [2024-02-14 21:13:39] <22387> START NicepayLite PYO (V1.1B20140314(OS:Linux2.6.32-754.35.1.el6.x86_64,PHP:7.3.15))
 [2024-02-14 21:13:39] <22387> Connect to ssl://web.nicepay.co.kr:443
 [2024-02-14 21:13:39] <22387> ssl://web.nicepay.co.kr:443 Server Connect OK
 [2024-02-14 21:13:39] <22387> MSG_TO_SVR::[/lite/payProcess.jsp]
 [2024-02-14 21:13:39] <22387> TID -> [ilooda001m01012402142113373622]
 [2024-02-14 21:13:39] <22387> 3001[카드 결제 성공]
 [2024-02-14 21:13:39] <22387> END PYO  Laptime:[0.56sec]
 [2024-02-14 21:13:39] <22387> ===============================================================
