 [2024-02-26 09:53:53] <84148> START NicepayLite PYO (V1.1B20140314(OS:Linux2.6.32-754.35.1.el6.x86_64,PHP:7.3.15))
 [2024-02-26 09:53:53] <84148> Connect to ssl://web.nicepay.co.kr:443
 [2024-02-26 09:53:53] <84148> ssl://web.nicepay.co.kr:443 Server Connect OK
 [2024-02-26 09:53:53] <84148> MSG_TO_SVR::[/lite/payProcess.jsp]
 [2024-02-26 09:53:54] <84148> TID -> [ilooda001m01012402260953543531]
 [2024-02-26 09:53:54] <84148> 3001[카드 결제 성공]
 [2024-02-26 09:53:54] <84148> END PYO  Laptime:[0.914sec]
 [2024-02-26 09:53:54] <84148> ===============================================================
 [2024-02-26 10:33:07] <90676> START NicepayLite PYO (V1.1B20140314(OS:Linux2.6.32-754.35.1.el6.x86_64,PHP:7.3.15))
 [2024-02-26 10:33:07] <90676> Connect to ssl://web.nicepay.co.kr:443
 [2024-02-26 10:33:07] <90676> ssl://web.nicepay.co.kr:443 Server Connect OK
 [2024-02-26 10:33:07] <90676> MSG_TO_SVR::[/lite/payProcess.jsp]
 [2024-02-26 10:33:08] <90676> TID -> [ilooda001m01012402261033085497]
 [2024-02-26 10:33:08] <90676> 3001[카드 결제 성공]
 [2024-02-26 10:33:08] <90676> END PYO  Laptime:[0.911sec]
 [2024-02-26 10:33:08] <90676> ===============================================================
 [2024-02-26 11:04:48] <30608> START NicepayLite PYO (V1.1B20140314(OS:Linux2.6.32-754.35.1.el6.x86_64,PHP:7.3.15))
 [2024-02-26 11:04:48] <30608> Connect to ssl://web.nicepay.co.kr:443
 [2024-02-26 11:04:48] <30608> ssl://web.nicepay.co.kr:443 Server Connect OK
 [2024-02-26 11:04:48] <30608> MSG_TO_SVR::[/lite/payProcess.jsp]
 [2024-02-26 11:04:49] <30608> TID -> [ilooda001m01012402261104495564]
 [2024-02-26 11:04:49] <30608> 3001[카드 결제 성공]
 [2024-02-26 11:04:49] <30608> END PYO  Laptime:[0.671sec]
 [2024-02-26 11:04:49] <30608> ===============================================================
 [2024-02-26 11:17:24] <128209> START NicepayLite PYO (V1.1B20140314(OS:Linux2.6.32-754.35.1.el6.x86_64,PHP:7.3.15))
 [2024-02-26 11:17:24] <128209> Connect to ssl://web.nicepay.co.kr:443
 [2024-02-26 11:17:24] <128209> ssl://web.nicepay.co.kr:443 Server Connect OK
 [2024-02-26 11:17:24] <128209> MSG_TO_SVR::[/lite/payProcess.jsp]
 [2024-02-26 11:17:25] <128209> TID -> [ilooda001m01012402261117259527]
 [2024-02-26 11:17:25] <128209> 3001[카드 결제 성공]
 [2024-02-26 11:17:25] <128209> END PYO  Laptime:[0.368sec]
 [2024-02-26 11:17:25] <128209> ===============================================================
 [2024-02-26 12:33:15] <108740> START NicepayLite PYO (V1.1B20140314(OS:Linux2.6.32-754.35.1.el6.x86_64,PHP:7.3.15))
 [2024-02-26 12:33:15] <108740> Connect to ssl://web.nicepay.co.kr:443
 [2024-02-26 12:33:15] <108740> ssl://web.nicepay.co.kr:443 Server Connect OK
 [2024-02-26 12:33:15] <108740> MSG_TO_SVR::[/lite/payProcess.jsp]
 [2024-02-26 12:33:15] <108740> TID -> [ilooda001m01012402261233163000]
 [2024-02-26 12:33:15] <108740> 3001[카드 결제 성공]
 [2024-02-26 12:33:15] <108740> END PYO  Laptime:[0.653sec]
 [2024-02-26 12:33:15] <108740> ===============================================================
 [2024-02-26 12:45:49] <51455> START NicepayLite PYO (V1.1B20140314(OS:Linux2.6.32-754.35.1.el6.x86_64,PHP:7.3.15))
 [2024-02-26 12:45:49] <51455> Connect to ssl://web.nicepay.co.kr:443
 [2024-02-26 12:45:49] <51455> ssl://web.nicepay.co.kr:443 Server Connect OK
 [2024-02-26 12:45:49] <51455> MSG_TO_SVR::[/lite/payProcess.jsp]
 [2024-02-26 12:45:49] <51455> TID -> [ilooda001m01012402261245505349]
 [2024-02-26 12:45:49] <51455> 3001[카드 결제 성공]
 [2024-02-26 12:45:49] <51455> END PYO  Laptime:[0.591sec]
 [2024-02-26 12:45:49] <51455> ===============================================================
 [2024-02-26 13:23:53] <41403> START NicepayLite PYO (V1.1B20140314(OS:Linux2.6.32-754.35.1.el6.x86_64,PHP:7.3.15))
 [2024-02-26 13:23:53] <41403> Connect to ssl://web.nicepay.co.kr:443
 [2024-02-26 13:23:53] <41403> ssl://web.nicepay.co.kr:443 Server Connect OK
 [2024-02-26 13:23:53] <41403> MSG_TO_SVR::[/lite/payProcess.jsp]
 [2024-02-26 13:23:54] <41403> TID -> [ilooda001m01012402261323545928]
 [2024-02-26 13:23:54] <41403> 3001[카드 결제 성공]
 [2024-02-26 13:23:54] <41403> END PYO  Laptime:[0.643sec]
 [2024-02-26 13:23:54] <41403> ===============================================================
 [2024-02-26 14:18:50] <12455> START NicepayLite PYO (V1.1B20140314(OS:Linux2.6.32-754.35.1.el6.x86_64,PHP:7.3.15))
 [2024-02-26 14:18:50] <12455> Connect to ssl://web.nicepay.co.kr:443
 [2024-02-26 14:18:50] <12455> ssl://web.nicepay.co.kr:443 Server Connect OK
 [2024-02-26 14:18:50] <12455> MSG_TO_SVR::[/lite/payProcess.jsp]
 [2024-02-26 14:18:51] <12455> TID -> [ilooda001m01012402261418518486]
 [2024-02-26 14:18:51] <12455> 3001[카드 결제 성공]
 [2024-02-26 14:18:51] <12455> END PYO  Laptime:[0.65sec]
 [2024-02-26 14:18:51] <12455> ===============================================================
 [2024-02-26 15:10:05] <145141> START NicepayLite PYO (V1.1B20140314(OS:Linux2.6.32-754.35.1.el6.x86_64,PHP:7.3.15))
 [2024-02-26 15:10:05] <145141> Connect to ssl://web.nicepay.co.kr:443
 [2024-02-26 15:10:05] <145141> ssl://web.nicepay.co.kr:443 Server Connect OK
 [2024-02-26 15:10:05] <145141> MSG_TO_SVR::[/lite/payProcess.jsp]
 [2024-02-26 15:10:05] <145141> TID -> [ilooda001m01012402261510063104]
 [2024-02-26 15:10:05] <145141> 3001[카드 결제 성공]
 [2024-02-26 15:10:05] <145141> END PYO  Laptime:[0.659sec]
 [2024-02-26 15:10:05] <145141> ===============================================================
 [2024-02-26 15:43:54] <123583> START NicepayLite PYO (V1.1B20140314(OS:Linux2.6.32-754.35.1.el6.x86_64,PHP:7.3.15))
 [2024-02-26 15:43:54] <123583> Connect to ssl://web.nicepay.co.kr:443
 [2024-02-26 15:43:54] <123583> ssl://web.nicepay.co.kr:443 Server Connect OK
 [2024-02-26 15:43:54] <123583> MSG_TO_SVR::[/lite/payProcess.jsp]
 [2024-02-26 15:43:55] <123583> TID -> [ilooda001m01012402261543559865]
 [2024-02-26 15:43:55] <123583> 3001[카드 결제 성공]
 [2024-02-26 15:43:55] <123583> END PYO  Laptime:[0.504sec]
 [2024-02-26 15:43:55] <123583> ===============================================================
 [2024-02-26 16:54:56] <127414> START NicepayLite PYO (V1.1B20140314(OS:Linux2.6.32-754.35.1.el6.x86_64,PHP:7.3.15))
 [2024-02-26 16:54:56] <127414> Connect to ssl://web.nicepay.co.kr:443
 [2024-02-26 16:54:56] <127414> ssl://web.nicepay.co.kr:443 Server Connect OK
 [2024-02-26 16:54:56] <127414> MSG_TO_SVR::[/lite/payProcess.jsp]
 [2024-02-26 16:54:57] <127414> TID -> [ilooda001m01012402261654579703]
 [2024-02-26 16:54:57] <127414> 3001[카드 결제 성공]
 [2024-02-26 16:54:57] <127414> END PYO  Laptime:[0.873sec]
 [2024-02-26 16:54:57] <127414> ===============================================================
 [2024-02-26 16:58:03] <7254> START NicepayLite PYO (V1.1B20140314(OS:Linux2.6.32-754.35.1.el6.x86_64,PHP:7.3.15))
 [2024-02-26 16:58:03] <7254> Connect to ssl://web.nicepay.co.kr:443
 [2024-02-26 16:58:03] <7254> ssl://web.nicepay.co.kr:443 Server Connect OK
 [2024-02-26 16:58:03] <7254> MSG_TO_SVR::[/lite/payProcess.jsp]
 [2024-02-26 16:58:04] <7254> TID -> [ilooda001m01012402261658051113]
 [2024-02-26 16:58:04] <7254> 3001[카드 결제 성공]
 [2024-02-26 16:58:04] <7254> END PYO  Laptime:[0.634sec]
 [2024-02-26 16:58:04] <7254> ===============================================================
 [2024-02-26 20:22:51] <138784> START NicepayLite PYO (V1.1B20140314(OS:Linux2.6.32-754.35.1.el6.x86_64,PHP:7.3.15))
 [2024-02-26 20:22:51] <138784> Connect to ssl://web.nicepay.co.kr:443
 [2024-02-26 20:22:51] <138784> ssl://web.nicepay.co.kr:443 Server Connect OK
 [2024-02-26 20:22:51] <138784> MSG_TO_SVR::[/lite/payProcess.jsp]
 [2024-02-26 20:22:52] <138784> TID -> [ilooda001m01012402262022530558]
 [2024-02-26 20:22:52] <138784> 3001[카드 결제 성공]
 [2024-02-26 20:22:52] <138784> END PYO  Laptime:[0.613sec]
 [2024-02-26 20:22:52] <138784> ===============================================================
