 [2024-04-22 10:00:40] <62214> START NicepayLite PYO (V1.1B20140314(OS:Linux2.6.32-754.35.1.el6.x86_64,PHP:7.3.15))
 [2024-04-22 10:00:40] <62214> Connect to ssl://web.nicepay.co.kr:443
 [2024-04-22 10:00:40] <62214> ssl://web.nicepay.co.kr:443 Server Connect OK
 [2024-04-22 10:00:40] <62214> MSG_TO_SVR::[/lite/payProcess.jsp]
 [2024-04-22 10:00:41] <62214> TID -> [ilooda001m01012404221000412297]
 [2024-04-22 10:00:41] <62214> 3001[카드 결제 성공]
 [2024-04-22 10:00:41] <62214> END PYO  Laptime:[1.068sec]
 [2024-04-22 10:00:41] <62214> ===============================================================
 [2024-04-22 10:11:57] <7110> START NicepayLite PYO (V1.1B20140314(OS:Linux2.6.32-754.35.1.el6.x86_64,PHP:7.3.15))
 [2024-04-22 10:11:57] <7110> Connect to ssl://web.nicepay.co.kr:443
 [2024-04-22 10:11:57] <7110> ssl://web.nicepay.co.kr:443 Server Connect OK
 [2024-04-22 10:11:57] <7110> MSG_TO_SVR::[/lite/payProcess.jsp]
 [2024-04-22 10:11:58] <7110> TID -> [ilooda001m01012404221011585457]
 [2024-04-22 10:11:58] <7110> 3001[카드 결제 성공]
 [2024-04-22 10:11:58] <7110> END PYO  Laptime:[0.903sec]
 [2024-04-22 10:11:58] <7110> ===============================================================
 [2024-04-22 10:17:55] <56788> START NicepayLite PYO (V1.1B20140314(OS:Linux2.6.32-754.35.1.el6.x86_64,PHP:7.3.15))
 [2024-04-22 10:17:55] <56788> Connect to ssl://web.nicepay.co.kr:443
 [2024-04-22 10:17:55] <56788> ssl://web.nicepay.co.kr:443 Server Connect OK
 [2024-04-22 10:17:55] <56788> MSG_TO_SVR::[/lite/payProcess.jsp]
 [2024-04-22 10:17:56] <56788> TID -> [ilooda001m01012404221017566118]
 [2024-04-22 10:17:56] <56788> 3001[카드 결제 성공]
 [2024-04-22 10:17:56] <56788> END PYO  Laptime:[0.554sec]
 [2024-04-22 10:17:56] <56788> ===============================================================
 [2024-04-22 11:55:22] <122596> START NicepayLite PYO (V1.1B20140314(OS:Linux2.6.32-754.35.1.el6.x86_64,PHP:7.3.15))
 [2024-04-22 11:55:22] <122596> Connect to ssl://web.nicepay.co.kr:443
 [2024-04-22 11:55:22] <122596> ssl://web.nicepay.co.kr:443 Server Connect OK
 [2024-04-22 11:55:22] <122596> MSG_TO_SVR::[/lite/payProcess.jsp]
 [2024-04-22 11:55:23] <122596> TID -> [ilooda001m01012404221155236788]
 [2024-04-22 11:55:23] <122596> 3001[카드 결제 성공]
 [2024-04-22 11:55:23] <122596> END PYO  Laptime:[1.087sec]
 [2024-04-22 11:55:23] <122596> ===============================================================
 [2024-04-22 12:36:51] <26823> START NicepayLite PYO (V1.1B20140314(OS:Linux2.6.32-754.35.1.el6.x86_64,PHP:7.3.15))
 [2024-04-22 12:36:51] <26823> Connect to ssl://web.nicepay.co.kr:443
 [2024-04-22 12:36:51] <26823> ssl://web.nicepay.co.kr:443 Server Connect OK
 [2024-04-22 12:36:51] <26823> MSG_TO_SVR::[/lite/payProcess.jsp]
 [2024-04-22 12:36:52] <26823> TID -> [ilooda001m01012404221236520408]
 [2024-04-22 12:36:52] <26823> 3001[카드 결제 성공]
 [2024-04-22 12:36:52] <26823> END PYO  Laptime:[1.244sec]
 [2024-04-22 12:36:52] <26823> ===============================================================
 [2024-04-22 13:13:59] <37101> START NicepayLite PYO (V1.1B20140314(OS:Linux2.6.32-754.35.1.el6.x86_64,PHP:7.3.15))
 [2024-04-22 13:13:59] <37101> Connect to ssl://web.nicepay.co.kr:443
 [2024-04-22 13:13:59] <37101> ssl://web.nicepay.co.kr:443 Server Connect OK
 [2024-04-22 13:13:59] <37101> MSG_TO_SVR::[/lite/payProcess.jsp]
 [2024-04-22 13:14:00] <37101> TID -> [ilooda001m01012404221314002387]
 [2024-04-22 13:14:00] <37101> 3001[카드 결제 성공]
 [2024-04-22 13:14:00] <37101> END PYO  Laptime:[0.598sec]
 [2024-04-22 13:14:00] <37101> ===============================================================
 [2024-04-22 13:45:34] <5556> START NicepayLite PYO (V1.1B20140314(OS:Linux2.6.32-754.35.1.el6.x86_64,PHP:7.3.15))
 [2024-04-22 13:45:34] <5556> Connect to ssl://web.nicepay.co.kr:443
 [2024-04-22 13:45:34] <5556> ssl://web.nicepay.co.kr:443 Server Connect OK
 [2024-04-22 13:45:34] <5556> MSG_TO_SVR::[/lite/payProcess.jsp]
 [2024-04-22 13:45:35] <5556> TID -> [ilooda001m01012404221345356589]
 [2024-04-22 13:45:35] <5556> 3001[카드 결제 성공]
 [2024-04-22 13:45:35] <5556> END PYO  Laptime:[0.771sec]
 [2024-04-22 13:45:35] <5556> ===============================================================
 [2024-04-22 13:49:33] <38075> START NicepayLite PYO (V1.1B20140314(OS:Linux2.6.32-754.35.1.el6.x86_64,PHP:7.3.15))
 [2024-04-22 13:49:33] <38075> Connect to ssl://web.nicepay.co.kr:443
 [2024-04-22 13:49:33] <38075> ssl://web.nicepay.co.kr:443 Server Connect OK
 [2024-04-22 13:49:33] <38075> MSG_TO_SVR::[/lite/payProcess.jsp]
 [2024-04-22 13:49:34] <38075> TID -> [ilooda001m01012404221349345380]
 [2024-04-22 13:49:34] <38075> 3001[카드 결제 성공]
 [2024-04-22 13:49:34] <38075> END PYO  Laptime:[0.771sec]
 [2024-04-22 13:49:34] <38075> ===============================================================
 [2024-04-22 14:06:54] <31031> START NicepayLite PYO (V1.1B20140314(OS:Linux2.6.32-754.35.1.el6.x86_64,PHP:7.3.15))
 [2024-04-22 14:06:54] <31031> Connect to ssl://web.nicepay.co.kr:443
 [2024-04-22 14:06:54] <31031> ssl://web.nicepay.co.kr:443 Server Connect OK
 [2024-04-22 14:06:54] <31031> MSG_TO_SVR::[/lite/payProcess.jsp]
 [2024-04-22 14:06:55] <31031> TID -> [ilooda001m01012404221406550094]
 [2024-04-22 14:06:55] <31031> 3001[카드 결제 성공]
 [2024-04-22 14:06:55] <31031> END PYO  Laptime:[1.425sec]
 [2024-04-22 14:06:55] <31031> ===============================================================
 [2024-04-22 14:24:57] <31724> START NicepayLite PYO (V1.1B20140314(OS:Linux2.6.32-754.35.1.el6.x86_64,PHP:7.3.15))
 [2024-04-22 14:24:57] <31724> Connect to ssl://web.nicepay.co.kr:443
 [2024-04-22 14:24:57] <31724> ssl://web.nicepay.co.kr:443 Server Connect OK
 [2024-04-22 14:24:57] <31724> MSG_TO_SVR::[/lite/payProcess.jsp]
 [2024-04-22 14:24:57] <31724> TID -> [ilooda001m01012404221424579369]
 [2024-04-22 14:24:57] <31724> 3001[카드 결제 성공]
 [2024-04-22 14:24:57] <31724> END PYO  Laptime:[0.545sec]
 [2024-04-22 14:24:57] <31724> ===============================================================
 [2024-04-22 15:16:17] <16334> START NicepayLite PYO (V1.1B20140314(OS:Linux2.6.32-754.35.1.el6.x86_64,PHP:7.3.15))
 [2024-04-22 15:16:17] <16334> Connect to ssl://web.nicepay.co.kr:443
 [2024-04-22 15:16:17] <16334> ssl://web.nicepay.co.kr:443 Server Connect OK
 [2024-04-22 15:16:17] <16334> MSG_TO_SVR::[/lite/payProcess.jsp]
 [2024-04-22 15:16:18] <16334> TID -> [ilooda001m01012404221516184576]
 [2024-04-22 15:16:18] <16334> 3001[카드 결제 성공]
 [2024-04-22 15:16:18] <16334> END PYO  Laptime:[0.611sec]
 [2024-04-22 15:16:18] <16334> ===============================================================
 [2024-04-22 16:05:42] <123901> START NicepayLite PYO (V1.1B20140314(OS:Linux2.6.32-754.35.1.el6.x86_64,PHP:7.3.15))
 [2024-04-22 16:05:42] <123901> Connect to ssl://web.nicepay.co.kr:443
 [2024-04-22 16:05:42] <123901> ssl://web.nicepay.co.kr:443 Server Connect OK
 [2024-04-22 16:05:42] <123901> MSG_TO_SVR::[/lite/payProcess.jsp]
 [2024-04-22 16:05:42] <123901> TID -> [ilooda001m01012404221605433068]
 [2024-04-22 16:05:42] <123901> 3001[카드 결제 성공]
 [2024-04-22 16:05:42] <123901> END PYO  Laptime:[0.515sec]
 [2024-04-22 16:05:42] <123901> ===============================================================
 [2024-04-22 16:08:31] <961> START NicepayLite PYO (V1.1B20140314(OS:Linux2.6.32-754.35.1.el6.x86_64,PHP:7.3.15))
 [2024-04-22 16:08:31] <961> Connect to ssl://web.nicepay.co.kr:443
 [2024-04-22 16:08:31] <961> ssl://web.nicepay.co.kr:443 Server Connect OK
 [2024-04-22 16:08:31] <961> MSG_TO_SVR::[/lite/payProcess.jsp]
 [2024-04-22 16:08:32] <961> TID -> [ilooda001m01012404221608327426]
 [2024-04-22 16:08:32] <961> 3001[카드 결제 성공]
 [2024-04-22 16:08:32] <961> END PYO  Laptime:[0.76sec]
 [2024-04-22 16:08:32] <961> ===============================================================
