 [2024-05-17 09:40:31] <85895> START NicepayLite PYO (V1.1B20140314(OS:Linux2.6.32-754.35.1.el6.x86_64,PHP:7.3.15))
 [2024-05-17 09:40:31] <85895> Connect to ssl://web.nicepay.co.kr:443
 [2024-05-17 09:40:31] <85895> ssl://web.nicepay.co.kr:443 Server Connect OK
 [2024-05-17 09:40:31] <85895> MSG_TO_SVR::[/lite/payProcess.jsp]
 [2024-05-17 09:40:31] <85895> TID -> [ilooda001m01012405170940305392]
 [2024-05-17 09:40:31] <85895> 3001[카드 결제 성공]
 [2024-05-17 09:40:31] <85895> END PYO  Laptime:[0.503sec]
 [2024-05-17 09:40:31] <85895> ===============================================================
 [2024-05-17 12:36:35] <117155> START NicepayLite PYO (V1.1B20140314(OS:Linux2.6.32-754.35.1.el6.x86_64,PHP:7.3.15))
 [2024-05-17 12:36:35] <117155> Connect to ssl://web.nicepay.co.kr:443
 [2024-05-17 12:36:35] <117155> ssl://web.nicepay.co.kr:443 Server Connect OK
 [2024-05-17 12:36:35] <117155> MSG_TO_SVR::[/lite/payProcess.jsp]
 [2024-05-17 12:36:35] <117155> TID -> [ilooda001m01012405171236344373]
 [2024-05-17 12:36:35] <117155> 3001[카드 결제 성공]
 [2024-05-17 12:36:35] <117155> END PYO  Laptime:[0.646sec]
 [2024-05-17 12:36:35] <117155> ===============================================================
 [2024-05-17 16:58:29] <61845> START NicepayLite PYO (V1.1B20140314(OS:Linux2.6.32-754.35.1.el6.x86_64,PHP:7.3.15))
 [2024-05-17 16:58:29] <61845> Connect to ssl://web.nicepay.co.kr:443
 [2024-05-17 16:58:29] <61845> ssl://web.nicepay.co.kr:443 Server Connect OK
 [2024-05-17 16:58:29] <61845> MSG_TO_SVR::[/lite/payProcess.jsp]
 [2024-05-17 16:58:31] <61845> TID -> [ilooda001m01012405171658292025]
 [2024-05-17 16:58:31] <61845> 3001[카드 결제 성공]
 [2024-05-17 16:58:31] <61845> END PYO  Laptime:[1.213sec]
 [2024-05-17 16:58:31] <61845> ===============================================================
 [2024-05-17 17:43:13] <110106> START NicepayLite PYO (V1.1B20140314(OS:Linux2.6.32-754.35.1.el6.x86_64,PHP:7.3.15))
 [2024-05-17 17:43:13] <110106> Connect to ssl://web.nicepay.co.kr:443
 [2024-05-17 17:43:13] <110106> ssl://web.nicepay.co.kr:443 Server Connect OK
 [2024-05-17 17:43:13] <110106> MSG_TO_SVR::[/lite/payProcess.jsp]
 [2024-05-17 17:43:13] <110106> TID -> [ilooda001m01012405171743128010]
 [2024-05-17 17:43:13] <110106> 3001[카드 결제 성공]
 [2024-05-17 17:43:13] <110106> END PYO  Laptime:[0.54sec]
 [2024-05-17 17:43:13] <110106> ===============================================================
 [2024-05-17 18:31:00] <28505> START NicepayLite PYO (V1.1B20140314(OS:Linux2.6.32-754.35.1.el6.x86_64,PHP:7.3.15))
 [2024-05-17 18:31:00] <28505> Connect to ssl://web.nicepay.co.kr:443
 [2024-05-17 18:31:00] <28505> ssl://web.nicepay.co.kr:443 Server Connect OK
 [2024-05-17 18:31:00] <28505> MSG_TO_SVR::[/lite/payProcess.jsp]
 [2024-05-17 18:31:00] <28505> TID -> [ilooda001m01012405171830597187]
 [2024-05-17 18:31:00] <28505> 3001[카드 결제 성공]
 [2024-05-17 18:31:00] <28505> END PYO  Laptime:[0.71sec]
 [2024-05-17 18:31:00] <28505> ===============================================================
 [2024-05-17 18:59:22] <103032> START NicepayLite PYO (V1.1B20140314(OS:Linux2.6.32-754.35.1.el6.x86_64,PHP:7.3.15))
 [2024-05-17 18:59:22] <103032> Connect to ssl://web.nicepay.co.kr:443
 [2024-05-17 18:59:22] <103032> ssl://web.nicepay.co.kr:443 Server Connect OK
 [2024-05-17 18:59:22] <103032> MSG_TO_SVR::[/lite/payProcess.jsp]
 [2024-05-17 18:59:23] <103032> TID -> [ilooda001m01012405171859221712]
 [2024-05-17 18:59:23] <103032> 3001[카드 결제 성공]
 [2024-05-17 18:59:23] <103032> END PYO  Laptime:[0.473sec]
 [2024-05-17 18:59:23] <103032> ===============================================================
