 [2024-01-05 10:12:12] <94157> START NicepayLite PYO (V1.1B20140314(OS:Linux2.6.32-754.35.1.el6.x86_64,PHP:7.3.15))
 [2024-01-05 10:12:12] <94157> Connect to ssl://web.nicepay.co.kr:443
 [2024-01-05 10:12:12] <94157> ssl://web.nicepay.co.kr:443 Server Connect OK
 [2024-01-05 10:12:12] <94157> MSG_TO_SVR::[/lite/payProcess.jsp]
 [2024-01-05 10:12:13] <94157> TID -> [ilooda001m01012401051012142280]
 [2024-01-05 10:12:13] <94157> 3001[카드 결제 성공]
 [2024-01-05 10:12:13] <94157> END PYO  Laptime:[0.749sec]
 [2024-01-05 10:12:13] <94157> ===============================================================
 [2024-01-05 10:29:35] <81413> START NicepayLite PYO (V1.1B20140314(OS:Linux2.6.32-754.35.1.el6.x86_64,PHP:7.3.15))
 [2024-01-05 10:29:35] <81413> Connect to ssl://web.nicepay.co.kr:443
 [2024-01-05 10:29:35] <81413> ssl://web.nicepay.co.kr:443 Server Connect OK
 [2024-01-05 10:29:35] <81413> MSG_TO_SVR::[/lite/payProcess.jsp]
 [2024-01-05 10:29:35] <81413> TID -> [ilooda001m01012401051029372718]
 [2024-01-05 10:29:35] <81413> 1146[선불카드잔액부족]
 [2024-01-05 10:29:35] <81413> END PYO  Laptime:[0.619sec]
 [2024-01-05 10:29:35] <81413> ===============================================================
 [2024-01-05 10:30:20] <89061> START NicepayLite PYO (V1.1B20140314(OS:Linux2.6.32-754.35.1.el6.x86_64,PHP:7.3.15))
 [2024-01-05 10:30:20] <89061> Connect to ssl://web.nicepay.co.kr:443
 [2024-01-05 10:30:20] <89061> ssl://web.nicepay.co.kr:443 Server Connect OK
 [2024-01-05 10:30:20] <89061> MSG_TO_SVR::[/lite/payProcess.jsp]
 [2024-01-05 10:30:21] <89061> TID -> [ilooda001m01012401051030225830]
 [2024-01-05 10:30:21] <89061> 3001[카드 결제 성공]
 [2024-01-05 10:30:21] <89061> END PYO  Laptime:[0.583sec]
 [2024-01-05 10:30:21] <89061> ===============================================================
 [2024-01-05 10:41:26] <24866> START NicepayLite PYO (V1.1B20140314(OS:Linux2.6.32-754.35.1.el6.x86_64,PHP:7.3.15))
 [2024-01-05 10:41:26] <24866> Connect to ssl://web.nicepay.co.kr:443
 [2024-01-05 10:41:26] <24866> ssl://web.nicepay.co.kr:443 Server Connect OK
 [2024-01-05 10:41:26] <24866> MSG_TO_SVR::[/lite/payProcess.jsp]
 [2024-01-05 10:41:26] <24866> TID -> [ilooda001m01012401051041280509]
 [2024-01-05 10:41:26] <24866> 3001[카드 결제 성공]
 [2024-01-05 10:41:26] <24866> END PYO  Laptime:[0.577sec]
 [2024-01-05 10:41:26] <24866> ===============================================================
 [2024-01-05 11:24:41] <50039> START NicepayLite PYO (V1.1B20140314(OS:Linux2.6.32-754.35.1.el6.x86_64,PHP:7.3.15))
 [2024-01-05 11:24:41] <50039> Connect to ssl://web.nicepay.co.kr:443
 [2024-01-05 11:24:41] <50039> ssl://web.nicepay.co.kr:443 Server Connect OK
 [2024-01-05 11:24:41] <50039> MSG_TO_SVR::[/lite/payProcess.jsp]
 [2024-01-05 11:24:42] <50039> TID -> [ilooda001m01012401051124438428]
 [2024-01-05 11:24:42] <50039> 3001[카드 결제 성공]
 [2024-01-05 11:24:42] <50039> END PYO  Laptime:[0.735sec]
 [2024-01-05 11:24:42] <50039> ===============================================================
 [2024-01-05 13:25:50] <65865> START NicepayLite PYO (V1.1B20140314(OS:Linux2.6.32-754.35.1.el6.x86_64,PHP:7.3.15))
 [2024-01-05 13:25:50] <65865> Connect to ssl://web.nicepay.co.kr:443
 [2024-01-05 13:25:50] <65865> ssl://web.nicepay.co.kr:443 Server Connect OK
 [2024-01-05 13:25:50] <65865> MSG_TO_SVR::[/lite/payProcess.jsp]
 [2024-01-05 13:25:50] <65865> TID -> [ilooda001m01012401051325522526]
 [2024-01-05 13:25:50] <65865> 3001[카드 결제 성공]
 [2024-01-05 13:25:50] <65865> END PYO  Laptime:[0.594sec]
 [2024-01-05 13:25:50] <65865> ===============================================================
 [2024-01-05 14:16:14] <3494> START NicepayLite PYO (V1.1B20140314(OS:Linux2.6.32-754.35.1.el6.x86_64,PHP:7.3.15))
 [2024-01-05 14:16:14] <3494> Connect to ssl://web.nicepay.co.kr:443
 [2024-01-05 14:16:14] <3494> ssl://web.nicepay.co.kr:443 Server Connect OK
 [2024-01-05 14:16:14] <3494> MSG_TO_SVR::[/lite/payProcess.jsp]
 [2024-01-05 14:16:15] <3494> TID -> [ilooda001m01012401051416166580]
 [2024-01-05 14:16:15] <3494> 3001[카드 결제 성공]
 [2024-01-05 14:16:15] <3494> END PYO  Laptime:[0.566sec]
 [2024-01-05 14:16:15] <3494> ===============================================================
 [2024-01-05 18:02:29] <47089> START NicepayLite PYO (V1.1B20140314(OS:Linux2.6.32-754.35.1.el6.x86_64,PHP:7.3.15))
 [2024-01-05 18:02:29] <47089> Connect to ssl://web.nicepay.co.kr:443
 [2024-01-05 18:02:29] <47089> ssl://web.nicepay.co.kr:443 Server Connect OK
 [2024-01-05 18:02:29] <47089> MSG_TO_SVR::[/lite/payProcess.jsp]
 [2024-01-05 18:02:29] <47089> TID -> [ilooda001m01012401051802313647]
 [2024-01-05 18:02:29] <47089> 3001[카드 결제 성공]
 [2024-01-05 18:02:29] <47089> END PYO  Laptime:[0.499sec]
 [2024-01-05 18:02:29] <47089> ===============================================================
 [2024-01-05 18:03:38] <54439> START NicepayLite PYO (V1.1B20140314(OS:Linux2.6.32-754.35.1.el6.x86_64,PHP:7.3.15))
 [2024-01-05 18:03:38] <54439> Connect to ssl://web.nicepay.co.kr:443
 [2024-01-05 18:03:38] <54439> ssl://web.nicepay.co.kr:443 Server Connect OK
 [2024-01-05 18:03:38] <54439> MSG_TO_SVR::[/lite/payProcess.jsp]
 [2024-01-05 18:03:39] <54439> TID -> [ilooda001m01012401051803404321]
 [2024-01-05 18:03:39] <54439> 3001[카드 결제 성공]
 [2024-01-05 18:03:39] <54439> END PYO  Laptime:[1.22sec]
 [2024-01-05 18:03:39] <54439> ===============================================================
 [2024-01-05 19:27:43] <67282> START NicepayLite PYO (V1.1B20140314(OS:Linux2.6.32-754.35.1.el6.x86_64,PHP:7.3.15))
 [2024-01-05 19:27:43] <67282> Connect to ssl://web.nicepay.co.kr:443
 [2024-01-05 19:27:43] <67282> ssl://web.nicepay.co.kr:443 Server Connect OK
 [2024-01-05 19:27:43] <67282> MSG_TO_SVR::[/lite/payProcess.jsp]
 [2024-01-05 19:27:43] <67282> TID -> [ilooda001m01012401051927453489]
 [2024-01-05 19:27:43] <67282> 3001[카드 결제 성공]
 [2024-01-05 19:27:43] <67282> END PYO  Laptime:[0.731sec]
 [2024-01-05 19:27:43] <67282> ===============================================================
 [2024-01-05 19:56:35] <128048> START NicepayLite PYO (V1.1B20140314(OS:Linux2.6.32-754.35.1.el6.x86_64,PHP:7.3.15))
 [2024-01-05 19:56:35] <128048> Connect to ssl://web.nicepay.co.kr:443
 [2024-01-05 19:56:35] <128048> ssl://web.nicepay.co.kr:443 Server Connect OK
 [2024-01-05 19:56:35] <128048> MSG_TO_SVR::[/lite/payProcess.jsp]
 [2024-01-05 19:56:36] <128048> TID -> [ilooda001m01012401051956378163]
 [2024-01-05 19:56:36] <128048> 3001[카드 결제 성공]
 [2024-01-05 19:56:36] <128048> END PYO  Laptime:[0.316sec]
 [2024-01-05 19:56:36] <128048> ===============================================================
 [2024-01-05 20:07:06] <57110> START NicepayLite PYO (V1.1B20140314(OS:Linux2.6.32-754.35.1.el6.x86_64,PHP:7.3.15))
 [2024-01-05 20:07:06] <57110> Connect to ssl://web.nicepay.co.kr:443
 [2024-01-05 20:07:06] <57110> ssl://web.nicepay.co.kr:443 Server Connect OK
 [2024-01-05 20:07:06] <57110> MSG_TO_SVR::[/lite/payProcess.jsp]
 [2024-01-05 20:07:07] <57110> TID -> [ilooda001m01012401052007090468]
 [2024-01-05 20:07:07] <57110> 3001[카드 결제 성공]
 [2024-01-05 20:07:07] <57110> END PYO  Laptime:[0.901sec]
 [2024-01-05 20:07:07] <57110> ===============================================================
