 [2024-05-30 11:08:28] <116483> START NicepayLite PYO (V1.1B20140314(OS:Linux2.6.32-754.35.1.el6.x86_64,PHP:7.3.15))
 [2024-05-30 11:08:28] <116483> Connect to ssl://web.nicepay.co.kr:443
 [2024-05-30 11:08:29] <116483> ssl://web.nicepay.co.kr:443 Server Connect OK
 [2024-05-30 11:08:29] <116483> MSG_TO_SVR::[/lite/payProcess.jsp]
 [2024-05-30 11:08:29] <116483> TID -> [ilooda001m01012405301108296621]
 [2024-05-30 11:08:29] <116483> 3001[카드 결제 성공]
 [2024-05-30 11:08:29] <116483> END PYO  Laptime:[0.987sec]
 [2024-05-30 11:08:29] <116483> ===============================================================
 [2024-05-30 12:12:55] <147331> START NicepayLite PYO (V1.1B20140314(OS:Linux2.6.32-754.35.1.el6.x86_64,PHP:7.3.15))
 [2024-05-30 12:12:55] <147331> Connect to ssl://web.nicepay.co.kr:443
 [2024-05-30 12:12:55] <147331> ssl://web.nicepay.co.kr:443 Server Connect OK
 [2024-05-30 12:12:55] <147331> MSG_TO_SVR::[/lite/payProcess.jsp]
 [2024-05-30 12:12:55] <147331> TID -> [ilooda001m01012405301212561459]
 [2024-05-30 12:12:55] <147331> 3001[카드 결제 성공]
 [2024-05-30 12:12:55] <147331> END PYO  Laptime:[0.457sec]
 [2024-05-30 12:12:55] <147331> ===============================================================
 [2024-05-30 12:29:03] <116905> START NicepayLite PYO (V1.1B20140314(OS:Linux2.6.32-754.35.1.el6.x86_64,PHP:7.3.15))
 [2024-05-30 12:29:03] <116905> Connect to ssl://web.nicepay.co.kr:443
 [2024-05-30 12:29:03] <116905> ssl://web.nicepay.co.kr:443 Server Connect OK
 [2024-05-30 12:29:03] <116905> MSG_TO_SVR::[/lite/payProcess.jsp]
 [2024-05-30 12:29:04] <116905> TID -> [ilooda001m01012405301229040581]
 [2024-05-30 12:29:04] <116905> 3001[카드 결제 성공]
 [2024-05-30 12:29:04] <116905> END PYO  Laptime:[1.322sec]
 [2024-05-30 12:29:04] <116905> ===============================================================
