 [2024-01-04 00:19:21] <32562> START NicepayLite PYO (V1.1B20140314(OS:Linux2.6.32-754.35.1.el6.x86_64,PHP:7.3.15))
 [2024-01-04 00:19:21] <32562> Connect to ssl://web.nicepay.co.kr:443
 [2024-01-04 00:19:21] <32562> ssl://web.nicepay.co.kr:443 Server Connect OK
 [2024-01-04 00:19:21] <32562> MSG_TO_SVR::[/lite/payProcess.jsp]
 [2024-01-04 00:19:22] <32562> TID -> [ilooda001m01012401040019226651]
 [2024-01-04 00:19:22] <32562> 3001[카드 결제 성공]
 [2024-01-04 00:19:22] <32562> END PYO  Laptime:[0.43sec]
 [2024-01-04 00:19:22] <32562> ===============================================================
 [2024-01-04 08:59:41] <133085> START NicepayLite PYO (V1.1B20140314(OS:Linux2.6.32-754.35.1.el6.x86_64,PHP:7.3.15))
 [2024-01-04 08:59:41] <133085> Connect to ssl://web.nicepay.co.kr:443
 [2024-01-04 08:59:41] <133085> ssl://web.nicepay.co.kr:443 Server Connect OK
 [2024-01-04 08:59:41] <133085> MSG_TO_SVR::[/lite/payProcess.jsp]
 [2024-01-04 08:59:42] <133085> TID -> [ilooda001m01012401040859426278]
 [2024-01-04 08:59:42] <133085> 3001[카드 결제 성공]
 [2024-01-04 08:59:42] <133085> END PYO  Laptime:[0.841sec]
 [2024-01-04 08:59:42] <133085> ===============================================================
 [2024-01-04 09:45:21] <42999> START NicepayLite PYO (V1.1B20140314(OS:Linux2.6.32-754.35.1.el6.x86_64,PHP:7.3.15))
 [2024-01-04 09:45:21] <42999> Connect to ssl://web.nicepay.co.kr:443
 [2024-01-04 09:45:21] <42999> ssl://web.nicepay.co.kr:443 Server Connect OK
 [2024-01-04 09:45:21] <42999> MSG_TO_SVR::[/lite/payProcess.jsp]
 [2024-01-04 09:45:21] <42999> TID -> [ilooda001m01012401040945223611]
 [2024-01-04 09:45:21] <42999> 3001[카드 결제 성공]
 [2024-01-04 09:45:21] <42999> END PYO  Laptime:[0.674sec]
 [2024-01-04 09:45:21] <42999> ===============================================================
 [2024-01-04 09:45:41] <43104> START NicepayLite PYO (V1.1B20140314(OS:Linux2.6.32-754.35.1.el6.x86_64,PHP:7.3.15))
 [2024-01-04 09:45:41] <43104> Connect to ssl://web.nicepay.co.kr:443
 [2024-01-04 09:45:41] <43104> ssl://web.nicepay.co.kr:443 Server Connect OK
 [2024-01-04 09:45:41] <43104> MSG_TO_SVR::[/lite/payProcess.jsp]
 [2024-01-04 09:45:42] <43104> TID -> [ilooda001m01012401040945429531]
 [2024-01-04 09:45:42] <43104> 3001[카드 결제 성공]
 [2024-01-04 09:45:42] <43104> END PYO  Laptime:[0.496sec]
 [2024-01-04 09:45:42] <43104> ===============================================================
 [2024-01-04 09:53:03] <100775> START NicepayLite PYO (V1.1B20140314(OS:Linux2.6.32-754.35.1.el6.x86_64,PHP:7.3.15))
 [2024-01-04 09:53:03] <100775> Connect to ssl://web.nicepay.co.kr:443
 [2024-01-04 09:53:03] <100775> ssl://web.nicepay.co.kr:443 Server Connect OK
 [2024-01-04 09:53:03] <100775> MSG_TO_SVR::[/lite/payProcess.jsp]
 [2024-01-04 09:53:04] <100775> TID -> [ilooda001m01012401040953047677]
 [2024-01-04 09:53:04] <100775> 3001[카드 결제 성공]
 [2024-01-04 09:53:04] <100775> END PYO  Laptime:[0.647sec]
 [2024-01-04 09:53:04] <100775> ===============================================================
 [2024-01-04 10:07:46] <64129> START NicepayLite PYO (V1.1B20140314(OS:Linux2.6.32-754.35.1.el6.x86_64,PHP:7.3.15))
 [2024-01-04 10:07:46] <64129> Connect to ssl://web.nicepay.co.kr:443
 [2024-01-04 10:07:46] <64129> ssl://web.nicepay.co.kr:443 Server Connect OK
 [2024-01-04 10:07:46] <64129> MSG_TO_SVR::[/lite/payProcess.jsp]
 [2024-01-04 10:07:46] <64129> TID -> [ilooda001m01012401041007477486]
 [2024-01-04 10:07:46] <64129> 3001[카드 결제 성공]
 [2024-01-04 10:07:46] <64129> END PYO  Laptime:[0.513sec]
 [2024-01-04 10:07:46] <64129> ===============================================================
 [2024-01-04 10:39:29] <13481> START NicepayLite PYO (V1.1B20140314(OS:Linux2.6.32-754.35.1.el6.x86_64,PHP:7.3.15))
 [2024-01-04 10:39:29] <13481> Connect to ssl://web.nicepay.co.kr:443
 [2024-01-04 10:39:29] <13481> ssl://web.nicepay.co.kr:443 Server Connect OK
 [2024-01-04 10:39:29] <13481> MSG_TO_SVR::[/lite/payProcess.jsp]
 [2024-01-04 10:39:30] <13481> TID -> [ilooda001m01012401041039311257]
 [2024-01-04 10:39:30] <13481> 3001[카드 결제 성공]
 [2024-01-04 10:39:30] <13481> END PYO  Laptime:[0.582sec]
 [2024-01-04 10:39:30] <13481> ===============================================================
 [2024-01-04 10:42:18] <36459> START NicepayLite PYO (V1.1B20140314(OS:Linux2.6.32-754.35.1.el6.x86_64,PHP:7.3.15))
 [2024-01-04 10:42:18] <36459> Connect to ssl://web.nicepay.co.kr:443
 [2024-01-04 10:42:18] <36459> ssl://web.nicepay.co.kr:443 Server Connect OK
 [2024-01-04 10:42:18] <36459> MSG_TO_SVR::[/lite/payProcess.jsp]
 [2024-01-04 10:42:19] <36459> TID -> [ilooda001m01012401041042198094]
 [2024-01-04 10:42:19] <36459> 3001[카드 결제 성공]
 [2024-01-04 10:42:19] <36459> END PYO  Laptime:[1.14sec]
 [2024-01-04 10:42:19] <36459> ===============================================================
 [2024-01-04 12:59:49] <47367> START NicepayLite PYO (V1.1B20140314(OS:Linux2.6.32-754.35.1.el6.x86_64,PHP:7.3.15))
 [2024-01-04 12:59:49] <47367> Connect to ssl://web.nicepay.co.kr:443
 [2024-01-04 12:59:49] <47367> ssl://web.nicepay.co.kr:443 Server Connect OK
 [2024-01-04 12:59:49] <47367> MSG_TO_SVR::[/lite/payProcess.jsp]
 [2024-01-04 12:59:50] <47367> TID -> [ilooda001m01012401041259508596]
 [2024-01-04 12:59:50] <47367> 3001[카드 결제 성공]
 [2024-01-04 12:59:50] <47367> END PYO  Laptime:[0.901sec]
 [2024-01-04 12:59:50] <47367> ===============================================================
 [2024-01-04 13:01:24] <62181> START NicepayLite PYO (V1.1B20140314(OS:Linux2.6.32-754.35.1.el6.x86_64,PHP:7.3.15))
 [2024-01-04 13:01:24] <62181> Connect to ssl://web.nicepay.co.kr:443
 [2024-01-04 13:01:24] <62181> ssl://web.nicepay.co.kr:443 Server Connect OK
 [2024-01-04 13:01:24] <62181> MSG_TO_SVR::[/lite/payProcess.jsp]
 [2024-01-04 13:01:24] <62181> TID -> [ilooda001m01012401041301254019]
 [2024-01-04 13:01:24] <62181> 3001[카드 결제 성공]
 [2024-01-04 13:01:24] <62181> END PYO  Laptime:[0.795sec]
 [2024-01-04 13:01:24] <62181> ===============================================================
 [2024-01-04 14:00:24] <71904> START NicepayLite PYO (V1.1B20140314(OS:Linux2.6.32-754.35.1.el6.x86_64,PHP:7.3.15))
 [2024-01-04 14:00:24] <71904> Connect to ssl://web.nicepay.co.kr:443
 [2024-01-04 14:00:24] <71904> ssl://web.nicepay.co.kr:443 Server Connect OK
 [2024-01-04 14:00:24] <71904> MSG_TO_SVR::[/lite/payProcess.jsp]
 [2024-01-04 14:00:25] <71904> TID -> [ilooda001m01012401041400260481]
 [2024-01-04 14:00:25] <71904> 3001[카드 결제 성공]
 [2024-01-04 14:00:25] <71904> END PYO  Laptime:[0.585sec]
 [2024-01-04 14:00:25] <71904> ===============================================================
 [2024-01-04 14:04:56] <103301> START NicepayLite PYO (V1.1B20140314(OS:Linux2.6.32-754.35.1.el6.x86_64,PHP:7.3.15))
 [2024-01-04 14:04:56] <103301> Connect to ssl://web.nicepay.co.kr:443
 [2024-01-04 14:04:56] <103301> ssl://web.nicepay.co.kr:443 Server Connect OK
 [2024-01-04 14:04:56] <103301> MSG_TO_SVR::[/lite/payProcess.jsp]
 [2024-01-04 14:04:57] <103301> TID -> [ilooda001m01012401041404583033]
 [2024-01-04 14:04:57] <103301> 1091[가족 한도 초과]
 [2024-01-04 14:04:57] <103301> END PYO  Laptime:[0.931sec]
 [2024-01-04 14:04:57] <103301> ===============================================================
 [2024-01-04 14:19:44] <70715> START NicepayLite PYO (V1.1B20140314(OS:Linux2.6.32-754.35.1.el6.x86_64,PHP:7.3.15))
 [2024-01-04 14:19:44] <70715> Connect to ssl://web.nicepay.co.kr:443
 [2024-01-04 14:19:44] <70715> ssl://web.nicepay.co.kr:443 Server Connect OK
 [2024-01-04 14:19:44] <70715> MSG_TO_SVR::[/lite/payProcess.jsp]
 [2024-01-04 14:19:45] <70715> TID -> [ilooda001m01012401041419459838]
 [2024-01-04 14:19:45] <70715> 1091[가족 한도 초과]
 [2024-01-04 14:19:45] <70715> END PYO  Laptime:[1.035sec]
 [2024-01-04 14:19:45] <70715> ===============================================================
 [2024-01-04 16:26:48] <146190> START NicepayLite PYO (V1.1B20140314(OS:Linux2.6.32-754.35.1.el6.x86_64,PHP:7.3.15))
 [2024-01-04 16:26:48] <146190> Connect to ssl://web.nicepay.co.kr:443
 [2024-01-04 16:26:48] <146190> ssl://web.nicepay.co.kr:443 Server Connect OK
 [2024-01-04 16:26:48] <146190> MSG_TO_SVR::[/lite/payProcess.jsp]
 [2024-01-04 16:26:49] <146190> TID -> [ilooda001m01012401041626503581]
 [2024-01-04 16:26:49] <146190> 3001[카드 결제 성공]
 [2024-01-04 16:26:49] <146190> END PYO  Laptime:[0.542sec]
 [2024-01-04 16:26:49] <146190> ===============================================================
 [2024-01-04 18:31:08] <46136> START NicepayLite PYO (V1.1B20140314(OS:Linux2.6.32-754.35.1.el6.x86_64,PHP:7.3.15))
 [2024-01-04 18:31:08] <46136> Connect to ssl://web.nicepay.co.kr:443
 [2024-01-04 18:31:08] <46136> ssl://web.nicepay.co.kr:443 Server Connect OK
 [2024-01-04 18:31:08] <46136> MSG_TO_SVR::[/lite/payProcess.jsp]
 [2024-01-04 18:31:08] <46136> TID -> [ilooda001m01012401041831097043]
 [2024-01-04 18:31:08] <46136> 3001[카드 결제 성공]
 [2024-01-04 18:31:08] <46136> END PYO  Laptime:[0.328sec]
 [2024-01-04 18:31:08] <46136> ===============================================================
 [2024-01-04 18:48:44] <26415> START NicepayLite PYO (V1.1B20140314(OS:Linux2.6.32-754.35.1.el6.x86_64,PHP:7.3.15))
 [2024-01-04 18:48:44] <26415> Connect to ssl://web.nicepay.co.kr:443
 [2024-01-04 18:48:44] <26415> ssl://web.nicepay.co.kr:443 Server Connect OK
 [2024-01-04 18:48:44] <26415> MSG_TO_SVR::[/lite/payProcess.jsp]
 [2024-01-04 18:48:45] <26415> TID -> [ilooda001m01012401041848457840]
 [2024-01-04 18:48:45] <26415> 3001[카드 결제 성공]
 [2024-01-04 18:48:45] <26415> END PYO  Laptime:[0.968sec]
 [2024-01-04 18:48:45] <26415> ===============================================================
 [2024-01-04 19:01:37] <123134> START NicepayLite PYO (V1.1B20140314(OS:Linux2.6.32-754.35.1.el6.x86_64,PHP:7.3.15))
 [2024-01-04 19:01:37] <123134> Connect to ssl://web.nicepay.co.kr:443
 [2024-01-04 19:01:37] <123134> ssl://web.nicepay.co.kr:443 Server Connect OK
 [2024-01-04 19:01:37] <123134> MSG_TO_SVR::[/lite/payProcess.jsp]
 [2024-01-04 19:01:38] <123134> TID -> [ilooda001m01012401041901393540]
 [2024-01-04 19:01:38] <123134> 3001[카드 결제 성공]
 [2024-01-04 19:01:38] <123134> END PYO  Laptime:[0.345sec]
 [2024-01-04 19:01:38] <123134> ===============================================================
 [2024-01-04 19:48:32] <33116> START NicepayLite PYO (V1.1B20140314(OS:Linux2.6.32-754.35.1.el6.x86_64,PHP:7.3.15))
 [2024-01-04 19:48:32] <33116> Connect to ssl://web.nicepay.co.kr:443
 [2024-01-04 19:48:32] <33116> ssl://web.nicepay.co.kr:443 Server Connect OK
 [2024-01-04 19:48:32] <33116> MSG_TO_SVR::[/lite/payProcess.jsp]
 [2024-01-04 19:48:33] <33116> TID -> [ilooda001m01012401041948343209]
 [2024-01-04 19:48:33] <33116> 3001[카드 결제 성공]
 [2024-01-04 19:48:33] <33116> END PYO  Laptime:[0.479sec]
 [2024-01-04 19:48:33] <33116> ===============================================================
 [2024-01-04 22:11:45] <60370> START NicepayLite PYO (V1.1B20140314(OS:Linux2.6.32-754.35.1.el6.x86_64,PHP:7.3.15))
 [2024-01-04 22:11:45] <60370> Connect to ssl://web.nicepay.co.kr:443
 [2024-01-04 22:11:45] <60370> ssl://web.nicepay.co.kr:443 Server Connect OK
 [2024-01-04 22:11:45] <60370> MSG_TO_SVR::[/lite/payProcess.jsp]
 [2024-01-04 22:11:45] <60370> TID -> [ilooda001m01012401042211468797]
 [2024-01-04 22:11:45] <60370> 3001[카드 결제 성공]
 [2024-01-04 22:11:45] <60370> END PYO  Laptime:[0.708sec]
 [2024-01-04 22:11:45] <60370> ===============================================================
 [2024-01-04 22:31:16] <59847> START NicepayLite PYO (V1.1B20140314(OS:Linux2.6.32-754.35.1.el6.x86_64,PHP:7.3.15))
 [2024-01-04 22:31:16] <59847> Connect to ssl://web.nicepay.co.kr:443
 [2024-01-04 22:31:16] <59847> ssl://web.nicepay.co.kr:443 Server Connect OK
 [2024-01-04 22:31:16] <59847> MSG_TO_SVR::[/lite/payProcess.jsp]
 [2024-01-04 22:31:16] <59847> TID -> [ilooda001m01012401042231179464]
 [2024-01-04 22:31:16] <59847> 3001[카드 결제 성공]
 [2024-01-04 22:31:16] <59847> END PYO  Laptime:[0.592sec]
 [2024-01-04 22:31:16] <59847> ===============================================================
 [2024-01-04 22:39:15] <119054> START NicepayLite PYO (V1.1B20140314(OS:Linux2.6.32-754.35.1.el6.x86_64,PHP:7.3.15))
 [2024-01-04 22:39:15] <119054> Connect to ssl://web.nicepay.co.kr:443
 [2024-01-04 22:39:15] <119054> ssl://web.nicepay.co.kr:443 Server Connect OK
 [2024-01-04 22:39:15] <119054> MSG_TO_SVR::[/lite/payProcess.jsp]
 [2024-01-04 22:39:16] <119054> TID -> [ilooda001m01012401042239171168]
 [2024-01-04 22:39:16] <119054> 3001[카드 결제 성공]
 [2024-01-04 22:39:16] <119054> END PYO  Laptime:[0.542sec]
 [2024-01-04 22:39:16] <119054> ===============================================================
