 [2024-01-24 00:48:15] <84825> START NicepayLite PYO (V1.1B20140314(OS:Linux2.6.32-754.35.1.el6.x86_64,PHP:7.3.15))
 [2024-01-24 00:48:15] <84825> Connect to ssl://web.nicepay.co.kr:443
 [2024-01-24 00:48:15] <84825> ssl://web.nicepay.co.kr:443 Server Connect OK
 [2024-01-24 00:48:15] <84825> MSG_TO_SVR::[/lite/payProcess.jsp]
 [2024-01-24 00:48:15] <84825> TID -> [ilooda001m01012401240048160977]
 [2024-01-24 00:48:15] <84825> 3001[카드 결제 성공]
 [2024-01-24 00:48:15] <84825> END PYO  Laptime:[0.444sec]
 [2024-01-24 00:48:15] <84825> ===============================================================
 [2024-01-24 02:21:23] <11524> START NicepayLite PYO (V1.1B20140314(OS:Linux2.6.32-754.35.1.el6.x86_64,PHP:7.3.15))
 [2024-01-24 02:21:23] <11524> Connect to ssl://web.nicepay.co.kr:443
 [2024-01-24 02:21:23] <11524> ssl://web.nicepay.co.kr:443 Server Connect OK
 [2024-01-24 02:21:23] <11524> MSG_TO_SVR::[/lite/payProcess.jsp]
 [2024-01-24 02:21:23] <11524> TID -> [ilooda001m01012401240221240878]
 [2024-01-24 02:21:23] <11524> 3001[카드 결제 성공]
 [2024-01-24 02:21:23] <11524> END PYO  Laptime:[0.514sec]
 [2024-01-24 02:21:23] <11524> ===============================================================
 [2024-01-24 11:25:13] <66122> START NicepayLite PYO (V1.1B20140314(OS:Linux2.6.32-754.35.1.el6.x86_64,PHP:7.3.15))
 [2024-01-24 11:25:13] <66122> Connect to ssl://web.nicepay.co.kr:443
 [2024-01-24 11:25:13] <66122> ssl://web.nicepay.co.kr:443 Server Connect OK
 [2024-01-24 11:25:13] <66122> MSG_TO_SVR::[/lite/payProcess.jsp]
 [2024-01-24 11:25:14] <66122> TID -> [ilooda001m01012401241125150665]
 [2024-01-24 11:25:14] <66122> 3001[카드 결제 성공]
 [2024-01-24 11:25:14] <66122> END PYO  Laptime:[0.642sec]
 [2024-01-24 11:25:14] <66122> ===============================================================
 [2024-01-24 12:33:11] <14292> START NicepayLite PYO (V1.1B20140314(OS:Linux2.6.32-754.35.1.el6.x86_64,PHP:7.3.15))
 [2024-01-24 12:33:11] <14292> Connect to ssl://web.nicepay.co.kr:443
 [2024-01-24 12:33:11] <14292> ssl://web.nicepay.co.kr:443 Server Connect OK
 [2024-01-24 12:33:11] <14292> MSG_TO_SVR::[/lite/payProcess.jsp]
 [2024-01-24 12:33:12] <14292> TID -> [ilooda001m01012401241233125970]
 [2024-01-24 12:33:12] <14292> 3001[카드 결제 성공]
 [2024-01-24 12:33:12] <14292> END PYO  Laptime:[0.771sec]
 [2024-01-24 12:33:12] <14292> ===============================================================
 [2024-01-24 14:23:58] <133475> START NicepayLite PYO (V1.1B20140314(OS:Linux2.6.32-754.35.1.el6.x86_64,PHP:7.3.15))
 [2024-01-24 14:23:58] <133475> Connect to ssl://web.nicepay.co.kr:443
 [2024-01-24 14:23:58] <133475> ssl://web.nicepay.co.kr:443 Server Connect OK
 [2024-01-24 14:23:58] <133475> MSG_TO_SVR::[/lite/payProcess.jsp]
 [2024-01-24 14:23:59] <133475> TID -> [ilooda001m01012401241423598230]
 [2024-01-24 14:23:59] <133475> 3001[카드 결제 성공]
 [2024-01-24 14:23:59] <133475> END PYO  Laptime:[0.874sec]
 [2024-01-24 14:23:59] <133475> ===============================================================
 [2024-01-24 15:53:14] <97372> START NicepayLite PYO (V1.1B20140314(OS:Linux2.6.32-754.35.1.el6.x86_64,PHP:7.3.15))
 [2024-01-24 15:53:14] <97372> Connect to ssl://web.nicepay.co.kr:443
 [2024-01-24 15:53:14] <97372> ssl://web.nicepay.co.kr:443 Server Connect OK
 [2024-01-24 15:53:14] <97372> MSG_TO_SVR::[/lite/payProcess.jsp]
 [2024-01-24 15:53:16] <97372> TID -> [ilooda001m01012401241553160841]
 [2024-01-24 15:53:16] <97372> 3001[카드 결제 성공]
 [2024-01-24 15:53:16] <97372> END PYO  Laptime:[1.764sec]
 [2024-01-24 15:53:16] <97372> ===============================================================
 [2024-01-24 17:11:06] <116962> START NicepayLite PYO (V1.1B20140314(OS:Linux2.6.32-754.35.1.el6.x86_64,PHP:7.3.15))
 [2024-01-24 17:11:06] <116962> Connect to ssl://web.nicepay.co.kr:443
 [2024-01-24 17:11:06] <116962> ssl://web.nicepay.co.kr:443 Server Connect OK
 [2024-01-24 17:11:06] <116962> MSG_TO_SVR::[/lite/payProcess.jsp]
 [2024-01-24 17:11:06] <116962> TID -> [ilooda001m01012401241711074003]
 [2024-01-24 17:11:06] <116962> 3001[카드 결제 성공]
 [2024-01-24 17:11:06] <116962> END PYO  Laptime:[0.563sec]
 [2024-01-24 17:11:06] <116962> ===============================================================
