 [2023-11-02 01:23:34] <45794> START NicepayLite PYO (V1.1B20140314(OS:Linux2.6.32-754.35.1.el6.x86_64,PHP:7.3.15))
 [2023-11-02 01:23:34] <45794> Connect to ssl://web.nicepay.co.kr:443
 [2023-11-02 01:23:34] <45794> ssl://web.nicepay.co.kr:443 Server Connect OK
 [2023-11-02 01:23:34] <45794> MSG_TO_SVR::[/lite/payProcess.jsp]
 [2023-11-02 01:23:34] <45794> TID -> [ilooda001m01012311020123356109]
 [2023-11-02 01:23:34] <45794> 3001[카드 결제 성공]
 [2023-11-02 01:23:34] <45794> END PYO  Laptime:[0.477sec]
 [2023-11-02 01:23:34] <45794> ===============================================================
 [2023-11-02 10:10:20] <56774> START NicepayLite PYO (V1.1B20140314(OS:Linux2.6.32-754.35.1.el6.x86_64,PHP:7.3.15))
 [2023-11-02 10:10:20] <56774> Connect to ssl://web.nicepay.co.kr:443
 [2023-11-02 10:10:20] <56774> ssl://web.nicepay.co.kr:443 Server Connect OK
 [2023-11-02 10:10:20] <56774> MSG_TO_SVR::[/lite/payProcess.jsp]
 [2023-11-02 10:10:21] <56774> TID -> [ilooda001m01012311021010225792]
 [2023-11-02 10:10:21] <56774> 3001[카드 결제 성공]
 [2023-11-02 10:10:21] <56774> END PYO  Laptime:[0.665sec]
 [2023-11-02 10:10:21] <56774> ===============================================================
 [2023-11-02 12:22:43] <29582> START NicepayLite PYO (V1.1B20140314(OS:Linux2.6.32-754.35.1.el6.x86_64,PHP:7.3.15))
 [2023-11-02 12:22:43] <29582> Connect to ssl://web.nicepay.co.kr:443
 [2023-11-02 12:22:43] <29582> ssl://web.nicepay.co.kr:443 Server Connect OK
 [2023-11-02 12:22:43] <29582> MSG_TO_SVR::[/lite/payProcess.jsp]
 [2023-11-02 12:22:43] <29582> TID -> [ilooda001m01012311021222451990]
 [2023-11-02 12:22:43] <29582> 3001[카드 결제 성공]
 [2023-11-02 12:22:43] <29582> END PYO  Laptime:[0.499sec]
 [2023-11-02 12:22:43] <29582> ===============================================================
 [2023-11-02 13:53:30] <127275> START NicepayLite PYO (V1.1B20140314(OS:Linux2.6.32-754.35.1.el6.x86_64,PHP:7.3.15))
 [2023-11-02 13:53:30] <127275> Connect to ssl://web.nicepay.co.kr:443
 [2023-11-02 13:53:30] <127275> ssl://web.nicepay.co.kr:443 Server Connect OK
 [2023-11-02 13:53:30] <127275> MSG_TO_SVR::[/lite/payProcess.jsp]
 [2023-11-02 13:53:30] <127275> TID -> [ilooda001m01012311021353319302]
 [2023-11-02 13:53:30] <127275> 3001[카드 결제 성공]
 [2023-11-02 13:53:30] <127275> END PYO  Laptime:[0.478sec]
 [2023-11-02 13:53:30] <127275> ===============================================================
 [2023-11-02 15:01:39] <59689> START NicepayLite PYO (V1.1B20140314(OS:Linux2.6.32-754.35.1.el6.x86_64,PHP:7.3.15))
 [2023-11-02 15:01:39] <59689> Connect to ssl://web.nicepay.co.kr:443
 [2023-11-02 15:01:39] <59689> ssl://web.nicepay.co.kr:443 Server Connect OK
 [2023-11-02 15:01:39] <59689> MSG_TO_SVR::[/lite/payProcess.jsp]
 [2023-11-02 15:01:40] <59689> TID -> [ilooda001m01012311021501415857]
 [2023-11-02 15:01:40] <59689> 3001[카드 결제 성공]
 [2023-11-02 15:01:40] <59689> END PYO  Laptime:[0.834sec]
 [2023-11-02 15:01:40] <59689> ===============================================================
 [2023-11-02 16:26:29] <124646> START NicepayLite PYO (V1.1B20140314(OS:Linux2.6.32-754.35.1.el6.x86_64,PHP:7.3.15))
 [2023-11-02 16:26:29] <124646> Connect to ssl://web.nicepay.co.kr:443
 [2023-11-02 16:26:29] <124646> ssl://web.nicepay.co.kr:443 Server Connect OK
 [2023-11-02 16:26:29] <124646> MSG_TO_SVR::[/lite/payProcess.jsp]
 [2023-11-02 16:26:29] <124646> TID -> [ilooda001m01012311021626309256]
 [2023-11-02 16:26:29] <124646> 3001[카드 결제 성공]
 [2023-11-02 16:26:29] <124646> END PYO  Laptime:[0.838sec]
 [2023-11-02 16:26:29] <124646> ===============================================================
 [2023-11-02 20:44:53] <57985> START NicepayLite PYO (V1.1B20140314(OS:Linux2.6.32-754.35.1.el6.x86_64,PHP:7.3.15))
 [2023-11-02 20:44:53] <57985> Connect to ssl://web.nicepay.co.kr:443
 [2023-11-02 20:44:53] <57985> ssl://web.nicepay.co.kr:443 Server Connect OK
 [2023-11-02 20:44:53] <57985> MSG_TO_SVR::[/lite/payProcess.jsp]
 [2023-11-02 20:44:53] <57985> TID -> [ilooda001m01012311022044553544]
 [2023-11-02 20:44:53] <57985> 3001[카드 결제 성공]
 [2023-11-02 20:44:53] <57985> END PYO  Laptime:[0.455sec]
 [2023-11-02 20:44:53] <57985> ===============================================================
