 [2024-01-29 10:46:34] <135496> START NicepayLite PYO (V1.1B20140314(OS:Linux2.6.32-754.35.1.el6.x86_64,PHP:7.3.15))
 [2024-01-29 10:46:34] <135496> Connect to ssl://web.nicepay.co.kr:443
 [2024-01-29 10:46:34] <135496> ssl://web.nicepay.co.kr:443 Server Connect OK
 [2024-01-29 10:46:34] <135496> MSG_TO_SVR::[/lite/payProcess.jsp]
 [2024-01-29 10:46:34] <135496> TID -> [ilooda001m01012401291046349310]
 [2024-01-29 10:46:34] <135496> 3001[카드 결제 성공]
 [2024-01-29 10:46:34] <135496> END PYO  Laptime:[0.374sec]
 [2024-01-29 10:46:34] <135496> ===============================================================
 [2024-01-29 12:59:49] <4308> START NicepayLite PYO (V1.1B20140314(OS:Linux2.6.32-754.35.1.el6.x86_64,PHP:7.3.15))
 [2024-01-29 12:59:49] <4308> Connect to ssl://web.nicepay.co.kr:443
 [2024-01-29 12:59:49] <4308> ssl://web.nicepay.co.kr:443 Server Connect OK
 [2024-01-29 12:59:49] <4308> MSG_TO_SVR::[/lite/payProcess.jsp]
 [2024-01-29 12:59:50] <4308> TID -> [ilooda001m01012401291259498985]
 [2024-01-29 12:59:50] <4308> 3001[카드 결제 성공]
 [2024-01-29 12:59:50] <4308> END PYO  Laptime:[0.669sec]
 [2024-01-29 12:59:50] <4308> ===============================================================
 [2024-01-29 14:28:13] <129237> START NicepayLite PYO (V1.1B20140314(OS:Linux2.6.32-754.35.1.el6.x86_64,PHP:7.3.15))
 [2024-01-29 14:28:13] <129237> Connect to ssl://web.nicepay.co.kr:443
 [2024-01-29 14:28:13] <129237> ssl://web.nicepay.co.kr:443 Server Connect OK
 [2024-01-29 14:28:13] <129237> MSG_TO_SVR::[/lite/payProcess.jsp]
 [2024-01-29 14:28:13] <129237> TID -> [ilooda001m01012401291428134109]
 [2024-01-29 14:28:13] <129237> 3001[카드 결제 성공]
 [2024-01-29 14:28:13] <129237> END PYO  Laptime:[0.734sec]
 [2024-01-29 14:28:13] <129237> ===============================================================
 [2024-01-29 15:21:36] <108192> START NicepayLite PYO (V1.1B20140314(OS:Linux2.6.32-754.35.1.el6.x86_64,PHP:7.3.15))
 [2024-01-29 15:21:36] <108192> Connect to ssl://web.nicepay.co.kr:443
 [2024-01-29 15:21:36] <108192> ssl://web.nicepay.co.kr:443 Server Connect OK
 [2024-01-29 15:21:36] <108192> MSG_TO_SVR::[/lite/payProcess.jsp]
 [2024-01-29 15:21:37] <108192> TID -> [ilooda001m01012401291521370298]
 [2024-01-29 15:21:37] <108192> 3001[카드 결제 성공]
 [2024-01-29 15:21:37] <108192> END PYO  Laptime:[1.211sec]
 [2024-01-29 15:21:37] <108192> ===============================================================
