 [2024-05-14 08:40:57] <131576> START NicepayLite PYO (V1.1B20140314(OS:Linux2.6.32-754.35.1.el6.x86_64,PHP:7.3.15))
 [2024-05-14 08:40:57] <131576> Connect to ssl://web.nicepay.co.kr:443
 [2024-05-14 08:40:57] <131576> ssl://web.nicepay.co.kr:443 Server Connect OK
 [2024-05-14 08:40:57] <131576> MSG_TO_SVR::[/lite/payProcess.jsp]
 [2024-05-14 08:40:57] <131576> TID -> [ilooda001m01012405140840583331]
 [2024-05-14 08:40:57] <131576> 3001[카드 결제 성공]
 [2024-05-14 08:40:57] <131576> END PYO  Laptime:[0.509sec]
 [2024-05-14 08:40:57] <131576> ===============================================================
 [2024-05-14 11:05:36] <114207> START NicepayLite PYO (V1.1B20140314(OS:Linux2.6.32-754.35.1.el6.x86_64,PHP:7.3.15))
 [2024-05-14 11:05:36] <114207> Connect to ssl://web.nicepay.co.kr:443
 [2024-05-14 11:05:36] <114207> ssl://web.nicepay.co.kr:443 Server Connect OK
 [2024-05-14 11:05:36] <114207> MSG_TO_SVR::[/lite/payProcess.jsp]
 [2024-05-14 11:05:37] <114207> TID -> [ilooda001m01012405141105378829]
 [2024-05-14 11:05:37] <114207> 3001[카드 결제 성공]
 [2024-05-14 11:05:37] <114207> END PYO  Laptime:[0.557sec]
 [2024-05-14 11:05:37] <114207> ===============================================================
 [2024-05-14 13:13:29] <104905> START NicepayLite PYO (V1.1B20140314(OS:Linux2.6.32-754.35.1.el6.x86_64,PHP:7.3.15))
 [2024-05-14 13:13:29] <104905> Connect to ssl://web.nicepay.co.kr:443
 [2024-05-14 13:13:29] <104905> ssl://web.nicepay.co.kr:443 Server Connect OK
 [2024-05-14 13:13:29] <104905> MSG_TO_SVR::[/lite/payProcess.jsp]
 [2024-05-14 13:13:29] <104905> TID -> [ilooda001m01012405141313301488]
 [2024-05-14 13:13:29] <104905> 3001[카드 결제 성공]
 [2024-05-14 13:13:29] <104905> END PYO  Laptime:[0.363sec]
 [2024-05-14 13:13:29] <104905> ===============================================================
 [2024-05-14 14:13:21] <139939> START NicepayLite PYO (V1.1B20140314(OS:Linux2.6.32-754.35.1.el6.x86_64,PHP:7.3.15))
 [2024-05-14 14:13:21] <139939> Connect to ssl://web.nicepay.co.kr:443
 [2024-05-14 14:13:21] <139939> ssl://web.nicepay.co.kr:443 Server Connect OK
 [2024-05-14 14:13:21] <139939> MSG_TO_SVR::[/lite/payProcess.jsp]
 [2024-05-14 14:13:22] <139939> TID -> [ilooda001m01012405141413226288]
 [2024-05-14 14:13:22] <139939> 3001[카드 결제 성공]
 [2024-05-14 14:13:22] <139939> END PYO  Laptime:[0.603sec]
 [2024-05-14 14:13:22] <139939> ===============================================================
 [2024-05-14 15:12:35] <35133> START NicepayLite PYO (V1.1B20140314(OS:Linux2.6.32-754.35.1.el6.x86_64,PHP:7.3.15))
 [2024-05-14 15:12:35] <35133> Connect to ssl://web.nicepay.co.kr:443
 [2024-05-14 15:12:35] <35133> ssl://web.nicepay.co.kr:443 Server Connect OK
 [2024-05-14 15:12:35] <35133> MSG_TO_SVR::[/lite/payProcess.jsp]
 [2024-05-14 15:12:36] <35133> TID -> [ilooda001m01012405141512365799]
 [2024-05-14 15:12:36] <35133> 3001[카드 결제 성공]
 [2024-05-14 15:12:36] <35133> END PYO  Laptime:[0.772sec]
 [2024-05-14 15:12:36] <35133> ===============================================================
 [2024-05-14 15:13:50] <43344> START NicepayLite PYO (V1.1B20140314(OS:Linux2.6.32-754.35.1.el6.x86_64,PHP:7.3.15))
 [2024-05-14 15:13:50] <43344> Connect to ssl://web.nicepay.co.kr:443
 [2024-05-14 15:13:50] <43344> ssl://web.nicepay.co.kr:443 Server Connect OK
 [2024-05-14 15:13:50] <43344> MSG_TO_SVR::[/lite/payProcess.jsp]
 [2024-05-14 15:13:51] <43344> TID -> [ilooda001m01012405141513517193]
 [2024-05-14 15:13:51] <43344> 3001[카드 결제 성공]
 [2024-05-14 15:13:51] <43344> END PYO  Laptime:[0.759sec]
 [2024-05-14 15:13:51] <43344> ===============================================================
 [2024-05-14 15:15:41] <59036> START NicepayLite PYO (V1.1B20140314(OS:Linux2.6.32-754.35.1.el6.x86_64,PHP:7.3.15))
 [2024-05-14 15:15:41] <59036> Connect to ssl://web.nicepay.co.kr:443
 [2024-05-14 15:15:41] <59036> ssl://web.nicepay.co.kr:443 Server Connect OK
 [2024-05-14 15:15:41] <59036> MSG_TO_SVR::[/lite/payProcess.jsp]
 [2024-05-14 15:15:42] <59036> TID -> [ilooda001m01012405141515425257]
 [2024-05-14 15:15:42] <59036> 3001[카드 결제 성공]
 [2024-05-14 15:15:42] <59036> END PYO  Laptime:[0.804sec]
 [2024-05-14 15:15:42] <59036> ===============================================================
 [2024-05-14 16:11:40] <66208> START NicepayLite PYO (V1.1B20140314(OS:Linux2.6.32-754.35.1.el6.x86_64,PHP:7.3.15))
 [2024-05-14 16:11:40] <66208> Connect to ssl://web.nicepay.co.kr:443
 [2024-05-14 16:11:40] <66208> ssl://web.nicepay.co.kr:443 Server Connect OK
 [2024-05-14 16:11:40] <66208> MSG_TO_SVR::[/lite/payProcess.jsp]
 [2024-05-14 16:11:41] <66208> TID -> [ilooda001m01012405141611415721]
 [2024-05-14 16:11:41] <66208> 3001[카드 결제 성공]
 [2024-05-14 16:11:41] <66208> END PYO  Laptime:[0.574sec]
 [2024-05-14 16:11:41] <66208> ===============================================================
 [2024-05-14 16:19:38] <130854> START NicepayLite PYO (V1.1B20140314(OS:Linux2.6.32-754.35.1.el6.x86_64,PHP:7.3.15))
 [2024-05-14 16:19:38] <130854> Connect to ssl://web.nicepay.co.kr:443
 [2024-05-14 16:19:38] <130854> ssl://web.nicepay.co.kr:443 Server Connect OK
 [2024-05-14 16:19:38] <130854> MSG_TO_SVR::[/lite/payProcess.jsp]
 [2024-05-14 16:19:39] <130854> TID -> [ilooda001m01012405141619399678]
 [2024-05-14 16:19:39] <130854> 3001[카드 결제 성공]
 [2024-05-14 16:19:39] <130854> END PYO  Laptime:[0.704sec]
 [2024-05-14 16:19:39] <130854> ===============================================================
 [2024-05-14 17:11:58] <103452> START NicepayLite PYO (V1.1B20140314(OS:Linux2.6.32-754.35.1.el6.x86_64,PHP:7.3.15))
 [2024-05-14 17:11:58] <103452> Connect to ssl://web.nicepay.co.kr:443
 [2024-05-14 17:11:58] <103452> ssl://web.nicepay.co.kr:443 Server Connect OK
 [2024-05-14 17:11:58] <103452> MSG_TO_SVR::[/lite/payProcess.jsp]
 [2024-05-14 17:11:59] <103452> TID -> [ilooda001m01012405141711599572]
 [2024-05-14 17:11:59] <103452> 3001[카드 결제 성공]
 [2024-05-14 17:11:59] <103452> END PYO  Laptime:[0.945sec]
 [2024-05-14 17:11:59] <103452> ===============================================================
 [2024-05-14 19:36:25] <54640> START NicepayLite PYO (V1.1B20140314(OS:Linux2.6.32-754.35.1.el6.x86_64,PHP:7.3.15))
 [2024-05-14 19:36:25] <54640> Connect to ssl://web.nicepay.co.kr:443
 [2024-05-14 19:36:25] <54640> ssl://web.nicepay.co.kr:443 Server Connect OK
 [2024-05-14 19:36:25] <54640> MSG_TO_SVR::[/lite/payProcess.jsp]
 [2024-05-14 19:36:26] <54640> TID -> [ilooda001m01012405141936270673]
 [2024-05-14 19:36:26] <54640> 3001[카드 결제 성공]
 [2024-05-14 19:36:26] <54640> END PYO  Laptime:[0.721sec]
 [2024-05-14 19:36:26] <54640> ===============================================================
