 [2023-12-12 09:44:26] <60715> START NicepayLite PYO (V1.1B20140314(OS:Linux2.6.32-754.35.1.el6.x86_64,PHP:7.3.15))
 [2023-12-12 09:44:27] <60715> Connect to ssl://web.nicepay.co.kr:443
 [2023-12-12 09:44:27] <60715> ssl://web.nicepay.co.kr:443 Server Connect OK
 [2023-12-12 09:44:27] <60715> MSG_TO_SVR::[/lite/payProcess.jsp]
 [2023-12-12 09:44:28] <60715> TID -> [ilooda001m01012312120944280204]
 [2023-12-12 09:44:28] <60715> 3001[카드 결제 성공]
 [2023-12-12 09:44:28] <60715> END PYO  Laptime:[1.315sec]
 [2023-12-12 09:44:28] <60715> ===============================================================
 [2023-12-12 09:45:30] <67763> START NicepayLite PYO (V1.1B20140314(OS:Linux2.6.32-754.35.1.el6.x86_64,PHP:7.3.15))
 [2023-12-12 09:45:30] <67763> Connect to ssl://web.nicepay.co.kr:443
 [2023-12-12 09:45:30] <67763> ssl://web.nicepay.co.kr:443 Server Connect OK
 [2023-12-12 09:45:30] <67763> MSG_TO_SVR::[/lite/payProcess.jsp]
 [2023-12-12 09:45:31] <67763> TID -> [ilooda001m01012312120945312443]
 [2023-12-12 09:45:31] <67763> 3001[카드 결제 성공]
 [2023-12-12 09:45:31] <67763> END PYO  Laptime:[1.115sec]
 [2023-12-12 09:45:31] <67763> ===============================================================
 [2023-12-12 11:47:31] <45966> START NicepayLite PYO (V1.1B20140314(OS:Linux2.6.32-754.35.1.el6.x86_64,PHP:7.3.15))
 [2023-12-12 11:47:31] <45966> Connect to ssl://web.nicepay.co.kr:443
 [2023-12-12 11:47:31] <45966> ssl://web.nicepay.co.kr:443 Server Connect OK
 [2023-12-12 11:47:31] <45966> MSG_TO_SVR::[/lite/payProcess.jsp]
 [2023-12-12 11:47:32] <45966> TID -> [ilooda001m01012312121147328083]
 [2023-12-12 11:47:32] <45966> 3001[카드 결제 성공]
 [2023-12-12 11:47:32] <45966> END PYO  Laptime:[0.625sec]
 [2023-12-12 11:47:32] <45966> ===============================================================
 [2023-12-12 12:20:13] <130029> START NicepayLite PYO (V1.1B20140314(OS:Linux2.6.32-754.35.1.el6.x86_64,PHP:7.3.15))
 [2023-12-12 12:20:13] <130029> Connect to ssl://web.nicepay.co.kr:443
 [2023-12-12 12:20:13] <130029> ssl://web.nicepay.co.kr:443 Server Connect OK
 [2023-12-12 12:20:13] <130029> MSG_TO_SVR::[/lite/payProcess.jsp]
 [2023-12-12 12:20:14] <130029> TID -> [ilooda001m01012312121220145924]
 [2023-12-12 12:20:14] <130029> 3001[카드 결제 성공]
 [2023-12-12 12:20:14] <130029> END PYO  Laptime:[1.076sec]
 [2023-12-12 12:20:14] <130029> ===============================================================
 [2023-12-12 16:54:58] <8363> START NicepayLite PYO (V1.1B20140314(OS:Linux2.6.32-754.35.1.el6.x86_64,PHP:7.3.15))
 [2023-12-12 16:54:58] <8363> Connect to ssl://web.nicepay.co.kr:443
 [2023-12-12 16:54:58] <8363> ssl://web.nicepay.co.kr:443 Server Connect OK
 [2023-12-12 16:54:58] <8363> MSG_TO_SVR::[/lite/payProcess.jsp]
 [2023-12-12 16:54:58] <8363> TID -> [ilooda001m01012312121654592779]
 [2023-12-12 16:54:58] <8363> 3001[카드 결제 성공]
 [2023-12-12 16:54:58] <8363> END PYO  Laptime:[0.58sec]
 [2023-12-12 16:54:58] <8363> ===============================================================
 [2023-12-12 18:02:04] <49546> START NicepayLite PYO (V1.1B20140314(OS:Linux2.6.32-754.35.1.el6.x86_64,PHP:7.3.15))
 [2023-12-12 18:02:04] <49546> Connect to ssl://web.nicepay.co.kr:443
 [2023-12-12 18:02:04] <49546> ssl://web.nicepay.co.kr:443 Server Connect OK
 [2023-12-12 18:02:04] <49546> MSG_TO_SVR::[/lite/payProcess.jsp]
 [2023-12-12 18:02:04] <49546> TID -> [ilooda001m01012312121802054057]
 [2023-12-12 18:02:04] <49546> 3001[카드 결제 성공]
 [2023-12-12 18:02:04] <49546> END PYO  Laptime:[0.309sec]
 [2023-12-12 18:02:04] <49546> ===============================================================
 [2023-12-12 20:12:14] <87643> START NicepayLite PYO (V1.1B20140314(OS:Linux2.6.32-754.35.1.el6.x86_64,PHP:7.3.15))
 [2023-12-12 20:12:14] <87643> Connect to ssl://web.nicepay.co.kr:443
 [2023-12-12 20:12:14] <87643> ssl://web.nicepay.co.kr:443 Server Connect OK
 [2023-12-12 20:12:14] <87643> MSG_TO_SVR::[/lite/payProcess.jsp]
 [2023-12-12 20:12:15] <87643> TID -> [ilooda001m01012312122012159047]
 [2023-12-12 20:12:15] <87643> 3001[카드 결제 성공]
 [2023-12-12 20:12:15] <87643> END PYO  Laptime:[1.274sec]
 [2023-12-12 20:12:15] <87643> ===============================================================
 [2023-12-12 20:49:52] <56196> START NicepayLite PYO (V1.1B20140314(OS:Linux2.6.32-754.35.1.el6.x86_64,PHP:7.3.15))
 [2023-12-12 20:49:52] <56196> Connect to ssl://web.nicepay.co.kr:443
 [2023-12-12 20:49:52] <56196> ssl://web.nicepay.co.kr:443 Server Connect OK
 [2023-12-12 20:49:52] <56196> MSG_TO_SVR::[/lite/payProcess.jsp]
 [2023-12-12 20:49:52] <56196> TID -> [ilooda001m01012312122049534076]
 [2023-12-12 20:49:52] <56196> 3001[카드 결제 성공]
 [2023-12-12 20:49:52] <56196> END PYO  Laptime:[0.641sec]
 [2023-12-12 20:49:52] <56196> ===============================================================
 [2023-12-12 21:05:12] <22828> START NicepayLite PYO (V1.1B20140314(OS:Linux2.6.32-754.35.1.el6.x86_64,PHP:7.3.15))
 [2023-12-12 21:05:12] <22828> Connect to ssl://web.nicepay.co.kr:443
 [2023-12-12 21:05:12] <22828> ssl://web.nicepay.co.kr:443 Server Connect OK
 [2023-12-12 21:05:12] <22828> MSG_TO_SVR::[/lite/payProcess.jsp]
 [2023-12-12 21:05:13] <22828> TID -> [ilooda001m01012312122105135472]
 [2023-12-12 21:05:13] <22828> 3001[카드 결제 성공]
 [2023-12-12 21:05:13] <22828> END PYO  Laptime:[0.827sec]
 [2023-12-12 21:05:13] <22828> ===============================================================
