 [2023-11-10 10:01:10] <25960> START NicepayLite PYO (V1.1B20140314(OS:Linux2.6.32-754.35.1.el6.x86_64,PHP:7.3.15))
 [2023-11-10 10:01:10] <25960> Connect to ssl://web.nicepay.co.kr:443
 [2023-11-10 10:01:10] <25960> ssl://web.nicepay.co.kr:443 Server Connect OK
 [2023-11-10 10:01:10] <25960> MSG_TO_SVR::[/lite/payProcess.jsp]
 [2023-11-10 10:01:11] <25960> TID -> [ilooda001m01012311101001123091]
 [2023-11-10 10:01:11] <25960> 3001[카드 결제 성공]
 [2023-11-10 10:01:11] <25960> END PYO  Laptime:[0.709sec]
 [2023-11-10 10:01:11] <25960> ===============================================================
 [2023-11-10 12:08:48] <100777> START NicepayLite PYO (V1.1B20140314(OS:Linux2.6.32-754.35.1.el6.x86_64,PHP:7.3.15))
 [2023-11-10 12:08:48] <100777> Connect to ssl://web.nicepay.co.kr:443
 [2023-11-10 12:08:48] <100777> ssl://web.nicepay.co.kr:443 Server Connect OK
 [2023-11-10 12:08:48] <100777> MSG_TO_SVR::[/lite/payProcess.jsp]
 [2023-11-10 12:08:48] <100777> TID -> [ilooda001m01012311101208496675]
 [2023-11-10 12:08:48] <100777> 3001[카드 결제 성공]
 [2023-11-10 12:08:48] <100777> END PYO  Laptime:[0.568sec]
 [2023-11-10 12:08:48] <100777> ===============================================================
 [2023-11-10 12:34:08] <776> START NicepayLite PYO (V1.1B20140314(OS:Linux2.6.32-754.35.1.el6.x86_64,PHP:7.3.15))
 [2023-11-10 12:34:08] <776> Connect to ssl://web.nicepay.co.kr:443
 [2023-11-10 12:34:08] <776> ssl://web.nicepay.co.kr:443 Server Connect OK
 [2023-11-10 12:34:08] <776> MSG_TO_SVR::[/lite/payProcess.jsp]
 [2023-11-10 12:34:08] <776> TID -> [ilooda001m01012311101234099431]
 [2023-11-10 12:34:08] <776> 3001[카드 결제 성공]
 [2023-11-10 12:34:08] <776> END PYO  Laptime:[0.539sec]
 [2023-11-10 12:34:08] <776> ===============================================================
 [2023-11-10 13:40:10] <47323> START NicepayLite PYO (V1.1B20140314(OS:Linux2.6.32-754.35.1.el6.x86_64,PHP:7.3.15))
 [2023-11-10 13:40:10] <47323> Connect to ssl://web.nicepay.co.kr:443
 [2023-11-10 13:40:10] <47323> ssl://web.nicepay.co.kr:443 Server Connect OK
 [2023-11-10 13:40:10] <47323> MSG_TO_SVR::[/lite/payProcess.jsp]
 [2023-11-10 13:40:10] <47323> TID -> [ilooda001m01012311101340116400]
 [2023-11-10 13:40:10] <47323> 3001[카드 결제 성공]
 [2023-11-10 13:40:10] <47323> END PYO  Laptime:[0.713sec]
 [2023-11-10 13:40:10] <47323> ===============================================================
 [2023-11-10 15:36:41] <45512> START NicepayLite PYO (V1.1B20140314(OS:Linux2.6.32-754.35.1.el6.x86_64,PHP:7.3.15))
 [2023-11-10 15:36:41] <45512> Connect to ssl://web.nicepay.co.kr:443
 [2023-11-10 15:36:41] <45512> ssl://web.nicepay.co.kr:443 Server Connect OK
 [2023-11-10 15:36:41] <45512> MSG_TO_SVR::[/lite/payProcess.jsp]
 [2023-11-10 15:36:42] <45512> TID -> [ilooda001m01012311101536432251]
 [2023-11-10 15:36:42] <45512> 3001[카드 결제 성공]
 [2023-11-10 15:36:42] <45512> END PYO  Laptime:[0.759sec]
 [2023-11-10 15:36:42] <45512> ===============================================================
 [2023-11-10 15:56:52] <47588> START NicepayLite PYO (V1.1B20140314(OS:Linux2.6.32-754.35.1.el6.x86_64,PHP:7.3.15))
 [2023-11-10 15:56:52] <47588> Connect to ssl://web.nicepay.co.kr:443
 [2023-11-10 15:56:52] <47588> ssl://web.nicepay.co.kr:443 Server Connect OK
 [2023-11-10 15:56:52] <47588> MSG_TO_SVR::[/lite/payProcess.jsp]
 [2023-11-10 15:56:52] <47588> TID -> [ilooda001m01012311101556538627]
 [2023-11-10 15:56:52] <47588> 3001[카드 결제 성공]
 [2023-11-10 15:56:52] <47588> END PYO  Laptime:[0.333sec]
 [2023-11-10 15:56:52] <47588> ===============================================================
 [2023-11-10 17:42:44] <105612> START NicepayLite PYO (V1.1B20140314(OS:Linux2.6.32-754.35.1.el6.x86_64,PHP:7.3.15))
 [2023-11-10 17:42:44] <105612> Connect to ssl://web.nicepay.co.kr:443
 [2023-11-10 17:42:44] <105612> ssl://web.nicepay.co.kr:443 Server Connect OK
 [2023-11-10 17:42:44] <105612> MSG_TO_SVR::[/lite/payProcess.jsp]
 [2023-11-10 17:42:44] <105612> TID -> [ilooda001m01012311101742460804]
 [2023-11-10 17:42:44] <105612> 3001[카드 결제 성공]
 [2023-11-10 17:42:44] <105612> END PYO  Laptime:[0.549sec]
 [2023-11-10 17:42:44] <105612> ===============================================================
 [2023-11-10 18:22:24] <118038> START NicepayLite PYO (V1.1B20140314(OS:Linux2.6.32-754.35.1.el6.x86_64,PHP:7.3.15))
 [2023-11-10 18:22:24] <118038> Connect to ssl://web.nicepay.co.kr:443
 [2023-11-10 18:22:24] <118038> ssl://web.nicepay.co.kr:443 Server Connect OK
 [2023-11-10 18:22:24] <118038> MSG_TO_SVR::[/lite/payProcess.jsp]
 [2023-11-10 18:22:24] <118038> TID -> [ilooda001m01012311101822264181]
 [2023-11-10 18:22:24] <118038> 3001[카드 결제 성공]
 [2023-11-10 18:22:24] <118038> END PYO  Laptime:[0.25sec]
 [2023-11-10 18:22:24] <118038> ===============================================================
 [2023-11-10 19:08:53] <34125> START NicepayLite PYO (V1.1B20140314(OS:Linux2.6.32-754.35.1.el6.x86_64,PHP:7.3.15))
 [2023-11-10 19:08:53] <34125> Connect to ssl://web.nicepay.co.kr:443
 [2023-11-10 19:08:53] <34125> ssl://web.nicepay.co.kr:443 Server Connect OK
 [2023-11-10 19:08:53] <34125> MSG_TO_SVR::[/lite/payProcess.jsp]
 [2023-11-10 19:08:53] <34125> TID -> [ilooda001m01012311101908548949]
 [2023-11-10 19:08:53] <34125> 3001[카드 결제 성공]
 [2023-11-10 19:08:53] <34125> END PYO  Laptime:[0.804sec]
 [2023-11-10 19:08:53] <34125> ===============================================================
 [2023-11-10 19:09:32] <41708> START NicepayLite PYO (V1.1B20140314(OS:Linux2.6.32-754.35.1.el6.x86_64,PHP:7.3.15))
 [2023-11-10 19:09:32] <41708> Connect to ssl://web.nicepay.co.kr:443
 [2023-11-10 19:09:32] <41708> ssl://web.nicepay.co.kr:443 Server Connect OK
 [2023-11-10 19:09:32] <41708> MSG_TO_SVR::[/lite/payProcess.jsp]
 [2023-11-10 19:09:32] <41708> TID -> [ilooda001m01012311101909338974]
 [2023-11-10 19:09:32] <41708> 3001[카드 결제 성공]
 [2023-11-10 19:09:32] <41708> END PYO  Laptime:[0.774sec]
 [2023-11-10 19:09:32] <41708> ===============================================================
 [2023-11-10 19:37:34] <104192> START NicepayLite PYO (V1.1B20140314(OS:Linux2.6.32-754.35.1.el6.x86_64,PHP:7.3.15))
 [2023-11-10 19:37:34] <104192> Connect to ssl://web.nicepay.co.kr:443
 [2023-11-10 19:37:34] <104192> ssl://web.nicepay.co.kr:443 Server Connect OK
 [2023-11-10 19:37:34] <104192> MSG_TO_SVR::[/lite/payProcess.jsp]
 [2023-11-10 19:37:35] <104192> TID -> [ilooda001m01012311101937365898]
 [2023-11-10 19:37:35] <104192> 3001[카드 결제 성공]
 [2023-11-10 19:37:35] <104192> END PYO  Laptime:[0.591sec]
 [2023-11-10 19:37:35] <104192> ===============================================================
