 [2024-03-04 10:01:51] <108525> START NicepayLite PYO (V1.1B20140314(OS:Linux2.6.32-754.35.1.el6.x86_64,PHP:7.3.15))
 [2024-03-04 10:01:51] <108525> Connect to ssl://web.nicepay.co.kr:443
 [2024-03-04 10:01:51] <108525> ssl://web.nicepay.co.kr:443 Server Connect OK
 [2024-03-04 10:01:51] <108525> MSG_TO_SVR::[/lite/payProcess.jsp]
 [2024-03-04 10:01:51] <108525> TID -> [ilooda001m01012403041001516507]
 [2024-03-04 10:01:51] <108525> 3001[카드 결제 성공]
 [2024-03-04 10:01:51] <108525> END PYO  Laptime:[0.464sec]
 [2024-03-04 10:01:51] <108525> ===============================================================
 [2024-03-04 10:16:55] <80727> START NicepayLite PYO (V1.1B20140314(OS:Linux2.6.32-754.35.1.el6.x86_64,PHP:7.3.15))
 [2024-03-04 10:16:55] <80727> Connect to ssl://web.nicepay.co.kr:443
 [2024-03-04 10:16:55] <80727> ssl://web.nicepay.co.kr:443 Server Connect OK
 [2024-03-04 10:16:55] <80727> MSG_TO_SVR::[/lite/payProcess.jsp]
 [2024-03-04 10:16:55] <80727> TID -> [ilooda001m01012403041016556364]
 [2024-03-04 10:16:55] <80727> 3001[카드 결제 성공]
 [2024-03-04 10:16:55] <80727> END PYO  Laptime:[0.428sec]
 [2024-03-04 10:16:55] <80727> ===============================================================
 [2024-03-04 12:39:07] <40704> START NicepayLite PYO (V1.1B20140314(OS:Linux2.6.32-754.35.1.el6.x86_64,PHP:7.3.15))
 [2024-03-04 12:39:07] <40704> Connect to ssl://web.nicepay.co.kr:443
 [2024-03-04 12:39:07] <40704> ssl://web.nicepay.co.kr:443 Server Connect OK
 [2024-03-04 12:39:07] <40704> MSG_TO_SVR::[/lite/payProcess.jsp]
 [2024-03-04 12:39:08] <40704> TID -> [ilooda001m01012403041239077015]
 [2024-03-04 12:39:08] <40704> 3001[카드 결제 성공]
 [2024-03-04 12:39:08] <40704> END PYO  Laptime:[1.199sec]
 [2024-03-04 12:39:08] <40704> ===============================================================
 [2024-03-04 12:49:52] <120007> START NicepayLite PYO (V1.1B20140314(OS:Linux2.6.32-754.35.1.el6.x86_64,PHP:7.3.15))
 [2024-03-04 12:49:52] <120007> Connect to ssl://web.nicepay.co.kr:443
 [2024-03-04 12:49:52] <120007> ssl://web.nicepay.co.kr:443 Server Connect OK
 [2024-03-04 12:49:52] <120007> MSG_TO_SVR::[/lite/payProcess.jsp]
 [2024-03-04 12:49:53] <120007> TID -> [ilooda001m01012403041249526803]
 [2024-03-04 12:49:53] <120007> 3001[카드 결제 성공]
 [2024-03-04 12:49:53] <120007> END PYO  Laptime:[1.168sec]
 [2024-03-04 12:49:53] <120007> ===============================================================
 [2024-03-04 13:25:56] <111225> START NicepayLite PYO (V1.1B20140314(OS:Linux2.6.32-754.35.1.el6.x86_64,PHP:7.3.15))
 [2024-03-04 13:25:56] <111225> Connect to ssl://web.nicepay.co.kr:443
 [2024-03-04 13:25:56] <111225> ssl://web.nicepay.co.kr:443 Server Connect OK
 [2024-03-04 13:25:56] <111225> MSG_TO_SVR::[/lite/payProcess.jsp]
 [2024-03-04 13:25:57] <111225> TID -> [ilooda001m01012403041325568644]
 [2024-03-04 13:25:57] <111225> 3001[카드 결제 성공]
 [2024-03-04 13:25:57] <111225> END PYO  Laptime:[0.679sec]
 [2024-03-04 13:25:57] <111225> ===============================================================
 [2024-03-04 14:19:55] <101526> START NicepayLite PYO (V1.1B20140314(OS:Linux2.6.32-754.35.1.el6.x86_64,PHP:7.3.15))
 [2024-03-04 14:19:55] <101526> Connect to ssl://web.nicepay.co.kr:443
 [2024-03-04 14:19:55] <101526> ssl://web.nicepay.co.kr:443 Server Connect OK
 [2024-03-04 14:19:55] <101526> MSG_TO_SVR::[/lite/payProcess.jsp]
 [2024-03-04 14:19:56] <101526> TID -> [ilooda001m01012403041419557770]
 [2024-03-04 14:19:56] <101526> 3001[카드 결제 성공]
 [2024-03-04 14:19:56] <101526> END PYO  Laptime:[0.945sec]
 [2024-03-04 14:19:56] <101526> ===============================================================
 [2024-03-04 14:58:00] <111919> START NicepayLite PYO (V1.1B20140314(OS:Linux2.6.32-754.35.1.el6.x86_64,PHP:7.3.15))
 [2024-03-04 14:58:00] <111919> Connect to ssl://web.nicepay.co.kr:443
 [2024-03-04 14:58:00] <111919> ssl://web.nicepay.co.kr:443 Server Connect OK
 [2024-03-04 14:58:00] <111919> MSG_TO_SVR::[/lite/payProcess.jsp]
 [2024-03-04 14:58:01] <111919> TID -> [ilooda001m01012403041458004643]
 [2024-03-04 14:58:01] <111919> 3001[카드 결제 성공]
 [2024-03-04 14:58:01] <111919> END PYO  Laptime:[1.063sec]
 [2024-03-04 14:58:01] <111919> ===============================================================
 [2024-03-04 15:52:35] <106249> START NicepayLite PYO (V1.1B20140314(OS:Linux2.6.32-754.35.1.el6.x86_64,PHP:7.3.15))
 [2024-03-04 15:52:35] <106249> Connect to ssl://web.nicepay.co.kr:443
 [2024-03-04 15:52:35] <106249> ssl://web.nicepay.co.kr:443 Server Connect OK
 [2024-03-04 15:52:35] <106249> MSG_TO_SVR::[/lite/payProcess.jsp]
 [2024-03-04 15:52:35] <106249> TID -> [ilooda001m01012403041552357037]
 [2024-03-04 15:52:35] <106249> 3001[카드 결제 성공]
 [2024-03-04 15:52:35] <106249> END PYO  Laptime:[0.664sec]
 [2024-03-04 15:52:35] <106249> ===============================================================
 [2024-03-04 15:55:34] <138652> START NicepayLite PYO (V1.1B20140314(OS:Linux2.6.32-754.35.1.el6.x86_64,PHP:7.3.15))
 [2024-03-04 15:55:34] <138652> Connect to ssl://web.nicepay.co.kr:443
 [2024-03-04 15:55:34] <138652> ssl://web.nicepay.co.kr:443 Server Connect OK
 [2024-03-04 15:55:34] <138652> MSG_TO_SVR::[/lite/payProcess.jsp]
 [2024-03-04 15:55:34] <138652> TID -> [ilooda001m01012403041555349409]
 [2024-03-04 15:55:34] <138652> 3001[카드 결제 성공]
 [2024-03-04 15:55:34] <138652> END PYO  Laptime:[0.37sec]
 [2024-03-04 15:55:34] <138652> ===============================================================
 [2024-03-04 16:01:05] <39329> START NicepayLite PYO (V1.1B20140314(OS:Linux2.6.32-754.35.1.el6.x86_64,PHP:7.3.15))
 [2024-03-04 16:01:05] <39329> Connect to ssl://web.nicepay.co.kr:443
 [2024-03-04 16:01:05] <39329> ssl://web.nicepay.co.kr:443 Server Connect OK
 [2024-03-04 16:01:05] <39329> MSG_TO_SVR::[/lite/payProcess.jsp]
 [2024-03-04 16:01:05] <39329> TID -> [ilooda001m01012403041601058211]
 [2024-03-04 16:01:05] <39329> 1082[한도 초과]
 [2024-03-04 16:01:05] <39329> END PYO  Laptime:[0.479sec]
 [2024-03-04 16:01:05] <39329> ===============================================================
 [2024-03-04 16:09:27] <104388> START NicepayLite PYO (V1.1B20140314(OS:Linux2.6.32-754.35.1.el6.x86_64,PHP:7.3.15))
 [2024-03-04 16:09:27] <104388> Connect to ssl://web.nicepay.co.kr:443
 [2024-03-04 16:09:27] <104388> ssl://web.nicepay.co.kr:443 Server Connect OK
 [2024-03-04 16:09:27] <104388> MSG_TO_SVR::[/lite/payProcess.jsp]
 [2024-03-04 16:09:28] <104388> TID -> [ilooda001m01012403041609279040]
 [2024-03-04 16:09:28] <104388> 3001[카드 결제 성공]
 [2024-03-04 16:09:28] <104388> END PYO  Laptime:[0.742sec]
 [2024-03-04 16:09:28] <104388> ===============================================================
 [2024-03-04 18:46:02] <41437> START NicepayLite PYO (V1.1B20140314(OS:Linux2.6.32-754.35.1.el6.x86_64,PHP:7.3.15))
 [2024-03-04 18:46:02] <41437> Connect to ssl://web.nicepay.co.kr:443
 [2024-03-04 18:46:02] <41437> ssl://web.nicepay.co.kr:443 Server Connect OK
 [2024-03-04 18:46:02] <41437> MSG_TO_SVR::[/lite/payProcess.jsp]
 [2024-03-04 18:46:02] <41437> TID -> [ilooda001m01012403041846025742]
 [2024-03-04 18:46:02] <41437> 3001[카드 결제 성공]
 [2024-03-04 18:46:02] <41437> END PYO  Laptime:[0.493sec]
 [2024-03-04 18:46:02] <41437> ===============================================================
 [2024-03-04 19:37:13] <15351> START NicepayLite PYO (V1.1B20140314(OS:Linux2.6.32-754.35.1.el6.x86_64,PHP:7.3.15))
 [2024-03-04 19:37:13] <15351> Connect to ssl://web.nicepay.co.kr:443
 [2024-03-04 19:37:13] <15351> ssl://web.nicepay.co.kr:443 Server Connect OK
 [2024-03-04 19:37:13] <15351> MSG_TO_SVR::[/lite/payProcess.jsp]
 [2024-03-04 19:37:13] <15351> TID -> [ilooda001m01012403041937139626]
 [2024-03-04 19:37:13] <15351> 3001[카드 결제 성공]
 [2024-03-04 19:37:13] <15351> END PYO  Laptime:[0.499sec]
 [2024-03-04 19:37:13] <15351> ===============================================================
 [2024-03-04 20:05:16] <93076> START NicepayLite PYO (V1.1B20140314(OS:Linux2.6.32-754.35.1.el6.x86_64,PHP:7.3.15))
 [2024-03-04 20:05:16] <93076> Connect to ssl://web.nicepay.co.kr:443
 [2024-03-04 20:05:16] <93076> ssl://web.nicepay.co.kr:443 Server Connect OK
 [2024-03-04 20:05:16] <93076> MSG_TO_SVR::[/lite/payProcess.jsp]
 [2024-03-04 20:05:17] <93076> TID -> [ilooda001m01012403042005169024]
 [2024-03-04 20:05:17] <93076> 3001[카드 결제 성공]
 [2024-03-04 20:05:17] <93076> END PYO  Laptime:[0.899sec]
 [2024-03-04 20:05:17] <93076> ===============================================================
