 [2024-01-25 10:24:29] <135383> START NicepayLite PYO (V1.1B20140314(OS:Linux2.6.32-754.35.1.el6.x86_64,PHP:7.3.15))
 [2024-01-25 10:24:29] <135383> Connect to ssl://web.nicepay.co.kr:443
 [2024-01-25 10:24:29] <135383> ssl://web.nicepay.co.kr:443 Server Connect OK
 [2024-01-25 10:24:29] <135383> MSG_TO_SVR::[/lite/payProcess.jsp]
 [2024-01-25 10:24:30] <135383> TID -> [ilooda001m01012401251024310120]
 [2024-01-25 10:24:30] <135383> 3001[카드 결제 성공]
 [2024-01-25 10:24:30] <135383> END PYO  Laptime:[0.565sec]
 [2024-01-25 10:24:30] <135383> ===============================================================
 [2024-01-25 10:43:23] <135457> START NicepayLite PYO (V1.1B20140314(OS:Linux2.6.32-754.35.1.el6.x86_64,PHP:7.3.15))
 [2024-01-25 10:43:23] <135457> Connect to ssl://web.nicepay.co.kr:443
 [2024-01-25 10:43:23] <135457> ssl://web.nicepay.co.kr:443 Server Connect OK
 [2024-01-25 10:43:23] <135457> MSG_TO_SVR::[/lite/payProcess.jsp]
 [2024-01-25 10:43:24] <135457> TID -> [ilooda001m01012401251043251735]
 [2024-01-25 10:43:24] <135457> 3001[카드 결제 성공]
 [2024-01-25 10:43:24] <135457> END PYO  Laptime:[0.566sec]
 [2024-01-25 10:43:24] <135457> ===============================================================
 [2024-01-25 12:13:40] <105018> START NicepayLite PYO (V1.1B20140314(OS:Linux2.6.32-754.35.1.el6.x86_64,PHP:7.3.15))
 [2024-01-25 12:13:40] <105018> Connect to ssl://web.nicepay.co.kr:443
 [2024-01-25 12:13:40] <105018> ssl://web.nicepay.co.kr:443 Server Connect OK
 [2024-01-25 12:13:40] <105018> MSG_TO_SVR::[/lite/payProcess.jsp]
 [2024-01-25 12:13:40] <105018> TID -> [ilooda001m01012401251213417323]
 [2024-01-25 12:13:40] <105018> 3001[카드 결제 성공]
 [2024-01-25 12:13:40] <105018> END PYO  Laptime:[0.645sec]
 [2024-01-25 12:13:40] <105018> ===============================================================
 [2024-01-25 12:34:29] <118539> START NicepayLite PYO (V1.1B20140314(OS:Linux2.6.32-754.35.1.el6.x86_64,PHP:7.3.15))
 [2024-01-25 12:34:29] <118539> Connect to ssl://web.nicepay.co.kr:443
 [2024-01-25 12:34:29] <118539> ssl://web.nicepay.co.kr:443 Server Connect OK
 [2024-01-25 12:34:29] <118539> MSG_TO_SVR::[/lite/payProcess.jsp]
 [2024-01-25 12:34:29] <118539> TID -> [ilooda001m01012401251234305743]
 [2024-01-25 12:34:29] <118539> 3001[카드 결제 성공]
 [2024-01-25 12:34:29] <118539> END PYO  Laptime:[0.672sec]
 [2024-01-25 12:34:29] <118539> ===============================================================
 [2024-01-25 13:26:47] <81167> START NicepayLite PYO (V1.1B20140314(OS:Linux2.6.32-754.35.1.el6.x86_64,PHP:7.3.15))
 [2024-01-25 13:26:47] <81167> Connect to ssl://web.nicepay.co.kr:443
 [2024-01-25 13:26:47] <81167> ssl://web.nicepay.co.kr:443 Server Connect OK
 [2024-01-25 13:26:47] <81167> MSG_TO_SVR::[/lite/payProcess.jsp]
 [2024-01-25 13:26:48] <81167> TID -> [ilooda001m01012401251326493174]
 [2024-01-25 13:26:48] <81167> 3001[카드 결제 성공]
 [2024-01-25 13:26:48] <81167> END PYO  Laptime:[0.445sec]
 [2024-01-25 13:26:48] <81167> ===============================================================
 [2024-01-25 14:13:49] <19510> START NicepayLite PYO (V1.1B20140314(OS:Linux2.6.32-754.35.1.el6.x86_64,PHP:7.3.15))
 [2024-01-25 14:13:49] <19510> Connect to ssl://web.nicepay.co.kr:443
 [2024-01-25 14:13:49] <19510> ssl://web.nicepay.co.kr:443 Server Connect OK
 [2024-01-25 14:13:49] <19510> MSG_TO_SVR::[/lite/payProcess.jsp]
 [2024-01-25 14:13:50] <19510> TID -> [ilooda001m01012401251413511919]
 [2024-01-25 14:13:50] <19510> 3001[카드 결제 성공]
 [2024-01-25 14:13:50] <19510> END PYO  Laptime:[0.723sec]
 [2024-01-25 14:13:50] <19510> ===============================================================
 [2024-01-25 15:43:43] <143522> START NicepayLite PYO (V1.1B20140314(OS:Linux2.6.32-754.35.1.el6.x86_64,PHP:7.3.15))
 [2024-01-25 15:43:43] <143522> Connect to ssl://web.nicepay.co.kr:443
 [2024-01-25 15:43:43] <143522> ssl://web.nicepay.co.kr:443 Server Connect OK
 [2024-01-25 15:43:43] <143522> MSG_TO_SVR::[/lite/payProcess.jsp]
 [2024-01-25 15:43:44] <143522> TID -> [ilooda001m01012401251543449150]
 [2024-01-25 15:43:44] <143522> 3001[카드 결제 성공]
 [2024-01-25 15:43:44] <143522> END PYO  Laptime:[1.184sec]
 [2024-01-25 15:43:44] <143522> ===============================================================
 [2024-01-25 16:18:12] <138362> START NicepayLite PYO (V1.1B20140314(OS:Linux2.6.32-754.35.1.el6.x86_64,PHP:7.3.15))
 [2024-01-25 16:18:12] <138362> Connect to ssl://web.nicepay.co.kr:443
 [2024-01-25 16:18:12] <138362> ssl://web.nicepay.co.kr:443 Server Connect OK
 [2024-01-25 16:18:12] <138362> MSG_TO_SVR::[/lite/payProcess.jsp]
 [2024-01-25 16:18:13] <138362> TID -> [ilooda001m01012401251618138316]
 [2024-01-25 16:18:13] <138362> 3001[카드 결제 성공]
 [2024-01-25 16:18:13] <138362> END PYO  Laptime:[0.963sec]
 [2024-01-25 16:18:13] <138362> ===============================================================
 [2024-01-25 18:03:56] <75407> START NicepayLite PYO (V1.1B20140314(OS:Linux2.6.32-754.35.1.el6.x86_64,PHP:7.3.15))
 [2024-01-25 18:03:56] <75407> Connect to ssl://web.nicepay.co.kr:443
 [2024-01-25 18:03:56] <75407> ssl://web.nicepay.co.kr:443 Server Connect OK
 [2024-01-25 18:03:56] <75407> MSG_TO_SVR::[/lite/payProcess.jsp]
 [2024-01-25 18:03:56] <75407> TID -> [ilooda001m01012401251803579020]
 [2024-01-25 18:03:56] <75407> 3001[카드 결제 성공]
 [2024-01-25 18:03:56] <75407> END PYO  Laptime:[0.656sec]
 [2024-01-25 18:03:56] <75407> ===============================================================
 [2024-01-25 20:18:42] <85213> START NicepayLite PYO (V1.1B20140314(OS:Linux2.6.32-754.35.1.el6.x86_64,PHP:7.3.15))
 [2024-01-25 20:18:42] <85213> Connect to ssl://web.nicepay.co.kr:443
 [2024-01-25 20:18:42] <85213> ssl://web.nicepay.co.kr:443 Server Connect OK
 [2024-01-25 20:18:42] <85213> MSG_TO_SVR::[/lite/payProcess.jsp]
 [2024-01-25 20:18:42] <85213> TID -> [ilooda001m01012401252018439968]
 [2024-01-25 20:18:42] <85213> 3001[카드 결제 성공]
 [2024-01-25 20:18:42] <85213> END PYO  Laptime:[0.499sec]
 [2024-01-25 20:18:42] <85213> ===============================================================
