 [2023-12-06 09:59:43] <111410> START NicepayLite PYO (V1.1B20140314(OS:Linux2.6.32-754.35.1.el6.x86_64,PHP:7.3.15))
 [2023-12-06 09:59:43] <111410> Connect to ssl://web.nicepay.co.kr:443
 [2023-12-06 09:59:43] <111410> ssl://web.nicepay.co.kr:443 Server Connect OK
 [2023-12-06 09:59:43] <111410> MSG_TO_SVR::[/lite/payProcess.jsp]
 [2023-12-06 09:59:44] <111410> TID -> [ilooda001m01012312060959441215]
 [2023-12-06 09:59:44] <111410> 3001[카드 결제 성공]
 [2023-12-06 09:59:44] <111410> END PYO  Laptime:[0.757sec]
 [2023-12-06 09:59:44] <111410> ===============================================================
 [2023-12-06 10:05:22] <6351> START NicepayLite PYO (V1.1B20140314(OS:Linux2.6.32-754.35.1.el6.x86_64,PHP:7.3.15))
 [2023-12-06 10:05:22] <6351> Connect to ssl://web.nicepay.co.kr:443
 [2023-12-06 10:05:22] <6351> ssl://web.nicepay.co.kr:443 Server Connect OK
 [2023-12-06 10:05:22] <6351> MSG_TO_SVR::[/lite/payProcess.jsp]
 [2023-12-06 10:05:23] <6351> TID -> [ilooda001m01012312061005231100]
 [2023-12-06 10:05:23] <6351> 3001[카드 결제 성공]
 [2023-12-06 10:05:23] <6351> END PYO  Laptime:[0.747sec]
 [2023-12-06 10:05:23] <6351> ===============================================================
 [2023-12-06 10:16:19] <81735> START NicepayLite PYO (V1.1B20140314(OS:Linux2.6.32-754.35.1.el6.x86_64,PHP:7.3.15))
 [2023-12-06 10:16:19] <81735> Connect to ssl://web.nicepay.co.kr:443
 [2023-12-06 10:16:19] <81735> ssl://web.nicepay.co.kr:443 Server Connect OK
 [2023-12-06 10:16:19] <81735> MSG_TO_SVR::[/lite/payProcess.jsp]
 [2023-12-06 10:16:19] <81735> TID -> [ilooda001m01012312061016197915]
 [2023-12-06 10:16:19] <81735> 3001[카드 결제 성공]
 [2023-12-06 10:16:19] <81735> END PYO  Laptime:[0.498sec]
 [2023-12-06 10:16:19] <81735> ===============================================================
 [2023-12-06 10:45:25] <134276> START NicepayLite PYO (V1.1B20140314(OS:Linux2.6.32-754.35.1.el6.x86_64,PHP:7.3.15))
 [2023-12-06 10:45:25] <134276> Connect to ssl://web.nicepay.co.kr:443
 [2023-12-06 10:45:25] <134276> ssl://web.nicepay.co.kr:443 Server Connect OK
 [2023-12-06 10:45:25] <134276> MSG_TO_SVR::[/lite/payProcess.jsp]
 [2023-12-06 10:45:25] <134276> TID -> [ilooda001m01012312061045263069]
 [2023-12-06 10:45:25] <134276> 3001[카드 결제 성공]
 [2023-12-06 10:45:25] <134276> END PYO  Laptime:[0.348sec]
 [2023-12-06 10:45:25] <134276> ===============================================================
 [2023-12-06 10:58:16] <76513> START NicepayLite PYO (V1.1B20140314(OS:Linux2.6.32-754.35.1.el6.x86_64,PHP:7.3.15))
 [2023-12-06 10:58:16] <76513> Connect to ssl://web.nicepay.co.kr:443
 [2023-12-06 10:58:16] <76513> ssl://web.nicepay.co.kr:443 Server Connect OK
 [2023-12-06 10:58:16] <76513> MSG_TO_SVR::[/lite/payProcess.jsp]
 [2023-12-06 10:58:17] <76513> TID -> [ilooda001m01012312061058174030]
 [2023-12-06 10:58:17] <76513> 3001[카드 결제 성공]
 [2023-12-06 10:58:17] <76513> END PYO  Laptime:[0.81sec]
 [2023-12-06 10:58:17] <76513> ===============================================================
 [2023-12-06 11:04:45] <119178> START NicepayLite PYO (V1.1B20140314(OS:Linux2.6.32-754.35.1.el6.x86_64,PHP:7.3.15))
 [2023-12-06 11:04:45] <119178> Connect to ssl://web.nicepay.co.kr:443
 [2023-12-06 11:04:45] <119178> ssl://web.nicepay.co.kr:443 Server Connect OK
 [2023-12-06 11:04:45] <119178> MSG_TO_SVR::[/lite/payProcess.jsp]
 [2023-12-06 11:04:46] <119178> TID -> [ilooda001m01012312061104466682]
 [2023-12-06 11:04:46] <119178> 3001[카드 결제 성공]
 [2023-12-06 11:04:46] <119178> END PYO  Laptime:[0.974sec]
 [2023-12-06 11:04:46] <119178> ===============================================================
 [2023-12-06 11:07:54] <139678> START NicepayLite PYO (V1.1B20140314(OS:Linux2.6.32-754.35.1.el6.x86_64,PHP:7.3.15))
 [2023-12-06 11:07:54] <139678> Connect to ssl://web.nicepay.co.kr:443
 [2023-12-06 11:07:54] <139678> ssl://web.nicepay.co.kr:443 Server Connect OK
 [2023-12-06 11:07:54] <139678> MSG_TO_SVR::[/lite/payProcess.jsp]
 [2023-12-06 11:07:54] <139678> TID -> [ilooda001m01012312061107549593]
 [2023-12-06 11:07:54] <139678> 3001[카드 결제 성공]
 [2023-12-06 11:07:54] <139678> END PYO  Laptime:[0.748sec]
 [2023-12-06 11:07:54] <139678> ===============================================================
 [2023-12-06 11:08:26] <146552> START NicepayLite PYO (V1.1B20140314(OS:Linux2.6.32-754.35.1.el6.x86_64,PHP:7.3.15))
 [2023-12-06 11:08:26] <146552> Connect to ssl://web.nicepay.co.kr:443
 [2023-12-06 11:08:26] <146552> ssl://web.nicepay.co.kr:443 Server Connect OK
 [2023-12-06 11:08:26] <146552> MSG_TO_SVR::[/lite/payProcess.jsp]
 [2023-12-06 11:08:27] <146552> TID -> [ilooda001m01012312061108275679]
 [2023-12-06 11:08:27] <146552> 3001[카드 결제 성공]
 [2023-12-06 11:08:27] <146552> END PYO  Laptime:[0.749sec]
 [2023-12-06 11:08:27] <146552> ===============================================================
 [2023-12-06 11:08:42] <146552> START NicepayLite PYO (V1.1B20140314(OS:Linux2.6.32-754.35.1.el6.x86_64,PHP:7.3.15))
 [2023-12-06 11:08:42] <146552> Connect to ssl://web.nicepay.co.kr:443
 [2023-12-06 11:08:42] <146552> ssl://web.nicepay.co.kr:443 Server Connect OK
 [2023-12-06 11:08:42] <146552> MSG_TO_SVR::[/lite/payProcess.jsp]
 [2023-12-06 11:08:43] <146552> TID -> [ilooda001m01012312061108430561]
 [2023-12-06 11:08:43] <146552> 3001[카드 결제 성공]
 [2023-12-06 11:08:43] <146552> END PYO  Laptime:[0.799sec]
 [2023-12-06 11:08:43] <146552> ===============================================================
 [2023-12-06 13:59:59] <145015> START NicepayLite PYO (V1.1B20140314(OS:Linux2.6.32-754.35.1.el6.x86_64,PHP:7.3.15))
 [2023-12-06 13:59:59] <145015> Connect to ssl://web.nicepay.co.kr:443
 [2023-12-06 13:59:59] <145015> ssl://web.nicepay.co.kr:443 Server Connect OK
 [2023-12-06 13:59:59] <145015> MSG_TO_SVR::[/lite/payProcess.jsp]
 [2023-12-06 13:59:59] <145015> TID -> [ilooda001m01012312061359599460]
 [2023-12-06 13:59:59] <145015> 3001[카드 결제 성공]
 [2023-12-06 13:59:59] <145015> END PYO  Laptime:[0.719sec]
 [2023-12-06 13:59:59] <145015> ===============================================================
 [2023-12-06 14:24:20] <22682> START NicepayLite PYO (V1.1B20140314(OS:Linux2.6.32-754.35.1.el6.x86_64,PHP:7.3.15))
 [2023-12-06 14:24:20] <22682> Connect to ssl://web.nicepay.co.kr:443
 [2023-12-06 14:24:20] <22682> ssl://web.nicepay.co.kr:443 Server Connect OK
 [2023-12-06 14:24:20] <22682> MSG_TO_SVR::[/lite/payProcess.jsp]
 [2023-12-06 14:24:21] <22682> TID -> [ilooda001m01012312061424215396]
 [2023-12-06 14:24:21] <22682> 3001[카드 결제 성공]
 [2023-12-06 14:24:21] <22682> END PYO  Laptime:[0.639sec]
 [2023-12-06 14:24:21] <22682> ===============================================================
 [2023-12-06 15:58:15] <85053> START NicepayLite PYO (V1.1B20140314(OS:Linux2.6.32-754.35.1.el6.x86_64,PHP:7.3.15))
 [2023-12-06 15:58:15] <85053> Connect to ssl://web.nicepay.co.kr:443
 [2023-12-06 15:58:15] <85053> ssl://web.nicepay.co.kr:443 Server Connect OK
 [2023-12-06 15:58:15] <85053> MSG_TO_SVR::[/lite/payProcess.jsp]
 [2023-12-06 15:58:16] <85053> TID -> [ilooda001m01012312061558162237]
 [2023-12-06 15:58:16] <85053> 1082[한도 초과]
 [2023-12-06 15:58:16] <85053> END PYO  Laptime:[0.867sec]
 [2023-12-06 15:58:16] <85053> ===============================================================
 [2023-12-06 18:02:49] <59844> START NicepayLite PYO (V1.1B20140314(OS:Linux2.6.32-754.35.1.el6.x86_64,PHP:7.3.15))
 [2023-12-06 18:02:49] <59844> Connect to ssl://web.nicepay.co.kr:443
 [2023-12-06 18:02:49] <59844> ssl://web.nicepay.co.kr:443 Server Connect OK
 [2023-12-06 18:02:49] <59844> MSG_TO_SVR::[/lite/payProcess.jsp]
 [2023-12-06 18:02:50] <59844> TID -> [ilooda001m01012312061802508299]
 [2023-12-06 18:02:50] <59844> 3001[카드 결제 성공]
 [2023-12-06 18:02:50] <59844> END PYO  Laptime:[0.691sec]
 [2023-12-06 18:02:50] <59844> ===============================================================
 [2023-12-06 18:45:15] <58736> START NicepayLite PYO (V1.1B20140314(OS:Linux2.6.32-754.35.1.el6.x86_64,PHP:7.3.15))
 [2023-12-06 18:45:15] <58736> Connect to ssl://web.nicepay.co.kr:443
 [2023-12-06 18:45:15] <58736> ssl://web.nicepay.co.kr:443 Server Connect OK
 [2023-12-06 18:45:15] <58736> MSG_TO_SVR::[/lite/payProcess.jsp]
 [2023-12-06 18:45:15] <58736> TID -> [ilooda001m01012312061845163537]
 [2023-12-06 18:45:15] <58736> 3001[카드 결제 성공]
 [2023-12-06 18:45:15] <58736> END PYO  Laptime:[0.315sec]
 [2023-12-06 18:45:15] <58736> ===============================================================
