 [2023-11-20 09:13:35] <73399> START NicepayLite PYO (V1.1B20140314(OS:Linux2.6.32-754.35.1.el6.x86_64,PHP:7.3.15))
 [2023-11-20 09:13:35] <73399> Connect to ssl://web.nicepay.co.kr:443
 [2023-11-20 09:13:35] <73399> ssl://web.nicepay.co.kr:443 Server Connect OK
 [2023-11-20 09:13:35] <73399> MSG_TO_SVR::[/lite/payProcess.jsp]
 [2023-11-20 09:13:36] <73399> TID -> [ilooda001m01012311200913366892]
 [2023-11-20 09:13:36] <73399> 3001[카드 결제 성공]
 [2023-11-20 09:13:36] <73399> END PYO  Laptime:[0.737sec]
 [2023-11-20 09:13:36] <73399> ===============================================================
 [2023-11-20 09:15:45] <95806> START NicepayLite PYO (V1.1B20140314(OS:Linux2.6.32-754.35.1.el6.x86_64,PHP:7.3.15))
 [2023-11-20 09:15:45] <95806> Connect to ssl://web.nicepay.co.kr:443
 [2023-11-20 09:15:45] <95806> ssl://web.nicepay.co.kr:443 Server Connect OK
 [2023-11-20 09:15:45] <95806> MSG_TO_SVR::[/lite/payProcess.jsp]
 [2023-11-20 09:15:47] <95806> TID -> [ilooda001m01012311200915471290]
 [2023-11-20 09:15:47] <95806> 3001[카드 결제 성공]
 [2023-11-20 09:15:47] <95806> END PYO  Laptime:[1.223sec]
 [2023-11-20 09:15:47] <95806> ===============================================================
 [2023-11-20 11:13:51] <102678> START NicepayLite PYO (V1.1B20140314(OS:Linux2.6.32-754.35.1.el6.x86_64,PHP:7.3.15))
 [2023-11-20 11:13:51] <102678> Connect to ssl://web.nicepay.co.kr:443
 [2023-11-20 11:13:51] <102678> ssl://web.nicepay.co.kr:443 Server Connect OK
 [2023-11-20 11:13:51] <102678> MSG_TO_SVR::[/lite/payProcess.jsp]
 [2023-11-20 11:13:52] <102678> TID -> [ilooda001m01012311201113531357]
 [2023-11-20 11:13:52] <102678> 3001[카드 결제 성공]
 [2023-11-20 11:13:52] <102678> END PYO  Laptime:[0.915sec]
 [2023-11-20 11:13:52] <102678> ===============================================================
 [2023-11-20 13:23:56] <51917> START NicepayLite PYO (V1.1B20140314(OS:Linux2.6.32-754.35.1.el6.x86_64,PHP:7.3.15))
 [2023-11-20 13:23:56] <51917> Connect to ssl://web.nicepay.co.kr:443
 [2023-11-20 13:23:56] <51917> ssl://web.nicepay.co.kr:443 Server Connect OK
 [2023-11-20 13:23:56] <51917> MSG_TO_SVR::[/lite/payProcess.jsp]
 [2023-11-20 13:23:57] <51917> TID -> [ilooda001m01012311201323579398]
 [2023-11-20 13:23:57] <51917> 3001[카드 결제 성공]
 [2023-11-20 13:23:57] <51917> END PYO  Laptime:[0.678sec]
 [2023-11-20 13:23:57] <51917> ===============================================================
 [2023-11-20 17:08:35] <142172> START NicepayLite PYO (V1.1B20140314(OS:Linux2.6.32-754.35.1.el6.x86_64,PHP:7.3.15))
 [2023-11-20 17:08:35] <142172> Connect to ssl://web.nicepay.co.kr:443
 [2023-11-20 17:08:35] <142172> ssl://web.nicepay.co.kr:443 Server Connect OK
 [2023-11-20 17:08:35] <142172> MSG_TO_SVR::[/lite/payProcess.jsp]
 [2023-11-20 17:08:36] <142172> TID -> [ilooda001m01012311201708372777]
 [2023-11-20 17:08:36] <142172> 3001[카드 결제 성공]
 [2023-11-20 17:08:36] <142172> END PYO  Laptime:[0.408sec]
 [2023-11-20 17:08:36] <142172> ===============================================================
 [2023-11-20 17:47:02] <138110> START NicepayLite PYO (V1.1B20140314(OS:Linux2.6.32-754.35.1.el6.x86_64,PHP:7.3.15))
 [2023-11-20 17:47:02] <138110> Connect to ssl://web.nicepay.co.kr:443
 [2023-11-20 17:47:07] <138110> ssl://web.nicepay.co.kr:443 Server Connect OK
 [2023-11-20 17:47:07] <138110> MSG_TO_SVR::[/lite/payProcess.jsp]
 [2023-11-20 17:47:08] <138110> TID -> [ilooda001m01012311201747093571]
 [2023-11-20 17:47:08] <138110> 3001[카드 결제 성공]
 [2023-11-20 17:47:08] <138110> END PYO  Laptime:[5.569sec]
 [2023-11-20 17:47:08] <138110> ===============================================================
 [2023-11-20 18:58:51] <93661> START NicepayLite PYO (V1.1B20140314(OS:Linux2.6.32-754.35.1.el6.x86_64,PHP:7.3.15))
 [2023-11-20 18:58:51] <93661> Connect to ssl://web.nicepay.co.kr:443
 [2023-11-20 18:58:51] <93661> ssl://web.nicepay.co.kr:443 Server Connect OK
 [2023-11-20 18:58:51] <93661> MSG_TO_SVR::[/lite/payProcess.jsp]
 [2023-11-20 18:58:53] <93661> TID -> [ilooda001m01012311201858532532]
 [2023-11-20 18:58:53] <93661> 3001[카드 결제 성공]
 [2023-11-20 18:58:53] <93661> END PYO  Laptime:[1.223sec]
 [2023-11-20 18:58:53] <93661> ===============================================================
 [2023-11-20 19:06:37] <7682> START NicepayLite PYO (V1.1B20140314(OS:Linux2.6.32-754.35.1.el6.x86_64,PHP:7.3.15))
 [2023-11-20 19:06:37] <7682> Connect to ssl://web.nicepay.co.kr:443
 [2023-11-20 19:06:37] <7682> ssl://web.nicepay.co.kr:443 Server Connect OK
 [2023-11-20 19:06:37] <7682> MSG_TO_SVR::[/lite/payProcess.jsp]
 [2023-11-20 19:06:38] <7682> TID -> [ilooda001m01012311201906391664]
 [2023-11-20 19:06:38] <7682> 3001[카드 결제 성공]
 [2023-11-20 19:06:38] <7682> END PYO  Laptime:[0.494sec]
 [2023-11-20 19:06:38] <7682> ===============================================================
