 [2024-02-27 09:45:41] <6758> START NicepayLite PYO (V1.1B20140314(OS:Linux2.6.32-754.35.1.el6.x86_64,PHP:7.3.15))
 [2024-02-27 09:45:41] <6758> Connect to ssl://web.nicepay.co.kr:443
 [2024-02-27 09:45:41] <6758> ssl://web.nicepay.co.kr:443 Server Connect OK
 [2024-02-27 09:45:41] <6758> MSG_TO_SVR::[/lite/payProcess.jsp]
 [2024-02-27 09:45:41] <6758> TID -> [ilooda001m01012402270945424016]
 [2024-02-27 09:45:41] <6758> 3001[카드 결제 성공]
 [2024-02-27 09:45:41] <6758> END PYO  Laptime:[0.522sec]
 [2024-02-27 09:45:41] <6758> ===============================================================
 [2024-02-27 10:23:29] <1993> START NicepayLite PYO (V1.1B20140314(OS:Linux2.6.32-754.35.1.el6.x86_64,PHP:7.3.15))
 [2024-02-27 10:23:29] <1993> Connect to ssl://web.nicepay.co.kr:443
 [2024-02-27 10:23:29] <1993> ssl://web.nicepay.co.kr:443 Server Connect OK
 [2024-02-27 10:23:29] <1993> MSG_TO_SVR::[/lite/payProcess.jsp]
 [2024-02-27 10:23:29] <1993> TID -> [ilooda001m01012402271023301571]
 [2024-02-27 10:23:29] <1993> 3001[카드 결제 성공]
 [2024-02-27 10:23:29] <1993> END PYO  Laptime:[0.662sec]
 [2024-02-27 10:23:29] <1993> ===============================================================
 [2024-02-27 11:12:38] <86946> START NicepayLite PYO (V1.1B20140314(OS:Linux2.6.32-754.35.1.el6.x86_64,PHP:7.3.15))
 [2024-02-27 11:12:38] <86946> Connect to ssl://web.nicepay.co.kr:443
 [2024-02-27 11:12:38] <86946> ssl://web.nicepay.co.kr:443 Server Connect OK
 [2024-02-27 11:12:38] <86946> MSG_TO_SVR::[/lite/payProcess.jsp]
 [2024-02-27 11:12:39] <86946> TID -> [ilooda001m01012402271112393679]
 [2024-02-27 11:12:39] <86946> 3001[카드 결제 성공]
 [2024-02-27 11:12:39] <86946> END PYO  Laptime:[0.7sec]
 [2024-02-27 11:12:39] <86946> ===============================================================
 [2024-02-27 11:43:57] <33518> START NicepayLite PYO (V1.1B20140314(OS:Linux2.6.32-754.35.1.el6.x86_64,PHP:7.3.15))
 [2024-02-27 11:43:57] <33518> Connect to ssl://web.nicepay.co.kr:443
 [2024-02-27 11:43:57] <33518> ssl://web.nicepay.co.kr:443 Server Connect OK
 [2024-02-27 11:43:57] <33518> MSG_TO_SVR::[/lite/payProcess.jsp]
 [2024-02-27 11:43:58] <33518> TID -> [ilooda001m01012402271143584670]
 [2024-02-27 11:43:58] <33518> 3001[카드 결제 성공]
 [2024-02-27 11:43:58] <33518> END PYO  Laptime:[0.631sec]
 [2024-02-27 11:43:58] <33518> ===============================================================
 [2024-02-27 11:44:13] <41229> START NicepayLite PYO (V1.1B20140314(OS:Linux2.6.32-754.35.1.el6.x86_64,PHP:7.3.15))
 [2024-02-27 11:44:13] <41229> Connect to ssl://web.nicepay.co.kr:443
 [2024-02-27 11:44:13] <41229> ssl://web.nicepay.co.kr:443 Server Connect OK
 [2024-02-27 11:44:13] <41229> MSG_TO_SVR::[/lite/payProcess.jsp]
 [2024-02-27 11:44:14] <41229> TID -> [ilooda001m01012402271144145954]
 [2024-02-27 11:44:14] <41229> 3001[카드 결제 성공]
 [2024-02-27 11:44:14] <41229> END PYO  Laptime:[0.4sec]
 [2024-02-27 11:44:14] <41229> ===============================================================
 [2024-02-27 11:58:02] <142925> START NicepayLite PYO (V1.1B20140314(OS:Linux2.6.32-754.35.1.el6.x86_64,PHP:7.3.15))
 [2024-02-27 11:58:02] <142925> Connect to ssl://web.nicepay.co.kr:443
 [2024-02-27 11:58:02] <142925> ssl://web.nicepay.co.kr:443 Server Connect OK
 [2024-02-27 11:58:02] <142925> MSG_TO_SVR::[/lite/payProcess.jsp]
 [2024-02-27 11:58:03] <142925> TID -> [ilooda001m01012402271158032437]
 [2024-02-27 11:58:03] <142925> 3001[카드 결제 성공]
 [2024-02-27 11:58:03] <142925> END PYO  Laptime:[0.87sec]
 [2024-02-27 11:58:03] <142925> ===============================================================
 [2024-02-27 16:54:17] <47082> START NicepayLite PYO (V1.1B20140314(OS:Linux2.6.32-754.35.1.el6.x86_64,PHP:7.3.15))
 [2024-02-27 16:54:17] <47082> Connect to ssl://web.nicepay.co.kr:443
 [2024-02-27 16:54:17] <47082> ssl://web.nicepay.co.kr:443 Server Connect OK
 [2024-02-27 16:54:17] <47082> MSG_TO_SVR::[/lite/payProcess.jsp]
 [2024-02-27 16:54:17] <47082> TID -> [ilooda001m01012402271654181919]
 [2024-02-27 16:54:17] <47082> 3001[카드 결제 성공]
 [2024-02-27 16:54:17] <47082> END PYO  Laptime:[0.669sec]
 [2024-02-27 16:54:17] <47082> ===============================================================
 [2024-02-27 16:58:58] <77628> START NicepayLite PYO (V1.1B20140314(OS:Linux2.6.32-754.35.1.el6.x86_64,PHP:7.3.15))
 [2024-02-27 16:58:58] <77628> Connect to ssl://web.nicepay.co.kr:443
 [2024-02-27 16:58:58] <77628> ssl://web.nicepay.co.kr:443 Server Connect OK
 [2024-02-27 16:58:58] <77628> MSG_TO_SVR::[/lite/payProcess.jsp]
 [2024-02-27 16:59:00] <77628> TID -> [ilooda001m01012402271658595998]
 [2024-02-27 16:59:00] <77628> 3001[카드 결제 성공]
 [2024-02-27 16:59:00] <77628> END PYO  Laptime:[1.672sec]
 [2024-02-27 16:59:00] <77628> ===============================================================
 [2024-02-27 17:32:25] <41052> START NicepayLite PYO (V1.1B20140314(OS:Linux2.6.32-754.35.1.el6.x86_64,PHP:7.3.15))
 [2024-02-27 17:32:25] <41052> Connect to ssl://web.nicepay.co.kr:443
 [2024-02-27 17:32:25] <41052> ssl://web.nicepay.co.kr:443 Server Connect OK
 [2024-02-27 17:32:25] <41052> MSG_TO_SVR::[/lite/payProcess.jsp]
 [2024-02-27 17:32:26] <41052> TID -> [ilooda001m01012402271732264594]
 [2024-02-27 17:32:26] <41052> 3001[카드 결제 성공]
 [2024-02-27 17:32:26] <41052> END PYO  Laptime:[0.645sec]
 [2024-02-27 17:32:26] <41052> ===============================================================
 [2024-02-27 17:58:07] <91127> START NicepayLite PYO (V1.1B20140314(OS:Linux2.6.32-754.35.1.el6.x86_64,PHP:7.3.15))
 [2024-02-27 17:58:07] <91127> Connect to ssl://web.nicepay.co.kr:443
 [2024-02-27 17:58:07] <91127> ssl://web.nicepay.co.kr:443 Server Connect OK
 [2024-02-27 17:58:07] <91127> MSG_TO_SVR::[/lite/payProcess.jsp]
 [2024-02-27 17:58:08] <91127> TID -> [ilooda001m01012402271758084910]
 [2024-02-27 17:58:08] <91127> 3001[카드 결제 성공]
 [2024-02-27 17:58:08] <91127> END PYO  Laptime:[1.406sec]
 [2024-02-27 17:58:08] <91127> ===============================================================
 [2024-02-27 18:08:50] <19878> START NicepayLite PYO (V1.1B20140314(OS:Linux2.6.32-754.35.1.el6.x86_64,PHP:7.3.15))
 [2024-02-27 18:08:50] <19878> Connect to ssl://web.nicepay.co.kr:443
 [2024-02-27 18:08:50] <19878> ssl://web.nicepay.co.kr:443 Server Connect OK
 [2024-02-27 18:08:50] <19878> MSG_TO_SVR::[/lite/payProcess.jsp]
 [2024-02-27 18:08:51] <19878> TID -> [ilooda001m01012402271808520342]
 [2024-02-27 18:08:51] <19878> 3001[카드 결제 성공]
 [2024-02-27 18:08:51] <19878> END PYO  Laptime:[0.411sec]
 [2024-02-27 18:08:51] <19878> ===============================================================
 [2024-02-27 18:22:56] <124670> START NicepayLite PYO (V1.1B20140314(OS:Linux2.6.32-754.35.1.el6.x86_64,PHP:7.3.15))
 [2024-02-27 18:22:56] <124670> Connect to ssl://web.nicepay.co.kr:443
 [2024-02-27 18:22:56] <124670> ssl://web.nicepay.co.kr:443 Server Connect OK
 [2024-02-27 18:22:56] <124670> MSG_TO_SVR::[/lite/payProcess.jsp]
 [2024-02-27 18:22:57] <124670> TID -> [ilooda001m01012402271822578959]
 [2024-02-27 18:22:57] <124670> 3001[카드 결제 성공]
 [2024-02-27 18:22:57] <124670> END PYO  Laptime:[0.989sec]
 [2024-02-27 18:22:57] <124670> ===============================================================
 [2024-02-27 18:30:52] <37589> START NicepayLite PYO (V1.1B20140314(OS:Linux2.6.32-754.35.1.el6.x86_64,PHP:7.3.15))
 [2024-02-27 18:30:52] <37589> Connect to ssl://web.nicepay.co.kr:443
 [2024-02-27 18:30:52] <37589> ssl://web.nicepay.co.kr:443 Server Connect OK
 [2024-02-27 18:30:52] <37589> MSG_TO_SVR::[/lite/payProcess.jsp]
 [2024-02-27 18:30:53] <37589> TID -> [ilooda001m01012402271830538322]
 [2024-02-27 18:30:53] <37589> 3001[카드 결제 성공]
 [2024-02-27 18:30:53] <37589> END PYO  Laptime:[1.058sec]
 [2024-02-27 18:30:53] <37589> ===============================================================
 [2024-02-27 18:32:01] <45246> START NicepayLite PYO (V1.1B20140314(OS:Linux2.6.32-754.35.1.el6.x86_64,PHP:7.3.15))
 [2024-02-27 18:32:01] <45246> Connect to ssl://web.nicepay.co.kr:443
 [2024-02-27 18:32:01] <45246> ssl://web.nicepay.co.kr:443 Server Connect OK
 [2024-02-27 18:32:01] <45246> MSG_TO_SVR::[/lite/payProcess.jsp]
 [2024-02-27 18:32:02] <45246> TID -> [ilooda001m01012402271832022495]
 [2024-02-27 18:32:02] <45246> 3001[카드 결제 성공]
 [2024-02-27 18:32:02] <45246> END PYO  Laptime:[0.898sec]
 [2024-02-27 18:32:02] <45246> ===============================================================
 [2024-02-27 18:54:23] <71809> START NicepayLite PYO (V1.1B20140314(OS:Linux2.6.32-754.35.1.el6.x86_64,PHP:7.3.15))
 [2024-02-27 18:54:23] <71809> Connect to ssl://web.nicepay.co.kr:443
 [2024-02-27 18:54:23] <71809> ssl://web.nicepay.co.kr:443 Server Connect OK
 [2024-02-27 18:54:23] <71809> MSG_TO_SVR::[/lite/payProcess.jsp]
 [2024-02-27 18:54:24] <71809> TID -> [ilooda001m01012402271854249265]
 [2024-02-27 18:54:24] <71809> 3001[카드 결제 성공]
 [2024-02-27 18:54:24] <71809> END PYO  Laptime:[1.131sec]
 [2024-02-27 18:54:24] <71809> ===============================================================
 [2024-02-27 23:57:10] <4710> START NicepayLite PYO (V1.1B20140314(OS:Linux2.6.32-754.35.1.el6.x86_64,PHP:7.3.15))
 [2024-02-27 23:57:10] <4710> Connect to ssl://web.nicepay.co.kr:443
 [2024-02-27 23:57:10] <4710> ssl://web.nicepay.co.kr:443 Server Connect OK
 [2024-02-27 23:57:10] <4710> MSG_TO_SVR::[/lite/payProcess.jsp]
 [2024-02-27 23:57:11] <4710> TID -> [ilooda001m01012402272357116283]
 [2024-02-27 23:57:11] <4710> 3001[카드 결제 성공]
 [2024-02-27 23:57:11] <4710> END PYO  Laptime:[0.674sec]
 [2024-02-27 23:57:11] <4710> ===============================================================
