 [2023-11-17 11:07:51] <11035> START NicepayLite PYO (V1.1B20140314(OS:Linux2.6.32-754.35.1.el6.x86_64,PHP:7.3.15))
 [2023-11-17 11:07:51] <11035> Connect to ssl://web.nicepay.co.kr:443
 [2023-11-17 11:07:51] <11035> ssl://web.nicepay.co.kr:443 Server Connect OK
 [2023-11-17 11:07:51] <11035> MSG_TO_SVR::[/lite/payProcess.jsp]
 [2023-11-17 11:07:52] <11035> TID -> [ilooda001m01012311171107542563]
 [2023-11-17 11:07:52] <11035> 3001[카드 결제 성공]
 [2023-11-17 11:07:52] <11035> END PYO  Laptime:[0.862sec]
 [2023-11-17 11:07:52] <11035> ===============================================================
 [2023-11-17 11:36:47] <80829> START NicepayLite PYO (V1.1B20140314(OS:Linux2.6.32-754.35.1.el6.x86_64,PHP:7.3.15))
 [2023-11-17 11:36:47] <80829> Connect to ssl://web.nicepay.co.kr:443
 [2023-11-17 11:36:47] <80829> ssl://web.nicepay.co.kr:443 Server Connect OK
 [2023-11-17 11:36:47] <80829> MSG_TO_SVR::[/lite/payProcess.jsp]
 [2023-11-17 11:36:48] <80829> TID -> [ilooda001m01012311171136499595]
 [2023-11-17 11:36:48] <80829> 3001[카드 결제 성공]
 [2023-11-17 11:36:48] <80829> END PYO  Laptime:[0.814sec]
 [2023-11-17 11:36:48] <80829> ===============================================================
 [2023-11-17 12:15:01] <69966> START NicepayLite PYO (V1.1B20140314(OS:Linux2.6.32-754.35.1.el6.x86_64,PHP:7.3.15))
 [2023-11-17 12:15:01] <69966> Connect to ssl://web.nicepay.co.kr:443
 [2023-11-17 12:15:01] <69966> ssl://web.nicepay.co.kr:443 Server Connect OK
 [2023-11-17 12:15:01] <69966> MSG_TO_SVR::[/lite/payProcess.jsp]
 [2023-11-17 12:15:03] <69966> TID -> [ilooda001m01012311171215041785]
 [2023-11-17 12:15:03] <69966> 3001[카드 결제 성공]
 [2023-11-17 12:15:03] <69966> END PYO  Laptime:[1.461sec]
 [2023-11-17 12:15:03] <69966> ===============================================================
 [2023-11-17 13:46:20] <13253> START NicepayLite PYO (V1.1B20140314(OS:Linux2.6.32-754.35.1.el6.x86_64,PHP:7.3.15))
 [2023-11-17 13:46:20] <13253> Connect to ssl://web.nicepay.co.kr:443
 [2023-11-17 13:46:20] <13253> ssl://web.nicepay.co.kr:443 Server Connect OK
 [2023-11-17 13:46:20] <13253> MSG_TO_SVR::[/lite/payProcess.jsp]
 [2023-11-17 13:46:21] <13253> TID -> [ilooda001m01012311171346232706]
 [2023-11-17 13:46:21] <13253> 3001[카드 결제 성공]
 [2023-11-17 13:46:21] <13253> END PYO  Laptime:[0.677sec]
 [2023-11-17 13:46:21] <13253> ===============================================================
 [2023-11-17 16:07:53] <39953> START NicepayLite PYO (V1.1B20140314(OS:Linux2.6.32-754.35.1.el6.x86_64,PHP:7.3.15))
 [2023-11-17 16:07:53] <39953> Connect to ssl://web.nicepay.co.kr:443
 [2023-11-17 16:07:53] <39953> ssl://web.nicepay.co.kr:443 Server Connect OK
 [2023-11-17 16:07:53] <39953> MSG_TO_SVR::[/lite/payProcess.jsp]
 [2023-11-17 16:07:53] <39953> TID -> [ilooda001m01012311171607555227]
 [2023-11-17 16:07:53] <39953> 3001[카드 결제 성공]
 [2023-11-17 16:07:53] <39953> END PYO  Laptime:[0.836sec]
 [2023-11-17 16:07:53] <39953> ===============================================================
 [2023-11-17 19:25:03] <44337> START NicepayLite PYO (V1.1B20140314(OS:Linux2.6.32-754.35.1.el6.x86_64,PHP:7.3.15))
 [2023-11-17 19:25:03] <44337> Connect to ssl://web.nicepay.co.kr:443
 [2023-11-17 19:25:03] <44337> ssl://web.nicepay.co.kr:443 Server Connect OK
 [2023-11-17 19:25:03] <44337> MSG_TO_SVR::[/lite/payProcess.jsp]
 [2023-11-17 19:25:04] <44337> TID -> [ilooda001m01012311171925061104]
 [2023-11-17 19:25:04] <44337> 3001[카드 결제 성공]
 [2023-11-17 19:25:04] <44337> END PYO  Laptime:[0.567sec]
 [2023-11-17 19:25:04] <44337> ===============================================================
 [2023-11-17 19:37:28] <134978> START NicepayLite PYO (V1.1B20140314(OS:Linux2.6.32-754.35.1.el6.x86_64,PHP:7.3.15))
 [2023-11-17 19:37:28] <134978> Connect to ssl://web.nicepay.co.kr:443
 [2023-11-17 19:37:28] <134978> ssl://web.nicepay.co.kr:443 Server Connect OK
 [2023-11-17 19:37:28] <134978> MSG_TO_SVR::[/lite/payProcess.jsp]
 [2023-11-17 19:37:29] <134978> TID -> [ilooda001m01012311171937314681]
 [2023-11-17 19:37:29] <134978> 3001[카드 결제 성공]
 [2023-11-17 19:37:29] <134978> END PYO  Laptime:[0.441sec]
 [2023-11-17 19:37:29] <134978> ===============================================================
 [2023-11-17 22:26:48] <71218> START NicepayLite PYO (V1.1B20140314(OS:Linux2.6.32-754.35.1.el6.x86_64,PHP:7.3.15))
 [2023-11-17 22:26:48] <71218> Connect to ssl://web.nicepay.co.kr:443
 [2023-11-17 22:26:48] <71218> ssl://web.nicepay.co.kr:443 Server Connect OK
 [2023-11-17 22:26:48] <71218> MSG_TO_SVR::[/lite/payProcess.jsp]
 [2023-11-17 22:26:48] <71218> TID -> [ilooda001m01012311172226507620]
 [2023-11-17 22:26:48] <71218> 3001[카드 결제 성공]
 [2023-11-17 22:26:48] <71218> END PYO  Laptime:[0.32sec]
 [2023-11-17 22:26:48] <71218> ===============================================================
