 [2024-05-07 10:09:38] <75440> START NicepayLite PYO (V1.1B20140314(OS:Linux2.6.32-754.35.1.el6.x86_64,PHP:7.3.15))
 [2024-05-07 10:09:38] <75440> Connect to ssl://web.nicepay.co.kr:443
 [2024-05-07 10:09:38] <75440> ssl://web.nicepay.co.kr:443 Server Connect OK
 [2024-05-07 10:09:38] <75440> MSG_TO_SVR::[/lite/payProcess.jsp]
 [2024-05-07 10:09:38] <75440> TID -> [ilooda001m01012405071009379416]
 [2024-05-07 10:09:38] <75440> 3001[카드 결제 성공]
 [2024-05-07 10:09:38] <75440> END PYO  Laptime:[0.61sec]
 [2024-05-07 10:09:38] <75440> ===============================================================
 [2024-05-07 11:40:37] <24091> START NicepayLite PYO (V1.1B20140314(OS:Linux2.6.32-754.35.1.el6.x86_64,PHP:7.3.15))
 [2024-05-07 11:40:37] <24091> Connect to ssl://web.nicepay.co.kr:443
 [2024-05-07 11:40:37] <24091> ssl://web.nicepay.co.kr:443 Server Connect OK
 [2024-05-07 11:40:37] <24091> MSG_TO_SVR::[/lite/payProcess.jsp]
 [2024-05-07 11:40:38] <24091> TID -> [ilooda001m01012405071140377443]
 [2024-05-07 11:40:38] <24091> 3001[카드 결제 성공]
 [2024-05-07 11:40:38] <24091> END PYO  Laptime:[0.439sec]
 [2024-05-07 11:40:38] <24091> ===============================================================
 [2024-05-07 11:41:17] <31810> START NicepayLite PYO (V1.1B20140314(OS:Linux2.6.32-754.35.1.el6.x86_64,PHP:7.3.15))
 [2024-05-07 11:41:17] <31810> Connect to ssl://web.nicepay.co.kr:443
 [2024-05-07 11:41:17] <31810> ssl://web.nicepay.co.kr:443 Server Connect OK
 [2024-05-07 11:41:17] <31810> MSG_TO_SVR::[/lite/payProcess.jsp]
 [2024-05-07 11:41:17] <31810> TID -> [ilooda001m01012405071141170899]
 [2024-05-07 11:41:17] <31810> 3001[카드 결제 성공]
 [2024-05-07 11:41:17] <31810> END PYO  Laptime:[0.525sec]
 [2024-05-07 11:41:17] <31810> ===============================================================
 [2024-05-07 11:46:01] <62195> START NicepayLite PYO (V1.1B20140314(OS:Linux2.6.32-754.35.1.el6.x86_64,PHP:7.3.15))
 [2024-05-07 11:46:01] <62195> Connect to ssl://web.nicepay.co.kr:443
 [2024-05-07 11:46:01] <62195> ssl://web.nicepay.co.kr:443 Server Connect OK
 [2024-05-07 11:46:01] <62195> MSG_TO_SVR::[/lite/payProcess.jsp]
 [2024-05-07 11:46:02] <62195> TID -> [ilooda001m01012405071146014466]
 [2024-05-07 11:46:02] <62195> 3001[카드 결제 성공]
 [2024-05-07 11:46:02] <62195> END PYO  Laptime:[0.397sec]
 [2024-05-07 11:46:02] <62195> ===============================================================
 [2024-05-07 14:05:25] <62632> START NicepayLite PYO (V1.1B20140314(OS:Linux2.6.32-754.35.1.el6.x86_64,PHP:7.3.15))
 [2024-05-07 14:05:25] <62632> Connect to ssl://web.nicepay.co.kr:443
 [2024-05-07 14:05:25] <62632> ssl://web.nicepay.co.kr:443 Server Connect OK
 [2024-05-07 14:05:25] <62632> MSG_TO_SVR::[/lite/payProcess.jsp]
 [2024-05-07 14:05:26] <62632> TID -> [ilooda001m01012405071405256126]
 [2024-05-07 14:05:26] <62632> 3001[카드 결제 성공]
 [2024-05-07 14:05:26] <62632> END PYO  Laptime:[0.637sec]
 [2024-05-07 14:05:26] <62632> ===============================================================
 [2024-05-07 14:10:11] <99748> START NicepayLite PYO (V1.1B20140314(OS:Linux2.6.32-754.35.1.el6.x86_64,PHP:7.3.15))
 [2024-05-07 14:10:11] <99748> Connect to ssl://web.nicepay.co.kr:443
 [2024-05-07 14:10:11] <99748> ssl://web.nicepay.co.kr:443 Server Connect OK
 [2024-05-07 14:10:11] <99748> MSG_TO_SVR::[/lite/payProcess.jsp]
 [2024-05-07 14:10:11] <99748> TID -> [ilooda001m01012405071410114419]
 [2024-05-07 14:10:11] <99748> 3001[카드 결제 성공]
 [2024-05-07 14:10:11] <99748> END PYO  Laptime:[0.378sec]
 [2024-05-07 14:10:11] <99748> ===============================================================
 [2024-05-07 14:29:44] <91151> START NicepayLite PYO (V1.1B20140314(OS:Linux2.6.32-754.35.1.el6.x86_64,PHP:7.3.15))
 [2024-05-07 14:29:44] <91151> Connect to ssl://web.nicepay.co.kr:443
 [2024-05-07 14:29:44] <91151> ssl://web.nicepay.co.kr:443 Server Connect OK
 [2024-05-07 14:29:44] <91151> MSG_TO_SVR::[/lite/payProcess.jsp]
 [2024-05-07 14:29:45] <91151> TID -> [ilooda001m01012405071429448297]
 [2024-05-07 14:29:45] <91151> 3001[카드 결제 성공]
 [2024-05-07 14:29:45] <91151> END PYO  Laptime:[0.322sec]
 [2024-05-07 14:29:45] <91151> ===============================================================
 [2024-05-07 15:10:58] <99177> START NicepayLite PYO (V1.1B20140314(OS:Linux2.6.32-754.35.1.el6.x86_64,PHP:7.3.15))
 [2024-05-07 15:10:58] <99177> Connect to ssl://web.nicepay.co.kr:443
 [2024-05-07 15:10:58] <99177> ssl://web.nicepay.co.kr:443 Server Connect OK
 [2024-05-07 15:10:58] <99177> MSG_TO_SVR::[/lite/payProcess.jsp]
 [2024-05-07 15:10:58] <99177> TID -> [ilooda001m01012405071510580172]
 [2024-05-07 15:10:58] <99177> 3001[카드 결제 성공]
 [2024-05-07 15:10:58] <99177> END PYO  Laptime:[0.606sec]
 [2024-05-07 15:10:58] <99177> ===============================================================
 [2024-05-07 15:34:38] <126105> START NicepayLite PYO (V1.1B20140314(OS:Linux2.6.32-754.35.1.el6.x86_64,PHP:7.3.15))
 [2024-05-07 15:34:38] <126105> Connect to ssl://web.nicepay.co.kr:443
 [2024-05-07 15:34:38] <126105> ssl://web.nicepay.co.kr:443 Server Connect OK
 [2024-05-07 15:34:38] <126105> MSG_TO_SVR::[/lite/payProcess.jsp]
 [2024-05-07 15:34:38] <126105> TID -> [ilooda001m01012405071534381046]
 [2024-05-07 15:34:38] <126105> 3001[카드 결제 성공]
 [2024-05-07 15:34:38] <126105> END PYO  Laptime:[0.662sec]
 [2024-05-07 15:34:38] <126105> ===============================================================
 [2024-05-07 15:54:37] <125904> START NicepayLite PYO (V1.1B20140314(OS:Linux2.6.32-754.35.1.el6.x86_64,PHP:7.3.15))
 [2024-05-07 15:54:37] <125904> Connect to ssl://web.nicepay.co.kr:443
 [2024-05-07 15:54:37] <125904> ssl://web.nicepay.co.kr:443 Server Connect OK
 [2024-05-07 15:54:37] <125904> MSG_TO_SVR::[/lite/payProcess.jsp]
 [2024-05-07 15:54:37] <125904> TID -> [ilooda001m01012405071554370062]
 [2024-05-07 15:54:37] <125904> 3001[카드 결제 성공]
 [2024-05-07 15:54:37] <125904> END PYO  Laptime:[0.635sec]
 [2024-05-07 15:54:37] <125904> ===============================================================
 [2024-05-07 15:59:27] <14724> START NicepayLite PYO (V1.1B20140314(OS:Linux2.6.32-754.35.1.el6.x86_64,PHP:7.3.15))
 [2024-05-07 15:59:27] <14724> Connect to ssl://web.nicepay.co.kr:443
 [2024-05-07 15:59:27] <14724> ssl://web.nicepay.co.kr:443 Server Connect OK
 [2024-05-07 15:59:27] <14724> MSG_TO_SVR::[/lite/payProcess.jsp]
 [2024-05-07 15:59:28] <14724> TID -> [ilooda001m01012405071559275736]
 [2024-05-07 15:59:28] <14724> 3001[카드 결제 성공]
 [2024-05-07 15:59:28] <14724> END PYO  Laptime:[0.398sec]
 [2024-05-07 15:59:28] <14724> ===============================================================
 [2024-05-07 16:54:23] <124240> START NicepayLite PYO (V1.1B20140314(OS:Linux2.6.32-754.35.1.el6.x86_64,PHP:7.3.15))
 [2024-05-07 16:54:23] <124240> Connect to ssl://web.nicepay.co.kr:443
 [2024-05-07 16:54:23] <124240> ssl://web.nicepay.co.kr:443 Server Connect OK
 [2024-05-07 16:54:23] <124240> MSG_TO_SVR::[/lite/payProcess.jsp]
 [2024-05-07 16:54:23] <124240> TID -> [ilooda001m01012405071654232853]
 [2024-05-07 16:54:23] <124240> 3001[카드 결제 성공]
 [2024-05-07 16:54:23] <124240> END PYO  Laptime:[0.491sec]
 [2024-05-07 16:54:23] <124240> ===============================================================
 [2024-05-07 16:55:08] <131444> START NicepayLite PYO (V1.1B20140314(OS:Linux2.6.32-754.35.1.el6.x86_64,PHP:7.3.15))
 [2024-05-07 16:55:08] <131444> Connect to ssl://web.nicepay.co.kr:443
 [2024-05-07 16:55:08] <131444> ssl://web.nicepay.co.kr:443 Server Connect OK
 [2024-05-07 16:55:08] <131444> MSG_TO_SVR::[/lite/payProcess.jsp]
 [2024-05-07 16:55:08] <131444> TID -> [ilooda001m01012405071655084684]
 [2024-05-07 16:55:08] <131444> 3001[카드 결제 성공]
 [2024-05-07 16:55:08] <131444> END PYO  Laptime:[0.449sec]
 [2024-05-07 16:55:08] <131444> ===============================================================
 [2024-05-07 16:57:43] <146289> START NicepayLite PYO (V1.1B20140314(OS:Linux2.6.32-754.35.1.el6.x86_64,PHP:7.3.15))
 [2024-05-07 16:57:43] <146289> Connect to ssl://web.nicepay.co.kr:443
 [2024-05-07 16:57:43] <146289> ssl://web.nicepay.co.kr:443 Server Connect OK
 [2024-05-07 16:57:43] <146289> MSG_TO_SVR::[/lite/payProcess.jsp]
 [2024-05-07 16:57:44] <146289> TID -> [ilooda001m01012405071657433446]
 [2024-05-07 16:57:44] <146289> 3001[카드 결제 성공]
 [2024-05-07 16:57:44] <146289> END PYO  Laptime:[1.221sec]
 [2024-05-07 16:57:44] <146289> ===============================================================
 [2024-05-07 17:51:16] <105685> START NicepayLite PYO (V1.1B20140314(OS:Linux2.6.32-754.35.1.el6.x86_64,PHP:7.3.15))
 [2024-05-07 17:51:16] <105685> Connect to ssl://web.nicepay.co.kr:443
 [2024-05-07 17:51:16] <105685> ssl://web.nicepay.co.kr:443 Server Connect OK
 [2024-05-07 17:51:16] <105685> MSG_TO_SVR::[/lite/payProcess.jsp]
 [2024-05-07 17:51:18] <105685> TID -> [ilooda001m01012405071751169354]
 [2024-05-07 17:51:18] <105685> 3001[카드 결제 성공]
 [2024-05-07 17:51:18] <105685> END PYO  Laptime:[1.282sec]
 [2024-05-07 17:51:18] <105685> ===============================================================
 [2024-05-07 17:55:27] <135377> START NicepayLite PYO (V1.1B20140314(OS:Linux2.6.32-754.35.1.el6.x86_64,PHP:7.3.15))
 [2024-05-07 17:55:27] <135377> Connect to ssl://web.nicepay.co.kr:443
 [2024-05-07 17:55:27] <135377> ssl://web.nicepay.co.kr:443 Server Connect OK
 [2024-05-07 17:55:27] <135377> MSG_TO_SVR::[/lite/payProcess.jsp]
 [2024-05-07 17:55:28] <135377> TID -> [ilooda001m01012405071755277133]
 [2024-05-07 17:55:28] <135377> 3001[카드 결제 성공]
 [2024-05-07 17:55:28] <135377> END PYO  Laptime:[1.214sec]
 [2024-05-07 17:55:28] <135377> ===============================================================
 [2024-05-07 18:01:44] <32593> START NicepayLite PYO (V1.1B20140314(OS:Linux2.6.32-754.35.1.el6.x86_64,PHP:7.3.15))
 [2024-05-07 18:01:44] <32593> Connect to ssl://web.nicepay.co.kr:443
 [2024-05-07 18:01:44] <32593> ssl://web.nicepay.co.kr:443 Server Connect OK
 [2024-05-07 18:01:44] <32593> MSG_TO_SVR::[/lite/payProcess.jsp]
 [2024-05-07 18:01:44] <32593> TID -> [ilooda001m01012405071801440128]
 [2024-05-07 18:01:44] <32593> 3001[카드 결제 성공]
 [2024-05-07 18:01:44] <32593> END PYO  Laptime:[0.389sec]
 [2024-05-07 18:01:44] <32593> ===============================================================
 [2024-05-07 20:18:18] <3558> START NicepayLite PYO (V1.1B20140314(OS:Linux2.6.32-754.35.1.el6.x86_64,PHP:7.3.15))
 [2024-05-07 20:18:18] <3558> Connect to ssl://web.nicepay.co.kr:443
 [2024-05-07 20:18:18] <3558> ssl://web.nicepay.co.kr:443 Server Connect OK
 [2024-05-07 20:18:18] <3558> MSG_TO_SVR::[/lite/payProcess.jsp]
 [2024-05-07 20:18:19] <3558> TID -> [ilooda001m01012405072018189903]
 [2024-05-07 20:18:19] <3558> 3001[카드 결제 성공]
 [2024-05-07 20:18:19] <3558> END PYO  Laptime:[0.328sec]
 [2024-05-07 20:18:19] <3558> ===============================================================
 [2024-05-07 20:19:12] <10875> START NicepayLite PYO (V1.1B20140314(OS:Linux2.6.32-754.35.1.el6.x86_64,PHP:7.3.15))
 [2024-05-07 20:19:12] <10875> Connect to ssl://web.nicepay.co.kr:443
 [2024-05-07 20:19:12] <10875> ssl://web.nicepay.co.kr:443 Server Connect OK
 [2024-05-07 20:19:12] <10875> MSG_TO_SVR::[/lite/payProcess.jsp]
 [2024-05-07 20:19:12] <10875> TID -> [ilooda001m01012405072019125140]
 [2024-05-07 20:19:12] <10875> 3001[카드 결제 성공]
 [2024-05-07 20:19:12] <10875> END PYO  Laptime:[0.306sec]
 [2024-05-07 20:19:12] <10875> ===============================================================
 [2024-05-07 21:01:24] <26351> START NicepayLite PYO (V1.1B20140314(OS:Linux2.6.32-754.35.1.el6.x86_64,PHP:7.3.15))
 [2024-05-07 21:01:24] <26351> Connect to ssl://web.nicepay.co.kr:443
 [2024-05-07 21:01:24] <26351> ssl://web.nicepay.co.kr:443 Server Connect OK
 [2024-05-07 21:01:24] <26351> MSG_TO_SVR::[/lite/payProcess.jsp]
 [2024-05-07 21:01:24] <26351> TID -> [ilooda001m01012405072101244502]
 [2024-05-07 21:01:24] <26351> 3001[카드 결제 성공]
 [2024-05-07 21:01:24] <26351> END PYO  Laptime:[0.521sec]
 [2024-05-07 21:01:24] <26351> ===============================================================
