 [2023-11-22 10:15:23] <147155> START NicepayLite PYO (V1.1B20140314(OS:Linux2.6.32-754.35.1.el6.x86_64,PHP:7.3.15))
 [2023-11-22 10:15:23] <147155> Connect to ssl://web.nicepay.co.kr:443
 [2023-11-22 10:15:23] <147155> ssl://web.nicepay.co.kr:443 Server Connect OK
 [2023-11-22 10:15:23] <147155> MSG_TO_SVR::[/lite/payProcess.jsp]
 [2023-11-22 10:15:24] <147155> TID -> [ilooda001m01012311221015261560]
 [2023-11-22 10:15:24] <147155> 3001[카드 결제 성공]
 [2023-11-22 10:15:24] <147155> END PYO  Laptime:[1.078sec]
 [2023-11-22 10:15:24] <147155> ===============================================================
 [2023-11-22 10:16:35] <7822> START NicepayLite PYO (V1.1B20140314(OS:Linux2.6.32-754.35.1.el6.x86_64,PHP:7.3.15))
 [2023-11-22 10:16:35] <7822> Connect to ssl://web.nicepay.co.kr:443
 [2023-11-22 10:16:35] <7822> ssl://web.nicepay.co.kr:443 Server Connect OK
 [2023-11-22 10:16:35] <7822> MSG_TO_SVR::[/lite/payProcess.jsp]
 [2023-11-22 10:16:36] <7822> TID -> [ilooda001m01012311221016381314]
 [2023-11-22 10:16:36] <7822> 3001[카드 결제 성공]
 [2023-11-22 10:16:36] <7822> END PYO  Laptime:[1.184sec]
 [2023-11-22 10:16:36] <7822> ===============================================================
 [2023-11-22 10:34:56] <144355> START NicepayLite PYO (V1.1B20140314(OS:Linux2.6.32-754.35.1.el6.x86_64,PHP:7.3.15))
 [2023-11-22 10:34:56] <144355> Connect to ssl://web.nicepay.co.kr:443
 [2023-11-22 10:34:56] <144355> ssl://web.nicepay.co.kr:443 Server Connect OK
 [2023-11-22 10:34:56] <144355> MSG_TO_SVR::[/lite/payProcess.jsp]
 [2023-11-22 10:34:57] <144355> TID -> [ilooda001m01012311221034591164]
 [2023-11-22 10:34:57] <144355> 3001[카드 결제 성공]
 [2023-11-22 10:34:57] <144355> END PYO  Laptime:[0.283sec]
 [2023-11-22 10:34:57] <144355> ===============================================================
 [2023-11-22 12:03:18] <81973> START NicepayLite PYO (V1.1B20140314(OS:Linux2.6.32-754.35.1.el6.x86_64,PHP:7.3.15))
 [2023-11-22 12:03:18] <81973> Connect to ssl://web.nicepay.co.kr:443
 [2023-11-22 12:03:18] <81973> ssl://web.nicepay.co.kr:443 Server Connect OK
 [2023-11-22 12:03:18] <81973> MSG_TO_SVR::[/lite/payProcess.jsp]
 [2023-11-22 12:03:19] <81973> TID -> [ilooda001m01012311221203211402]
 [2023-11-22 12:03:19] <81973> 3001[카드 결제 성공]
 [2023-11-22 12:03:19] <81973> END PYO  Laptime:[0.902sec]
 [2023-11-22 12:03:19] <81973> ===============================================================
 [2023-11-22 12:19:52] <55555> START NicepayLite PYO (V1.1B20140314(OS:Linux2.6.32-754.35.1.el6.x86_64,PHP:7.3.15))
 [2023-11-22 12:19:52] <55555> Connect to ssl://web.nicepay.co.kr:443
 [2023-11-22 12:19:52] <55555> ssl://web.nicepay.co.kr:443 Server Connect OK
 [2023-11-22 12:19:52] <55555> MSG_TO_SVR::[/lite/payProcess.jsp]
 [2023-11-22 12:19:53] <55555> TID -> [ilooda001m01012311221219551216]
 [2023-11-22 12:19:53] <55555> 3001[카드 결제 성공]
 [2023-11-22 12:19:53] <55555> END PYO  Laptime:[0.62sec]
 [2023-11-22 12:19:53] <55555> ===============================================================
 [2023-11-22 12:34:15] <22585> START NicepayLite PYO (V1.1B20140314(OS:Linux2.6.32-754.35.1.el6.x86_64,PHP:7.3.15))
 [2023-11-22 12:34:15] <22585> Connect to ssl://web.nicepay.co.kr:443
 [2023-11-22 12:34:15] <22585> ssl://web.nicepay.co.kr:443 Server Connect OK
 [2023-11-22 12:34:15] <22585> MSG_TO_SVR::[/lite/payProcess.jsp]
 [2023-11-22 12:34:16] <22585> TID -> [ilooda001m01012311221234181353]
 [2023-11-22 12:34:16] <22585> 3001[카드 결제 성공]
 [2023-11-22 12:34:16] <22585> END PYO  Laptime:[0.823sec]
 [2023-11-22 12:34:16] <22585> ===============================================================
 [2023-11-22 13:17:12] <53855> START NicepayLite PYO (V1.1B20140314(OS:Linux2.6.32-754.35.1.el6.x86_64,PHP:7.3.15))
 [2023-11-22 13:17:12] <53855> Connect to ssl://web.nicepay.co.kr:443
 [2023-11-22 13:17:12] <53855> ssl://web.nicepay.co.kr:443 Server Connect OK
 [2023-11-22 13:17:12] <53855> MSG_TO_SVR::[/lite/payProcess.jsp]
 [2023-11-22 13:17:13] <53855> TID -> [ilooda001m01012311221317150318]
 [2023-11-22 13:17:13] <53855> 3001[카드 결제 성공]
 [2023-11-22 13:17:13] <53855> END PYO  Laptime:[1.055sec]
 [2023-11-22 13:17:13] <53855> ===============================================================
