 [2024-03-19 00:01:12] <60443> START NicepayLite PYO (V1.1B20140314(OS:Linux2.6.32-754.35.1.el6.x86_64,PHP:7.3.15))
 [2024-03-19 00:01:12] <60443> Connect to ssl://web.nicepay.co.kr:443
 [2024-03-19 00:01:12] <60443> ssl://web.nicepay.co.kr:443 Server Connect OK
 [2024-03-19 00:01:12] <60443> MSG_TO_SVR::[/lite/payProcess.jsp]
 [2024-03-19 00:01:12] <60443> TID -> [ilooda001m01012403190001131042]
 [2024-03-19 00:01:12] <60443> 3001[카드 결제 성공]
 [2024-03-19 00:01:12] <60443> END PYO  Laptime:[0.579sec]
 [2024-03-19 00:01:12] <60443> ===============================================================
 [2024-03-19 10:22:12] <81431> START NicepayLite PYO (V1.1B20140314(OS:Linux2.6.32-754.35.1.el6.x86_64,PHP:7.3.15))
 [2024-03-19 10:22:12] <81431> Connect to ssl://web.nicepay.co.kr:443
 [2024-03-19 10:22:12] <81431> ssl://web.nicepay.co.kr:443 Server Connect OK
 [2024-03-19 10:22:12] <81431> MSG_TO_SVR::[/lite/payProcess.jsp]
 [2024-03-19 10:22:12] <81431> TID -> [ilooda001m01012403191022130616]
 [2024-03-19 10:22:12] <81431> 3001[카드 결제 성공]
 [2024-03-19 10:22:12] <81431> END PYO  Laptime:[0.446sec]
 [2024-03-19 10:22:12] <81431> ===============================================================
 [2024-03-19 11:24:24] <140140> START NicepayLite PYO (V1.1B20140314(OS:Linux2.6.32-754.35.1.el6.x86_64,PHP:7.3.15))
 [2024-03-19 11:24:24] <140140> Connect to ssl://web.nicepay.co.kr:443
 [2024-03-19 11:24:24] <140140> ssl://web.nicepay.co.kr:443 Server Connect OK
 [2024-03-19 11:24:24] <140140> MSG_TO_SVR::[/lite/payProcess.jsp]
 [2024-03-19 11:24:25] <140140> TID -> [ilooda001m01012403191124258428]
 [2024-03-19 11:24:25] <140140> 3001[카드 결제 성공]
 [2024-03-19 11:24:25] <140140> END PYO  Laptime:[0.506sec]
 [2024-03-19 11:24:25] <140140> ===============================================================
 [2024-03-19 11:37:12] <99490> START NicepayLite PYO (V1.1B20140314(OS:Linux2.6.32-754.35.1.el6.x86_64,PHP:7.3.15))
 [2024-03-19 11:37:12] <99490> Connect to ssl://web.nicepay.co.kr:443
 [2024-03-19 11:37:12] <99490> ssl://web.nicepay.co.kr:443 Server Connect OK
 [2024-03-19 11:37:12] <99490> MSG_TO_SVR::[/lite/payProcess.jsp]
 [2024-03-19 11:37:12] <99490> TID -> [ilooda001m01012403191137135032]
 [2024-03-19 11:37:12] <99490> 3001[카드 결제 성공]
 [2024-03-19 11:37:12] <99490> END PYO  Laptime:[0.501sec]
 [2024-03-19 11:37:12] <99490> ===============================================================
 [2024-03-19 11:51:56] <68262> START NicepayLite PYO (V1.1B20140314(OS:Linux2.6.32-754.35.1.el6.x86_64,PHP:7.3.15))
 [2024-03-19 11:51:56] <68262> Connect to ssl://web.nicepay.co.kr:443
 [2024-03-19 11:51:56] <68262> ssl://web.nicepay.co.kr:443 Server Connect OK
 [2024-03-19 11:51:56] <68262> MSG_TO_SVR::[/lite/payProcess.jsp]
 [2024-03-19 11:51:56] <68262> TID -> [ilooda001m01012403191151574242]
 [2024-03-19 11:51:56] <68262> 3001[카드 결제 성공]
 [2024-03-19 11:51:56] <68262> END PYO  Laptime:[0.333sec]
 [2024-03-19 11:51:56] <68262> ===============================================================
 [2024-03-19 12:51:14] <106605> START NicepayLite PYO (V1.1B20140314(OS:Linux2.6.32-754.35.1.el6.x86_64,PHP:7.3.15))
 [2024-03-19 12:51:14] <106605> Connect to ssl://web.nicepay.co.kr:443
 [2024-03-19 12:51:14] <106605> ssl://web.nicepay.co.kr:443 Server Connect OK
 [2024-03-19 12:51:14] <106605> MSG_TO_SVR::[/lite/payProcess.jsp]
 [2024-03-19 12:51:14] <106605> TID -> [ilooda001m01012403191251153237]
 [2024-03-19 12:51:14] <106605> 3001[카드 결제 성공]
 [2024-03-19 12:51:14] <106605> END PYO  Laptime:[0.597sec]
 [2024-03-19 12:51:14] <106605> ===============================================================
 [2024-03-19 14:43:19] <123975> START NicepayLite PYO (V1.1B20140314(OS:Linux2.6.32-754.35.1.el6.x86_64,PHP:7.3.15))
 [2024-03-19 14:43:19] <123975> Connect to ssl://web.nicepay.co.kr:443
 [2024-03-19 14:43:19] <123975> ssl://web.nicepay.co.kr:443 Server Connect OK
 [2024-03-19 14:43:19] <123975> MSG_TO_SVR::[/lite/payProcess.jsp]
 [2024-03-19 14:43:20] <123975> TID -> [ilooda001m01012403191443209326]
 [2024-03-19 14:43:20] <123975> 3001[카드 결제 성공]
 [2024-03-19 14:43:20] <123975> END PYO  Laptime:[0.702sec]
 [2024-03-19 14:43:20] <123975> ===============================================================
 [2024-03-19 15:06:08] <15382> START NicepayLite PYO (V1.1B20140314(OS:Linux2.6.32-754.35.1.el6.x86_64,PHP:7.3.15))
 [2024-03-19 15:06:08] <15382> Connect to ssl://web.nicepay.co.kr:443
 [2024-03-19 15:06:08] <15382> ssl://web.nicepay.co.kr:443 Server Connect OK
 [2024-03-19 15:06:08] <15382> MSG_TO_SVR::[/lite/payProcess.jsp]
 [2024-03-19 15:06:09] <15382> TID -> [ilooda001m01012403191506100069]
 [2024-03-19 15:06:09] <15382> 3001[카드 결제 성공]
 [2024-03-19 15:06:09] <15382> END PYO  Laptime:[0.584sec]
 [2024-03-19 15:06:09] <15382> ===============================================================
 [2024-03-19 18:42:58] <140853> START NicepayLite PYO (V1.1B20140314(OS:Linux2.6.32-754.35.1.el6.x86_64,PHP:7.3.15))
 [2024-03-19 18:42:58] <140853> Connect to ssl://web.nicepay.co.kr:443
 [2024-03-19 18:42:58] <140853> ssl://web.nicepay.co.kr:443 Server Connect OK
 [2024-03-19 18:42:58] <140853> MSG_TO_SVR::[/lite/payProcess.jsp]
 [2024-03-19 18:42:59] <140853> TID -> [ilooda001m01012403191842595981]
 [2024-03-19 18:42:59] <140853> 3001[카드 결제 성공]
 [2024-03-19 18:42:59] <140853> END PYO  Laptime:[1.024sec]
 [2024-03-19 18:42:59] <140853> ===============================================================
 [2024-03-19 18:48:29] <41907> START NicepayLite PYO (V1.1B20140314(OS:Linux2.6.32-754.35.1.el6.x86_64,PHP:7.3.15))
 [2024-03-19 18:48:29] <41907> Connect to ssl://web.nicepay.co.kr:443
 [2024-03-19 18:48:29] <41907> ssl://web.nicepay.co.kr:443 Server Connect OK
 [2024-03-19 18:48:29] <41907> MSG_TO_SVR::[/lite/payProcess.jsp]
 [2024-03-19 18:48:30] <41907> TID -> [ilooda001m01012403191848307706]
 [2024-03-19 18:48:30] <41907> 3001[카드 결제 성공]
 [2024-03-19 18:48:30] <41907> END PYO  Laptime:[1.015sec]
 [2024-03-19 18:48:30] <41907> ===============================================================
 [2024-03-19 23:35:19] <143917> START NicepayLite PYO (V1.1B20140314(OS:Linux2.6.32-754.35.1.el6.x86_64,PHP:7.3.15))
 [2024-03-19 23:35:19] <143917> Connect to ssl://web.nicepay.co.kr:443
 [2024-03-19 23:35:19] <143917> ssl://web.nicepay.co.kr:443 Server Connect OK
 [2024-03-19 23:35:19] <143917> MSG_TO_SVR::[/lite/payProcess.jsp]
 [2024-03-19 23:35:20] <143917> TID -> [ilooda001m01012403192335208300]
 [2024-03-19 23:35:20] <143917> 3001[카드 결제 성공]
 [2024-03-19 23:35:20] <143917> END PYO  Laptime:[0.591sec]
 [2024-03-19 23:35:20] <143917> ===============================================================
 [2024-03-19 23:40:03] <33508> START NicepayLite PYO (V1.1B20140314(OS:Linux2.6.32-754.35.1.el6.x86_64,PHP:7.3.15))
 [2024-03-19 23:40:03] <33508> Connect to ssl://web.nicepay.co.kr:443
 [2024-03-19 23:40:03] <33508> ssl://web.nicepay.co.kr:443 Server Connect OK
 [2024-03-19 23:40:03] <33508> MSG_TO_SVR::[/lite/payProcess.jsp]
 [2024-03-19 23:40:04] <33508> TID -> [ilooda001m01012403192340050565]
 [2024-03-19 23:40:04] <33508> 3001[카드 결제 성공]
 [2024-03-19 23:40:04] <33508> END PYO  Laptime:[0.705sec]
 [2024-03-19 23:40:04] <33508> ===============================================================
