 [2023-12-18 10:56:01] <120145> START NicepayLite PYO (V1.1B20140314(OS:Linux2.6.32-754.35.1.el6.x86_64,PHP:7.3.15))
 [2023-12-18 10:56:01] <120145> Connect to ssl://web.nicepay.co.kr:443
 [2023-12-18 10:56:01] <120145> ssl://web.nicepay.co.kr:443 Server Connect OK
 [2023-12-18 10:56:01] <120145> MSG_TO_SVR::[/lite/payProcess.jsp]
 [2023-12-18 10:56:02] <120145> TID -> [ilooda001m01012312181056035734]
 [2023-12-18 10:56:02] <120145> 3001[카드 결제 성공]
 [2023-12-18 10:56:02] <120145> END PYO  Laptime:[1.115sec]
 [2023-12-18 10:56:02] <120145> ===============================================================
 [2023-12-18 12:15:55] <94503> START NicepayLite PYO (V1.1B20140314(OS:Linux2.6.32-754.35.1.el6.x86_64,PHP:7.3.15))
 [2023-12-18 12:15:55] <94503> Connect to ssl://web.nicepay.co.kr:443
 [2023-12-18 12:15:55] <94503> ssl://web.nicepay.co.kr:443 Server Connect OK
 [2023-12-18 12:15:55] <94503> MSG_TO_SVR::[/lite/payProcess.jsp]
 [2023-12-18 12:15:56] <94503> TID -> [ilooda001m01012312181215577471]
 [2023-12-18 12:15:56] <94503> 3001[카드 결제 성공]
 [2023-12-18 12:15:56] <94503> END PYO  Laptime:[1.22sec]
 [2023-12-18 12:15:56] <94503> ===============================================================
 [2023-12-18 12:35:57] <88414> START NicepayLite PYO (V1.1B20140314(OS:Linux2.6.32-754.35.1.el6.x86_64,PHP:7.3.15))
 [2023-12-18 12:35:57] <88414> Connect to ssl://web.nicepay.co.kr:443
 [2023-12-18 12:35:57] <88414> ssl://web.nicepay.co.kr:443 Server Connect OK
 [2023-12-18 12:35:57] <88414> MSG_TO_SVR::[/lite/payProcess.jsp]
 [2023-12-18 12:35:57] <88414> TID -> [ilooda001m01012312181235595747]
 [2023-12-18 12:35:57] <88414> 3001[카드 결제 성공]
 [2023-12-18 12:35:57] <88414> END PYO  Laptime:[0.42sec]
 [2023-12-18 12:35:57] <88414> ===============================================================
 [2023-12-18 12:39:33] <116509> START NicepayLite PYO (V1.1B20140314(OS:Linux2.6.32-754.35.1.el6.x86_64,PHP:7.3.15))
 [2023-12-18 12:39:33] <116509> Connect to ssl://web.nicepay.co.kr:443
 [2023-12-18 12:39:33] <116509> ssl://web.nicepay.co.kr:443 Server Connect OK
 [2023-12-18 12:39:33] <116509> MSG_TO_SVR::[/lite/payProcess.jsp]
 [2023-12-18 12:39:33] <116509> TID -> [ilooda001m01012312181239352354]
 [2023-12-18 12:39:33] <116509> 3001[카드 결제 성공]
 [2023-12-18 12:39:33] <116509> END PYO  Laptime:[0.754sec]
 [2023-12-18 12:39:33] <116509> ===============================================================
 [2023-12-18 13:48:34] <19053> START NicepayLite PYO (V1.1B20140314(OS:Linux2.6.32-754.35.1.el6.x86_64,PHP:7.3.15))
 [2023-12-18 13:48:34] <19053> Connect to ssl://web.nicepay.co.kr:443
 [2023-12-18 13:48:34] <19053> ssl://web.nicepay.co.kr:443 Server Connect OK
 [2023-12-18 13:48:34] <19053> MSG_TO_SVR::[/lite/payProcess.jsp]
 [2023-12-18 13:48:35] <19053> TID -> [ilooda001m01012312181348366916]
 [2023-12-18 13:48:35] <19053> 3001[카드 결제 성공]
 [2023-12-18 13:48:35] <19053> END PYO  Laptime:[1.375sec]
 [2023-12-18 13:48:35] <19053> ===============================================================
 [2023-12-18 14:23:10] <119336> START NicepayLite PYO (V1.1B20140314(OS:Linux2.6.32-754.35.1.el6.x86_64,PHP:7.3.15))
 [2023-12-18 14:23:10] <119336> Connect to ssl://web.nicepay.co.kr:443
 [2023-12-18 14:23:10] <119336> ssl://web.nicepay.co.kr:443 Server Connect OK
 [2023-12-18 14:23:10] <119336> MSG_TO_SVR::[/lite/payProcess.jsp]
 [2023-12-18 14:23:12] <119336> TID -> [ilooda001m01012312181423129735]
 [2023-12-18 14:23:12] <119336> 3001[카드 결제 성공]
 [2023-12-18 14:23:12] <119336> END PYO  Laptime:[1.223sec]
 [2023-12-18 14:23:12] <119336> ===============================================================
 [2023-12-18 14:53:02] <31422> START NicepayLite PYO (V1.1B20140314(OS:Linux2.6.32-754.35.1.el6.x86_64,PHP:7.3.15))
 [2023-12-18 14:53:02] <31422> Connect to ssl://web.nicepay.co.kr:443
 [2023-12-18 14:53:02] <31422> ssl://web.nicepay.co.kr:443 Server Connect OK
 [2023-12-18 14:53:02] <31422> MSG_TO_SVR::[/lite/payProcess.jsp]
 [2023-12-18 14:53:02] <31422> TID -> [ilooda001m01012312181453044247]
 [2023-12-18 14:53:02] <31422> 3001[카드 결제 성공]
 [2023-12-18 14:53:02] <31422> END PYO  Laptime:[0.415sec]
 [2023-12-18 14:53:02] <31422> ===============================================================
 [2023-12-18 16:19:24] <55573> START NicepayLite PYO (V1.1B20140314(OS:Linux2.6.32-754.35.1.el6.x86_64,PHP:7.3.15))
 [2023-12-18 16:19:24] <55573> Connect to ssl://web.nicepay.co.kr:443
 [2023-12-18 16:19:24] <55573> ssl://web.nicepay.co.kr:443 Server Connect OK
 [2023-12-18 16:19:24] <55573> MSG_TO_SVR::[/lite/payProcess.jsp]
 [2023-12-18 16:19:25] <55573> TID -> [ilooda001m01012312181619266091]
 [2023-12-18 16:19:25] <55573> 3001[카드 결제 성공]
 [2023-12-18 16:19:25] <55573> END PYO  Laptime:[1.053sec]
 [2023-12-18 16:19:25] <55573> ===============================================================
