 [2024-01-03 09:22:56] <128178> START NicepayLite PYO (V1.1B20140314(OS:Linux2.6.32-754.35.1.el6.x86_64,PHP:7.3.15))
 [2024-01-03 09:22:56] <128178> Connect to ssl://web.nicepay.co.kr:443
 [2024-01-03 09:22:56] <128178> ssl://web.nicepay.co.kr:443 Server Connect OK
 [2024-01-03 09:22:56] <128178> MSG_TO_SVR::[/lite/payProcess.jsp]
 [2024-01-03 09:22:57] <128178> TID -> [ilooda001m01012401030922575134]
 [2024-01-03 09:22:57] <128178> 3001[카드 결제 성공]
 [2024-01-03 09:22:57] <128178> END PYO  Laptime:[1.042sec]
 [2024-01-03 09:22:57] <128178> ===============================================================
 [2024-01-03 10:31:13] <54152> START NicepayLite PYO (V1.1B20140314(OS:Linux2.6.32-754.35.1.el6.x86_64,PHP:7.3.15))
 [2024-01-03 10:31:13] <54152> Connect to ssl://web.nicepay.co.kr:443
 [2024-01-03 10:31:13] <54152> ssl://web.nicepay.co.kr:443 Server Connect OK
 [2024-01-03 10:31:13] <54152> MSG_TO_SVR::[/lite/payProcess.jsp]
 [2024-01-03 10:31:13] <54152> TID -> [ilooda001m01012401031031141968]
 [2024-01-03 10:31:13] <54152> 3001[카드 결제 성공]
 [2024-01-03 10:31:13] <54152> END PYO  Laptime:[0.372sec]
 [2024-01-03 10:31:13] <54152> ===============================================================
 [2024-01-03 10:51:40] <68638> START NicepayLite PYO (V1.1B20140314(OS:Linux2.6.32-754.35.1.el6.x86_64,PHP:7.3.15))
 [2024-01-03 10:51:40] <68638> Connect to ssl://web.nicepay.co.kr:443
 [2024-01-03 10:51:40] <68638> ssl://web.nicepay.co.kr:443 Server Connect OK
 [2024-01-03 10:51:40] <68638> MSG_TO_SVR::[/lite/payProcess.jsp]
 [2024-01-03 10:51:41] <68638> TID -> [ilooda001m01012401031051413682]
 [2024-01-03 10:51:41] <68638> 3001[카드 결제 성공]
 [2024-01-03 10:51:41] <68638> END PYO  Laptime:[1.131sec]
 [2024-01-03 10:51:41] <68638> ===============================================================
 [2024-01-03 11:14:14] <97842> START NicepayLite PYO (V1.1B20140314(OS:Linux2.6.32-754.35.1.el6.x86_64,PHP:7.3.15))
 [2024-01-03 11:14:14] <97842> Connect to ssl://web.nicepay.co.kr:443
 [2024-01-03 11:14:14] <97842> ssl://web.nicepay.co.kr:443 Server Connect OK
 [2024-01-03 11:14:14] <97842> MSG_TO_SVR::[/lite/payProcess.jsp]
 [2024-01-03 11:14:15] <97842> TID -> [ilooda001m01012401031114150477]
 [2024-01-03 11:14:15] <97842> 3001[카드 결제 성공]
 [2024-01-03 11:14:15] <97842> END PYO  Laptime:[0.923sec]
 [2024-01-03 11:14:15] <97842> ===============================================================
 [2024-01-03 11:48:52] <63244> START NicepayLite PYO (V1.1B20140314(OS:Linux2.6.32-754.35.1.el6.x86_64,PHP:7.3.15))
 [2024-01-03 11:48:52] <63244> Connect to ssl://web.nicepay.co.kr:443
 [2024-01-03 11:48:52] <63244> ssl://web.nicepay.co.kr:443 Server Connect OK
 [2024-01-03 11:48:52] <63244> MSG_TO_SVR::[/lite/payProcess.jsp]
 [2024-01-03 11:48:52] <63244> TID -> [ilooda001m01012401031148528836]
 [2024-01-03 11:48:52] <63244> 3001[카드 결제 성공]
 [2024-01-03 11:48:52] <63244> END PYO  Laptime:[0.664sec]
 [2024-01-03 11:48:52] <63244> ===============================================================
 [2024-01-03 11:53:26] <100879> START NicepayLite PYO (V1.1B20140314(OS:Linux2.6.32-754.35.1.el6.x86_64,PHP:7.3.15))
 [2024-01-03 11:53:26] <100879> Connect to ssl://web.nicepay.co.kr:443
 [2024-01-03 11:53:26] <100879> ssl://web.nicepay.co.kr:443 Server Connect OK
 [2024-01-03 11:53:26] <100879> MSG_TO_SVR::[/lite/payProcess.jsp]
 [2024-01-03 11:53:27] <100879> TID -> [ilooda001m01012401031153273310]
 [2024-01-03 11:53:27] <100879> 1091[가족 한도 초과]
 [2024-01-03 11:53:27] <100879> END PYO  Laptime:[0.949sec]
 [2024-01-03 11:53:27] <100879> ===============================================================
 [2024-01-03 11:55:22] <116039> START NicepayLite PYO (V1.1B20140314(OS:Linux2.6.32-754.35.1.el6.x86_64,PHP:7.3.15))
 [2024-01-03 11:55:22] <116039> Connect to ssl://web.nicepay.co.kr:443
 [2024-01-03 11:55:22] <116039> ssl://web.nicepay.co.kr:443 Server Connect OK
 [2024-01-03 11:55:22] <116039> MSG_TO_SVR::[/lite/payProcess.jsp]
 [2024-01-03 11:55:24] <116039> TID -> [ilooda001m01012401031155235177]
 [2024-01-03 11:55:24] <116039> 3001[카드 결제 성공]
 [2024-01-03 11:55:24] <116039> END PYO  Laptime:[1.383sec]
 [2024-01-03 11:55:24] <116039> ===============================================================
 [2024-01-03 11:55:24] <116048> START NicepayLite PYO (V1.1B20140314(OS:Linux2.6.32-754.35.1.el6.x86_64,PHP:7.3.15))
 [2024-01-03 11:55:24] <116048> Connect to ssl://web.nicepay.co.kr:443
 [2024-01-03 11:55:24] <116048> ssl://web.nicepay.co.kr:443 Server Connect OK
 [2024-01-03 11:55:24] <116048> MSG_TO_SVR::[/lite/payProcess.jsp]
 [2024-01-03 11:55:25] <116048> TID -> [ilooda001m01012401031155249985]
 [2024-01-03 11:55:25] <116048> 1091[가족 한도 초과]
 [2024-01-03 11:55:25] <116048> END PYO  Laptime:[1.1sec]
 [2024-01-03 11:55:25] <116048> ===============================================================
 [2024-01-03 12:03:07] <29690> START NicepayLite PYO (V1.1B20140314(OS:Linux2.6.32-754.35.1.el6.x86_64,PHP:7.3.15))
 [2024-01-03 12:03:07] <29690> Connect to ssl://web.nicepay.co.kr:443
 [2024-01-03 12:03:07] <29690> ssl://web.nicepay.co.kr:443 Server Connect OK
 [2024-01-03 12:03:07] <29690> MSG_TO_SVR::[/lite/payProcess.jsp]
 [2024-01-03 12:03:08] <29690> TID -> [ilooda001m01012401031203086075]
 [2024-01-03 12:03:08] <29690> 3001[카드 결제 성공]
 [2024-01-03 12:03:08] <29690> END PYO  Laptime:[0.494sec]
 [2024-01-03 12:03:08] <29690> ===============================================================
 [2024-01-03 12:16:09] <121140> START NicepayLite PYO (V1.1B20140314(OS:Linux2.6.32-754.35.1.el6.x86_64,PHP:7.3.15))
 [2024-01-03 12:16:09] <121140> Connect to ssl://web.nicepay.co.kr:443
 [2024-01-03 12:16:09] <121140> ssl://web.nicepay.co.kr:443 Server Connect OK
 [2024-01-03 12:16:09] <121140> MSG_TO_SVR::[/lite/payProcess.jsp]
 [2024-01-03 12:16:10] <121140> TID -> [ilooda001m01012401031216104453]
 [2024-01-03 12:16:10] <121140> 3001[카드 결제 성공]
 [2024-01-03 12:16:10] <121140> END PYO  Laptime:[1.162sec]
 [2024-01-03 12:16:10] <121140> ===============================================================
 [2024-01-03 12:27:23] <64510> START NicepayLite PYO (V1.1B20140314(OS:Linux2.6.32-754.35.1.el6.x86_64,PHP:7.3.15))
 [2024-01-03 12:27:23] <64510> Connect to ssl://web.nicepay.co.kr:443
 [2024-01-03 12:27:23] <64510> ssl://web.nicepay.co.kr:443 Server Connect OK
 [2024-01-03 12:27:23] <64510> MSG_TO_SVR::[/lite/payProcess.jsp]
 [2024-01-03 12:27:23] <64510> TID -> [ilooda001m01012401031227240561]
 [2024-01-03 12:27:23] <64510> 3001[카드 결제 성공]
 [2024-01-03 12:27:23] <64510> END PYO  Laptime:[0.602sec]
 [2024-01-03 12:27:23] <64510> ===============================================================
 [2024-01-03 12:53:48] <114725> START NicepayLite PYO (V1.1B20140314(OS:Linux2.6.32-754.35.1.el6.x86_64,PHP:7.3.15))
 [2024-01-03 12:53:48] <114725> Connect to ssl://web.nicepay.co.kr:443
 [2024-01-03 12:53:48] <114725> ssl://web.nicepay.co.kr:443 Server Connect OK
 [2024-01-03 12:53:48] <114725> MSG_TO_SVR::[/lite/payProcess.jsp]
 [2024-01-03 12:53:49] <114725> TID -> [ilooda001m01012401031253489309]
 [2024-01-03 12:53:49] <114725> 3001[카드 결제 성공]
 [2024-01-03 12:53:49] <114725> END PYO  Laptime:[1.403sec]
 [2024-01-03 12:53:49] <114725> ===============================================================
 [2024-01-03 14:16:10] <11255> START NicepayLite PYO (V1.1B20140314(OS:Linux2.6.32-754.35.1.el6.x86_64,PHP:7.3.15))
 [2024-01-03 14:16:10] <11255> Connect to ssl://web.nicepay.co.kr:443
 [2024-01-03 14:16:10] <11255> ssl://web.nicepay.co.kr:443 Server Connect OK
 [2024-01-03 14:16:10] <11255> MSG_TO_SVR::[/lite/payProcess.jsp]
 [2024-01-03 14:16:11] <11255> TID -> [ilooda001m01012401031416114842]
 [2024-01-03 14:16:11] <11255> 3001[카드 결제 성공]
 [2024-01-03 14:16:11] <11255> END PYO  Laptime:[0.771sec]
 [2024-01-03 14:16:11] <11255> ===============================================================
 [2024-01-03 14:44:36] <78548> START NicepayLite PYO (V1.1B20140314(OS:Linux2.6.32-754.35.1.el6.x86_64,PHP:7.3.15))
 [2024-01-03 14:44:36] <78548> Connect to ssl://web.nicepay.co.kr:443
 [2024-01-03 14:44:36] <78548> ssl://web.nicepay.co.kr:443 Server Connect OK
 [2024-01-03 14:44:36] <78548> MSG_TO_SVR::[/lite/payProcess.jsp]
 [2024-01-03 14:44:37] <78548> TID -> [ilooda001m01012401031444375175]
 [2024-01-03 14:44:37] <78548> 3001[카드 결제 성공]
 [2024-01-03 14:44:37] <78548> END PYO  Laptime:[0.783sec]
 [2024-01-03 14:44:37] <78548> ===============================================================
 [2024-01-03 15:42:54] <79412> START NicepayLite PYO (V1.1B20140314(OS:Linux2.6.32-754.35.1.el6.x86_64,PHP:7.3.15))
 [2024-01-03 15:42:54] <79412> Connect to ssl://web.nicepay.co.kr:443
 [2024-01-03 15:42:54] <79412> ssl://web.nicepay.co.kr:443 Server Connect OK
 [2024-01-03 15:42:54] <79412> MSG_TO_SVR::[/lite/payProcess.jsp]
 [2024-01-03 15:42:54] <79412> TID -> [ilooda001m01012401031542549201]
 [2024-01-03 15:42:54] <79412> 3001[카드 결제 성공]
 [2024-01-03 15:42:54] <79412> END PYO  Laptime:[0.653sec]
 [2024-01-03 15:42:54] <79412> ===============================================================
 [2024-01-03 16:07:29] <122238> START NicepayLite PYO (V1.1B20140314(OS:Linux2.6.32-754.35.1.el6.x86_64,PHP:7.3.15))
 [2024-01-03 16:07:29] <122238> Connect to ssl://web.nicepay.co.kr:443
 [2024-01-03 16:07:29] <122238> ssl://web.nicepay.co.kr:443 Server Connect OK
 [2024-01-03 16:07:29] <122238> MSG_TO_SVR::[/lite/payProcess.jsp]
 [2024-01-03 16:07:29] <122238> TID -> [ilooda001m01012401031607300617]
 [2024-01-03 16:07:29] <122238> 3001[카드 결제 성공]
 [2024-01-03 16:07:29] <122238> END PYO  Laptime:[0.529sec]
 [2024-01-03 16:07:29] <122238> ===============================================================
 [2024-01-03 16:10:21] <144988> START NicepayLite PYO (V1.1B20140314(OS:Linux2.6.32-754.35.1.el6.x86_64,PHP:7.3.15))
 [2024-01-03 16:10:21] <144988> Connect to ssl://web.nicepay.co.kr:443
 [2024-01-03 16:10:21] <144988> ssl://web.nicepay.co.kr:443 Server Connect OK
 [2024-01-03 16:10:21] <144988> MSG_TO_SVR::[/lite/payProcess.jsp]
 [2024-01-03 16:10:22] <144988> TID -> [ilooda001m01012401031610226431]
 [2024-01-03 16:10:22] <144988> 3001[카드 결제 성공]
 [2024-01-03 16:10:22] <144988> END PYO  Laptime:[0.605sec]
 [2024-01-03 16:10:22] <144988> ===============================================================
 [2024-01-03 16:41:45] <85957> START NicepayLite PYO (V1.1B20140314(OS:Linux2.6.32-754.35.1.el6.x86_64,PHP:7.3.15))
 [2024-01-03 16:41:45] <85957> Connect to ssl://web.nicepay.co.kr:443
 [2024-01-03 16:41:45] <85957> ssl://web.nicepay.co.kr:443 Server Connect OK
 [2024-01-03 16:41:45] <85957> MSG_TO_SVR::[/lite/payProcess.jsp]
 [2024-01-03 16:41:46] <85957> TID -> [ilooda001m01012401031641466688]
 [2024-01-03 16:41:46] <85957> 3001[카드 결제 성공]
 [2024-01-03 16:41:46] <85957> END PYO  Laptime:[0.523sec]
 [2024-01-03 16:41:46] <85957> ===============================================================
 [2024-01-03 17:25:50] <127741> START NicepayLite PYO (V1.1B20140314(OS:Linux2.6.32-754.35.1.el6.x86_64,PHP:7.3.15))
 [2024-01-03 17:25:50] <127741> Connect to ssl://web.nicepay.co.kr:443
 [2024-01-03 17:25:51] <127741> ssl://web.nicepay.co.kr:443 Server Connect OK
 [2024-01-03 17:25:51] <127741> MSG_TO_SVR::[/lite/payProcess.jsp]
 [2024-01-03 17:25:51] <127741> TID -> [ilooda001m01012401031725519042]
 [2024-01-03 17:25:51] <127741> 3001[카드 결제 성공]
 [2024-01-03 17:25:51] <127741> END PYO  Laptime:[0.556sec]
 [2024-01-03 17:25:51] <127741> ===============================================================
 [2024-01-03 17:28:06] <3156> START NicepayLite PYO (V1.1B20140314(OS:Linux2.6.32-754.35.1.el6.x86_64,PHP:7.3.15))
 [2024-01-03 17:28:06] <3156> Connect to ssl://web.nicepay.co.kr:443
 [2024-01-03 17:28:06] <3156> ssl://web.nicepay.co.kr:443 Server Connect OK
 [2024-01-03 17:28:06] <3156> MSG_TO_SVR::[/lite/payProcess.jsp]
 [2024-01-03 17:28:07] <3156> TID -> [ilooda001m01012401031728078526]
 [2024-01-03 17:28:07] <3156> 3001[카드 결제 성공]
 [2024-01-03 17:28:07] <3156> END PYO  Laptime:[0.39sec]
 [2024-01-03 17:28:07] <3156> ===============================================================
 [2024-01-03 19:37:00] <93054> START NicepayLite PYO (V1.1B20140314(OS:Linux2.6.32-754.35.1.el6.x86_64,PHP:7.3.15))
 [2024-01-03 19:37:00] <93054> Connect to ssl://web.nicepay.co.kr:443
 [2024-01-03 19:37:00] <93054> ssl://web.nicepay.co.kr:443 Server Connect OK
 [2024-01-03 19:37:00] <93054> MSG_TO_SVR::[/lite/payProcess.jsp]
 [2024-01-03 19:37:00] <93054> TID -> [ilooda001m01012401031937011613]
 [2024-01-03 19:37:00] <93054> 3001[카드 결제 성공]
 [2024-01-03 19:37:00] <93054> END PYO  Laptime:[0.819sec]
 [2024-01-03 19:37:00] <93054> ===============================================================
 [2024-01-03 19:48:05] <36834> START NicepayLite PYO (V1.1B20140314(OS:Linux2.6.32-754.35.1.el6.x86_64,PHP:7.3.15))
 [2024-01-03 19:48:05] <36834> Connect to ssl://web.nicepay.co.kr:443
 [2024-01-03 19:48:05] <36834> ssl://web.nicepay.co.kr:443 Server Connect OK
 [2024-01-03 19:48:05] <36834> MSG_TO_SVR::[/lite/payProcess.jsp]
 [2024-01-03 19:48:06] <36834> TID -> [ilooda001m01012401031948067268]
 [2024-01-03 19:48:06] <36834> 3001[카드 결제 성공]
 [2024-01-03 19:48:06] <36834> END PYO  Laptime:[0.566sec]
 [2024-01-03 19:48:06] <36834> ===============================================================
