 [2024-05-08 11:41:15] <2489> START NicepayLite PYO (V1.1B20140314(OS:Linux2.6.32-754.35.1.el6.x86_64,PHP:7.3.15))
 [2024-05-08 11:41:15] <2489> Connect to ssl://web.nicepay.co.kr:443
 [2024-05-08 11:41:16] <2489> ssl://web.nicepay.co.kr:443 Server Connect OK
 [2024-05-08 11:41:16] <2489> MSG_TO_SVR::[/lite/payProcess.jsp]
 [2024-05-08 11:41:17] <2489> TID -> [ilooda001m01012405081141164212]
 [2024-05-08 11:41:17] <2489> 3001[카드 결제 성공]
 [2024-05-08 11:41:17] <2489> END PYO  Laptime:[1.115sec]
 [2024-05-08 11:41:17] <2489> ===============================================================
 [2024-05-08 11:49:16] <64419> START NicepayLite PYO (V1.1B20140314(OS:Linux2.6.32-754.35.1.el6.x86_64,PHP:7.3.15))
 [2024-05-08 11:49:16] <64419> Connect to ssl://web.nicepay.co.kr:443
 [2024-05-08 11:49:16] <64419> ssl://web.nicepay.co.kr:443 Server Connect OK
 [2024-05-08 11:49:16] <64419> MSG_TO_SVR::[/lite/payProcess.jsp]
 [2024-05-08 11:49:17] <64419> TID -> [ilooda001m01012405081149168847]
 [2024-05-08 11:49:17] <64419> 3001[카드 결제 성공]
 [2024-05-08 11:49:17] <64419> END PYO  Laptime:[1.04sec]
 [2024-05-08 11:49:17] <64419> ===============================================================
 [2024-05-08 12:41:48] <8665> START NicepayLite PYO (V1.1B20140314(OS:Linux2.6.32-754.35.1.el6.x86_64,PHP:7.3.15))
 [2024-05-08 12:41:48] <8665> Connect to ssl://web.nicepay.co.kr:443
 [2024-05-08 12:41:48] <8665> ssl://web.nicepay.co.kr:443 Server Connect OK
 [2024-05-08 12:41:48] <8665> MSG_TO_SVR::[/lite/payProcess.jsp]
 [2024-05-08 12:41:48] <8665> TID -> [ilooda001m01012405081241485297]
 [2024-05-08 12:41:48] <8665> 3001[카드 결제 성공]
 [2024-05-08 12:41:48] <8665> END PYO  Laptime:[0.9sec]
 [2024-05-08 12:41:48] <8665> ===============================================================
 [2024-05-08 12:43:40] <23570> START NicepayLite PYO (V1.1B20140314(OS:Linux2.6.32-754.35.1.el6.x86_64,PHP:7.3.15))
 [2024-05-08 12:43:40] <23570> Connect to ssl://web.nicepay.co.kr:443
 [2024-05-08 12:43:40] <23570> ssl://web.nicepay.co.kr:443 Server Connect OK
 [2024-05-08 12:43:40] <23570> MSG_TO_SVR::[/lite/payProcess.jsp]
 [2024-05-08 12:43:41] <23570> TID -> [ilooda001m01012405081243411675]
 [2024-05-08 12:43:41] <23570> 3001[카드 결제 성공]
 [2024-05-08 12:43:41] <23570> END PYO  Laptime:[0.651sec]
 [2024-05-08 12:43:41] <23570> ===============================================================
 [2024-05-08 12:54:17] <108210> START NicepayLite PYO (V1.1B20140314(OS:Linux2.6.32-754.35.1.el6.x86_64,PHP:7.3.15))
 [2024-05-08 12:54:17] <108210> Connect to ssl://web.nicepay.co.kr:443
 [2024-05-08 12:54:17] <108210> ssl://web.nicepay.co.kr:443 Server Connect OK
 [2024-05-08 12:54:17] <108210> MSG_TO_SVR::[/lite/payProcess.jsp]
 [2024-05-08 12:54:17] <108210> TID -> [ilooda001m01012405081254175751]
 [2024-05-08 12:54:17] <108210> 3001[카드 결제 성공]
 [2024-05-08 12:54:17] <108210> END PYO  Laptime:[0.549sec]
 [2024-05-08 12:54:17] <108210> ===============================================================
 [2024-05-08 14:05:33] <60807> START NicepayLite PYO (V1.1B20140314(OS:Linux2.6.32-754.35.1.el6.x86_64,PHP:7.3.15))
 [2024-05-08 14:05:33] <60807> Connect to ssl://web.nicepay.co.kr:443
 [2024-05-08 14:05:33] <60807> ssl://web.nicepay.co.kr:443 Server Connect OK
 [2024-05-08 14:05:33] <60807> MSG_TO_SVR::[/lite/payProcess.jsp]
 [2024-05-08 14:05:33] <60807> TID -> [ilooda001m01012405081405335901]
 [2024-05-08 14:05:33] <60807> 3001[카드 결제 성공]
 [2024-05-08 14:05:33] <60807> END PYO  Laptime:[0.552sec]
 [2024-05-08 14:05:33] <60807> ===============================================================
 [2024-05-08 17:27:38] <76977> START NicepayLite PYO (V1.1B20140314(OS:Linux2.6.32-754.35.1.el6.x86_64,PHP:7.3.15))
 [2024-05-08 17:27:38] <76977> Connect to ssl://web.nicepay.co.kr:443
 [2024-05-08 17:27:38] <76977> ssl://web.nicepay.co.kr:443 Server Connect OK
 [2024-05-08 17:27:38] <76977> MSG_TO_SVR::[/lite/payProcess.jsp]
 [2024-05-08 17:27:39] <76977> TID -> [ilooda001m01012405081727392071]
 [2024-05-08 17:27:39] <76977> 3001[카드 결제 성공]
 [2024-05-08 17:27:39] <76977> END PYO  Laptime:[0.665sec]
 [2024-05-08 17:27:39] <76977> ===============================================================
 [2024-05-08 18:44:01] <53641> START NicepayLite PYO (V1.1B20140314(OS:Linux2.6.32-754.35.1.el6.x86_64,PHP:7.3.15))
 [2024-05-08 18:44:01] <53641> Connect to ssl://web.nicepay.co.kr:443
 [2024-05-08 18:44:01] <53641> ssl://web.nicepay.co.kr:443 Server Connect OK
 [2024-05-08 18:44:01] <53641> MSG_TO_SVR::[/lite/payProcess.jsp]
 [2024-05-08 18:44:01] <53641> TID -> [ilooda001m01012405081844020635]
 [2024-05-08 18:44:01] <53641> 3001[카드 결제 성공]
 [2024-05-08 18:44:01] <53641> END PYO  Laptime:[0.47sec]
 [2024-05-08 18:44:01] <53641> ===============================================================
