 [2024-01-02 10:05:40] <18079> START NicepayLite PYO (V1.1B20140314(OS:Linux2.6.32-754.35.1.el6.x86_64,PHP:7.3.15))
 [2024-01-02 10:05:41] <18079> Connect to ssl://web.nicepay.co.kr:443
 [2024-01-02 10:05:41] <18079> ssl://web.nicepay.co.kr:443 Server Connect OK
 [2024-01-02 10:05:41] <18079> MSG_TO_SVR::[/lite/payProcess.jsp]
 [2024-01-02 10:05:41] <18079> TID -> [ilooda001m01012401021005426640]
 [2024-01-02 10:05:41] <18079> 3001[카드 결제 성공]
 [2024-01-02 10:05:41] <18079> END PYO  Laptime:[0.561sec]
 [2024-01-02 10:05:41] <18079> ===============================================================
 [2024-01-02 10:18:34] <116701> START NicepayLite PYO (V1.1B20140314(OS:Linux2.6.32-754.35.1.el6.x86_64,PHP:7.3.15))
 [2024-01-02 10:18:34] <116701> Connect to ssl://web.nicepay.co.kr:443
 [2024-01-02 10:18:34] <116701> ssl://web.nicepay.co.kr:443 Server Connect OK
 [2024-01-02 10:18:34] <116701> MSG_TO_SVR::[/lite/payProcess.jsp]
 [2024-01-02 10:18:34] <116701> TID -> [ilooda001m01012401021018360455]
 [2024-01-02 10:18:34] <116701> 3001[카드 결제 성공]
 [2024-01-02 10:18:34] <116701> END PYO  Laptime:[0.528sec]
 [2024-01-02 10:18:34] <116701> ===============================================================
 [2024-01-02 10:21:09] <139216> START NicepayLite PYO (V1.1B20140314(OS:Linux2.6.32-754.35.1.el6.x86_64,PHP:7.3.15))
 [2024-01-02 10:21:09] <139216> Connect to ssl://web.nicepay.co.kr:443
 [2024-01-02 10:21:09] <139216> ssl://web.nicepay.co.kr:443 Server Connect OK
 [2024-01-02 10:21:09] <139216> MSG_TO_SVR::[/lite/payProcess.jsp]
 [2024-01-02 10:21:10] <139216> TID -> [ilooda001m01012401021021110066]
 [2024-01-02 10:21:10] <139216> 3001[카드 결제 성공]
 [2024-01-02 10:21:10] <139216> END PYO  Laptime:[1.255sec]
 [2024-01-02 10:21:10] <139216> ===============================================================
 [2024-01-02 10:22:46] <147072> START NicepayLite PYO (V1.1B20140314(OS:Linux2.6.32-754.35.1.el6.x86_64,PHP:7.3.15))
 [2024-01-02 10:22:46] <147072> Connect to ssl://web.nicepay.co.kr:443
 [2024-01-02 10:22:46] <147072> ssl://web.nicepay.co.kr:443 Server Connect OK
 [2024-01-02 10:22:46] <147072> MSG_TO_SVR::[/lite/payProcess.jsp]
 [2024-01-02 10:22:47] <147072> TID -> [ilooda001m01012401021022484767]
 [2024-01-02 10:22:47] <147072> 3001[카드 결제 성공]
 [2024-01-02 10:22:47] <147072> END PYO  Laptime:[0.741sec]
 [2024-01-02 10:22:47] <147072> ===============================================================
 [2024-01-02 10:25:10] <22957> START NicepayLite PYO (V1.1B20140314(OS:Linux2.6.32-754.35.1.el6.x86_64,PHP:7.3.15))
 [2024-01-02 10:25:10] <22957> Connect to ssl://web.nicepay.co.kr:443
 [2024-01-02 10:25:10] <22957> ssl://web.nicepay.co.kr:443 Server Connect OK
 [2024-01-02 10:25:10] <22957> MSG_TO_SVR::[/lite/payProcess.jsp]
 [2024-01-02 10:25:11] <22957> TID -> [ilooda001m01012401021025122257]
 [2024-01-02 10:25:11] <22957> 3001[카드 결제 성공]
 [2024-01-02 10:25:11] <22957> END PYO  Laptime:[0.551sec]
 [2024-01-02 10:25:11] <22957> ===============================================================
 [2024-01-02 10:56:59] <103163> START NicepayLite PYO (V1.1B20140314(OS:Linux2.6.32-754.35.1.el6.x86_64,PHP:7.3.15))
 [2024-01-02 10:56:59] <103163> Connect to ssl://web.nicepay.co.kr:443
 [2024-01-02 10:56:59] <103163> ssl://web.nicepay.co.kr:443 Server Connect OK
 [2024-01-02 10:56:59] <103163> MSG_TO_SVR::[/lite/payProcess.jsp]
 [2024-01-02 10:57:00] <103163> TID -> [ilooda001m01012401021057011192]
 [2024-01-02 10:57:00] <103163> 3001[카드 결제 성공]
 [2024-01-02 10:57:00] <103163> END PYO  Laptime:[0.779sec]
 [2024-01-02 10:57:00] <103163> ===============================================================
 [2024-01-02 10:57:49] <118421> START NicepayLite PYO (V1.1B20140314(OS:Linux2.6.32-754.35.1.el6.x86_64,PHP:7.3.15))
 [2024-01-02 10:57:49] <118421> Connect to ssl://web.nicepay.co.kr:443
 [2024-01-02 10:57:49] <118421> ssl://web.nicepay.co.kr:443 Server Connect OK
 [2024-01-02 10:57:49] <118421> MSG_TO_SVR::[/lite/payProcess.jsp]
 [2024-01-02 10:57:50] <118421> TID -> [ilooda001m01012401021057514094]
 [2024-01-02 10:57:50] <118421> 3001[카드 결제 성공]
 [2024-01-02 10:57:50] <118421> END PYO  Laptime:[0.704sec]
 [2024-01-02 10:57:50] <118421> ===============================================================
 [2024-01-02 11:06:06] <40185> START NicepayLite PYO (V1.1B20140314(OS:Linux2.6.32-754.35.1.el6.x86_64,PHP:7.3.15))
 [2024-01-02 11:06:06] <40185> Connect to ssl://web.nicepay.co.kr:443
 [2024-01-02 11:06:06] <40185> ssl://web.nicepay.co.kr:443 Server Connect OK
 [2024-01-02 11:06:06] <40185> MSG_TO_SVR::[/lite/payProcess.jsp]
 [2024-01-02 11:06:06] <40185> TID -> [ilooda001m01012401021106078225]
 [2024-01-02 11:06:06] <40185> 3001[카드 결제 성공]
 [2024-01-02 11:06:06] <40185> END PYO  Laptime:[0.727sec]
 [2024-01-02 11:06:06] <40185> ===============================================================
 [2024-01-02 11:14:18] <101302> START NicepayLite PYO (V1.1B20140314(OS:Linux2.6.32-754.35.1.el6.x86_64,PHP:7.3.15))
 [2024-01-02 11:14:18] <101302> Connect to ssl://web.nicepay.co.kr:443
 [2024-01-02 11:14:18] <101302> ssl://web.nicepay.co.kr:443 Server Connect OK
 [2024-01-02 11:14:18] <101302> MSG_TO_SVR::[/lite/payProcess.jsp]
 [2024-01-02 11:14:19] <101302> TID -> [ilooda001m01012401021114204145]
 [2024-01-02 11:14:19] <101302> 3001[카드 결제 성공]
 [2024-01-02 11:14:19] <101302> END PYO  Laptime:[0.616sec]
 [2024-01-02 11:14:19] <101302> ===============================================================
 [2024-01-02 11:16:15] <116287> START NicepayLite PYO (V1.1B20140314(OS:Linux2.6.32-754.35.1.el6.x86_64,PHP:7.3.15))
 [2024-01-02 11:16:15] <116287> Connect to ssl://web.nicepay.co.kr:443
 [2024-01-02 11:16:15] <116287> ssl://web.nicepay.co.kr:443 Server Connect OK
 [2024-01-02 11:16:15] <116287> MSG_TO_SVR::[/lite/payProcess.jsp]
 [2024-01-02 11:16:16] <116287> TID -> [ilooda001m01012401021116166562]
 [2024-01-02 11:16:16] <116287> 3001[카드 결제 성공]
 [2024-01-02 11:16:16] <116287> END PYO  Laptime:[0.954sec]
 [2024-01-02 11:16:16] <116287> ===============================================================
 [2024-01-02 11:27:21] <53589> START NicepayLite PYO (V1.1B20140314(OS:Linux2.6.32-754.35.1.el6.x86_64,PHP:7.3.15))
 [2024-01-02 11:27:21] <53589> Connect to ssl://web.nicepay.co.kr:443
 [2024-01-02 11:27:21] <53589> ssl://web.nicepay.co.kr:443 Server Connect OK
 [2024-01-02 11:27:21] <53589> MSG_TO_SVR::[/lite/payProcess.jsp]
 [2024-01-02 11:27:22] <53589> TID -> [ilooda001m01012401021127230996]
 [2024-01-02 11:27:22] <53589> 3001[카드 결제 성공]
 [2024-01-02 11:27:22] <53589> END PYO  Laptime:[0.628sec]
 [2024-01-02 11:27:22] <53589> ===============================================================
 [2024-01-02 11:31:35] <84077> START NicepayLite PYO (V1.1B20140314(OS:Linux2.6.32-754.35.1.el6.x86_64,PHP:7.3.15))
 [2024-01-02 11:31:35] <84077> Connect to ssl://web.nicepay.co.kr:443
 [2024-01-02 11:31:35] <84077> ssl://web.nicepay.co.kr:443 Server Connect OK
 [2024-01-02 11:31:35] <84077> MSG_TO_SVR::[/lite/payProcess.jsp]
 [2024-01-02 11:31:36] <84077> TID -> [ilooda001m01012401021131373834]
 [2024-01-02 11:31:36] <84077> 3001[카드 결제 성공]
 [2024-01-02 11:31:36] <84077> END PYO  Laptime:[0.701sec]
 [2024-01-02 11:31:36] <84077> ===============================================================
 [2024-01-02 11:32:09] <91698> START NicepayLite PYO (V1.1B20140314(OS:Linux2.6.32-754.35.1.el6.x86_64,PHP:7.3.15))
 [2024-01-02 11:32:09] <91698> Connect to ssl://web.nicepay.co.kr:443
 [2024-01-02 11:32:09] <91698> ssl://web.nicepay.co.kr:443 Server Connect OK
 [2024-01-02 11:32:09] <91698> MSG_TO_SVR::[/lite/payProcess.jsp]
 [2024-01-02 11:32:09] <91698> TID -> [ilooda001m01012401021132107748]
 [2024-01-02 11:32:09] <91698> 3001[카드 결제 성공]
 [2024-01-02 11:32:09] <91698> END PYO  Laptime:[0.387sec]
 [2024-01-02 11:32:09] <91698> ===============================================================
 [2024-01-02 12:12:16] <105906> START NicepayLite PYO (V1.1B20140314(OS:Linux2.6.32-754.35.1.el6.x86_64,PHP:7.3.15))
 [2024-01-02 12:12:16] <105906> Connect to ssl://web.nicepay.co.kr:443
 [2024-01-02 12:12:16] <105906> ssl://web.nicepay.co.kr:443 Server Connect OK
 [2024-01-02 12:12:16] <105906> MSG_TO_SVR::[/lite/payProcess.jsp]
 [2024-01-02 12:12:16] <105906> TID -> [ilooda001m01012401021212178277]
 [2024-01-02 12:12:16] <105906> 3001[카드 결제 성공]
 [2024-01-02 12:12:16] <105906> END PYO  Laptime:[0.699sec]
 [2024-01-02 12:12:16] <105906> ===============================================================
 [2024-01-02 12:19:53] <11779> START NicepayLite PYO (V1.1B20140314(OS:Linux2.6.32-754.35.1.el6.x86_64,PHP:7.3.15))
 [2024-01-02 12:19:53] <11779> Connect to ssl://web.nicepay.co.kr:443
 [2024-01-02 12:19:53] <11779> ssl://web.nicepay.co.kr:443 Server Connect OK
 [2024-01-02 12:19:53] <11779> MSG_TO_SVR::[/lite/payProcess.jsp]
 [2024-01-02 12:19:53] <11779> TID -> [ilooda001m01012401021219550185]
 [2024-01-02 12:19:53] <11779> 3001[카드 결제 성공]
 [2024-01-02 12:19:53] <11779> END PYO  Laptime:[0.307sec]
 [2024-01-02 12:19:53] <11779> ===============================================================
 [2024-01-02 13:30:52] <112935> START NicepayLite PYO (V1.1B20140314(OS:Linux2.6.32-754.35.1.el6.x86_64,PHP:7.3.15))
 [2024-01-02 13:30:52] <112935> Connect to ssl://web.nicepay.co.kr:443
 [2024-01-02 13:30:52] <112935> ssl://web.nicepay.co.kr:443 Server Connect OK
 [2024-01-02 13:30:52] <112935> MSG_TO_SVR::[/lite/payProcess.jsp]
 [2024-01-02 13:30:53] <112935> TID -> [ilooda001m01012401021330542031]
 [2024-01-02 13:30:53] <112935> 3001[카드 결제 성공]
 [2024-01-02 13:30:53] <112935> END PYO  Laptime:[0.63sec]
 [2024-01-02 13:30:53] <112935> ===============================================================
 [2024-01-02 14:03:50] <71184> START NicepayLite PYO (V1.1B20140314(OS:Linux2.6.32-754.35.1.el6.x86_64,PHP:7.3.15))
 [2024-01-02 14:03:50] <71184> Connect to ssl://web.nicepay.co.kr:443
 [2024-01-02 14:03:50] <71184> ssl://web.nicepay.co.kr:443 Server Connect OK
 [2024-01-02 14:03:50] <71184> MSG_TO_SVR::[/lite/payProcess.jsp]
 [2024-01-02 14:03:51] <71184> TID -> [ilooda001m01012401021403520522]
 [2024-01-02 14:03:51] <71184> 3001[카드 결제 성공]
 [2024-01-02 14:03:51] <71184> END PYO  Laptime:[0.727sec]
 [2024-01-02 14:03:51] <71184> ===============================================================
 [2024-01-02 15:22:28] <79275> START NicepayLite PYO (V1.1B20140314(OS:Linux2.6.32-754.35.1.el6.x86_64,PHP:7.3.15))
 [2024-01-02 15:22:28] <79275> Connect to ssl://web.nicepay.co.kr:443
 [2024-01-02 15:22:28] <79275> ssl://web.nicepay.co.kr:443 Server Connect OK
 [2024-01-02 15:22:28] <79275> MSG_TO_SVR::[/lite/payProcess.jsp]
 [2024-01-02 15:22:28] <79275> TID -> [ilooda001m01012401021522301623]
 [2024-01-02 15:22:28] <79275> 3001[카드 결제 성공]
 [2024-01-02 15:22:28] <79275> END PYO  Laptime:[0.527sec]
 [2024-01-02 15:22:28] <79275> ===============================================================
 [2024-01-02 15:24:00] <92965> START NicepayLite PYO (V1.1B20140314(OS:Linux2.6.32-754.35.1.el6.x86_64,PHP:7.3.15))
 [2024-01-02 15:24:00] <92965> Connect to ssl://web.nicepay.co.kr:443
 [2024-01-02 15:24:00] <92965> ssl://web.nicepay.co.kr:443 Server Connect OK
 [2024-01-02 15:24:00] <92965> MSG_TO_SVR::[/lite/payProcess.jsp]
 [2024-01-02 15:24:00] <92965> TID -> [ilooda001m01012401021524018636]
 [2024-01-02 15:24:00] <92965> 3001[카드 결제 성공]
 [2024-01-02 15:24:00] <92965> END PYO  Laptime:[0.615sec]
 [2024-01-02 15:24:00] <92965> ===============================================================
 [2024-01-02 15:51:29] <5294> START NicepayLite PYO (V1.1B20140314(OS:Linux2.6.32-754.35.1.el6.x86_64,PHP:7.3.15))
 [2024-01-02 15:51:29] <5294> Connect to ssl://web.nicepay.co.kr:443
 [2024-01-02 15:51:29] <5294> ssl://web.nicepay.co.kr:443 Server Connect OK
 [2024-01-02 15:51:29] <5294> MSG_TO_SVR::[/lite/payProcess.jsp]
 [2024-01-02 15:51:29] <5294> TID -> [ilooda001m01012401021551309267]
 [2024-01-02 15:51:29] <5294> 3001[카드 결제 성공]
 [2024-01-02 15:51:29] <5294> END PYO  Laptime:[0.584sec]
 [2024-01-02 15:51:29] <5294> ===============================================================
 [2024-01-02 15:55:51] <43866> START NicepayLite PYO (V1.1B20140314(OS:Linux2.6.32-754.35.1.el6.x86_64,PHP:7.3.15))
 [2024-01-02 15:55:51] <43866> Connect to ssl://web.nicepay.co.kr:443
 [2024-01-02 15:55:51] <43866> ssl://web.nicepay.co.kr:443 Server Connect OK
 [2024-01-02 15:55:51] <43866> MSG_TO_SVR::[/lite/payProcess.jsp]
 [2024-01-02 15:55:52] <43866> TID -> [ilooda001m01012401021555533368]
 [2024-01-02 15:55:52] <43866> 3001[카드 결제 성공]
 [2024-01-02 15:55:52] <43866> END PYO  Laptime:[0.48sec]
 [2024-01-02 15:55:52] <43866> ===============================================================
 [2024-01-02 16:44:57] <121644> START NicepayLite PYO (V1.1B20140314(OS:Linux2.6.32-754.35.1.el6.x86_64,PHP:7.3.15))
 [2024-01-02 16:44:57] <121644> Connect to ssl://web.nicepay.co.kr:443
 [2024-01-02 16:44:57] <121644> ssl://web.nicepay.co.kr:443 Server Connect OK
 [2024-01-02 16:44:57] <121644> MSG_TO_SVR::[/lite/payProcess.jsp]
 [2024-01-02 16:44:58] <121644> TID -> [ilooda001m01012401021644592763]
 [2024-01-02 16:44:58] <121644> 3001[카드 결제 성공]
 [2024-01-02 16:44:58] <121644> END PYO  Laptime:[0.598sec]
 [2024-01-02 16:44:58] <121644> ===============================================================
 [2024-01-02 16:46:37] <136580> START NicepayLite PYO (V1.1B20140314(OS:Linux2.6.32-754.35.1.el6.x86_64,PHP:7.3.15))
 [2024-01-02 16:46:37] <136580> Connect to ssl://web.nicepay.co.kr:443
 [2024-01-02 16:46:37] <136580> ssl://web.nicepay.co.kr:443 Server Connect OK
 [2024-01-02 16:46:37] <136580> MSG_TO_SVR::[/lite/payProcess.jsp]
 [2024-01-02 16:46:38] <136580> TID -> [ilooda001m01012401021646394888]
 [2024-01-02 16:46:38] <136580> 3001[카드 결제 성공]
 [2024-01-02 16:46:38] <136580> END PYO  Laptime:[0.586sec]
 [2024-01-02 16:46:38] <136580> ===============================================================
 [2024-01-02 17:15:19] <62399> START NicepayLite PYO (V1.1B20140314(OS:Linux2.6.32-754.35.1.el6.x86_64,PHP:7.3.15))
 [2024-01-02 17:15:19] <62399> Connect to ssl://web.nicepay.co.kr:443
 [2024-01-02 17:15:19] <62399> ssl://web.nicepay.co.kr:443 Server Connect OK
 [2024-01-02 17:15:19] <62399> MSG_TO_SVR::[/lite/payProcess.jsp]
 [2024-01-02 17:15:20] <62399> TID -> [ilooda001m01012401021715212265]
 [2024-01-02 17:15:20] <62399> 3001[카드 결제 성공]
 [2024-01-02 17:15:20] <62399> END PYO  Laptime:[0.598sec]
 [2024-01-02 17:15:20] <62399> ===============================================================
 [2024-01-02 18:09:43] <31690> START NicepayLite PYO (V1.1B20140314(OS:Linux2.6.32-754.35.1.el6.x86_64,PHP:7.3.15))
 [2024-01-02 18:09:43] <31690> Connect to ssl://web.nicepay.co.kr:443
 [2024-01-02 18:09:43] <31690> ssl://web.nicepay.co.kr:443 Server Connect OK
 [2024-01-02 18:09:43] <31690> MSG_TO_SVR::[/lite/payProcess.jsp]
 [2024-01-02 18:09:44] <31690> TID -> [ilooda001m01012401021809455824]
 [2024-01-02 18:09:44] <31690> 3001[카드 결제 성공]
 [2024-01-02 18:09:44] <31690> END PYO  Laptime:[0.374sec]
 [2024-01-02 18:09:44] <31690> ===============================================================
 [2024-01-02 18:12:36] <54214> START NicepayLite PYO (V1.1B20140314(OS:Linux2.6.32-754.35.1.el6.x86_64,PHP:7.3.15))
 [2024-01-02 18:12:36] <54214> Connect to ssl://web.nicepay.co.kr:443
 [2024-01-02 18:12:36] <54214> ssl://web.nicepay.co.kr:443 Server Connect OK
 [2024-01-02 18:12:36] <54214> MSG_TO_SVR::[/lite/payProcess.jsp]
 [2024-01-02 18:12:37] <54214> TID -> [ilooda001m01012401021812385525]
 [2024-01-02 18:12:37] <54214> 3001[카드 결제 성공]
 [2024-01-02 18:12:37] <54214> END PYO  Laptime:[0.619sec]
 [2024-01-02 18:12:37] <54214> ===============================================================
 [2024-01-02 18:15:06] <76627> START NicepayLite PYO (V1.1B20140314(OS:Linux2.6.32-754.35.1.el6.x86_64,PHP:7.3.15))
 [2024-01-02 18:15:06] <76627> Connect to ssl://web.nicepay.co.kr:443
 [2024-01-02 18:15:06] <76627> ssl://web.nicepay.co.kr:443 Server Connect OK
 [2024-01-02 18:15:06] <76627> MSG_TO_SVR::[/lite/payProcess.jsp]
 [2024-01-02 18:15:06] <76627> TID -> [ilooda001m01012401021815079113]
 [2024-01-02 18:15:06] <76627> 3001[카드 결제 성공]
 [2024-01-02 18:15:06] <76627> END PYO  Laptime:[0.566sec]
 [2024-01-02 18:15:06] <76627> ===============================================================
 [2024-01-02 18:37:07] <93994> START NicepayLite PYO (V1.1B20140314(OS:Linux2.6.32-754.35.1.el6.x86_64,PHP:7.3.15))
 [2024-01-02 18:37:07] <93994> Connect to ssl://web.nicepay.co.kr:443
 [2024-01-02 18:37:07] <93994> ssl://web.nicepay.co.kr:443 Server Connect OK
 [2024-01-02 18:37:07] <93994> MSG_TO_SVR::[/lite/payProcess.jsp]
 [2024-01-02 18:37:08] <93994> TID -> [ilooda001m01012401021837094655]
 [2024-01-02 18:37:08] <93994> 3001[카드 결제 성공]
 [2024-01-02 18:37:08] <93994> END PYO  Laptime:[0.383sec]
 [2024-01-02 18:37:08] <93994> ===============================================================
 [2024-01-02 18:46:38] <15410> START NicepayLite PYO (V1.1B20140314(OS:Linux2.6.32-754.35.1.el6.x86_64,PHP:7.3.15))
 [2024-01-02 18:46:38] <15410> Connect to ssl://web.nicepay.co.kr:443
 [2024-01-02 18:46:39] <15410> ssl://web.nicepay.co.kr:443 Server Connect OK
 [2024-01-02 18:46:39] <15410> MSG_TO_SVR::[/lite/payProcess.jsp]
 [2024-01-02 18:46:40] <15410> TID -> [ilooda001m01012401021846407748]
 [2024-01-02 18:46:40] <15410> 3001[카드 결제 성공]
 [2024-01-02 18:46:40] <15410> END PYO  Laptime:[1.367sec]
 [2024-01-02 18:46:40] <15410> ===============================================================
 [2024-01-02 18:51:45] <54242> START NicepayLite PYO (V1.1B20140314(OS:Linux2.6.32-754.35.1.el6.x86_64,PHP:7.3.15))
 [2024-01-02 18:51:45] <54242> Connect to ssl://web.nicepay.co.kr:443
 [2024-01-02 18:51:45] <54242> ssl://web.nicepay.co.kr:443 Server Connect OK
 [2024-01-02 18:51:45] <54242> MSG_TO_SVR::[/lite/payProcess.jsp]
 [2024-01-02 18:51:45] <54242> TID -> [ilooda001m01012401021851468380]
 [2024-01-02 18:51:45] <54242> 3001[카드 결제 성공]
 [2024-01-02 18:51:45] <54242> END PYO  Laptime:[0.412sec]
 [2024-01-02 18:51:45] <54242> ===============================================================
 [2024-01-02 18:56:34] <91507> START NicepayLite PYO (V1.1B20140314(OS:Linux2.6.32-754.35.1.el6.x86_64,PHP:7.3.15))
 [2024-01-02 18:56:34] <91507> Connect to ssl://web.nicepay.co.kr:443
 [2024-01-02 18:56:34] <91507> ssl://web.nicepay.co.kr:443 Server Connect OK
 [2024-01-02 18:56:34] <91507> MSG_TO_SVR::[/lite/payProcess.jsp]
 [2024-01-02 18:56:34] <91507> TID -> [ilooda001m01012401021856361226]
 [2024-01-02 18:56:34] <91507> 3001[카드 결제 성공]
 [2024-01-02 18:56:34] <91507> END PYO  Laptime:[0.54sec]
 [2024-01-02 18:56:34] <91507> ===============================================================
 [2024-01-02 21:18:43] <133882> START NicepayLite PYO (V1.1B20140314(OS:Linux2.6.32-754.35.1.el6.x86_64,PHP:7.3.15))
 [2024-01-02 21:18:43] <133882> Connect to ssl://web.nicepay.co.kr:443
 [2024-01-02 21:18:43] <133882> ssl://web.nicepay.co.kr:443 Server Connect OK
 [2024-01-02 21:18:43] <133882> MSG_TO_SVR::[/lite/payProcess.jsp]
 [2024-01-02 21:18:43] <133882> TID -> [ilooda001m01012401022118448773]
 [2024-01-02 21:18:43] <133882> 3001[카드 결제 성공]
 [2024-01-02 21:18:43] <133882> END PYO  Laptime:[0.298sec]
 [2024-01-02 21:18:43] <133882> ===============================================================
