 [2023-12-13 10:28:56] <104444> START NicepayLite PYO (V1.1B20140314(OS:Linux2.6.32-754.35.1.el6.x86_64,PHP:7.3.15))
 [2023-12-13 10:28:56] <104444> Connect to ssl://web.nicepay.co.kr:443
 [2023-12-13 10:28:56] <104444> ssl://web.nicepay.co.kr:443 Server Connect OK
 [2023-12-13 10:28:56] <104444> MSG_TO_SVR::[/lite/payProcess.jsp]
 [2023-12-13 10:28:57] <104444> TID -> [ilooda001m01012312131028573192]
 [2023-12-13 10:28:57] <104444> 3001[카드 결제 성공]
 [2023-12-13 10:28:57] <104444> END PYO  Laptime:[0.734sec]
 [2023-12-13 10:28:57] <104444> ===============================================================
 [2023-12-13 10:33:22] <132718> START NicepayLite PYO (V1.1B20140314(OS:Linux2.6.32-754.35.1.el6.x86_64,PHP:7.3.15))
 [2023-12-13 10:33:22] <132718> Connect to ssl://web.nicepay.co.kr:443
 [2023-12-13 10:33:22] <132718> ssl://web.nicepay.co.kr:443 Server Connect OK
 [2023-12-13 10:33:22] <132718> MSG_TO_SVR::[/lite/payProcess.jsp]
 [2023-12-13 10:33:24] <132718> TID -> [ilooda001m01012312131033234165]
 [2023-12-13 10:33:24] <132718> 3001[카드 결제 성공]
 [2023-12-13 10:33:24] <132718> END PYO  Laptime:[1.113sec]
 [2023-12-13 10:33:24] <132718> ===============================================================
 [2023-12-13 10:38:46] <28687> START NicepayLite PYO (V1.1B20140314(OS:Linux2.6.32-754.35.1.el6.x86_64,PHP:7.3.15))
 [2023-12-13 10:38:46] <28687> Connect to ssl://web.nicepay.co.kr:443
 [2023-12-13 10:38:46] <28687> ssl://web.nicepay.co.kr:443 Server Connect OK
 [2023-12-13 10:38:46] <28687> MSG_TO_SVR::[/lite/payProcess.jsp]
 [2023-12-13 10:38:47] <28687> TID -> [ilooda001m01012312131038473590]
 [2023-12-13 10:38:47] <28687> 3001[카드 결제 성공]
 [2023-12-13 10:38:47] <28687> END PYO  Laptime:[0.638sec]
 [2023-12-13 10:38:47] <28687> ===============================================================
 [2023-12-13 11:43:37] <47536> START NicepayLite PYO (V1.1B20140314(OS:Linux2.6.32-754.35.1.el6.x86_64,PHP:7.3.15))
 [2023-12-13 11:43:37] <47536> Connect to ssl://web.nicepay.co.kr:443
 [2023-12-13 11:43:37] <47536> ssl://web.nicepay.co.kr:443 Server Connect OK
 [2023-12-13 11:43:37] <47536> MSG_TO_SVR::[/lite/payProcess.jsp]
 [2023-12-13 11:43:38] <47536> TID -> [ilooda001m01012312131143377545]
 [2023-12-13 11:43:38] <47536> 3001[카드 결제 성공]
 [2023-12-13 11:43:38] <47536> END PYO  Laptime:[0.91sec]
 [2023-12-13 11:43:38] <47536> ===============================================================
 [2023-12-13 12:05:16] <55055> START NicepayLite PYO (V1.1B20140314(OS:Linux2.6.32-754.35.1.el6.x86_64,PHP:7.3.15))
 [2023-12-13 12:05:16] <55055> Connect to ssl://web.nicepay.co.kr:443
 [2023-12-13 12:05:16] <55055> ssl://web.nicepay.co.kr:443 Server Connect OK
 [2023-12-13 12:05:16] <55055> MSG_TO_SVR::[/lite/payProcess.jsp]
 [2023-12-13 12:05:16] <55055> TID -> [ilooda001m01012312131205167853]
 [2023-12-13 12:05:16] <55055> 3001[카드 결제 성공]
 [2023-12-13 12:05:16] <55055> END PYO  Laptime:[0.493sec]
 [2023-12-13 12:05:16] <55055> ===============================================================
 [2023-12-13 12:06:09] <62022> START NicepayLite PYO (V1.1B20140314(OS:Linux2.6.32-754.35.1.el6.x86_64,PHP:7.3.15))
 [2023-12-13 12:06:09] <62022> Connect to ssl://web.nicepay.co.kr:443
 [2023-12-13 12:06:09] <62022> ssl://web.nicepay.co.kr:443 Server Connect OK
 [2023-12-13 12:06:09] <62022> MSG_TO_SVR::[/lite/payProcess.jsp]
 [2023-12-13 12:06:10] <62022> TID -> [ilooda001m01012312131206101677]
 [2023-12-13 12:06:10] <62022> 3001[카드 결제 성공]
 [2023-12-13 12:06:10] <62022> END PYO  Laptime:[0.614sec]
 [2023-12-13 12:06:10] <62022> ===============================================================
 [2023-12-13 12:57:31] <121696> START NicepayLite PYO (V1.1B20140314(OS:Linux2.6.32-754.35.1.el6.x86_64,PHP:7.3.15))
 [2023-12-13 12:57:31] <121696> Connect to ssl://web.nicepay.co.kr:443
 [2023-12-13 12:57:31] <121696> ssl://web.nicepay.co.kr:443 Server Connect OK
 [2023-12-13 12:57:31] <121696> MSG_TO_SVR::[/lite/payProcess.jsp]
 [2023-12-13 12:57:31] <121696> TID -> [ilooda001m01012312131257317760]
 [2023-12-13 12:57:31] <121696> 3001[카드 결제 성공]
 [2023-12-13 12:57:31] <121696> END PYO  Laptime:[0.326sec]
 [2023-12-13 12:57:31] <121696> ===============================================================
 [2023-12-13 14:31:02] <49088> START NicepayLite PYO (V1.1B20140314(OS:Linux2.6.32-754.35.1.el6.x86_64,PHP:7.3.15))
 [2023-12-13 14:31:02] <49088> Connect to ssl://web.nicepay.co.kr:443
 [2023-12-13 14:31:02] <49088> ssl://web.nicepay.co.kr:443 Server Connect OK
 [2023-12-13 14:31:02] <49088> MSG_TO_SVR::[/lite/payProcess.jsp]
 [2023-12-13 14:31:03] <49088> TID -> [ilooda001m01012312131431031186]
 [2023-12-13 14:31:03] <49088> 3001[카드 결제 성공]
 [2023-12-13 14:31:03] <49088> END PYO  Laptime:[0.803sec]
 [2023-12-13 14:31:03] <49088> ===============================================================
 [2023-12-13 15:11:18] <44461> START NicepayLite PYO (V1.1B20140314(OS:Linux2.6.32-754.35.1.el6.x86_64,PHP:7.3.15))
 [2023-12-13 15:11:18] <44461> Connect to ssl://web.nicepay.co.kr:443
 [2023-12-13 15:11:18] <44461> ssl://web.nicepay.co.kr:443 Server Connect OK
 [2023-12-13 15:11:18] <44461> MSG_TO_SVR::[/lite/payProcess.jsp]
 [2023-12-13 15:11:19] <44461> TID -> [ilooda001m01012312131511188470]
 [2023-12-13 15:11:19] <44461> 3001[카드 결제 성공]
 [2023-12-13 15:11:19] <44461> END PYO  Laptime:[0.863sec]
 [2023-12-13 15:11:19] <44461> ===============================================================
 [2023-12-13 15:22:55] <121676> START NicepayLite PYO (V1.1B20140314(OS:Linux2.6.32-754.35.1.el6.x86_64,PHP:7.3.15))
 [2023-12-13 15:22:55] <121676> Connect to ssl://web.nicepay.co.kr:443
 [2023-12-13 15:22:55] <121676> ssl://web.nicepay.co.kr:443 Server Connect OK
 [2023-12-13 15:22:55] <121676> MSG_TO_SVR::[/lite/payProcess.jsp]
 [2023-12-13 15:22:56] <121676> TID -> [ilooda001m01012312131522557720]
 [2023-12-13 15:22:56] <121676> 3001[카드 결제 성공]
 [2023-12-13 15:22:56] <121676> END PYO  Laptime:[1.178sec]
 [2023-12-13 15:22:56] <121676> ===============================================================
 [2023-12-13 17:54:28] <17767> START NicepayLite PYO (V1.1B20140314(OS:Linux2.6.32-754.35.1.el6.x86_64,PHP:7.3.15))
 [2023-12-13 17:54:28] <17767> Connect to ssl://web.nicepay.co.kr:443
 [2023-12-13 17:54:28] <17767> ssl://web.nicepay.co.kr:443 Server Connect OK
 [2023-12-13 17:54:28] <17767> MSG_TO_SVR::[/lite/payProcess.jsp]
 [2023-12-13 17:54:28] <17767> TID -> [ilooda001m01012312131754288539]
 [2023-12-13 17:54:28] <17767> 3001[카드 결제 성공]
 [2023-12-13 17:54:28] <17767> END PYO  Laptime:[0.682sec]
 [2023-12-13 17:54:28] <17767> ===============================================================
 [2023-12-13 18:17:17] <31524> START NicepayLite PYO (V1.1B20140314(OS:Linux2.6.32-754.35.1.el6.x86_64,PHP:7.3.15))
 [2023-12-13 18:17:17] <31524> Connect to ssl://web.nicepay.co.kr:443
 [2023-12-13 18:17:17] <31524> ssl://web.nicepay.co.kr:443 Server Connect OK
 [2023-12-13 18:17:17] <31524> MSG_TO_SVR::[/lite/payProcess.jsp]
 [2023-12-13 18:17:18] <31524> TID -> [ilooda001m01012312131817186077]
 [2023-12-13 18:17:18] <31524> 3001[카드 결제 성공]
 [2023-12-13 18:17:18] <31524> END PYO  Laptime:[0.391sec]
 [2023-12-13 18:17:18] <31524> ===============================================================
 [2023-12-13 21:05:10] <29140> START NicepayLite PYO (V1.1B20140314(OS:Linux2.6.32-754.35.1.el6.x86_64,PHP:7.3.15))
 [2023-12-13 21:05:10] <29140> Connect to ssl://web.nicepay.co.kr:443
 [2023-12-13 21:05:10] <29140> ssl://web.nicepay.co.kr:443 Server Connect OK
 [2023-12-13 21:05:10] <29140> MSG_TO_SVR::[/lite/payProcess.jsp]
 [2023-12-13 21:05:10] <29140> TID -> [ilooda001m01012312132105109075]
 [2023-12-13 21:05:10] <29140> 1082[한도 초과]
 [2023-12-13 21:05:10] <29140> END PYO  Laptime:[0.536sec]
 [2023-12-13 21:05:10] <29140> ===============================================================
 [2023-12-13 21:11:24] <70974> START NicepayLite PYO (V1.1B20140314(OS:Linux2.6.32-754.35.1.el6.x86_64,PHP:7.3.15))
 [2023-12-13 21:11:24] <70974> Connect to ssl://web.nicepay.co.kr:443
 [2023-12-13 21:11:24] <70974> ssl://web.nicepay.co.kr:443 Server Connect OK
 [2023-12-13 21:11:24] <70974> MSG_TO_SVR::[/lite/payProcess.jsp]
 [2023-12-13 21:11:25] <70974> TID -> [ilooda001m01012312132111253776]
 [2023-12-13 21:11:25] <70974> 3001[카드 결제 성공]
 [2023-12-13 21:11:25] <70974> END PYO  Laptime:[0.696sec]
 [2023-12-13 21:11:25] <70974> ===============================================================
 [2023-12-13 23:19:44] <81298> START NicepayLite PYO (V1.1B20140314(OS:Linux2.6.32-754.35.1.el6.x86_64,PHP:7.3.15))
 [2023-12-13 23:19:44] <81298> Connect to ssl://web.nicepay.co.kr:443
 [2023-12-13 23:19:44] <81298> ssl://web.nicepay.co.kr:443 Server Connect OK
 [2023-12-13 23:19:44] <81298> MSG_TO_SVR::[/lite/payProcess.jsp]
 [2023-12-13 23:19:45] <81298> TID -> [ilooda001m01012312132319454324]
 [2023-12-13 23:19:45] <81298> 3001[카드 결제 성공]
 [2023-12-13 23:19:45] <81298> END PYO  Laptime:[0.59sec]
 [2023-12-13 23:19:45] <81298> ===============================================================
