 [2024-03-26 08:45:05] <134111> START NicepayLite PYO (V1.1B20140314(OS:Linux2.6.32-754.35.1.el6.x86_64,PHP:7.3.15))
 [2024-03-26 08:45:05] <134111> Connect to ssl://web.nicepay.co.kr:443
 [2024-03-26 08:45:06] <134111> ssl://web.nicepay.co.kr:443 Server Connect OK
 [2024-03-26 08:45:06] <134111> MSG_TO_SVR::[/lite/payProcess.jsp]
 [2024-03-26 08:45:06] <134111> TID -> [ilooda001m01012403260845069413]
 [2024-03-26 08:45:06] <134111> 3001[카드 결제 성공]
 [2024-03-26 08:45:06] <134111> END PYO  Laptime:[0.709sec]
 [2024-03-26 08:45:06] <134111> ===============================================================
 [2024-03-26 11:03:10] <102547> START NicepayLite PYO (V1.1B20140314(OS:Linux2.6.32-754.35.1.el6.x86_64,PHP:7.3.15))
 [2024-03-26 11:03:10] <102547> Connect to ssl://web.nicepay.co.kr:443
 [2024-03-26 11:03:10] <102547> ssl://web.nicepay.co.kr:443 Server Connect OK
 [2024-03-26 11:03:10] <102547> MSG_TO_SVR::[/lite/payProcess.jsp]
 [2024-03-26 11:03:11] <102547> TID -> [ilooda001m01012403261103115291]
 [2024-03-26 11:03:11] <102547> 3001[카드 결제 성공]
 [2024-03-26 11:03:11] <102547> END PYO  Laptime:[1.371sec]
 [2024-03-26 11:03:11] <102547> ===============================================================
 [2024-03-26 11:20:33] <99969> START NicepayLite PYO (V1.1B20140314(OS:Linux2.6.32-754.35.1.el6.x86_64,PHP:7.3.15))
 [2024-03-26 11:20:33] <99969> Connect to ssl://web.nicepay.co.kr:443
 [2024-03-26 11:20:33] <99969> ssl://web.nicepay.co.kr:443 Server Connect OK
 [2024-03-26 11:20:33] <99969> MSG_TO_SVR::[/lite/payProcess.jsp]
 [2024-03-26 11:20:33] <99969> TID -> [ilooda001m01012403261120342668]
 [2024-03-26 11:20:33] <99969> 1082[한도 초과]
 [2024-03-26 11:20:33] <99969> END PYO  Laptime:[0.626sec]
 [2024-03-26 11:20:33] <99969> ===============================================================
 [2024-03-26 11:21:39] <108006> START NicepayLite PYO (V1.1B20140314(OS:Linux2.6.32-754.35.1.el6.x86_64,PHP:7.3.15))
 [2024-03-26 11:21:39] <108006> Connect to ssl://web.nicepay.co.kr:443
 [2024-03-26 11:21:39] <108006> ssl://web.nicepay.co.kr:443 Server Connect OK
 [2024-03-26 11:21:39] <108006> MSG_TO_SVR::[/lite/payProcess.jsp]
 [2024-03-26 11:21:39] <108006> TID -> [ilooda001m01012403261121399725]
 [2024-03-26 11:21:39] <108006> 1082[한도 초과]
 [2024-03-26 11:21:39] <108006> END PYO  Laptime:[0.587sec]
 [2024-03-26 11:21:39] <108006> ===============================================================
 [2024-03-26 11:22:43] <116349> START NicepayLite PYO (V1.1B20140314(OS:Linux2.6.32-754.35.1.el6.x86_64,PHP:7.3.15))
 [2024-03-26 11:22:43] <116349> Connect to ssl://web.nicepay.co.kr:443
 [2024-03-26 11:22:43] <116349> ssl://web.nicepay.co.kr:443 Server Connect OK
 [2024-03-26 11:22:43] <116349> MSG_TO_SVR::[/lite/payProcess.jsp]
 [2024-03-26 11:22:44] <116349> TID -> [ilooda001m01012403261122442973]
 [2024-03-26 11:22:44] <116349> 3001[카드 결제 성공]
 [2024-03-26 11:22:44] <116349> END PYO  Laptime:[0.848sec]
 [2024-03-26 11:22:44] <116349> ===============================================================
 [2024-03-26 12:59:44] <25424> START NicepayLite PYO (V1.1B20140314(OS:Linux2.6.32-754.35.1.el6.x86_64,PHP:7.3.15))
 [2024-03-26 12:59:44] <25424> Connect to ssl://web.nicepay.co.kr:443
 [2024-03-26 12:59:44] <25424> ssl://web.nicepay.co.kr:443 Server Connect OK
 [2024-03-26 12:59:44] <25424> MSG_TO_SVR::[/lite/payProcess.jsp]
 [2024-03-26 12:59:45] <25424> TID -> [ilooda001m01012403261259456624]
 [2024-03-26 12:59:45] <25424> 3001[카드 결제 성공]
 [2024-03-26 12:59:45] <25424> END PYO  Laptime:[0.605sec]
 [2024-03-26 12:59:45] <25424> ===============================================================
 [2024-03-26 14:49:50] <49810> START NicepayLite PYO (V1.1B20140314(OS:Linux2.6.32-754.35.1.el6.x86_64,PHP:7.3.15))
 [2024-03-26 14:49:50] <49810> Connect to ssl://web.nicepay.co.kr:443
 [2024-03-26 14:49:50] <49810> ssl://web.nicepay.co.kr:443 Server Connect OK
 [2024-03-26 14:49:50] <49810> MSG_TO_SVR::[/lite/payProcess.jsp]
 [2024-03-26 14:49:51] <49810> TID -> [ilooda001m01012403261449515512]
 [2024-03-26 14:49:51] <49810> 3001[카드 결제 성공]
 [2024-03-26 14:49:51] <49810> END PYO  Laptime:[0.538sec]
 [2024-03-26 14:49:51] <49810> ===============================================================
 [2024-03-26 16:18:47] <49963> START NicepayLite PYO (V1.1B20140314(OS:Linux2.6.32-754.35.1.el6.x86_64,PHP:7.3.15))
 [2024-03-26 16:18:47] <49963> Connect to ssl://web.nicepay.co.kr:443
 [2024-03-26 16:18:47] <49963> ssl://web.nicepay.co.kr:443 Server Connect OK
 [2024-03-26 16:18:47] <49963> MSG_TO_SVR::[/lite/payProcess.jsp]
 [2024-03-26 16:18:48] <49963> TID -> [ilooda001m01012403261618487265]
 [2024-03-26 16:18:48] <49963> 3001[카드 결제 성공]
 [2024-03-26 16:18:48] <49963> END PYO  Laptime:[0.573sec]
 [2024-03-26 16:18:48] <49963> ===============================================================
 [2024-03-26 17:39:44] <126352> START NicepayLite PYO (V1.1B20140314(OS:Linux2.6.32-754.35.1.el6.x86_64,PHP:7.3.15))
 [2024-03-26 17:39:44] <126352> Connect to ssl://web.nicepay.co.kr:443
 [2024-03-26 17:39:44] <126352> ssl://web.nicepay.co.kr:443 Server Connect OK
 [2024-03-26 17:39:44] <126352> MSG_TO_SVR::[/lite/payProcess.jsp]
 [2024-03-26 17:39:45] <126352> TID -> [ilooda001m01012403261739456861]
 [2024-03-26 17:39:45] <126352> 3001[카드 결제 성공]
 [2024-03-26 17:39:45] <126352> END PYO  Laptime:[1.077sec]
 [2024-03-26 17:39:45] <126352> ===============================================================
 [2024-03-26 17:51:30] <78269> START NicepayLite PYO (V1.1B20140314(OS:Linux2.6.32-754.35.1.el6.x86_64,PHP:7.3.15))
 [2024-03-26 17:51:30] <78269> Connect to ssl://web.nicepay.co.kr:443
 [2024-03-26 17:51:30] <78269> ssl://web.nicepay.co.kr:443 Server Connect OK
 [2024-03-26 17:51:30] <78269> MSG_TO_SVR::[/lite/payProcess.jsp]
 [2024-03-26 17:51:31] <78269> TID -> [ilooda001m01012403261751317676]
 [2024-03-26 17:51:31] <78269> 3001[카드 결제 성공]
 [2024-03-26 17:51:31] <78269> END PYO  Laptime:[0.432sec]
 [2024-03-26 17:51:31] <78269> ===============================================================
 [2024-03-26 17:51:35] <78269> START NicepayLite PYO (V1.1B20140314(OS:Linux2.6.32-754.35.1.el6.x86_64,PHP:7.3.15))
 [2024-03-26 17:51:35] <78269> Connect to ssl://web.nicepay.co.kr:443
 [2024-03-26 17:51:35] <78269> ssl://web.nicepay.co.kr:443 Server Connect OK
 [2024-03-26 17:51:35] <78269> MSG_TO_SVR::[/lite/payProcess.jsp]
 [2024-03-26 17:51:35] <78269> TID -> [ilooda001m01012403261751366153]
 [2024-03-26 17:51:35] <78269> 3001[카드 결제 성공]
 [2024-03-26 17:51:35] <78269> END PYO  Laptime:[0.411sec]
 [2024-03-26 17:51:35] <78269> ===============================================================
 [2024-03-26 19:50:02] <14385> START NicepayLite PYO (V1.1B20140314(OS:Linux2.6.32-754.35.1.el6.x86_64,PHP:7.3.15))
 [2024-03-26 19:50:02] <14385> Connect to ssl://web.nicepay.co.kr:443
 [2024-03-26 19:50:02] <14385> ssl://web.nicepay.co.kr:443 Server Connect OK
 [2024-03-26 19:50:02] <14385> MSG_TO_SVR::[/lite/payProcess.jsp]
 [2024-03-26 19:50:03] <14385> TID -> [ilooda001m01012403261950040532]
 [2024-03-26 19:50:03] <14385> 3001[카드 결제 성공]
 [2024-03-26 19:50:03] <14385> END PYO  Laptime:[0.34sec]
 [2024-03-26 19:50:03] <14385> ===============================================================
 [2024-03-26 20:01:40] <112056> START NicepayLite PYO (V1.1B20140314(OS:Linux2.6.32-754.35.1.el6.x86_64,PHP:7.3.15))
 [2024-03-26 20:01:40] <112056> Connect to ssl://web.nicepay.co.kr:443
 [2024-03-26 20:01:40] <112056> ssl://web.nicepay.co.kr:443 Server Connect OK
 [2024-03-26 20:01:40] <112056> MSG_TO_SVR::[/lite/payProcess.jsp]
 [2024-03-26 20:01:41] <112056> TID -> [ilooda001m01012403262001415705]
 [2024-03-26 20:01:41] <112056> 1082[한도 초과]
 [2024-03-26 20:01:41] <112056> END PYO  Laptime:[0.808sec]
 [2024-03-26 20:01:41] <112056> ===============================================================
 [2024-03-26 20:04:40] <136493> START NicepayLite PYO (V1.1B20140314(OS:Linux2.6.32-754.35.1.el6.x86_64,PHP:7.3.15))
 [2024-03-26 20:04:40] <136493> Connect to ssl://web.nicepay.co.kr:443
 [2024-03-26 20:04:40] <136493> ssl://web.nicepay.co.kr:443 Server Connect OK
 [2024-03-26 20:04:40] <136493> MSG_TO_SVR::[/lite/payProcess.jsp]
 [2024-03-26 20:04:41] <136493> TID -> [ilooda001m01012403262004414087]
 [2024-03-26 20:04:41] <136493> 1091[가족 한도 초과]
 [2024-03-26 20:04:41] <136493> END PYO  Laptime:[0.835sec]
 [2024-03-26 20:04:41] <136493> ===============================================================
 [2024-03-26 20:05:19] <144545> START NicepayLite PYO (V1.1B20140314(OS:Linux2.6.32-754.35.1.el6.x86_64,PHP:7.3.15))
 [2024-03-26 20:05:19] <144545> Connect to ssl://web.nicepay.co.kr:443
 [2024-03-26 20:05:20] <144545> ssl://web.nicepay.co.kr:443 Server Connect OK
 [2024-03-26 20:05:20] <144545> MSG_TO_SVR::[/lite/payProcess.jsp]
 [2024-03-26 20:05:21] <144545> TID -> [ilooda001m01012403262005211278]
 [2024-03-26 20:05:21] <144545> 3001[카드 결제 성공]
 [2024-03-26 20:05:21] <144545> END PYO  Laptime:[1.069sec]
 [2024-03-26 20:05:21] <144545> ===============================================================
