 [2024-04-01 11:43:50] <121288> START NicepayLite PYO (V1.1B20140314(OS:Linux2.6.32-754.35.1.el6.x86_64,PHP:7.3.15))
 [2024-04-01 11:43:50] <121288> Connect to ssl://web.nicepay.co.kr:443
 [2024-04-01 11:43:50] <121288> ssl://web.nicepay.co.kr:443 Server Connect OK
 [2024-04-01 11:43:50] <121288> MSG_TO_SVR::[/lite/payProcess.jsp]
 [2024-04-01 11:43:51] <121288> TID -> [ilooda001m01012404011143521989]
 [2024-04-01 11:43:51] <121288> 3001[카드 결제 성공]
 [2024-04-01 11:43:51] <121288> END PYO  Laptime:[0.507sec]
 [2024-04-01 11:43:51] <121288> ===============================================================
 [2024-04-01 11:58:25] <92111> START NicepayLite PYO (V1.1B20140314(OS:Linux2.6.32-754.35.1.el6.x86_64,PHP:7.3.15))
 [2024-04-01 11:58:25] <92111> Connect to ssl://web.nicepay.co.kr:443
 [2024-04-01 11:58:25] <92111> ssl://web.nicepay.co.kr:443 Server Connect OK
 [2024-04-01 11:58:25] <92111> MSG_TO_SVR::[/lite/payProcess.jsp]
 [2024-04-01 11:58:26] <92111> TID -> [ilooda001m01012404011158270201]
 [2024-04-01 11:58:26] <92111> 3001[카드 결제 성공]
 [2024-04-01 11:58:26] <92111> END PYO  Laptime:[1.018sec]
 [2024-04-01 11:58:26] <92111> ===============================================================
 [2024-04-01 12:04:46] <140200> START NicepayLite PYO (V1.1B20140314(OS:Linux2.6.32-754.35.1.el6.x86_64,PHP:7.3.15))
 [2024-04-01 12:04:46] <140200> Connect to ssl://web.nicepay.co.kr:443
 [2024-04-01 12:04:46] <140200> ssl://web.nicepay.co.kr:443 Server Connect OK
 [2024-04-01 12:04:46] <140200> MSG_TO_SVR::[/lite/payProcess.jsp]
 [2024-04-01 12:04:47] <140200> TID -> [ilooda001m01012404011204484534]
 [2024-04-01 12:04:47] <140200> 3001[카드 결제 성공]
 [2024-04-01 12:04:47] <140200> END PYO  Laptime:[0.407sec]
 [2024-04-01 12:04:47] <140200> ===============================================================
 [2024-04-01 12:10:00] <32250> START NicepayLite PYO (V1.1B20140314(OS:Linux2.6.32-754.35.1.el6.x86_64,PHP:7.3.15))
 [2024-04-01 12:10:00] <32250> Connect to ssl://web.nicepay.co.kr:443
 [2024-04-01 12:10:00] <32250> ssl://web.nicepay.co.kr:443 Server Connect OK
 [2024-04-01 12:10:00] <32250> MSG_TO_SVR::[/lite/payProcess.jsp]
 [2024-04-01 12:10:01] <32250> TID -> [ilooda001m01012404011210022137]
 [2024-04-01 12:10:01] <32250> 1082[한도 초과]
 [2024-04-01 12:10:01] <32250> END PYO  Laptime:[0.644sec]
 [2024-04-01 12:10:01] <32250> ===============================================================
 [2024-04-01 12:10:44] <40246> START NicepayLite PYO (V1.1B20140314(OS:Linux2.6.32-754.35.1.el6.x86_64,PHP:7.3.15))
 [2024-04-01 12:10:44] <40246> Connect to ssl://web.nicepay.co.kr:443
 [2024-04-01 12:10:44] <40246> ssl://web.nicepay.co.kr:443 Server Connect OK
 [2024-04-01 12:10:44] <40246> MSG_TO_SVR::[/lite/payProcess.jsp]
 [2024-04-01 12:10:45] <40246> TID -> [ilooda001m01012404011210463603]
 [2024-04-01 12:10:45] <40246> 3001[카드 결제 성공]
 [2024-04-01 12:10:45] <40246> END PYO  Laptime:[0.677sec]
 [2024-04-01 12:10:45] <40246> ===============================================================
 [2024-04-01 12:48:49] <45126> START NicepayLite PYO (V1.1B20140314(OS:Linux2.6.32-754.35.1.el6.x86_64,PHP:7.3.15))
 [2024-04-01 12:48:49] <45126> Connect to ssl://web.nicepay.co.kr:443
 [2024-04-01 12:48:49] <45126> ssl://web.nicepay.co.kr:443 Server Connect OK
 [2024-04-01 12:48:49] <45126> MSG_TO_SVR::[/lite/payProcess.jsp]
 [2024-04-01 12:48:50] <45126> TID -> [ilooda001m01012404011248514108]
 [2024-04-01 12:48:50] <45126> 3001[카드 결제 성공]
 [2024-04-01 12:48:50] <45126> END PYO  Laptime:[0.636sec]
 [2024-04-01 12:48:50] <45126> ===============================================================
 [2024-04-01 16:06:05] <9491> START NicepayLite PYO (V1.1B20140314(OS:Linux2.6.32-754.35.1.el6.x86_64,PHP:7.3.15))
 [2024-04-01 16:06:05] <9491> Connect to ssl://web.nicepay.co.kr:443
 [2024-04-01 16:06:05] <9491> ssl://web.nicepay.co.kr:443 Server Connect OK
 [2024-04-01 16:06:05] <9491> MSG_TO_SVR::[/lite/payProcess.jsp]
 [2024-04-01 16:06:06] <9491> TID -> [ilooda001m01012404011606073940]
 [2024-04-01 16:06:06] <9491> 3001[카드 결제 성공]
 [2024-04-01 16:06:06] <9491> END PYO  Laptime:[0.389sec]
 [2024-04-01 16:06:06] <9491> ===============================================================
 [2024-04-01 16:48:53] <45875> START NicepayLite PYO (V1.1B20140314(OS:Linux2.6.32-754.35.1.el6.x86_64,PHP:7.3.15))
 [2024-04-01 16:48:53] <45875> Connect to ssl://web.nicepay.co.kr:443
 [2024-04-01 16:48:53] <45875> ssl://web.nicepay.co.kr:443 Server Connect OK
 [2024-04-01 16:48:53] <45875> MSG_TO_SVR::[/lite/payProcess.jsp]
 [2024-04-01 16:48:53] <45875> TID -> [ilooda001m01012404011648547318]
 [2024-04-01 16:48:53] <45875> 3001[카드 결제 성공]
 [2024-04-01 16:48:53] <45875> END PYO  Laptime:[0.635sec]
 [2024-04-01 16:48:53] <45875> ===============================================================
 [2024-04-01 18:51:42] <147088> START NicepayLite PYO (V1.1B20140314(OS:Linux2.6.32-754.35.1.el6.x86_64,PHP:7.3.15))
 [2024-04-01 18:51:42] <147088> Connect to ssl://web.nicepay.co.kr:443
 [2024-04-01 18:51:42] <147088> ssl://web.nicepay.co.kr:443 Server Connect OK
 [2024-04-01 18:51:42] <147088> MSG_TO_SVR::[/lite/payProcess.jsp]
 [2024-04-01 18:51:43] <147088> TID -> [ilooda001m01012404011851446816]
 [2024-04-01 18:51:43] <147088> 3001[카드 결제 성공]
 [2024-04-01 18:51:43] <147088> END PYO  Laptime:[0.741sec]
 [2024-04-01 18:51:43] <147088> ===============================================================
