 [2024-02-16 03:19:07] <144047> START NicepayLite PYO (V1.1B20140314(OS:Linux2.6.32-754.35.1.el6.x86_64,PHP:7.3.15))
 [2024-02-16 03:19:08] <144047> Connect to ssl://web.nicepay.co.kr:443
 [2024-02-16 03:19:08] <144047> ssl://web.nicepay.co.kr:443 Server Connect OK
 [2024-02-16 03:19:08] <144047> MSG_TO_SVR::[/lite/payProcess.jsp]
 [2024-02-16 03:19:08] <144047> TID -> [ilooda001m01012402160319095252]
 [2024-02-16 03:19:08] <144047> 3001[카드 결제 성공]
 [2024-02-16 03:19:08] <144047> END PYO  Laptime:[0.936sec]
 [2024-02-16 03:19:08] <144047> ===============================================================
 [2024-02-16 11:06:34] <105380> START NicepayLite PYO (V1.1B20140314(OS:Linux2.6.32-754.35.1.el6.x86_64,PHP:7.3.15))
 [2024-02-16 11:06:34] <105380> Connect to ssl://web.nicepay.co.kr:443
 [2024-02-16 11:06:34] <105380> ssl://web.nicepay.co.kr:443 Server Connect OK
 [2024-02-16 11:06:34] <105380> MSG_TO_SVR::[/lite/payProcess.jsp]
 [2024-02-16 11:06:34] <105380> TID -> [ilooda001m01012402161106358313]
 [2024-02-16 11:06:34] <105380> 3001[카드 결제 성공]
 [2024-02-16 11:06:34] <105380> END PYO  Laptime:[0.345sec]
 [2024-02-16 11:06:34] <105380> ===============================================================
 [2024-02-16 12:13:13] <31828> START NicepayLite PYO (V1.1B20140314(OS:Linux2.6.32-754.35.1.el6.x86_64,PHP:7.3.15))
 [2024-02-16 12:13:13] <31828> Connect to ssl://web.nicepay.co.kr:443
 [2024-02-16 12:13:13] <31828> ssl://web.nicepay.co.kr:443 Server Connect OK
 [2024-02-16 12:13:13] <31828> MSG_TO_SVR::[/lite/payProcess.jsp]
 [2024-02-16 12:13:13] <31828> TID -> [ilooda001m01012402161213147411]
 [2024-02-16 12:13:13] <31828> 3001[카드 결제 성공]
 [2024-02-16 12:13:13] <31828> END PYO  Laptime:[0.772sec]
 [2024-02-16 12:13:13] <31828> ===============================================================
 [2024-02-16 12:31:05] <34790> START NicepayLite PYO (V1.1B20140314(OS:Linux2.6.32-754.35.1.el6.x86_64,PHP:7.3.15))
 [2024-02-16 12:31:05] <34790> Connect to ssl://web.nicepay.co.kr:443
 [2024-02-16 12:31:05] <34790> ssl://web.nicepay.co.kr:443 Server Connect OK
 [2024-02-16 12:31:05] <34790> MSG_TO_SVR::[/lite/payProcess.jsp]
 [2024-02-16 12:31:07] <34790> TID -> [ilooda001m01012402161231074931]
 [2024-02-16 12:31:07] <34790> 3001[카드 결제 성공]
 [2024-02-16 12:31:07] <34790> END PYO  Laptime:[1.316sec]
 [2024-02-16 12:31:07] <34790> ===============================================================
 [2024-02-16 12:50:47] <40185> START NicepayLite PYO (V1.1B20140314(OS:Linux2.6.32-754.35.1.el6.x86_64,PHP:7.3.15))
 [2024-02-16 12:50:47] <40185> Connect to ssl://web.nicepay.co.kr:443
 [2024-02-16 12:50:47] <40185> ssl://web.nicepay.co.kr:443 Server Connect OK
 [2024-02-16 12:50:47] <40185> MSG_TO_SVR::[/lite/payProcess.jsp]
 [2024-02-16 12:50:48] <40185> TID -> [ilooda001m01012402161250495427]
 [2024-02-16 12:50:48] <40185> 3001[카드 결제 성공]
 [2024-02-16 12:50:48] <40185> END PYO  Laptime:[0.332sec]
 [2024-02-16 12:50:48] <40185> ===============================================================
 [2024-02-16 12:54:34] <71194> START NicepayLite PYO (V1.1B20140314(OS:Linux2.6.32-754.35.1.el6.x86_64,PHP:7.3.15))
 [2024-02-16 12:54:34] <71194> Connect to ssl://web.nicepay.co.kr:443
 [2024-02-16 12:54:34] <71194> ssl://web.nicepay.co.kr:443 Server Connect OK
 [2024-02-16 12:54:34] <71194> MSG_TO_SVR::[/lite/payProcess.jsp]
 [2024-02-16 12:54:34] <71194> TID -> [ilooda001m01012402161254359892]
 [2024-02-16 12:54:34] <71194> 3001[카드 결제 성공]
 [2024-02-16 12:54:34] <71194> END PYO  Laptime:[0.563sec]
 [2024-02-16 12:54:34] <71194> ===============================================================
 [2024-02-16 14:36:48] <134352> START NicepayLite PYO (V1.1B20140314(OS:Linux2.6.32-754.35.1.el6.x86_64,PHP:7.3.15))
 [2024-02-16 14:36:48] <134352> Connect to ssl://web.nicepay.co.kr:443
 [2024-02-16 14:36:48] <134352> ssl://web.nicepay.co.kr:443 Server Connect OK
 [2024-02-16 14:36:48] <134352> MSG_TO_SVR::[/lite/payProcess.jsp]
 [2024-02-16 14:36:48] <134352> TID -> [ilooda001m01012402161436497256]
 [2024-02-16 14:36:48] <134352> 3001[카드 결제 성공]
 [2024-02-16 14:36:48] <134352> END PYO  Laptime:[0.562sec]
 [2024-02-16 14:36:48] <134352> ===============================================================
 [2024-02-16 14:48:14] <80401> START NicepayLite PYO (V1.1B20140314(OS:Linux2.6.32-754.35.1.el6.x86_64,PHP:7.3.15))
 [2024-02-16 14:48:14] <80401> Connect to ssl://web.nicepay.co.kr:443
 [2024-02-16 14:48:14] <80401> ssl://web.nicepay.co.kr:443 Server Connect OK
 [2024-02-16 14:48:14] <80401> MSG_TO_SVR::[/lite/payProcess.jsp]
 [2024-02-16 14:48:15] <80401> TID -> [ilooda001m01012402161448163080]
 [2024-02-16 14:48:15] <80401> 3001[카드 결제 성공]
 [2024-02-16 14:48:15] <80401> END PYO  Laptime:[1.014sec]
 [2024-02-16 14:48:15] <80401> ===============================================================
 [2024-02-16 16:19:17] <58608> START NicepayLite PYO (V1.1B20140314(OS:Linux2.6.32-754.35.1.el6.x86_64,PHP:7.3.15))
 [2024-02-16 16:19:17] <58608> Connect to ssl://web.nicepay.co.kr:443
 [2024-02-16 16:19:17] <58608> ssl://web.nicepay.co.kr:443 Server Connect OK
 [2024-02-16 16:19:17] <58608> MSG_TO_SVR::[/lite/payProcess.jsp]
 [2024-02-16 16:19:17] <58608> TID -> [ilooda001m01012402161619191765]
 [2024-02-16 16:19:17] <58608> 3001[카드 결제 성공]
 [2024-02-16 16:19:17] <58608> END PYO  Laptime:[0.435sec]
 [2024-02-16 16:19:17] <58608> ===============================================================
 [2024-02-16 16:41:27] <83668> START NicepayLite PYO (V1.1B20140314(OS:Linux2.6.32-754.35.1.el6.x86_64,PHP:7.3.15))
 [2024-02-16 16:41:27] <83668> Connect to ssl://web.nicepay.co.kr:443
 [2024-02-16 16:41:27] <83668> ssl://web.nicepay.co.kr:443 Server Connect OK
 [2024-02-16 16:41:27] <83668> MSG_TO_SVR::[/lite/payProcess.jsp]
 [2024-02-16 16:41:28] <83668> TID -> [ilooda001m01012402161641292361]
 [2024-02-16 16:41:28] <83668> 3001[카드 결제 성공]
 [2024-02-16 16:41:28] <83668> END PYO  Laptime:[0.685sec]
 [2024-02-16 16:41:28] <83668> ===============================================================
 [2024-02-16 17:47:23] <8980> START NicepayLite PYO (V1.1B20140314(OS:Linux2.6.32-754.35.1.el6.x86_64,PHP:7.3.15))
 [2024-02-16 17:47:23] <8980> Connect to ssl://web.nicepay.co.kr:443
 [2024-02-16 17:47:23] <8980> ssl://web.nicepay.co.kr:443 Server Connect OK
 [2024-02-16 17:47:23] <8980> MSG_TO_SVR::[/lite/payProcess.jsp]
 [2024-02-16 17:47:24] <8980> TID -> [ilooda001m01012402161747255332]
 [2024-02-16 17:47:24] <8980> 3001[카드 결제 성공]
 [2024-02-16 17:47:24] <8980> END PYO  Laptime:[0.664sec]
 [2024-02-16 17:47:24] <8980> ===============================================================
 [2024-02-16 17:55:58] <71223> START NicepayLite PYO (V1.1B20140314(OS:Linux2.6.32-754.35.1.el6.x86_64,PHP:7.3.15))
 [2024-02-16 17:55:58] <71223> Connect to ssl://web.nicepay.co.kr:443
 [2024-02-16 17:55:58] <71223> ssl://web.nicepay.co.kr:443 Server Connect OK
 [2024-02-16 17:55:58] <71223> MSG_TO_SVR::[/lite/payProcess.jsp]
 [2024-02-16 17:55:59] <71223> TID -> [ilooda001m01012402161756006771]
 [2024-02-16 17:55:59] <71223> 3001[카드 결제 성공]
 [2024-02-16 17:55:59] <71223> END PYO  Laptime:[0.557sec]
 [2024-02-16 17:55:59] <71223> ===============================================================
 [2024-02-16 22:45:32] <107254> START NicepayLite PYO (V1.1B20140314(OS:Linux2.6.32-754.35.1.el6.x86_64,PHP:7.3.15))
 [2024-02-16 22:45:32] <107254> Connect to ssl://web.nicepay.co.kr:443
 [2024-02-16 22:45:32] <107254> ssl://web.nicepay.co.kr:443 Server Connect OK
 [2024-02-16 22:45:32] <107254> MSG_TO_SVR::[/lite/payProcess.jsp]
 [2024-02-16 22:45:32] <107254> TID -> [ilooda001m01012402162245339559]
 [2024-02-16 22:45:32] <107254> 3001[카드 결제 성공]
 [2024-02-16 22:45:32] <107254> END PYO  Laptime:[0.386sec]
 [2024-02-16 22:45:32] <107254> ===============================================================
