 [2023-12-11 09:53:31] <114219> START NicepayLite PYO (V1.1B20140314(OS:Linux2.6.32-754.35.1.el6.x86_64,PHP:7.3.15))
 [2023-12-11 09:53:31] <114219> Connect to ssl://web.nicepay.co.kr:443
 [2023-12-11 09:53:31] <114219> ssl://web.nicepay.co.kr:443 Server Connect OK
 [2023-12-11 09:53:31] <114219> MSG_TO_SVR::[/lite/payProcess.jsp]
 [2023-12-11 09:53:32] <114219> TID -> [ilooda001m01012312110953330302]
 [2023-12-11 09:53:32] <114219> 3001[카드 결제 성공]
 [2023-12-11 09:53:32] <114219> END PYO  Laptime:[0.933sec]
 [2023-12-11 09:53:32] <114219> ===============================================================
 [2023-12-11 10:36:49] <122967> START NicepayLite PYO (V1.1B20140314(OS:Linux2.6.32-754.35.1.el6.x86_64,PHP:7.3.15))
 [2023-12-11 10:36:49] <122967> Connect to ssl://web.nicepay.co.kr:443
 [2023-12-11 10:36:49] <122967> ssl://web.nicepay.co.kr:443 Server Connect OK
 [2023-12-11 10:36:49] <122967> MSG_TO_SVR::[/lite/payProcess.jsp]
 [2023-12-11 10:36:50] <122967> TID -> [ilooda001m01012312111036510931]
 [2023-12-11 10:36:50] <122967> 3001[카드 결제 성공]
 [2023-12-11 10:36:50] <122967> END PYO  Laptime:[0.565sec]
 [2023-12-11 10:36:50] <122967> ===============================================================
 [2023-12-11 12:29:19] <33560> START NicepayLite PYO (V1.1B20140314(OS:Linux2.6.32-754.35.1.el6.x86_64,PHP:7.3.15))
 [2023-12-11 12:29:19] <33560> Connect to ssl://web.nicepay.co.kr:443
 [2023-12-11 12:29:19] <33560> ssl://web.nicepay.co.kr:443 Server Connect OK
 [2023-12-11 12:29:19] <33560> MSG_TO_SVR::[/lite/payProcess.jsp]
 [2023-12-11 12:29:20] <33560> TID -> [ilooda001m01012312111229214537]
 [2023-12-11 12:29:20] <33560> 3001[카드 결제 성공]
 [2023-12-11 12:29:20] <33560> END PYO  Laptime:[0.62sec]
 [2023-12-11 12:29:20] <33560> ===============================================================
 [2023-12-11 13:10:05] <30839> START NicepayLite PYO (V1.1B20140314(OS:Linux2.6.32-754.35.1.el6.x86_64,PHP:7.3.15))
 [2023-12-11 13:10:05] <30839> Connect to ssl://web.nicepay.co.kr:443
 [2023-12-11 13:10:05] <30839> ssl://web.nicepay.co.kr:443 Server Connect OK
 [2023-12-11 13:10:05] <30839> MSG_TO_SVR::[/lite/payProcess.jsp]
 [2023-12-11 13:10:05] <30839> TID -> [ilooda001m01012312111310067745]
 [2023-12-11 13:10:05] <30839> 3001[카드 결제 성공]
 [2023-12-11 13:10:05] <30839> END PYO  Laptime:[0.71sec]
 [2023-12-11 13:10:05] <30839> ===============================================================
 [2023-12-11 13:13:52] <52043> START NicepayLite PYO (V1.1B20140314(OS:Linux2.6.32-754.35.1.el6.x86_64,PHP:7.3.15))
 [2023-12-11 13:13:52] <52043> Connect to ssl://web.nicepay.co.kr:443
 [2023-12-11 13:13:52] <52043> ssl://web.nicepay.co.kr:443 Server Connect OK
 [2023-12-11 13:13:52] <52043> MSG_TO_SVR::[/lite/payProcess.jsp]
 [2023-12-11 13:13:52] <52043> TID -> [ilooda001m01012312111313539133]
 [2023-12-11 13:13:52] <52043> 3001[카드 결제 성공]
 [2023-12-11 13:13:52] <52043> END PYO  Laptime:[0.636sec]
 [2023-12-11 13:13:52] <52043> ===============================================================
 [2023-12-11 16:09:53] <129949> START NicepayLite PYO (V1.1B20140314(OS:Linux2.6.32-754.35.1.el6.x86_64,PHP:7.3.15))
 [2023-12-11 16:09:53] <129949> Connect to ssl://web.nicepay.co.kr:443
 [2023-12-11 16:09:53] <129949> ssl://web.nicepay.co.kr:443 Server Connect OK
 [2023-12-11 16:09:53] <129949> MSG_TO_SVR::[/lite/payProcess.jsp]
 [2023-12-11 16:09:53] <129949> TID -> [ilooda001m01012312111609549298]
 [2023-12-11 16:09:53] <129949> 3001[카드 결제 성공]
 [2023-12-11 16:09:53] <129949> END PYO  Laptime:[0.612sec]
 [2023-12-11 16:09:53] <129949> ===============================================================
 [2023-12-11 16:39:12] <47772> START NicepayLite PYO (V1.1B20140314(OS:Linux2.6.32-754.35.1.el6.x86_64,PHP:7.3.15))
 [2023-12-11 16:39:12] <47772> Connect to ssl://web.nicepay.co.kr:443
 [2023-12-11 16:39:12] <47772> ssl://web.nicepay.co.kr:443 Server Connect OK
 [2023-12-11 16:39:12] <47772> MSG_TO_SVR::[/lite/payProcess.jsp]
 [2023-12-11 16:39:13] <47772> TID -> [ilooda001m01012312111639143371]
 [2023-12-11 16:39:13] <47772> 3001[카드 결제 성공]
 [2023-12-11 16:39:13] <47772> END PYO  Laptime:[0.385sec]
 [2023-12-11 16:39:13] <47772> ===============================================================
 [2023-12-11 17:11:59] <127286> START NicepayLite PYO (V1.1B20140314(OS:Linux2.6.32-754.35.1.el6.x86_64,PHP:7.3.15))
 [2023-12-11 17:11:59] <127286> Connect to ssl://web.nicepay.co.kr:443
 [2023-12-11 17:11:59] <127286> ssl://web.nicepay.co.kr:443 Server Connect OK
 [2023-12-11 17:11:59] <127286> MSG_TO_SVR::[/lite/payProcess.jsp]
 [2023-12-11 17:12:00] <127286> TID -> [ilooda001m01012312111712011837]
 [2023-12-11 17:12:00] <127286> 3001[카드 결제 성공]
 [2023-12-11 17:12:00] <127286> END PYO  Laptime:[0.741sec]
 [2023-12-11 17:12:00] <127286> ===============================================================
 [2023-12-11 17:25:29] <77758> START NicepayLite PYO (V1.1B20140314(OS:Linux2.6.32-754.35.1.el6.x86_64,PHP:7.3.15))
 [2023-12-11 17:25:29] <77758> Connect to ssl://web.nicepay.co.kr:443
 [2023-12-11 17:25:29] <77758> ssl://web.nicepay.co.kr:443 Server Connect OK
 [2023-12-11 17:25:29] <77758> MSG_TO_SVR::[/lite/payProcess.jsp]
 [2023-12-11 17:25:29] <77758> TID -> [ilooda001m01012312111725307595]
 [2023-12-11 17:25:29] <77758> 3001[카드 결제 성공]
 [2023-12-11 17:25:29] <77758> END PYO  Laptime:[0.71sec]
 [2023-12-11 17:25:29] <77758> ===============================================================
 [2023-12-11 19:05:12] <42711> START NicepayLite PYO (V1.1B20140314(OS:Linux2.6.32-754.35.1.el6.x86_64,PHP:7.3.15))
 [2023-12-11 19:05:12] <42711> Connect to ssl://web.nicepay.co.kr:443
 [2023-12-11 19:05:12] <42711> ssl://web.nicepay.co.kr:443 Server Connect OK
 [2023-12-11 19:05:12] <42711> MSG_TO_SVR::[/lite/payProcess.jsp]
 [2023-12-11 19:05:13] <42711> TID -> [ilooda001m01012312111905142185]
 [2023-12-11 19:05:13] <42711> 3001[카드 결제 성공]
 [2023-12-11 19:05:13] <42711> END PYO  Laptime:[1.264sec]
 [2023-12-11 19:05:13] <42711> ===============================================================
