 [2024-05-28 10:32:14] <119397> START NicepayLite PYO (V1.1B20140314(OS:Linux2.6.32-754.35.1.el6.x86_64,PHP:7.3.15))
 [2024-05-28 10:32:14] <119397> Connect to ssl://web.nicepay.co.kr:443
 [2024-05-28 10:32:14] <119397> ssl://web.nicepay.co.kr:443 Server Connect OK
 [2024-05-28 10:32:14] <119397> MSG_TO_SVR::[/lite/payProcess.jsp]
 [2024-05-28 10:32:14] <119397> TID -> [ilooda001m01012405281032150149]
 [2024-05-28 10:32:14] <119397> 3001[카드 결제 성공]
 [2024-05-28 10:32:14] <119397> END PYO  Laptime:[0.498sec]
 [2024-05-28 10:32:14] <119397> ===============================================================
 [2024-05-28 10:51:35] <108419> START NicepayLite PYO (V1.1B20140314(OS:Linux2.6.32-754.35.1.el6.x86_64,PHP:7.3.15))
 [2024-05-28 10:51:35] <108419> Connect to ssl://web.nicepay.co.kr:443
 [2024-05-28 10:51:35] <108419> ssl://web.nicepay.co.kr:443 Server Connect OK
 [2024-05-28 10:51:35] <108419> MSG_TO_SVR::[/lite/payProcess.jsp]
 [2024-05-28 10:51:36] <108419> TID -> [ilooda001m01012405281051363263]
 [2024-05-28 10:51:36] <108419> 3001[카드 결제 성공]
 [2024-05-28 10:51:36] <108419> END PYO  Laptime:[0.635sec]
 [2024-05-28 10:51:36] <108419> ===============================================================
 [2024-05-28 10:59:34] <29342> START NicepayLite PYO (V1.1B20140314(OS:Linux2.6.32-754.35.1.el6.x86_64,PHP:7.3.15))
 [2024-05-28 10:59:34] <29342> Connect to ssl://web.nicepay.co.kr:443
 [2024-05-28 10:59:34] <29342> ssl://web.nicepay.co.kr:443 Server Connect OK
 [2024-05-28 10:59:34] <29342> MSG_TO_SVR::[/lite/payProcess.jsp]
 [2024-05-28 10:59:36] <29342> TID -> [ilooda001m01012405281059356972]
 [2024-05-28 10:59:36] <29342> 3001[카드 결제 성공]
 [2024-05-28 10:59:36] <29342> END PYO  Laptime:[1.454sec]
 [2024-05-28 10:59:36] <29342> ===============================================================
 [2024-05-28 11:36:15] <17562> START NicepayLite PYO (V1.1B20140314(OS:Linux2.6.32-754.35.1.el6.x86_64,PHP:7.3.15))
 [2024-05-28 11:36:15] <17562> Connect to ssl://web.nicepay.co.kr:443
 [2024-05-28 11:36:15] <17562> ssl://web.nicepay.co.kr:443 Server Connect OK
 [2024-05-28 11:36:15] <17562> MSG_TO_SVR::[/lite/payProcess.jsp]
 [2024-05-28 11:36:15] <17562> TID -> [ilooda001m01012405281136160705]
 [2024-05-28 11:36:15] <17562> 3001[카드 결제 성공]
 [2024-05-28 11:36:15] <17562> END PYO  Laptime:[0.43sec]
 [2024-05-28 11:36:15] <17562> ===============================================================
 [2024-05-28 14:04:24] <141664> START NicepayLite PYO (V1.1B20140314(OS:Linux2.6.32-754.35.1.el6.x86_64,PHP:7.3.15))
 [2024-05-28 14:04:24] <141664> Connect to ssl://web.nicepay.co.kr:443
 [2024-05-28 14:04:24] <141664> ssl://web.nicepay.co.kr:443 Server Connect OK
 [2024-05-28 14:04:24] <141664> MSG_TO_SVR::[/lite/payProcess.jsp]
 [2024-05-28 14:04:25] <141664> TID -> [ilooda001m01012405281404254348]
 [2024-05-28 14:04:25] <141664> 3001[카드 결제 성공]
 [2024-05-28 14:04:25] <141664> END PYO  Laptime:[0.684sec]
 [2024-05-28 14:04:25] <141664> ===============================================================
 [2024-05-28 14:13:18] <62498> START NicepayLite PYO (V1.1B20140314(OS:Linux2.6.32-754.35.1.el6.x86_64,PHP:7.3.15))
 [2024-05-28 14:13:18] <62498> Connect to ssl://web.nicepay.co.kr:443
 [2024-05-28 14:13:18] <62498> ssl://web.nicepay.co.kr:443 Server Connect OK
 [2024-05-28 14:13:18] <62498> MSG_TO_SVR::[/lite/payProcess.jsp]
 [2024-05-28 14:13:19] <62498> TID -> [ilooda001m01012405281413196516]
 [2024-05-28 14:13:19] <62498> 3001[카드 결제 성공]
 [2024-05-28 14:13:19] <62498> END PYO  Laptime:[0.625sec]
 [2024-05-28 14:13:19] <62498> ===============================================================
 [2024-05-28 15:23:18] <13559> START NicepayLite PYO (V1.1B20140314(OS:Linux2.6.32-754.35.1.el6.x86_64,PHP:7.3.15))
 [2024-05-28 15:23:18] <13559> Connect to ssl://web.nicepay.co.kr:443
 [2024-05-28 15:23:18] <13559> ssl://web.nicepay.co.kr:443 Server Connect OK
 [2024-05-28 15:23:18] <13559> MSG_TO_SVR::[/lite/payProcess.jsp]
 [2024-05-28 15:23:19] <13559> TID -> [ilooda001m01012405281523196902]
 [2024-05-28 15:23:19] <13559> 3001[카드 결제 성공]
 [2024-05-28 15:23:19] <13559> END PYO  Laptime:[0.801sec]
 [2024-05-28 15:23:19] <13559> ===============================================================
 [2024-05-28 15:40:22] <144117> START NicepayLite PYO (V1.1B20140314(OS:Linux2.6.32-754.35.1.el6.x86_64,PHP:7.3.15))
 [2024-05-28 15:40:22] <144117> Connect to ssl://web.nicepay.co.kr:443
 [2024-05-28 15:40:22] <144117> ssl://web.nicepay.co.kr:443 Server Connect OK
 [2024-05-28 15:40:22] <144117> MSG_TO_SVR::[/lite/payProcess.jsp]
 [2024-05-28 15:40:22] <144117> TID -> [ilooda001m01012405281540230114]
 [2024-05-28 15:40:22] <144117> 3001[카드 결제 성공]
 [2024-05-28 15:40:22] <144117> END PYO  Laptime:[0.703sec]
 [2024-05-28 15:40:22] <144117> ===============================================================
 [2024-05-28 16:51:56] <98485> START NicepayLite PYO (V1.1B20140314(OS:Linux2.6.32-754.35.1.el6.x86_64,PHP:7.3.15))
 [2024-05-28 16:51:56] <98485> Connect to ssl://web.nicepay.co.kr:443
 [2024-05-28 16:51:56] <98485> ssl://web.nicepay.co.kr:443 Server Connect OK
 [2024-05-28 16:51:56] <98485> MSG_TO_SVR::[/lite/payProcess.jsp]
 [2024-05-28 16:51:57] <98485> TID -> [ilooda001m01012405281651579369]
 [2024-05-28 16:51:57] <98485> 3001[카드 결제 성공]
 [2024-05-28 16:51:57] <98485> END PYO  Laptime:[0.491sec]
 [2024-05-28 16:51:57] <98485> ===============================================================
 [2024-05-28 17:54:58] <145589> START NicepayLite PYO (V1.1B20140314(OS:Linux2.6.32-754.35.1.el6.x86_64,PHP:7.3.15))
 [2024-05-28 17:54:58] <145589> Connect to ssl://web.nicepay.co.kr:443
 [2024-05-28 17:54:58] <145589> ssl://web.nicepay.co.kr:443 Server Connect OK
 [2024-05-28 17:54:58] <145589> MSG_TO_SVR::[/lite/payProcess.jsp]
 [2024-05-28 17:54:59] <145589> TID -> [ilooda001m01012405281755000061]
 [2024-05-28 17:54:59] <145589> 3001[카드 결제 성공]
 [2024-05-28 17:54:59] <145589> END PYO  Laptime:[0.671sec]
 [2024-05-28 17:54:59] <145589> ===============================================================
 [2024-05-28 18:22:14] <67144> START NicepayLite PYO (V1.1B20140314(OS:Linux2.6.32-754.35.1.el6.x86_64,PHP:7.3.15))
 [2024-05-28 18:22:14] <67144> Connect to ssl://web.nicepay.co.kr:443
 [2024-05-28 18:22:14] <67144> ssl://web.nicepay.co.kr:443 Server Connect OK
 [2024-05-28 18:22:14] <67144> MSG_TO_SVR::[/lite/payProcess.jsp]
 [2024-05-28 18:22:15] <67144> TID -> [ilooda001m01012405281822158209]
 [2024-05-28 18:22:15] <67144> 3001[카드 결제 성공]
 [2024-05-28 18:22:15] <67144> END PYO  Laptime:[0.611sec]
 [2024-05-28 18:22:15] <67144> ===============================================================
 [2024-05-28 18:31:17] <129332> START NicepayLite PYO (V1.1B20140314(OS:Linux2.6.32-754.35.1.el6.x86_64,PHP:7.3.15))
 [2024-05-28 18:31:17] <129332> Connect to ssl://web.nicepay.co.kr:443
 [2024-05-28 18:31:17] <129332> ssl://web.nicepay.co.kr:443 Server Connect OK
 [2024-05-28 18:31:17] <129332> MSG_TO_SVR::[/lite/payProcess.jsp]
 [2024-05-28 18:31:18] <129332> TID -> [ilooda001m01012405281831184684]
 [2024-05-28 18:31:18] <129332> 3001[카드 결제 성공]
 [2024-05-28 18:31:18] <129332> END PYO  Laptime:[1.186sec]
 [2024-05-28 18:31:18] <129332> ===============================================================
