 [2024-02-07 00:18:08] <23954> START NicepayLite PYO (V1.1B20140314(OS:Linux2.6.32-754.35.1.el6.x86_64,PHP:7.3.15))
 [2024-02-07 00:18:08] <23954> Connect to ssl://web.nicepay.co.kr:443
 [2024-02-07 00:18:08] <23954> ssl://web.nicepay.co.kr:443 Server Connect OK
 [2024-02-07 00:18:08] <23954> MSG_TO_SVR::[/lite/payProcess.jsp]
 [2024-02-07 00:18:08] <23954> TID -> [ilooda001m01012402070018084332]
 [2024-02-07 00:18:08] <23954> 3001[카드 결제 성공]
 [2024-02-07 00:18:08] <23954> END PYO  Laptime:[0.445sec]
 [2024-02-07 00:18:08] <23954> ===============================================================
 [2024-02-07 09:53:06] <24076> START NicepayLite PYO (V1.1B20140314(OS:Linux2.6.32-754.35.1.el6.x86_64,PHP:7.3.15))
 [2024-02-07 09:53:06] <24076> Connect to ssl://web.nicepay.co.kr:443
 [2024-02-07 09:53:11] <24076> ssl://web.nicepay.co.kr:443 Server Connect OK
 [2024-02-07 09:53:11] <24076> MSG_TO_SVR::[/lite/payProcess.jsp]
 [2024-02-07 09:53:11] <24076> TID -> [ilooda001m01012402070953117809]
 [2024-02-07 09:53:11] <24076> 3001[카드 결제 성공]
 [2024-02-07 09:53:11] <24076> END PYO  Laptime:[5.491sec]
 [2024-02-07 09:53:11] <24076> ===============================================================
 [2024-02-07 12:33:21] <54711> START NicepayLite PYO (V1.1B20140314(OS:Linux2.6.32-754.35.1.el6.x86_64,PHP:7.3.15))
 [2024-02-07 12:33:21] <54711> Connect to ssl://web.nicepay.co.kr:443
 [2024-02-07 12:33:21] <54711> ssl://web.nicepay.co.kr:443 Server Connect OK
 [2024-02-07 12:33:21] <54711> MSG_TO_SVR::[/lite/payProcess.jsp]
 [2024-02-07 12:33:21] <54711> TID -> [ilooda001m01012402071233216996]
 [2024-02-07 12:33:21] <54711> 3001[카드 결제 성공]
 [2024-02-07 12:33:21] <54711> END PYO  Laptime:[0.586sec]
 [2024-02-07 12:33:21] <54711> ===============================================================
 [2024-02-07 13:12:43] <55006> START NicepayLite PYO (V1.1B20140314(OS:Linux2.6.32-754.35.1.el6.x86_64,PHP:7.3.15))
 [2024-02-07 13:12:43] <55006> Connect to ssl://web.nicepay.co.kr:443
 [2024-02-07 13:12:43] <55006> ssl://web.nicepay.co.kr:443 Server Connect OK
 [2024-02-07 13:12:43] <55006> MSG_TO_SVR::[/lite/payProcess.jsp]
 [2024-02-07 13:12:43] <55006> TID -> [ilooda001m01012402071312438737]
 [2024-02-07 13:12:43] <55006> 3001[카드 결제 성공]
 [2024-02-07 13:12:43] <55006> END PYO  Laptime:[0.653sec]
 [2024-02-07 13:12:43] <55006> ===============================================================
 [2024-02-07 15:49:35] <80721> START NicepayLite PYO (V1.1B20140314(OS:Linux2.6.32-754.35.1.el6.x86_64,PHP:7.3.15))
 [2024-02-07 15:49:35] <80721> Connect to ssl://web.nicepay.co.kr:443
 [2024-02-07 15:49:35] <80721> ssl://web.nicepay.co.kr:443 Server Connect OK
 [2024-02-07 15:49:35] <80721> MSG_TO_SVR::[/lite/payProcess.jsp]
 [2024-02-07 15:49:35] <80721> TID -> [ilooda001m01012402071549358565]
 [2024-02-07 15:49:35] <80721> 3001[카드 결제 성공]
 [2024-02-07 15:49:35] <80721> END PYO  Laptime:[0.596sec]
 [2024-02-07 15:49:35] <80721> ===============================================================
 [2024-02-07 17:51:24] <130810> START NicepayLite PYO (V1.1B20140314(OS:Linux2.6.32-754.35.1.el6.x86_64,PHP:7.3.15))
 [2024-02-07 17:51:24] <130810> Connect to ssl://web.nicepay.co.kr:443
 [2024-02-07 17:51:24] <130810> ssl://web.nicepay.co.kr:443 Server Connect OK
 [2024-02-07 17:51:24] <130810> MSG_TO_SVR::[/lite/payProcess.jsp]
 [2024-02-07 17:51:25] <130810> TID -> [ilooda001m01012402071751253596]
 [2024-02-07 17:51:25] <130810> 3001[카드 결제 성공]
 [2024-02-07 17:51:25] <130810> END PYO  Laptime:[0.738sec]
 [2024-02-07 17:51:25] <130810> ===============================================================
 [2024-02-07 18:18:12] <37916> START NicepayLite PYO (V1.1B20140314(OS:Linux2.6.32-754.35.1.el6.x86_64,PHP:7.3.15))
 [2024-02-07 18:18:12] <37916> Connect to ssl://web.nicepay.co.kr:443
 [2024-02-07 18:18:12] <37916> ssl://web.nicepay.co.kr:443 Server Connect OK
 [2024-02-07 18:18:12] <37916> MSG_TO_SVR::[/lite/payProcess.jsp]
 [2024-02-07 18:18:14] <37916> TID -> [ilooda001m01012402071818135517]
 [2024-02-07 18:18:14] <37916> 3001[카드 결제 성공]
 [2024-02-07 18:18:14] <37916> END PYO  Laptime:[1.325sec]
 [2024-02-07 18:18:14] <37916> ===============================================================
 [2024-02-07 19:05:26] <95105> START NicepayLite PYO (V1.1B20140314(OS:Linux2.6.32-754.35.1.el6.x86_64,PHP:7.3.15))
 [2024-02-07 19:05:26] <95105> Connect to ssl://web.nicepay.co.kr:443
 [2024-02-07 19:05:26] <95105> ssl://web.nicepay.co.kr:443 Server Connect OK
 [2024-02-07 19:05:26] <95105> MSG_TO_SVR::[/lite/payProcess.jsp]
 [2024-02-07 19:05:27] <95105> TID -> [ilooda001m01012402071905275226]
 [2024-02-07 19:05:27] <95105> 3001[카드 결제 성공]
 [2024-02-07 19:05:27] <95105> END PYO  Laptime:[0.541sec]
 [2024-02-07 19:05:27] <95105> ===============================================================
