 [2024-02-19 10:16:05] <28181> START NicepayLite PYO (V1.1B20140314(OS:Linux2.6.32-754.35.1.el6.x86_64,PHP:7.3.15))
 [2024-02-19 10:16:05] <28181> Connect to ssl://web.nicepay.co.kr:443
 [2024-02-19 10:16:05] <28181> ssl://web.nicepay.co.kr:443 Server Connect OK
 [2024-02-19 10:16:05] <28181> MSG_TO_SVR::[/lite/payProcess.jsp]
 [2024-02-19 10:16:05] <28181> TID -> [ilooda001m01012402191016063970]
 [2024-02-19 10:16:05] <28181> 3001[카드 결제 성공]
 [2024-02-19 10:16:05] <28181> END PYO  Laptime:[0.741sec]
 [2024-02-19 10:16:05] <28181> ===============================================================
 [2024-02-19 11:12:00] <19508> START NicepayLite PYO (V1.1B20140314(OS:Linux2.6.32-754.35.1.el6.x86_64,PHP:7.3.15))
 [2024-02-19 11:12:00] <19508> Connect to ssl://web.nicepay.co.kr:443
 [2024-02-19 11:12:00] <19508> ssl://web.nicepay.co.kr:443 Server Connect OK
 [2024-02-19 11:12:00] <19508> MSG_TO_SVR::[/lite/payProcess.jsp]
 [2024-02-19 11:12:00] <19508> TID -> [ilooda001m01012402191112013956]
 [2024-02-19 11:12:00] <19508> 3001[카드 결제 성공]
 [2024-02-19 11:12:00] <19508> END PYO  Laptime:[0.817sec]
 [2024-02-19 11:12:00] <19508> ===============================================================
 [2024-02-19 11:48:14] <10239> START NicepayLite PYO (V1.1B20140314(OS:Linux2.6.32-754.35.1.el6.x86_64,PHP:7.3.15))
 [2024-02-19 11:48:14] <10239> Connect to ssl://web.nicepay.co.kr:443
 [2024-02-19 11:48:14] <10239> ssl://web.nicepay.co.kr:443 Server Connect OK
 [2024-02-19 11:48:14] <10239> MSG_TO_SVR::[/lite/payProcess.jsp]
 [2024-02-19 11:48:15] <10239> TID -> [ilooda001m01012402191148159644]
 [2024-02-19 11:48:15] <10239> 3001[카드 결제 성공]
 [2024-02-19 11:48:15] <10239> END PYO  Laptime:[0.554sec]
 [2024-02-19 11:48:15] <10239> ===============================================================
 [2024-02-19 14:01:45] <9330> START NicepayLite PYO (V1.1B20140314(OS:Linux2.6.32-754.35.1.el6.x86_64,PHP:7.3.15))
 [2024-02-19 14:01:45] <9330> Connect to ssl://web.nicepay.co.kr:443
 [2024-02-19 14:01:45] <9330> ssl://web.nicepay.co.kr:443 Server Connect OK
 [2024-02-19 14:01:45] <9330> MSG_TO_SVR::[/lite/payProcess.jsp]
 [2024-02-19 14:01:46] <9330> TID -> [ilooda001m01012402191401472708]
 [2024-02-19 14:01:46] <9330> 3001[카드 결제 성공]
 [2024-02-19 14:01:46] <9330> END PYO  Laptime:[0.517sec]
 [2024-02-19 14:01:46] <9330> ===============================================================
 [2024-02-19 14:22:51] <24781> START NicepayLite PYO (V1.1B20140314(OS:Linux2.6.32-754.35.1.el6.x86_64,PHP:7.3.15))
 [2024-02-19 14:22:51] <24781> Connect to ssl://web.nicepay.co.kr:443
 [2024-02-19 14:22:51] <24781> ssl://web.nicepay.co.kr:443 Server Connect OK
 [2024-02-19 14:22:51] <24781> MSG_TO_SVR::[/lite/payProcess.jsp]
 [2024-02-19 14:22:52] <24781> TID -> [ilooda001m01012402191422529892]
 [2024-02-19 14:22:52] <24781> 3001[카드 결제 성공]
 [2024-02-19 14:22:52] <24781> END PYO  Laptime:[0.641sec]
 [2024-02-19 14:22:52] <24781> ===============================================================
 [2024-02-19 15:44:35] <70273> START NicepayLite PYO (V1.1B20140314(OS:Linux2.6.32-754.35.1.el6.x86_64,PHP:7.3.15))
 [2024-02-19 15:44:35] <70273> Connect to ssl://web.nicepay.co.kr:443
 [2024-02-19 15:44:35] <70273> ssl://web.nicepay.co.kr:443 Server Connect OK
 [2024-02-19 15:44:35] <70273> MSG_TO_SVR::[/lite/payProcess.jsp]
 [2024-02-19 15:44:35] <70273> TID -> [ilooda001m01012402191544365909]
 [2024-02-19 15:44:35] <70273> 3001[카드 결제 성공]
 [2024-02-19 15:44:35] <70273> END PYO  Laptime:[0.663sec]
 [2024-02-19 15:44:35] <70273> ===============================================================
