 [2024-04-19 10:53:27] <99080> START NicepayLite PYO (V1.1B20140314(OS:Linux2.6.32-754.35.1.el6.x86_64,PHP:7.3.15))
 [2024-04-19 10:53:27] <99080> Connect to ssl://web.nicepay.co.kr:443
 [2024-04-19 10:53:27] <99080> ssl://web.nicepay.co.kr:443 Server Connect OK
 [2024-04-19 10:53:27] <99080> MSG_TO_SVR::[/lite/payProcess.jsp]
 [2024-04-19 10:53:28] <99080> TID -> [ilooda001m01012404191053288244]
 [2024-04-19 10:53:28] <99080> 3001[카드 결제 성공]
 [2024-04-19 10:53:28] <99080> END PYO  Laptime:[0.867sec]
 [2024-04-19 10:53:28] <99080> ===============================================================
 [2024-04-19 11:32:46] <136874> START NicepayLite PYO (V1.1B20140314(OS:Linux2.6.32-754.35.1.el6.x86_64,PHP:7.3.15))
 [2024-04-19 11:32:46] <136874> Connect to ssl://web.nicepay.co.kr:443
 [2024-04-19 11:32:46] <136874> ssl://web.nicepay.co.kr:443 Server Connect OK
 [2024-04-19 11:32:46] <136874> MSG_TO_SVR::[/lite/payProcess.jsp]
 [2024-04-19 11:32:46] <136874> TID -> [ilooda001m01012404191132480201]
 [2024-04-19 11:32:46] <136874> 56[카드번호 오류]
 [2024-04-19 11:32:46] <136874> END PYO  Laptime:[0.197sec]
 [2024-04-19 11:32:46] <136874> ===============================================================
 [2024-04-19 11:33:18] <145208> START NicepayLite PYO (V1.1B20140314(OS:Linux2.6.32-754.35.1.el6.x86_64,PHP:7.3.15))
 [2024-04-19 11:33:18] <145208> Connect to ssl://web.nicepay.co.kr:443
 [2024-04-19 11:33:18] <145208> ssl://web.nicepay.co.kr:443 Server Connect OK
 [2024-04-19 11:33:18] <145208> MSG_TO_SVR::[/lite/payProcess.jsp]
 [2024-04-19 11:33:18] <145208> TID -> [ilooda001m01012404191133199102]
 [2024-04-19 11:33:18] <145208> 3001[카드 결제 성공]
 [2024-04-19 11:33:18] <145208> END PYO  Laptime:[0.484sec]
 [2024-04-19 11:33:18] <145208> ===============================================================
 [2024-04-19 12:11:44] <24759> START NicepayLite PYO (V1.1B20140314(OS:Linux2.6.32-754.35.1.el6.x86_64,PHP:7.3.15))
 [2024-04-19 12:11:44] <24759> Connect to ssl://web.nicepay.co.kr:443
 [2024-04-19 12:11:44] <24759> ssl://web.nicepay.co.kr:443 Server Connect OK
 [2024-04-19 12:11:44] <24759> MSG_TO_SVR::[/lite/payProcess.jsp]
 [2024-04-19 12:11:44] <24759> TID -> [ilooda001m01012404191211461382]
 [2024-04-19 12:11:44] <24759> 3001[카드 결제 성공]
 [2024-04-19 12:11:44] <24759> END PYO  Laptime:[0.342sec]
 [2024-04-19 12:11:44] <24759> ===============================================================
 [2024-04-19 14:16:48] <51142> START NicepayLite PYO (V1.1B20140314(OS:Linux2.6.32-754.35.1.el6.x86_64,PHP:7.3.15))
 [2024-04-19 14:16:48] <51142> Connect to ssl://web.nicepay.co.kr:443
 [2024-04-19 14:16:48] <51142> ssl://web.nicepay.co.kr:443 Server Connect OK
 [2024-04-19 14:16:48] <51142> MSG_TO_SVR::[/lite/payProcess.jsp]
 [2024-04-19 14:16:49] <51142> TID -> [ilooda001m01012404191416501867]
 [2024-04-19 14:16:49] <51142> 3001[카드 결제 성공]
 [2024-04-19 14:16:49] <51142> END PYO  Laptime:[0.73sec]
 [2024-04-19 14:16:49] <51142> ===============================================================
 [2024-04-19 15:07:44] <39678> START NicepayLite PYO (V1.1B20140314(OS:Linux2.6.32-754.35.1.el6.x86_64,PHP:7.3.15))
 [2024-04-19 15:07:44] <39678> Connect to ssl://web.nicepay.co.kr:443
 [2024-04-19 15:07:44] <39678> ssl://web.nicepay.co.kr:443 Server Connect OK
 [2024-04-19 15:07:44] <39678> MSG_TO_SVR::[/lite/payProcess.jsp]
 [2024-04-19 15:07:45] <39678> TID -> [ilooda001m01012404191507465205]
 [2024-04-19 15:07:45] <39678> 3001[카드 결제 성공]
 [2024-04-19 15:07:45] <39678> END PYO  Laptime:[0.588sec]
 [2024-04-19 15:07:45] <39678> ===============================================================
 [2024-04-19 16:29:12] <145778> START NicepayLite PYO (V1.1B20140314(OS:Linux2.6.32-754.35.1.el6.x86_64,PHP:7.3.15))
 [2024-04-19 16:29:12] <145778> Connect to ssl://web.nicepay.co.kr:443
 [2024-04-19 16:29:12] <145778> ssl://web.nicepay.co.kr:443 Server Connect OK
 [2024-04-19 16:29:12] <145778> MSG_TO_SVR::[/lite/payProcess.jsp]
 [2024-04-19 16:29:13] <145778> TID -> [ilooda001m01012404191629142415]
 [2024-04-19 16:29:13] <145778> 3001[카드 결제 성공]
 [2024-04-19 16:29:13] <145778> END PYO  Laptime:[1.182sec]
 [2024-04-19 16:29:13] <145778> ===============================================================
 [2024-04-19 17:05:27] <11809> START NicepayLite PYO (V1.1B20140314(OS:Linux2.6.32-754.35.1.el6.x86_64,PHP:7.3.15))
 [2024-04-19 17:05:27] <11809> Connect to ssl://web.nicepay.co.kr:443
 [2024-04-19 17:05:27] <11809> ssl://web.nicepay.co.kr:443 Server Connect OK
 [2024-04-19 17:05:27] <11809> MSG_TO_SVR::[/lite/payProcess.jsp]
 [2024-04-19 17:05:28] <11809> TID -> [ilooda001m01012404191705288435]
 [2024-04-19 17:05:28] <11809> 3001[카드 결제 성공]
 [2024-04-19 17:05:28] <11809> END PYO  Laptime:[0.846sec]
 [2024-04-19 17:05:28] <11809> ===============================================================
 [2024-04-19 17:15:47] <95910> START NicepayLite PYO (V1.1B20140314(OS:Linux2.6.32-754.35.1.el6.x86_64,PHP:7.3.15))
 [2024-04-19 17:15:47] <95910> Connect to ssl://web.nicepay.co.kr:443
 [2024-04-19 17:15:47] <95910> ssl://web.nicepay.co.kr:443 Server Connect OK
 [2024-04-19 17:15:47] <95910> MSG_TO_SVR::[/lite/payProcess.jsp]
 [2024-04-19 17:15:48] <95910> TID -> [ilooda001m01012404191715495791]
 [2024-04-19 17:15:48] <95910> 3001[카드 결제 성공]
 [2024-04-19 17:15:48] <95910> END PYO  Laptime:[0.457sec]
 [2024-04-19 17:15:48] <95910> ===============================================================
 [2024-04-19 17:25:44] <33972> START NicepayLite PYO (V1.1B20140314(OS:Linux2.6.32-754.35.1.el6.x86_64,PHP:7.3.15))
 [2024-04-19 17:25:44] <33972> Connect to ssl://web.nicepay.co.kr:443
 [2024-04-19 17:25:44] <33972> ssl://web.nicepay.co.kr:443 Server Connect OK
 [2024-04-19 17:25:44] <33972> MSG_TO_SVR::[/lite/payProcess.jsp]
 [2024-04-19 17:25:45] <33972> TID -> [ilooda001m01012404191725464368]
 [2024-04-19 17:25:45] <33972> 3001[카드 결제 성공]
 [2024-04-19 17:25:45] <33972> END PYO  Laptime:[0.465sec]
 [2024-04-19 17:25:45] <33972> ===============================================================
 [2024-04-19 17:50:40] <100436> START NicepayLite PYO (V1.1B20140314(OS:Linux2.6.32-754.35.1.el6.x86_64,PHP:7.3.15))
 [2024-04-19 17:50:40] <100436> Connect to ssl://web.nicepay.co.kr:443
 [2024-04-19 17:50:40] <100436> ssl://web.nicepay.co.kr:443 Server Connect OK
 [2024-04-19 17:50:40] <100436> MSG_TO_SVR::[/lite/payProcess.jsp]
 [2024-04-19 17:50:41] <100436> TID -> [ilooda001m01012404191750424802]
 [2024-04-19 17:50:41] <100436> 3001[카드 결제 성공]
 [2024-04-19 17:50:41] <100436> END PYO  Laptime:[0.571sec]
 [2024-04-19 17:50:41] <100436> ===============================================================
 [2024-04-19 18:51:32] <26178> START NicepayLite PYO (V1.1B20140314(OS:Linux2.6.32-754.35.1.el6.x86_64,PHP:7.3.15))
 [2024-04-19 18:51:32] <26178> Connect to ssl://web.nicepay.co.kr:443
 [2024-04-19 18:51:32] <26178> ssl://web.nicepay.co.kr:443 Server Connect OK
 [2024-04-19 18:51:32] <26178> MSG_TO_SVR::[/lite/payProcess.jsp]
 [2024-04-19 18:51:33] <26178> TID -> [ilooda001m01012404191851341420]
 [2024-04-19 18:51:33] <26178> 3001[카드 결제 성공]
 [2024-04-19 18:51:33] <26178> END PYO  Laptime:[0.603sec]
 [2024-04-19 18:51:33] <26178> ===============================================================
 [2024-04-19 20:46:33] <110421> START NicepayLite PYO (V1.1B20140314(OS:Linux2.6.32-754.35.1.el6.x86_64,PHP:7.3.15))
 [2024-04-19 20:46:33] <110421> Connect to ssl://web.nicepay.co.kr:443
 [2024-04-19 20:46:33] <110421> ssl://web.nicepay.co.kr:443 Server Connect OK
 [2024-04-19 20:46:33] <110421> MSG_TO_SVR::[/lite/payProcess.jsp]
 [2024-04-19 20:46:33] <110421> TID -> [ilooda001m01012404192046348491]
 [2024-04-19 20:46:33] <110421> 3001[카드 결제 성공]
 [2024-04-19 20:46:33] <110421> END PYO  Laptime:[0.627sec]
 [2024-04-19 20:46:33] <110421> ===============================================================
