 [2024-04-09 12:46:16] <22195> START NicepayLite PYO (V1.1B20140314(OS:Linux2.6.32-754.35.1.el6.x86_64,PHP:7.3.15))
 [2024-04-09 12:46:16] <22195> Connect to ssl://web.nicepay.co.kr:443
 [2024-04-09 12:46:16] <22195> ssl://web.nicepay.co.kr:443 Server Connect OK
 [2024-04-09 12:46:16] <22195> MSG_TO_SVR::[/lite/payProcess.jsp]
 [2024-04-09 12:46:17] <22195> TID -> [ilooda001m01012404091246170076]
 [2024-04-09 12:46:17] <22195> 3001[카드 결제 성공]
 [2024-04-09 12:46:17] <22195> END PYO  Laptime:[0.609sec]
 [2024-04-09 12:46:17] <22195> ===============================================================
 [2024-04-09 14:14:52] <50302> START NicepayLite PYO (V1.1B20140314(OS:Linux2.6.32-754.35.1.el6.x86_64,PHP:7.3.15))
 [2024-04-09 14:14:52] <50302> Connect to ssl://web.nicepay.co.kr:443
 [2024-04-09 14:14:52] <50302> ssl://web.nicepay.co.kr:443 Server Connect OK
 [2024-04-09 14:14:52] <50302> MSG_TO_SVR::[/lite/payProcess.jsp]
 [2024-04-09 14:14:52] <50302> TID -> [ilooda001m01012404091414522727]
 [2024-04-09 14:14:52] <50302> 3001[카드 결제 성공]
 [2024-04-09 14:14:52] <50302> END PYO  Laptime:[0.609sec]
 [2024-04-09 14:14:52] <50302> ===============================================================
 [2024-04-09 14:32:00] <49229> START NicepayLite PYO (V1.1B20140314(OS:Linux2.6.32-754.35.1.el6.x86_64,PHP:7.3.15))
 [2024-04-09 14:32:00] <49229> Connect to ssl://web.nicepay.co.kr:443
 [2024-04-09 14:32:00] <49229> ssl://web.nicepay.co.kr:443 Server Connect OK
 [2024-04-09 14:32:00] <49229> MSG_TO_SVR::[/lite/payProcess.jsp]
 [2024-04-09 14:32:00] <49229> TID -> [ilooda001m01012404091432002261]
 [2024-04-09 14:32:00] <49229> 3001[카드 결제 성공]
 [2024-04-09 14:32:00] <49229> END PYO  Laptime:[0.737sec]
 [2024-04-09 14:32:00] <49229> ===============================================================
 [2024-04-09 14:33:40] <65979> START NicepayLite PYO (V1.1B20140314(OS:Linux2.6.32-754.35.1.el6.x86_64,PHP:7.3.15))
 [2024-04-09 14:33:40] <65979> Connect to ssl://web.nicepay.co.kr:443
 [2024-04-09 14:33:40] <65979> ssl://web.nicepay.co.kr:443 Server Connect OK
 [2024-04-09 14:33:40] <65979> MSG_TO_SVR::[/lite/payProcess.jsp]
 [2024-04-09 14:33:41] <65979> TID -> [ilooda001m01012404091433409414]
 [2024-04-09 14:33:41] <65979> 3001[카드 결제 성공]
 [2024-04-09 14:33:41] <65979> END PYO  Laptime:[0.594sec]
 [2024-04-09 14:33:41] <65979> ===============================================================
 [2024-04-09 14:35:03] <80709> START NicepayLite PYO (V1.1B20140314(OS:Linux2.6.32-754.35.1.el6.x86_64,PHP:7.3.15))
 [2024-04-09 14:35:03] <80709> Connect to ssl://web.nicepay.co.kr:443
 [2024-04-09 14:35:03] <80709> ssl://web.nicepay.co.kr:443 Server Connect OK
 [2024-04-09 14:35:03] <80709> MSG_TO_SVR::[/lite/payProcess.jsp]
 [2024-04-09 14:35:04] <80709> TID -> [ilooda001m01012404091435040373]
 [2024-04-09 14:35:04] <80709> 3001[카드 결제 성공]
 [2024-04-09 14:35:04] <80709> END PYO  Laptime:[0.843sec]
 [2024-04-09 14:35:04] <80709> ===============================================================
 [2024-04-09 16:25:33] <141096> START NicepayLite PYO (V1.1B20140314(OS:Linux2.6.32-754.35.1.el6.x86_64,PHP:7.3.15))
 [2024-04-09 16:25:33] <141096> Connect to ssl://web.nicepay.co.kr:443
 [2024-04-09 16:25:33] <141096> ssl://web.nicepay.co.kr:443 Server Connect OK
 [2024-04-09 16:25:33] <141096> MSG_TO_SVR::[/lite/payProcess.jsp]
 [2024-04-09 16:25:34] <141096> TID -> [ilooda001m01012404091625338541]
 [2024-04-09 16:25:34] <141096> 3001[카드 결제 성공]
 [2024-04-09 16:25:34] <141096> END PYO  Laptime:[0.628sec]
 [2024-04-09 16:25:34] <141096> ===============================================================
 [2024-04-09 16:30:43] <36617> START NicepayLite PYO (V1.1B20140314(OS:Linux2.6.32-754.35.1.el6.x86_64,PHP:7.3.15))
 [2024-04-09 16:30:43] <36617> Connect to ssl://web.nicepay.co.kr:443
 [2024-04-09 16:30:43] <36617> ssl://web.nicepay.co.kr:443 Server Connect OK
 [2024-04-09 16:30:43] <36617> MSG_TO_SVR::[/lite/payProcess.jsp]
 [2024-04-09 16:30:44] <36617> TID -> [ilooda001m01012404091630435011]
 [2024-04-09 16:30:44] <36617> 3001[카드 결제 성공]
 [2024-04-09 16:30:44] <36617> END PYO  Laptime:[0.866sec]
 [2024-04-09 16:30:44] <36617> ===============================================================
 [2024-04-09 16:53:11] <84139> START NicepayLite PYO (V1.1B20140314(OS:Linux2.6.32-754.35.1.el6.x86_64,PHP:7.3.15))
 [2024-04-09 16:53:11] <84139> Connect to ssl://web.nicepay.co.kr:443
 [2024-04-09 16:53:11] <84139> ssl://web.nicepay.co.kr:443 Server Connect OK
 [2024-04-09 16:53:11] <84139> MSG_TO_SVR::[/lite/payProcess.jsp]
 [2024-04-09 16:53:12] <84139> TID -> [ilooda001m01012404091653117627]
 [2024-04-09 16:53:12] <84139> 3001[카드 결제 성공]
 [2024-04-09 16:53:12] <84139> END PYO  Laptime:[0.662sec]
 [2024-04-09 16:53:12] <84139> ===============================================================
 [2024-04-09 16:57:52] <118997> START NicepayLite PYO (V1.1B20140314(OS:Linux2.6.32-754.35.1.el6.x86_64,PHP:7.3.15))
 [2024-04-09 16:57:52] <118997> Connect to ssl://web.nicepay.co.kr:443
 [2024-04-09 16:57:52] <118997> ssl://web.nicepay.co.kr:443 Server Connect OK
 [2024-04-09 16:57:52] <118997> MSG_TO_SVR::[/lite/payProcess.jsp]
 [2024-04-09 16:57:53] <118997> TID -> [ilooda001m01012404091657529890]
 [2024-04-09 16:57:53] <118997> 3001[카드 결제 성공]
 [2024-04-09 16:57:53] <118997> END PYO  Laptime:[0.773sec]
 [2024-04-09 16:57:53] <118997> ===============================================================
 [2024-04-09 18:39:39] <109342> START NicepayLite PYO (V1.1B20140314(OS:Linux2.6.32-754.35.1.el6.x86_64,PHP:7.3.15))
 [2024-04-09 18:39:39] <109342> Connect to ssl://web.nicepay.co.kr:443
 [2024-04-09 18:39:39] <109342> ssl://web.nicepay.co.kr:443 Server Connect OK
 [2024-04-09 18:39:39] <109342> MSG_TO_SVR::[/lite/payProcess.jsp]
 [2024-04-09 18:39:40] <109342> TID -> [ilooda001m01012404091839401392]
 [2024-04-09 18:39:40] <109342> 3001[카드 결제 성공]
 [2024-04-09 18:39:40] <109342> END PYO  Laptime:[0.637sec]
 [2024-04-09 18:39:40] <109342> ===============================================================
 [2024-04-09 19:33:12] <130595> START NicepayLite PYO (V1.1B20140314(OS:Linux2.6.32-754.35.1.el6.x86_64,PHP:7.3.15))
 [2024-04-09 19:33:12] <130595> Connect to ssl://web.nicepay.co.kr:443
 [2024-04-09 19:33:13] <130595> ssl://web.nicepay.co.kr:443 Server Connect OK
 [2024-04-09 19:33:13] <130595> MSG_TO_SVR::[/lite/payProcess.jsp]
 [2024-04-09 19:33:13] <130595> TID -> [ilooda001m01012404091933132918]
 [2024-04-09 19:33:13] <130595> 3001[카드 결제 성공]
 [2024-04-09 19:33:13] <130595> END PYO  Laptime:[0.685sec]
 [2024-04-09 19:33:13] <130595> ===============================================================
 [2024-04-09 19:42:24] <60246> START NicepayLite PYO (V1.1B20140314(OS:Linux2.6.32-754.35.1.el6.x86_64,PHP:7.3.15))
 [2024-04-09 19:42:24] <60246> Connect to ssl://web.nicepay.co.kr:443
 [2024-04-09 19:42:24] <60246> ssl://web.nicepay.co.kr:443 Server Connect OK
 [2024-04-09 19:42:24] <60246> MSG_TO_SVR::[/lite/payProcess.jsp]
 [2024-04-09 19:42:25] <60246> TID -> [ilooda001m01012404091942248500]
 [2024-04-09 19:42:25] <60246> 3001[카드 결제 성공]
 [2024-04-09 19:42:25] <60246> END PYO  Laptime:[1.179sec]
 [2024-04-09 19:42:25] <60246> ===============================================================
 [2024-04-09 21:05:56] <40035> START NicepayLite PYO (V1.1B20140314(OS:Linux2.6.32-754.35.1.el6.x86_64,PHP:7.3.15))
 [2024-04-09 21:05:56] <40035> Connect to ssl://web.nicepay.co.kr:443
 [2024-04-09 21:05:56] <40035> ssl://web.nicepay.co.kr:443 Server Connect OK
 [2024-04-09 21:05:56] <40035> MSG_TO_SVR::[/lite/payProcess.jsp]
 [2024-04-09 21:05:56] <40035> TID -> [ilooda001m01012404092105569157]
 [2024-04-09 21:05:56] <40035> 3001[카드 결제 성공]
 [2024-04-09 21:05:56] <40035> END PYO  Laptime:[0.282sec]
 [2024-04-09 21:05:56] <40035> ===============================================================
 [2024-04-09 21:07:27] <56742> START NicepayLite PYO (V1.1B20140314(OS:Linux2.6.32-754.35.1.el6.x86_64,PHP:7.3.15))
 [2024-04-09 21:07:27] <56742> Connect to ssl://web.nicepay.co.kr:443
 [2024-04-09 21:07:27] <56742> ssl://web.nicepay.co.kr:443 Server Connect OK
 [2024-04-09 21:07:27] <56742> MSG_TO_SVR::[/lite/payProcess.jsp]
 [2024-04-09 21:07:27] <56742> TID -> [ilooda001m01012404092107278440]
 [2024-04-09 21:07:27] <56742> 3001[카드 결제 성공]
 [2024-04-09 21:07:27] <56742> END PYO  Laptime:[0.471sec]
 [2024-04-09 21:07:27] <56742> ===============================================================
