 [2024-02-23 09:49:38] <105295> START NicepayLite PYO (V1.1B20140314(OS:Linux2.6.32-754.35.1.el6.x86_64,PHP:7.3.15))
 [2024-02-23 09:49:38] <105295> Connect to ssl://web.nicepay.co.kr:443
 [2024-02-23 09:49:39] <105295> ssl://web.nicepay.co.kr:443 Server Connect OK
 [2024-02-23 09:49:39] <105295> MSG_TO_SVR::[/lite/payProcess.jsp]
 [2024-02-23 09:49:39] <105295> TID -> [ilooda001m01012402230949393426]
 [2024-02-23 09:49:39] <105295> 3001[카드 결제 성공]
 [2024-02-23 09:49:39] <105295> END PYO  Laptime:[0.62sec]
 [2024-02-23 09:49:39] <105295> ===============================================================
 [2024-02-23 11:03:23] <93475> START NicepayLite PYO (V1.1B20140314(OS:Linux2.6.32-754.35.1.el6.x86_64,PHP:7.3.15))
 [2024-02-23 11:03:23] <93475> Connect to ssl://web.nicepay.co.kr:443
 [2024-02-23 11:03:23] <93475> ssl://web.nicepay.co.kr:443 Server Connect OK
 [2024-02-23 11:03:23] <93475> MSG_TO_SVR::[/lite/payProcess.jsp]
 [2024-02-23 11:03:24] <93475> TID -> [ilooda001m01012402231103239250]
 [2024-02-23 11:03:24] <93475> 3001[카드 결제 성공]
 [2024-02-23 11:03:24] <93475> END PYO  Laptime:[0.961sec]
 [2024-02-23 11:03:24] <93475> ===============================================================
 [2024-02-23 11:14:23] <32814> START NicepayLite PYO (V1.1B20140314(OS:Linux2.6.32-754.35.1.el6.x86_64,PHP:7.3.15))
 [2024-02-23 11:14:23] <32814> Connect to ssl://web.nicepay.co.kr:443
 [2024-02-23 11:14:23] <32814> ssl://web.nicepay.co.kr:443 Server Connect OK
 [2024-02-23 11:14:23] <32814> MSG_TO_SVR::[/lite/payProcess.jsp]
 [2024-02-23 11:14:24] <32814> TID -> [ilooda001m01012402231114240867]
 [2024-02-23 11:14:24] <32814> 3001[카드 결제 성공]
 [2024-02-23 11:14:24] <32814> END PYO  Laptime:[0.562sec]
 [2024-02-23 11:14:24] <32814> ===============================================================
 [2024-02-23 12:35:44] <73346> START NicepayLite PYO (V1.1B20140314(OS:Linux2.6.32-754.35.1.el6.x86_64,PHP:7.3.15))
 [2024-02-23 12:35:44] <73346> Connect to ssl://web.nicepay.co.kr:443
 [2024-02-23 12:35:44] <73346> ssl://web.nicepay.co.kr:443 Server Connect OK
 [2024-02-23 12:35:44] <73346> MSG_TO_SVR::[/lite/payProcess.jsp]
 [2024-02-23 12:35:45] <73346> TID -> [ilooda001m01012402231235446218]
 [2024-02-23 12:35:45] <73346> 3001[카드 결제 성공]
 [2024-02-23 12:35:45] <73346> END PYO  Laptime:[0.839sec]
 [2024-02-23 12:35:45] <73346> ===============================================================
 [2024-02-23 14:54:03] <124234> START NicepayLite PYO (V1.1B20140314(OS:Linux2.6.32-754.35.1.el6.x86_64,PHP:7.3.15))
 [2024-02-23 14:54:03] <124234> Connect to ssl://web.nicepay.co.kr:443
 [2024-02-23 14:54:03] <124234> ssl://web.nicepay.co.kr:443 Server Connect OK
 [2024-02-23 14:54:03] <124234> MSG_TO_SVR::[/lite/payProcess.jsp]
 [2024-02-23 14:54:04] <124234> TID -> [ilooda001m01012402231454041035]
 [2024-02-23 14:54:04] <124234> 3001[카드 결제 성공]
 [2024-02-23 14:54:04] <124234> END PYO  Laptime:[0.845sec]
 [2024-02-23 14:54:04] <124234> ===============================================================
 [2024-02-23 16:00:51] <54186> START NicepayLite PYO (V1.1B20140314(OS:Linux2.6.32-754.35.1.el6.x86_64,PHP:7.3.15))
 [2024-02-23 16:00:51] <54186> Connect to ssl://web.nicepay.co.kr:443
 [2024-02-23 16:00:51] <54186> ssl://web.nicepay.co.kr:443 Server Connect OK
 [2024-02-23 16:00:51] <54186> MSG_TO_SVR::[/lite/payProcess.jsp]
 [2024-02-23 16:00:51] <54186> TID -> [ilooda001m01012402231600515578]
 [2024-02-23 16:00:51] <54186> 3001[카드 결제 성공]
 [2024-02-23 16:00:51] <54186> END PYO  Laptime:[0.725sec]
 [2024-02-23 16:00:51] <54186> ===============================================================
 [2024-02-23 16:48:53] <132476> START NicepayLite PYO (V1.1B20140314(OS:Linux2.6.32-754.35.1.el6.x86_64,PHP:7.3.15))
 [2024-02-23 16:48:53] <132476> Connect to ssl://web.nicepay.co.kr:443
 [2024-02-23 16:48:53] <132476> ssl://web.nicepay.co.kr:443 Server Connect OK
 [2024-02-23 16:48:53] <132476> MSG_TO_SVR::[/lite/payProcess.jsp]
 [2024-02-23 16:48:54] <132476> TID -> [ilooda001m01012402231648543204]
 [2024-02-23 16:48:54] <132476> 3001[카드 결제 성공]
 [2024-02-23 16:48:54] <132476> END PYO  Laptime:[0.631sec]
 [2024-02-23 16:48:54] <132476> ===============================================================
 [2024-02-23 19:04:43] <4231> START NicepayLite PYO (V1.1B20140314(OS:Linux2.6.32-754.35.1.el6.x86_64,PHP:7.3.15))
 [2024-02-23 19:04:43] <4231> Connect to ssl://web.nicepay.co.kr:443
 [2024-02-23 19:04:44] <4231> ssl://web.nicepay.co.kr:443 Server Connect OK
 [2024-02-23 19:04:44] <4231> MSG_TO_SVR::[/lite/payProcess.jsp]
 [2024-02-23 19:04:44] <4231> TID -> [ilooda001m01012402231904445037]
 [2024-02-23 19:04:44] <4231> 3001[카드 결제 성공]
 [2024-02-23 19:04:44] <4231> END PYO  Laptime:[0.533sec]
 [2024-02-23 19:04:44] <4231> ===============================================================
 [2024-02-23 20:53:53] <104706> START NicepayLite PYO (V1.1B20140314(OS:Linux2.6.32-754.35.1.el6.x86_64,PHP:7.3.15))
 [2024-02-23 20:53:53] <104706> Connect to ssl://web.nicepay.co.kr:443
 [2024-02-23 20:53:53] <104706> ssl://web.nicepay.co.kr:443 Server Connect OK
 [2024-02-23 20:53:53] <104706> MSG_TO_SVR::[/lite/payProcess.jsp]
 [2024-02-23 20:53:53] <104706> TID -> [ilooda001m01012402232053540625]
 [2024-02-23 20:53:53] <104706> 3001[카드 결제 성공]
 [2024-02-23 20:53:53] <104706> END PYO  Laptime:[0.359sec]
 [2024-02-23 20:53:53] <104706> ===============================================================
