 [2024-04-26 10:33:48] <110069> START NicepayLite PYO (V1.1B20140314(OS:Linux2.6.32-754.35.1.el6.x86_64,PHP:7.3.15))
 [2024-04-26 10:33:48] <110069> Connect to ssl://web.nicepay.co.kr:443
 [2024-04-26 10:33:48] <110069> ssl://web.nicepay.co.kr:443 Server Connect OK
 [2024-04-26 10:33:48] <110069> MSG_TO_SVR::[/lite/payProcess.jsp]
 [2024-04-26 10:33:49] <110069> TID -> [ilooda001m01012404261033501481]
 [2024-04-26 10:33:49] <110069> 3001[카드 결제 성공]
 [2024-04-26 10:33:49] <110069> END PYO  Laptime:[0.695sec]
 [2024-04-26 10:33:49] <110069> ===============================================================
 [2024-04-26 10:40:56] <22420> START NicepayLite PYO (V1.1B20140314(OS:Linux2.6.32-754.35.1.el6.x86_64,PHP:7.3.15))
 [2024-04-26 10:40:56] <22420> Connect to ssl://web.nicepay.co.kr:443
 [2024-04-26 10:40:56] <22420> ssl://web.nicepay.co.kr:443 Server Connect OK
 [2024-04-26 10:40:56] <22420> MSG_TO_SVR::[/lite/payProcess.jsp]
 [2024-04-26 10:40:56] <22420> TID -> [ilooda001m01012404261040581080]
 [2024-04-26 10:40:56] <22420> 3001[카드 결제 성공]
 [2024-04-26 10:40:56] <22420> END PYO  Laptime:[0.547sec]
 [2024-04-26 10:40:56] <22420> ===============================================================
 [2024-04-26 10:59:23] <33943> START NicepayLite PYO (V1.1B20140314(OS:Linux2.6.32-754.35.1.el6.x86_64,PHP:7.3.15))
 [2024-04-26 10:59:23] <33943> Connect to ssl://web.nicepay.co.kr:443
 [2024-04-26 10:59:23] <33943> ssl://web.nicepay.co.kr:443 Server Connect OK
 [2024-04-26 10:59:23] <33943> MSG_TO_SVR::[/lite/payProcess.jsp]
 [2024-04-26 10:59:24] <33943> TID -> [ilooda001m01012404261059249485]
 [2024-04-26 10:59:24] <33943> 3001[카드 결제 성공]
 [2024-04-26 10:59:24] <33943> END PYO  Laptime:[0.999sec]
 [2024-04-26 10:59:24] <33943> ===============================================================
 [2024-04-26 11:34:23] <36902> START NicepayLite PYO (V1.1B20140314(OS:Linux2.6.32-754.35.1.el6.x86_64,PHP:7.3.15))
 [2024-04-26 11:34:23] <36902> Connect to ssl://web.nicepay.co.kr:443
 [2024-04-26 11:34:24] <36902> ssl://web.nicepay.co.kr:443 Server Connect OK
 [2024-04-26 11:34:24] <36902> MSG_TO_SVR::[/lite/payProcess.jsp]
 [2024-04-26 11:34:24] <36902> TID -> [ilooda001m01012404261134257090]
 [2024-04-26 11:34:24] <36902> 3001[카드 결제 성공]
 [2024-04-26 11:34:24] <36902> END PYO  Laptime:[0.383sec]
 [2024-04-26 11:34:24] <36902> ===============================================================
 [2024-04-26 12:33:32] <92092> START NicepayLite PYO (V1.1B20140314(OS:Linux2.6.32-754.35.1.el6.x86_64,PHP:7.3.15))
 [2024-04-26 12:33:32] <92092> Connect to ssl://web.nicepay.co.kr:443
 [2024-04-26 12:33:32] <92092> ssl://web.nicepay.co.kr:443 Server Connect OK
 [2024-04-26 12:33:32] <92092> MSG_TO_SVR::[/lite/payProcess.jsp]
 [2024-04-26 12:33:33] <92092> TID -> [ilooda001m01012404261233341814]
 [2024-04-26 12:33:33] <92092> 3001[카드 결제 성공]
 [2024-04-26 12:33:33] <92092> END PYO  Laptime:[1.268sec]
 [2024-04-26 12:33:33] <92092> ===============================================================
 [2024-04-26 15:22:24] <44371> START NicepayLite PYO (V1.1B20140314(OS:Linux2.6.32-754.35.1.el6.x86_64,PHP:7.3.15))
 [2024-04-26 15:22:24] <44371> Connect to ssl://web.nicepay.co.kr:443
 [2024-04-26 15:22:24] <44371> ssl://web.nicepay.co.kr:443 Server Connect OK
 [2024-04-26 15:22:24] <44371> MSG_TO_SVR::[/lite/payProcess.jsp]
 [2024-04-26 15:22:25] <44371> TID -> [ilooda001m01012404261522265146]
 [2024-04-26 15:22:25] <44371> 3001[카드 결제 성공]
 [2024-04-26 15:22:25] <44371> END PYO  Laptime:[0.448sec]
 [2024-04-26 15:22:25] <44371> ===============================================================
 [2024-04-26 15:26:20] <77960> START NicepayLite PYO (V1.1B20140314(OS:Linux2.6.32-754.35.1.el6.x86_64,PHP:7.3.15))
 [2024-04-26 15:26:20] <77960> Connect to ssl://web.nicepay.co.kr:443
 [2024-04-26 15:26:20] <77960> ssl://web.nicepay.co.kr:443 Server Connect OK
 [2024-04-26 15:26:20] <77960> MSG_TO_SVR::[/lite/payProcess.jsp]
 [2024-04-26 15:26:21] <77960> TID -> [ilooda001m01012404261526226457]
 [2024-04-26 15:26:21] <77960> 3001[카드 결제 성공]
 [2024-04-26 15:26:21] <77960> END PYO  Laptime:[0.458sec]
 [2024-04-26 15:26:21] <77960> ===============================================================
 [2024-04-26 17:21:59] <27079> START NicepayLite PYO (V1.1B20140314(OS:Linux2.6.32-754.35.1.el6.x86_64,PHP:7.3.15))
 [2024-04-26 17:21:59] <27079> Connect to ssl://web.nicepay.co.kr:443
 [2024-04-26 17:21:59] <27079> ssl://web.nicepay.co.kr:443 Server Connect OK
 [2024-04-26 17:21:59] <27079> MSG_TO_SVR::[/lite/payProcess.jsp]
 [2024-04-26 17:22:00] <27079> TID -> [ilooda001m01012404261722013678]
 [2024-04-26 17:22:00] <27079> 3001[카드 결제 성공]
 [2024-04-26 17:22:00] <27079> END PYO  Laptime:[1.066sec]
 [2024-04-26 17:22:00] <27079> ===============================================================
 [2024-04-26 18:02:19] <76547> START NicepayLite PYO (V1.1B20140314(OS:Linux2.6.32-754.35.1.el6.x86_64,PHP:7.3.15))
 [2024-04-26 18:02:19] <76547> Connect to ssl://web.nicepay.co.kr:443
 [2024-04-26 18:02:19] <76547> ssl://web.nicepay.co.kr:443 Server Connect OK
 [2024-04-26 18:02:19] <76547> MSG_TO_SVR::[/lite/payProcess.jsp]
 [2024-04-26 18:02:20] <76547> TID -> [ilooda001m01012404261802213132]
 [2024-04-26 18:02:20] <76547> 3001[카드 결제 성공]
 [2024-04-26 18:02:20] <76547> END PYO  Laptime:[0.575sec]
 [2024-04-26 18:02:20] <76547> ===============================================================
