 [2024-04-24 10:14:09] <25418> START NicepayLite PYO (V1.1B20140314(OS:Linux2.6.32-754.35.1.el6.x86_64,PHP:7.3.15))
 [2024-04-24 10:14:09] <25418> Connect to ssl://web.nicepay.co.kr:443
 [2024-04-24 10:14:09] <25418> ssl://web.nicepay.co.kr:443 Server Connect OK
 [2024-04-24 10:14:09] <25418> MSG_TO_SVR::[/lite/payProcess.jsp]
 [2024-04-24 10:14:10] <25418> TID -> [ilooda001m01012404241014098245]
 [2024-04-24 10:14:10] <25418> 3001[카드 결제 성공]
 [2024-04-24 10:14:10] <25418> END PYO  Laptime:[0.919sec]
 [2024-04-24 10:14:10] <25418> ===============================================================
 [2024-04-24 10:27:27] <133110> START NicepayLite PYO (V1.1B20140314(OS:Linux2.6.32-754.35.1.el6.x86_64,PHP:7.3.15))
 [2024-04-24 10:27:27] <133110> Connect to ssl://web.nicepay.co.kr:443
 [2024-04-24 10:27:27] <133110> ssl://web.nicepay.co.kr:443 Server Connect OK
 [2024-04-24 10:27:27] <133110> MSG_TO_SVR::[/lite/payProcess.jsp]
 [2024-04-24 10:27:28] <133110> TID -> [ilooda001m01012404241027280471]
 [2024-04-24 10:27:28] <133110> 3001[카드 결제 성공]
 [2024-04-24 10:27:28] <133110> END PYO  Laptime:[0.647sec]
 [2024-04-24 10:27:28] <133110> ===============================================================
 [2024-04-24 10:37:48] <69661> START NicepayLite PYO (V1.1B20140314(OS:Linux2.6.32-754.35.1.el6.x86_64,PHP:7.3.15))
 [2024-04-24 10:37:48] <69661> Connect to ssl://web.nicepay.co.kr:443
 [2024-04-24 10:37:48] <69661> ssl://web.nicepay.co.kr:443 Server Connect OK
 [2024-04-24 10:37:48] <69661> MSG_TO_SVR::[/lite/payProcess.jsp]
 [2024-04-24 10:37:49] <69661> TID -> [ilooda001m01012404241037490795]
 [2024-04-24 10:37:49] <69661> 3001[카드 결제 성공]
 [2024-04-24 10:37:49] <69661> END PYO  Laptime:[1.209sec]
 [2024-04-24 10:37:49] <69661> ===============================================================
 [2024-04-24 11:07:01] <19732> START NicepayLite PYO (V1.1B20140314(OS:Linux2.6.32-754.35.1.el6.x86_64,PHP:7.3.15))
 [2024-04-24 11:07:01] <19732> Connect to ssl://web.nicepay.co.kr:443
 [2024-04-24 11:07:01] <19732> ssl://web.nicepay.co.kr:443 Server Connect OK
 [2024-04-24 11:07:01] <19732> MSG_TO_SVR::[/lite/payProcess.jsp]
 [2024-04-24 11:07:02] <19732> TID -> [ilooda001m01012404241107019443]
 [2024-04-24 11:07:02] <19732> 3001[카드 결제 성공]
 [2024-04-24 11:07:02] <19732> END PYO  Laptime:[0.813sec]
 [2024-04-24 11:07:02] <19732> ===============================================================
 [2024-04-24 15:38:03] <61416> START NicepayLite PYO (V1.1B20140314(OS:Linux2.6.32-754.35.1.el6.x86_64,PHP:7.3.15))
 [2024-04-24 15:38:03] <61416> Connect to ssl://web.nicepay.co.kr:443
 [2024-04-24 15:38:03] <61416> ssl://web.nicepay.co.kr:443 Server Connect OK
 [2024-04-24 15:38:03] <61416> MSG_TO_SVR::[/lite/payProcess.jsp]
 [2024-04-24 15:38:04] <61416> TID -> [ilooda001m01012404241538040754]
 [2024-04-24 15:38:04] <61416> 3001[카드 결제 성공]
 [2024-04-24 15:38:04] <61416> END PYO  Laptime:[0.813sec]
 [2024-04-24 15:38:04] <61416> ===============================================================
 [2024-04-24 18:09:57] <143200> START NicepayLite PYO (V1.1B20140314(OS:Linux2.6.32-754.35.1.el6.x86_64,PHP:7.3.15))
 [2024-04-24 18:09:57] <143200> Connect to ssl://web.nicepay.co.kr:443
 [2024-04-24 18:09:57] <143200> ssl://web.nicepay.co.kr:443 Server Connect OK
 [2024-04-24 18:09:57] <143200> MSG_TO_SVR::[/lite/payProcess.jsp]
 [2024-04-24 18:09:57] <143200> TID -> [ilooda001m01012404241809578041]
 [2024-04-24 18:09:57] <143200> 3001[카드 결제 성공]
 [2024-04-24 18:09:57] <143200> END PYO  Laptime:[0.714sec]
 [2024-04-24 18:09:57] <143200> ===============================================================
 [2024-04-24 18:34:08] <55983> START NicepayLite PYO (V1.1B20140314(OS:Linux2.6.32-754.35.1.el6.x86_64,PHP:7.3.15))
 [2024-04-24 18:34:08] <55983> Connect to ssl://web.nicepay.co.kr:443
 [2024-04-24 18:34:08] <55983> ssl://web.nicepay.co.kr:443 Server Connect OK
 [2024-04-24 18:34:08] <55983> MSG_TO_SVR::[/lite/payProcess.jsp]
 [2024-04-24 18:34:08] <55983> TID -> [ilooda001m01012404241834092153]
 [2024-04-24 18:34:08] <55983> 3001[카드 결제 성공]
 [2024-04-24 18:34:08] <55983> END PYO  Laptime:[0.472sec]
 [2024-04-24 18:34:08] <55983> ===============================================================
 [2024-04-24 18:37:03] <74852> START NicepayLite PYO (V1.1B20140314(OS:Linux2.6.32-754.35.1.el6.x86_64,PHP:7.3.15))
 [2024-04-24 18:37:03] <74852> Connect to ssl://web.nicepay.co.kr:443
 [2024-04-24 18:37:03] <74852> ssl://web.nicepay.co.kr:443 Server Connect OK
 [2024-04-24 18:37:03] <74852> MSG_TO_SVR::[/lite/payProcess.jsp]
 [2024-04-24 18:37:04] <74852> TID -> [ilooda001m01012404241837041358]
 [2024-04-24 18:37:04] <74852> 3001[카드 결제 성공]
 [2024-04-24 18:37:04] <74852> END PYO  Laptime:[1.19sec]
 [2024-04-24 18:37:04] <74852> ===============================================================
