 [2024-03-06 09:32:43] <41129> START NicepayLite PYO (V1.1B20140314(OS:Linux2.6.32-754.35.1.el6.x86_64,PHP:7.3.15))
 [2024-03-06 09:32:43] <41129> Connect to ssl://web.nicepay.co.kr:443
 [2024-03-06 09:32:43] <41129> ssl://web.nicepay.co.kr:443 Server Connect OK
 [2024-03-06 09:32:43] <41129> MSG_TO_SVR::[/lite/payProcess.jsp]
 [2024-03-06 09:32:44] <41129> TID -> [ilooda001m01012403060932451719]
 [2024-03-06 09:32:44] <41129> 3001[카드 결제 성공]
 [2024-03-06 09:32:44] <41129> END PYO  Laptime:[0.708sec]
 [2024-03-06 09:32:44] <41129> ===============================================================
 [2024-03-06 10:09:12] <49529> START NicepayLite PYO (V1.1B20140314(OS:Linux2.6.32-754.35.1.el6.x86_64,PHP:7.3.15))
 [2024-03-06 10:09:12] <49529> Connect to ssl://web.nicepay.co.kr:443
 [2024-03-06 10:09:12] <49529> ssl://web.nicepay.co.kr:443 Server Connect OK
 [2024-03-06 10:09:12] <49529> MSG_TO_SVR::[/lite/payProcess.jsp]
 [2024-03-06 10:09:13] <49529> TID -> [ilooda001m01012403061009140149]
 [2024-03-06 10:09:13] <49529> 3001[카드 결제 성공]
 [2024-03-06 10:09:13] <49529> END PYO  Laptime:[0.668sec]
 [2024-03-06 10:09:13] <49529> ===============================================================
 [2024-03-06 15:08:44] <145919> START NicepayLite PYO (V1.1B20140314(OS:Linux2.6.32-754.35.1.el6.x86_64,PHP:7.3.15))
 [2024-03-06 15:08:44] <145919> Connect to ssl://web.nicepay.co.kr:443
 [2024-03-06 15:08:44] <145919> ssl://web.nicepay.co.kr:443 Server Connect OK
 [2024-03-06 15:08:44] <145919> MSG_TO_SVR::[/lite/payProcess.jsp]
 [2024-03-06 15:08:45] <145919> TID -> [ilooda001m01012403061508465093]
 [2024-03-06 15:08:45] <145919> 3001[카드 결제 성공]
 [2024-03-06 15:08:45] <145919> END PYO  Laptime:[0.843sec]
 [2024-03-06 15:08:45] <145919> ===============================================================
 [2024-03-06 17:50:15] <7654> START NicepayLite PYO (V1.1B20140314(OS:Linux2.6.32-754.35.1.el6.x86_64,PHP:7.3.15))
 [2024-03-06 17:50:15] <7654> Connect to ssl://web.nicepay.co.kr:443
 [2024-03-06 17:50:15] <7654> ssl://web.nicepay.co.kr:443 Server Connect OK
 [2024-03-06 17:50:15] <7654> MSG_TO_SVR::[/lite/payProcess.jsp]
 [2024-03-06 17:50:16] <7654> TID -> [ilooda001m01012403061750170296]
 [2024-03-06 17:50:16] <7654> 3001[카드 결제 성공]
 [2024-03-06 17:50:16] <7654> END PYO  Laptime:[0.679sec]
 [2024-03-06 17:50:16] <7654> ===============================================================
 [2024-03-06 18:25:30] <145688> START NicepayLite PYO (V1.1B20140314(OS:Linux2.6.32-754.35.1.el6.x86_64,PHP:7.3.15))
 [2024-03-06 18:25:30] <145688> Connect to ssl://web.nicepay.co.kr:443
 [2024-03-06 18:25:30] <145688> ssl://web.nicepay.co.kr:443 Server Connect OK
 [2024-03-06 18:25:30] <145688> MSG_TO_SVR::[/lite/payProcess.jsp]
 [2024-03-06 18:25:31] <145688> TID -> [ilooda001m01012403061825320187]
 [2024-03-06 18:25:31] <145688> 3001[카드 결제 성공]
 [2024-03-06 18:25:31] <145688> END PYO  Laptime:[0.73sec]
 [2024-03-06 18:25:31] <145688> ===============================================================
 [2024-03-06 19:06:32] <39982> START NicepayLite PYO (V1.1B20140314(OS:Linux2.6.32-754.35.1.el6.x86_64,PHP:7.3.15))
 [2024-03-06 19:06:32] <39982> Connect to ssl://web.nicepay.co.kr:443
 [2024-03-06 19:06:32] <39982> ssl://web.nicepay.co.kr:443 Server Connect OK
 [2024-03-06 19:06:32] <39982> MSG_TO_SVR::[/lite/payProcess.jsp]
 [2024-03-06 19:06:33] <39982> TID -> [ilooda001m01012403061906342464]
 [2024-03-06 19:06:33] <39982> 3001[카드 결제 성공]
 [2024-03-06 19:06:33] <39982> END PYO  Laptime:[0.717sec]
 [2024-03-06 19:06:33] <39982> ===============================================================
 [2024-03-06 23:48:32] <115974> START NicepayLite PYO (V1.1B20140314(OS:Linux2.6.32-754.35.1.el6.x86_64,PHP:7.3.15))
 [2024-03-06 23:48:32] <115974> Connect to ssl://web.nicepay.co.kr:443
 [2024-03-06 23:48:32] <115974> ssl://web.nicepay.co.kr:443 Server Connect OK
 [2024-03-06 23:48:32] <115974> MSG_TO_SVR::[/lite/payProcess.jsp]
 [2024-03-06 23:48:32] <115974> TID -> [ilooda001m01012403062348341802]
 [2024-03-06 23:48:32] <115974> 3001[카드 결제 성공]
 [2024-03-06 23:48:32] <115974> END PYO  Laptime:[0.554sec]
 [2024-03-06 23:48:32] <115974> ===============================================================
