 [2024-04-20 10:17:20] <89370> START NicepayLite PYO (V1.1B20140314(OS:Linux2.6.32-754.35.1.el6.x86_64,PHP:7.3.15))
 [2024-04-20 10:17:20] <89370> Connect to ssl://web.nicepay.co.kr:443
 [2024-04-20 10:17:20] <89370> ssl://web.nicepay.co.kr:443 Server Connect OK
 [2024-04-20 10:17:20] <89370> MSG_TO_SVR::[/lite/payProcess.jsp]
 [2024-04-20 10:17:20] <89370> TID -> [ilooda001m01012404201017206090]
 [2024-04-20 10:17:20] <89370> 3001[카드 결제 성공]
 [2024-04-20 10:17:20] <89370> END PYO  Laptime:[0.746sec]
 [2024-04-20 10:17:20] <89370> ===============================================================
 [2024-04-20 10:24:00] <139136> START NicepayLite PYO (V1.1B20140314(OS:Linux2.6.32-754.35.1.el6.x86_64,PHP:7.3.15))
 [2024-04-20 10:24:00] <139136> Connect to ssl://web.nicepay.co.kr:443
 [2024-04-20 10:24:00] <139136> ssl://web.nicepay.co.kr:443 Server Connect OK
 [2024-04-20 10:24:00] <139136> MSG_TO_SVR::[/lite/payProcess.jsp]
 [2024-04-20 10:24:01] <139136> TID -> [ilooda001m01012404201024012015]
 [2024-04-20 10:24:01] <139136> 3001[카드 결제 성공]
 [2024-04-20 10:24:01] <139136> END PYO  Laptime:[0.514sec]
 [2024-04-20 10:24:01] <139136> ===============================================================
 [2024-04-20 13:47:30] <62157> START NicepayLite PYO (V1.1B20140314(OS:Linux2.6.32-754.35.1.el6.x86_64,PHP:7.3.15))
 [2024-04-20 13:47:30] <62157> Connect to ssl://web.nicepay.co.kr:443
 [2024-04-20 13:47:30] <62157> ssl://web.nicepay.co.kr:443 Server Connect OK
 [2024-04-20 13:47:30] <62157> MSG_TO_SVR::[/lite/payProcess.jsp]
 [2024-04-20 13:47:30] <62157> TID -> [ilooda001m01012404201347306414]
 [2024-04-20 13:47:30] <62157> 3001[카드 결제 성공]
 [2024-04-20 13:47:30] <62157> END PYO  Laptime:[0.503sec]
 [2024-04-20 13:47:30] <62157> ===============================================================
 [2024-04-20 14:27:48] <98654> START NicepayLite PYO (V1.1B20140314(OS:Linux2.6.32-754.35.1.el6.x86_64,PHP:7.3.15))
 [2024-04-20 14:27:48] <98654> Connect to ssl://web.nicepay.co.kr:443
 [2024-04-20 14:27:48] <98654> ssl://web.nicepay.co.kr:443 Server Connect OK
 [2024-04-20 14:27:48] <98654> MSG_TO_SVR::[/lite/payProcess.jsp]
 [2024-04-20 14:27:49] <98654> TID -> [ilooda001m01012404201427488067]
 [2024-04-20 14:27:49] <98654> 3001[카드 결제 성공]
 [2024-04-20 14:27:49] <98654> END PYO  Laptime:[1.26sec]
 [2024-04-20 14:27:49] <98654> ===============================================================
