 [2024-04-25 14:33:14] <35818> START NicepayLite PYO (V1.1B20140314(OS:Linux2.6.32-754.35.1.el6.x86_64,PHP:7.3.15))
 [2024-04-25 14:33:14] <35818> Connect to ssl://web.nicepay.co.kr:443
 [2024-04-25 14:33:15] <35818> ssl://web.nicepay.co.kr:443 Server Connect OK
 [2024-04-25 14:33:15] <35818> MSG_TO_SVR::[/lite/payProcess.jsp]
 [2024-04-25 14:33:15] <35818> TID -> [ilooda001m01012404251433161800]
 [2024-04-25 14:33:15] <35818> 3001[카드 결제 성공]
 [2024-04-25 14:33:15] <35818> END PYO  Laptime:[0.785sec]
 [2024-04-25 14:33:15] <35818> ===============================================================
 [2024-04-25 15:11:09] <59729> START NicepayLite PYO (V1.1B20140314(OS:Linux2.6.32-754.35.1.el6.x86_64,PHP:7.3.15))
 [2024-04-25 15:11:09] <59729> Connect to ssl://web.nicepay.co.kr:443
 [2024-04-25 15:11:09] <59729> ssl://web.nicepay.co.kr:443 Server Connect OK
 [2024-04-25 15:11:09] <59729> MSG_TO_SVR::[/lite/payProcess.jsp]
 [2024-04-25 15:11:10] <59729> TID -> [ilooda001m01012404251511109166]
 [2024-04-25 15:11:10] <59729> 3001[카드 결제 성공]
 [2024-04-25 15:11:10] <59729> END PYO  Laptime:[0.572sec]
 [2024-04-25 15:11:10] <59729> ===============================================================
 [2024-04-25 15:50:06] <97519> START NicepayLite PYO (V1.1B20140314(OS:Linux2.6.32-754.35.1.el6.x86_64,PHP:7.3.15))
 [2024-04-25 15:50:06] <97519> Connect to ssl://web.nicepay.co.kr:443
 [2024-04-25 15:50:06] <97519> ssl://web.nicepay.co.kr:443 Server Connect OK
 [2024-04-25 15:50:06] <97519> MSG_TO_SVR::[/lite/payProcess.jsp]
 [2024-04-25 15:50:06] <97519> TID -> [ilooda001m01012404251550075473]
 [2024-04-25 15:50:06] <97519> 3001[카드 결제 성공]
 [2024-04-25 15:50:06] <97519> END PYO  Laptime:[0.686sec]
 [2024-04-25 15:50:06] <97519> ===============================================================
