 [2024-02-03 11:46:46] <118296> START NicepayLite PYO (V1.1B20140314(OS:Linux2.6.32-754.35.1.el6.x86_64,PHP:7.3.15))
 [2024-02-03 11:46:46] <118296> Connect to ssl://web.nicepay.co.kr:443
 [2024-02-03 11:46:46] <118296> ssl://web.nicepay.co.kr:443 Server Connect OK
 [2024-02-03 11:46:46] <118296> MSG_TO_SVR::[/lite/payProcess.jsp]
 [2024-02-03 11:46:46] <118296> TID -> [ilooda001m01012402031146474001]
 [2024-02-03 11:46:46] <118296> 3001[카드 결제 성공]
 [2024-02-03 11:46:46] <118296> END PYO  Laptime:[0.527sec]
 [2024-02-03 11:46:46] <118296> ===============================================================
 [2024-02-03 14:32:17] <17026> START NicepayLite PYO (V1.1B20140314(OS:Linux2.6.32-754.35.1.el6.x86_64,PHP:7.3.15))
 [2024-02-03 14:32:17] <17026> Connect to ssl://web.nicepay.co.kr:443
 [2024-02-03 14:32:17] <17026> ssl://web.nicepay.co.kr:443 Server Connect OK
 [2024-02-03 14:32:17] <17026> MSG_TO_SVR::[/lite/payProcess.jsp]
 [2024-02-03 14:32:18] <17026> TID -> [ilooda001m01012402031432181487]
 [2024-02-03 14:32:18] <17026> 3001[카드 결제 성공]
 [2024-02-03 14:32:18] <17026> END PYO  Laptime:[1.304sec]
 [2024-02-03 14:32:18] <17026> ===============================================================
 [2024-02-03 14:55:18] <39366> START NicepayLite PYO (V1.1B20140314(OS:Linux2.6.32-754.35.1.el6.x86_64,PHP:7.3.15))
 [2024-02-03 14:55:18] <39366> Connect to ssl://web.nicepay.co.kr:443
 [2024-02-03 14:55:18] <39366> ssl://web.nicepay.co.kr:443 Server Connect OK
 [2024-02-03 14:55:18] <39366> MSG_TO_SVR::[/lite/payProcess.jsp]
 [2024-02-03 14:55:19] <39366> TID -> [ilooda001m01012402031455198434]
 [2024-02-03 14:55:19] <39366> 3001[카드 결제 성공]
 [2024-02-03 14:55:19] <39366> END PYO  Laptime:[0.819sec]
 [2024-02-03 14:55:19] <39366> ===============================================================
