 [2024-03-29 09:41:36] <10679> START NicepayLite PYO (V1.1B20140314(OS:Linux2.6.32-754.35.1.el6.x86_64,PHP:7.3.15))
 [2024-03-29 09:41:36] <10679> Connect to ssl://web.nicepay.co.kr:443
 [2024-03-29 09:41:36] <10679> ssl://web.nicepay.co.kr:443 Server Connect OK
 [2024-03-29 09:41:36] <10679> MSG_TO_SVR::[/lite/payProcess.jsp]
 [2024-03-29 09:41:37] <10679> TID -> [ilooda001m01012403290941379209]
 [2024-03-29 09:41:37] <10679> 3001[카드 결제 성공]
 [2024-03-29 09:41:37] <10679> END PYO  Laptime:[0.876sec]
 [2024-03-29 09:41:37] <10679> ===============================================================
 [2024-03-29 12:27:25] <29259> START NicepayLite PYO (V1.1B20140314(OS:Linux2.6.32-754.35.1.el6.x86_64,PHP:7.3.15))
 [2024-03-29 12:27:25] <29259> Connect to ssl://web.nicepay.co.kr:443
 [2024-03-29 12:27:25] <29259> ssl://web.nicepay.co.kr:443 Server Connect OK
 [2024-03-29 12:27:25] <29259> MSG_TO_SVR::[/lite/payProcess.jsp]
 [2024-03-29 12:27:26] <29259> TID -> [ilooda001m01012403291227267359]
 [2024-03-29 12:27:26] <29259> 3001[카드 결제 성공]
 [2024-03-29 12:27:26] <29259> END PYO  Laptime:[0.882sec]
 [2024-03-29 12:27:26] <29259> ===============================================================
 [2024-03-29 15:38:00] <118769> START NicepayLite PYO (V1.1B20140314(OS:Linux2.6.32-754.35.1.el6.x86_64,PHP:7.3.15))
 [2024-03-29 15:38:00] <118769> Connect to ssl://web.nicepay.co.kr:443
 [2024-03-29 15:38:00] <118769> ssl://web.nicepay.co.kr:443 Server Connect OK
 [2024-03-29 15:38:00] <118769> MSG_TO_SVR::[/lite/payProcess.jsp]
 [2024-03-29 15:38:01] <118769> TID -> [ilooda001m01012403291538019855]
 [2024-03-29 15:38:01] <118769> 3001[카드 결제 성공]
 [2024-03-29 15:38:01] <118769> END PYO  Laptime:[0.416sec]
 [2024-03-29 15:38:01] <118769> ===============================================================
 [2024-03-29 15:41:51] <4370> START NicepayLite PYO (V1.1B20140314(OS:Linux2.6.32-754.35.1.el6.x86_64,PHP:7.3.15))
 [2024-03-29 15:41:51] <4370> Connect to ssl://web.nicepay.co.kr:443
 [2024-03-29 15:41:51] <4370> ssl://web.nicepay.co.kr:443 Server Connect OK
 [2024-03-29 15:41:51] <4370> MSG_TO_SVR::[/lite/payProcess.jsp]
 [2024-03-29 15:41:52] <4370> TID -> [ilooda001m01012403291541528735]
 [2024-03-29 15:41:52] <4370> 3001[카드 결제 성공]
 [2024-03-29 15:41:52] <4370> END PYO  Laptime:[0.561sec]
 [2024-03-29 15:41:52] <4370> ===============================================================
 [2024-03-29 15:51:27] <78700> START NicepayLite PYO (V1.1B20140314(OS:Linux2.6.32-754.35.1.el6.x86_64,PHP:7.3.15))
 [2024-03-29 15:51:27] <78700> Connect to ssl://web.nicepay.co.kr:443
 [2024-03-29 15:51:27] <78700> ssl://web.nicepay.co.kr:443 Server Connect OK
 [2024-03-29 15:51:27] <78700> MSG_TO_SVR::[/lite/payProcess.jsp]
 [2024-03-29 15:51:28] <78700> TID -> [ilooda001m01012403291551290231]
 [2024-03-29 15:51:28] <78700> 3001[카드 결제 성공]
 [2024-03-29 15:51:28] <78700> END PYO  Laptime:[0.845sec]
 [2024-03-29 15:51:28] <78700> ===============================================================
 [2024-03-29 17:37:57] <76324> START NicepayLite PYO (V1.1B20140314(OS:Linux2.6.32-754.35.1.el6.x86_64,PHP:7.3.15))
 [2024-03-29 17:37:57] <76324> Connect to ssl://web.nicepay.co.kr:443
 [2024-03-29 17:37:57] <76324> ssl://web.nicepay.co.kr:443 Server Connect OK
 [2024-03-29 17:37:57] <76324> MSG_TO_SVR::[/lite/payProcess.jsp]
 [2024-03-29 17:37:58] <76324> TID -> [ilooda001m01012403291737585043]
 [2024-03-29 17:37:58] <76324> 3001[카드 결제 성공]
 [2024-03-29 17:37:58] <76324> END PYO  Laptime:[0.788sec]
 [2024-03-29 17:37:58] <76324> ===============================================================
 [2024-03-29 18:13:05] <79618> START NicepayLite PYO (V1.1B20140314(OS:Linux2.6.32-754.35.1.el6.x86_64,PHP:7.3.15))
 [2024-03-29 18:13:05] <79618> Connect to ssl://web.nicepay.co.kr:443
 [2024-03-29 18:13:05] <79618> ssl://web.nicepay.co.kr:443 Server Connect OK
 [2024-03-29 18:13:05] <79618> MSG_TO_SVR::[/lite/payProcess.jsp]
 [2024-03-29 18:13:05] <79618> TID -> [ilooda001m01012403291813067378]
 [2024-03-29 18:13:05] <79618> 3001[카드 결제 성공]
 [2024-03-29 18:13:05] <79618> END PYO  Laptime:[0.355sec]
 [2024-03-29 18:13:05] <79618> ===============================================================
 [2024-03-29 21:12:29] <68129> START NicepayLite PYO (V1.1B20140314(OS:Linux2.6.32-754.35.1.el6.x86_64,PHP:7.3.15))
 [2024-03-29 21:12:29] <68129> Connect to ssl://web.nicepay.co.kr:443
 [2024-03-29 21:12:29] <68129> ssl://web.nicepay.co.kr:443 Server Connect OK
 [2024-03-29 21:12:29] <68129> MSG_TO_SVR::[/lite/payProcess.jsp]
 [2024-03-29 21:12:29] <68129> TID -> [ilooda001m01012403292112307314]
 [2024-03-29 21:12:29] <68129> 3001[카드 결제 성공]
 [2024-03-29 21:12:29] <68129> END PYO  Laptime:[0.525sec]
 [2024-03-29 21:12:29] <68129> ===============================================================
