 [2024-01-10 10:21:10] <1566> START NicepayLite PYO (V1.1B20140314(OS:Linux2.6.32-754.35.1.el6.x86_64,PHP:7.3.15))
 [2024-01-10 10:21:10] <1566> Connect to ssl://web.nicepay.co.kr:443
 [2024-01-10 10:21:10] <1566> ssl://web.nicepay.co.kr:443 Server Connect OK
 [2024-01-10 10:21:10] <1566> MSG_TO_SVR::[/lite/payProcess.jsp]
 [2024-01-10 10:21:11] <1566> TID -> [ilooda001m01012401101021110315]
 [2024-01-10 10:21:11] <1566> 3001[카드 결제 성공]
 [2024-01-10 10:21:11] <1566> END PYO  Laptime:[0.799sec]
 [2024-01-10 10:21:11] <1566> ===============================================================
 [2024-01-10 10:26:31] <36531> START NicepayLite PYO (V1.1B20140314(OS:Linux2.6.32-754.35.1.el6.x86_64,PHP:7.3.15))
 [2024-01-10 10:26:31] <36531> Connect to ssl://web.nicepay.co.kr:443
 [2024-01-10 10:26:31] <36531> ssl://web.nicepay.co.kr:443 Server Connect OK
 [2024-01-10 10:26:31] <36531> MSG_TO_SVR::[/lite/payProcess.jsp]
 [2024-01-10 10:26:32] <36531> TID -> [ilooda001m01012401101026320593]
 [2024-01-10 10:26:32] <36531> 3001[카드 결제 성공]
 [2024-01-10 10:26:32] <36531> END PYO  Laptime:[0.767sec]
 [2024-01-10 10:26:32] <36531> ===============================================================
 [2024-01-10 10:47:14] <36767> START NicepayLite PYO (V1.1B20140314(OS:Linux2.6.32-754.35.1.el6.x86_64,PHP:7.3.15))
 [2024-01-10 10:47:14] <36767> Connect to ssl://web.nicepay.co.kr:443
 [2024-01-10 10:47:14] <36767> ssl://web.nicepay.co.kr:443 Server Connect OK
 [2024-01-10 10:47:14] <36767> MSG_TO_SVR::[/lite/payProcess.jsp]
 [2024-01-10 10:47:15] <36767> TID -> [ilooda001m01012401101047155409]
 [2024-01-10 10:47:15] <36767> 3001[카드 결제 성공]
 [2024-01-10 10:47:15] <36767> END PYO  Laptime:[0.747sec]
 [2024-01-10 10:47:15] <36767> ===============================================================
 [2024-01-10 15:31:30] <114680> START NicepayLite PYO (V1.1B20140314(OS:Linux2.6.32-754.35.1.el6.x86_64,PHP:7.3.15))
 [2024-01-10 15:31:30] <114680> Connect to ssl://web.nicepay.co.kr:443
 [2024-01-10 15:31:30] <114680> ssl://web.nicepay.co.kr:443 Server Connect OK
 [2024-01-10 15:31:30] <114680> MSG_TO_SVR::[/lite/payProcess.jsp]
 [2024-01-10 15:31:31] <114680> TID -> [ilooda001m01012401101531312883]
 [2024-01-10 15:31:31] <114680> 3001[카드 결제 성공]
 [2024-01-10 15:31:31] <114680> END PYO  Laptime:[0.741sec]
 [2024-01-10 15:31:31] <114680> ===============================================================
 [2024-01-10 15:51:06] <100055> START NicepayLite PYO (V1.1B20140314(OS:Linux2.6.32-754.35.1.el6.x86_64,PHP:7.3.15))
 [2024-01-10 15:51:06] <100055> Connect to ssl://web.nicepay.co.kr:443
 [2024-01-10 15:51:06] <100055> ssl://web.nicepay.co.kr:443 Server Connect OK
 [2024-01-10 15:51:06] <100055> MSG_TO_SVR::[/lite/payProcess.jsp]
 [2024-01-10 15:51:07] <100055> TID -> [ilooda001m01012401101551074201]
 [2024-01-10 15:51:07] <100055> 3001[카드 결제 성공]
 [2024-01-10 15:51:07] <100055> END PYO  Laptime:[0.539sec]
 [2024-01-10 15:51:07] <100055> ===============================================================
 [2024-01-10 16:07:40] <74642> START NicepayLite PYO (V1.1B20140314(OS:Linux2.6.32-754.35.1.el6.x86_64,PHP:7.3.15))
 [2024-01-10 16:07:40] <74642> Connect to ssl://web.nicepay.co.kr:443
 [2024-01-10 16:07:40] <74642> ssl://web.nicepay.co.kr:443 Server Connect OK
 [2024-01-10 16:07:40] <74642> MSG_TO_SVR::[/lite/payProcess.jsp]
 [2024-01-10 16:07:41] <74642> TID -> [ilooda001m01012401101607415388]
 [2024-01-10 16:07:41] <74642> 3001[카드 결제 성공]
 [2024-01-10 16:07:41] <74642> END PYO  Laptime:[0.683sec]
 [2024-01-10 16:07:41] <74642> ===============================================================
 [2024-01-10 16:53:10] <100049> START NicepayLite PYO (V1.1B20140314(OS:Linux2.6.32-754.35.1.el6.x86_64,PHP:7.3.15))
 [2024-01-10 16:53:10] <100049> Connect to ssl://web.nicepay.co.kr:443
 [2024-01-10 16:53:10] <100049> ssl://web.nicepay.co.kr:443 Server Connect OK
 [2024-01-10 16:53:10] <100049> MSG_TO_SVR::[/lite/payProcess.jsp]
 [2024-01-10 16:53:10] <100049> TID -> [ilooda001m01012401101653109159]
 [2024-01-10 16:53:10] <100049> 3001[카드 결제 성공]
 [2024-01-10 16:53:10] <100049> END PYO  Laptime:[0.37sec]
 [2024-01-10 16:53:10] <100049> ===============================================================
