 [2024-03-23 09:12:50] <24113> START NicepayLite PYO (V1.1B20140314(OS:Linux2.6.32-754.35.1.el6.x86_64,PHP:7.3.15))
 [2024-03-23 09:12:50] <24113> Connect to ssl://web.nicepay.co.kr:443
 [2024-03-23 09:12:51] <24113> ssl://web.nicepay.co.kr:443 Server Connect OK
 [2024-03-23 09:12:51] <24113> MSG_TO_SVR::[/lite/payProcess.jsp]
 [2024-03-23 09:12:52] <24113> TID -> [ilooda001m01012403230912531015]
 [2024-03-23 09:12:52] <24113> 3001[카드 결제 성공]
 [2024-03-23 09:12:52] <24113> END PYO  Laptime:[1.148sec]
 [2024-03-23 09:12:52] <24113> ===============================================================
 [2024-03-23 09:27:05] <145238> START NicepayLite PYO (V1.1B20140314(OS:Linux2.6.32-754.35.1.el6.x86_64,PHP:7.3.15))
 [2024-03-23 09:27:05] <145238> Connect to ssl://web.nicepay.co.kr:443
 [2024-03-23 09:27:05] <145238> ssl://web.nicepay.co.kr:443 Server Connect OK
 [2024-03-23 09:27:05] <145238> MSG_TO_SVR::[/lite/payProcess.jsp]
 [2024-03-23 09:27:06] <145238> TID -> [ilooda001m01012403230927078933]
 [2024-03-23 09:27:06] <145238> 3001[카드 결제 성공]
 [2024-03-23 09:27:06] <145238> END PYO  Laptime:[0.618sec]
 [2024-03-23 09:27:06] <145238> ===============================================================
 [2024-03-23 09:32:41] <38685> START NicepayLite PYO (V1.1B20140314(OS:Linux2.6.32-754.35.1.el6.x86_64,PHP:7.3.15))
 [2024-03-23 09:32:41] <38685> Connect to ssl://web.nicepay.co.kr:443
 [2024-03-23 09:32:41] <38685> ssl://web.nicepay.co.kr:443 Server Connect OK
 [2024-03-23 09:32:41] <38685> MSG_TO_SVR::[/lite/payProcess.jsp]
 [2024-03-23 09:32:42] <38685> TID -> [ilooda001m01012403230932437332]
 [2024-03-23 09:32:42] <38685> 3001[카드 결제 성공]
 [2024-03-23 09:32:42] <38685> END PYO  Laptime:[0.396sec]
 [2024-03-23 09:32:42] <38685> ===============================================================
 [2024-03-23 13:45:16] <42934> START NicepayLite PYO (V1.1B20140314(OS:Linux2.6.32-754.35.1.el6.x86_64,PHP:7.3.15))
 [2024-03-23 13:45:16] <42934> Connect to ssl://web.nicepay.co.kr:443
 [2024-03-23 13:45:16] <42934> ssl://web.nicepay.co.kr:443 Server Connect OK
 [2024-03-23 13:45:16] <42934> MSG_TO_SVR::[/lite/payProcess.jsp]
 [2024-03-23 13:45:17] <42934> TID -> [ilooda001m01012403231345189201]
 [2024-03-23 13:45:17] <42934> 3001[카드 결제 성공]
 [2024-03-23 13:45:17] <42934> END PYO  Laptime:[0.359sec]
 [2024-03-23 13:45:17] <42934> ===============================================================
