 [2024-05-29 15:07:07] <26218> START NicepayLite PYO (V1.1B20140314(OS:Linux2.6.32-754.35.1.el6.x86_64,PHP:7.3.15))
 [2024-05-29 15:07:07] <26218> Connect to ssl://web.nicepay.co.kr:443
 [2024-05-29 15:07:07] <26218> ssl://web.nicepay.co.kr:443 Server Connect OK
 [2024-05-29 15:07:07] <26218> MSG_TO_SVR::[/lite/payProcess.jsp]
 [2024-05-29 15:07:07] <26218> TID -> [ilooda001m01012405291507087689]
 [2024-05-29 15:07:07] <26218> 3001[카드 결제 성공]
 [2024-05-29 15:07:07] <26218> END PYO  Laptime:[0.644sec]
 [2024-05-29 15:07:07] <26218> ===============================================================
 [2024-05-29 15:59:33] <104473> START NicepayLite PYO (V1.1B20140314(OS:Linux2.6.32-754.35.1.el6.x86_64,PHP:7.3.15))
 [2024-05-29 15:59:33] <104473> Connect to ssl://web.nicepay.co.kr:443
 [2024-05-29 15:59:33] <104473> ssl://web.nicepay.co.kr:443 Server Connect OK
 [2024-05-29 15:59:33] <104473> MSG_TO_SVR::[/lite/payProcess.jsp]
 [2024-05-29 15:59:34] <104473> TID -> [ilooda001m01012405291559345342]
 [2024-05-29 15:59:34] <104473> 3001[카드 결제 성공]
 [2024-05-29 15:59:34] <104473> END PYO  Laptime:[0.926sec]
 [2024-05-29 15:59:34] <104473> ===============================================================
 [2024-05-29 17:46:11] <28397> START NicepayLite PYO (V1.1B20140314(OS:Linux2.6.32-754.35.1.el6.x86_64,PHP:7.3.15))
 [2024-05-29 17:46:11] <28397> Connect to ssl://web.nicepay.co.kr:443
 [2024-05-29 17:46:11] <28397> ssl://web.nicepay.co.kr:443 Server Connect OK
 [2024-05-29 17:46:11] <28397> MSG_TO_SVR::[/lite/payProcess.jsp]
 [2024-05-29 17:46:12] <28397> TID -> [ilooda001m01012405291746129435]
 [2024-05-29 17:46:12] <28397> 3001[카드 결제 성공]
 [2024-05-29 17:46:12] <28397> END PYO  Laptime:[0.913sec]
 [2024-05-29 17:46:12] <28397> ===============================================================
