 [2024-03-01 08:46:58] <20224> START NicepayLite PYO (V1.1B20140314(OS:Linux2.6.32-754.35.1.el6.x86_64,PHP:7.3.15))
 [2024-03-01 08:46:59] <20224> Connect to ssl://web.nicepay.co.kr:443
 [2024-03-01 08:47:00] <20224> ssl://web.nicepay.co.kr:443 Server Connect OK
 [2024-03-01 08:47:00] <20224> MSG_TO_SVR::[/lite/payProcess.jsp]
 [2024-03-01 08:47:00] <20224> TID -> [ilooda001m01012403010847015065]
 [2024-03-01 08:47:00] <20224> 3001[카드 결제 성공]
 [2024-03-01 08:47:00] <20224> END PYO  Laptime:[2.346sec]
 [2024-03-01 08:47:00] <20224> ===============================================================
 [2024-03-01 11:51:34] <141564> START NicepayLite PYO (V1.1B20140314(OS:Linux2.6.32-754.35.1.el6.x86_64,PHP:7.3.15))
 [2024-03-01 11:51:34] <141564> Connect to ssl://web.nicepay.co.kr:443
 [2024-03-01 11:51:35] <141564> ssl://web.nicepay.co.kr:443 Server Connect OK
 [2024-03-01 11:51:35] <141564> MSG_TO_SVR::[/lite/payProcess.jsp]
 [2024-03-01 11:51:35] <141564> TID -> [ilooda001m01012403011151362184]
 [2024-03-01 11:51:35] <141564> 3001[카드 결제 성공]
 [2024-03-01 11:51:35] <141564> END PYO  Laptime:[0.724sec]
 [2024-03-01 11:51:35] <141564> ===============================================================
 [2024-03-01 12:55:12] <57165> START NicepayLite PYO (V1.1B20140314(OS:Linux2.6.32-754.35.1.el6.x86_64,PHP:7.3.15))
 [2024-03-01 12:55:12] <57165> Connect to ssl://web.nicepay.co.kr:443
 [2024-03-01 12:55:12] <57165> ssl://web.nicepay.co.kr:443 Server Connect OK
 [2024-03-01 12:55:12] <57165> MSG_TO_SVR::[/lite/payProcess.jsp]
 [2024-03-01 12:55:13] <57165> TID -> [ilooda001m01012403011255137591]
 [2024-03-01 12:55:13] <57165> 3001[카드 결제 성공]
 [2024-03-01 12:55:13] <57165> END PYO  Laptime:[0.537sec]
 [2024-03-01 12:55:13] <57165> ===============================================================
