 [2024-03-09 09:48:35] <15575> START NicepayLite PYO (V1.1B20140314(OS:Linux2.6.32-754.35.1.el6.x86_64,PHP:7.3.15))
 [2024-03-09 09:48:35] <15575> Connect to ssl://web.nicepay.co.kr:443
 [2024-03-09 09:48:35] <15575> ssl://web.nicepay.co.kr:443 Server Connect OK
 [2024-03-09 09:48:35] <15575> MSG_TO_SVR::[/lite/payProcess.jsp]
 [2024-03-09 09:48:35] <15575> TID -> [ilooda001m01012403090948357795]
 [2024-03-09 09:48:35] <15575> 3001[카드 결제 성공]
 [2024-03-09 09:48:35] <15575> END PYO  Laptime:[0.496sec]
 [2024-03-09 09:48:35] <15575> ===============================================================
 [2024-03-09 10:05:06] <5214> START NicepayLite PYO (V1.1B20140314(OS:Linux2.6.32-754.35.1.el6.x86_64,PHP:7.3.15))
 [2024-03-09 10:05:06] <5214> Connect to ssl://web.nicepay.co.kr:443
 [2024-03-09 10:05:06] <5214> ssl://web.nicepay.co.kr:443 Server Connect OK
 [2024-03-09 10:05:06] <5214> MSG_TO_SVR::[/lite/payProcess.jsp]
 [2024-03-09 10:05:07] <5214> TID -> [ilooda001m01012403091005069228]
 [2024-03-09 10:05:07] <5214> 3001[카드 결제 성공]
 [2024-03-09 10:05:07] <5214> END PYO  Laptime:[0.797sec]
 [2024-03-09 10:05:07] <5214> ===============================================================
 [2024-03-09 10:20:03] <123071> START NicepayLite PYO (V1.1B20140314(OS:Linux2.6.32-754.35.1.el6.x86_64,PHP:7.3.15))
 [2024-03-09 10:20:03] <123071> Connect to ssl://web.nicepay.co.kr:443
 [2024-03-09 10:20:03] <123071> ssl://web.nicepay.co.kr:443 Server Connect OK
 [2024-03-09 10:20:03] <123071> MSG_TO_SVR::[/lite/payProcess.jsp]
 [2024-03-09 10:20:04] <123071> TID -> [ilooda001m01012403091020044083]
 [2024-03-09 10:20:04] <123071> 3001[카드 결제 성공]
 [2024-03-09 10:20:04] <123071> END PYO  Laptime:[0.494sec]
 [2024-03-09 10:20:04] <123071> ===============================================================
 [2024-03-09 10:54:29] <106842> START NicepayLite PYO (V1.1B20140314(OS:Linux2.6.32-754.35.1.el6.x86_64,PHP:7.3.15))
 [2024-03-09 10:54:29] <106842> Connect to ssl://web.nicepay.co.kr:443
 [2024-03-09 10:54:29] <106842> ssl://web.nicepay.co.kr:443 Server Connect OK
 [2024-03-09 10:54:29] <106842> MSG_TO_SVR::[/lite/payProcess.jsp]
 [2024-03-09 10:54:31] <106842> TID -> [ilooda001m01012403091054305239]
 [2024-03-09 10:54:31] <106842> 3001[카드 결제 성공]
 [2024-03-09 10:54:31] <106842> END PYO  Laptime:[1.256sec]
 [2024-03-09 10:54:31] <106842> ===============================================================
 [2024-03-09 12:48:33] <141527> START NicepayLite PYO (V1.1B20140314(OS:Linux2.6.32-754.35.1.el6.x86_64,PHP:7.3.15))
 [2024-03-09 12:48:33] <141527> Connect to ssl://web.nicepay.co.kr:443
 [2024-03-09 12:48:33] <141527> ssl://web.nicepay.co.kr:443 Server Connect OK
 [2024-03-09 12:48:33] <141527> MSG_TO_SVR::[/lite/payProcess.jsp]
 [2024-03-09 12:48:34] <141527> TID -> [ilooda001m01012403091248337129]
 [2024-03-09 12:48:34] <141527> 3001[카드 결제 성공]
 [2024-03-09 12:48:34] <141527> END PYO  Laptime:[1.018sec]
 [2024-03-09 12:48:34] <141527> ===============================================================
 [2024-03-09 12:54:43] <42737> START NicepayLite PYO (V1.1B20140314(OS:Linux2.6.32-754.35.1.el6.x86_64,PHP:7.3.15))
 [2024-03-09 12:54:43] <42737> Connect to ssl://web.nicepay.co.kr:443
 [2024-03-09 12:54:43] <42737> ssl://web.nicepay.co.kr:443 Server Connect OK
 [2024-03-09 12:54:43] <42737> MSG_TO_SVR::[/lite/payProcess.jsp]
 [2024-03-09 12:54:44] <42737> TID -> [ilooda001m01012403091254444829]
 [2024-03-09 12:54:44] <42737> 3001[카드 결제 성공]
 [2024-03-09 12:54:44] <42737> END PYO  Laptime:[0.319sec]
 [2024-03-09 12:54:44] <42737> ===============================================================
 [2024-03-09 18:11:33] <102519> START NicepayLite PYO (V1.1B20140314(OS:Linux2.6.32-754.35.1.el6.x86_64,PHP:7.3.15))
 [2024-03-09 18:11:33] <102519> Connect to ssl://web.nicepay.co.kr:443
 [2024-03-09 18:11:34] <102519> ssl://web.nicepay.co.kr:443 Server Connect OK
 [2024-03-09 18:11:34] <102519> MSG_TO_SVR::[/lite/payProcess.jsp]
 [2024-03-09 18:11:34] <102519> TID -> [ilooda001m01012403091811347756]
 [2024-03-09 18:11:34] <102519> 3001[카드 결제 성공]
 [2024-03-09 18:11:34] <102519> END PYO  Laptime:[0.58sec]
 [2024-03-09 18:11:34] <102519> ===============================================================
 [2024-03-09 19:08:39] <124890> START NicepayLite PYO (V1.1B20140314(OS:Linux2.6.32-754.35.1.el6.x86_64,PHP:7.3.15))
 [2024-03-09 19:08:39] <124890> Connect to ssl://web.nicepay.co.kr:443
 [2024-03-09 19:08:39] <124890> ssl://web.nicepay.co.kr:443 Server Connect OK
 [2024-03-09 19:08:39] <124890> MSG_TO_SVR::[/lite/payProcess.jsp]
 [2024-03-09 19:08:39] <124890> TID -> [ilooda001m01012403091908403556]
 [2024-03-09 19:08:39] <124890> 3001[카드 결제 성공]
 [2024-03-09 19:08:39] <124890> END PYO  Laptime:[0.459sec]
 [2024-03-09 19:08:39] <124890> ===============================================================
