 [2024-03-21 12:26:08] <26420> START NicepayLite PYO (V1.1B20140314(OS:Linux2.6.32-754.35.1.el6.x86_64,PHP:7.3.15))
 [2024-03-21 12:26:08] <26420> Connect to ssl://web.nicepay.co.kr:443
 [2024-03-21 12:26:08] <26420> ssl://web.nicepay.co.kr:443 Server Connect OK
 [2024-03-21 12:26:08] <26420> MSG_TO_SVR::[/lite/payProcess.jsp]
 [2024-03-21 12:26:09] <26420> TID -> [ilooda001m01012403211226096753]
 [2024-03-21 12:26:09] <26420> 3001[카드 결제 성공]
 [2024-03-21 12:26:09] <26420> END PYO  Laptime:[0.441sec]
 [2024-03-21 12:26:09] <26420> ===============================================================
 [2024-03-21 12:29:51] <50213> START NicepayLite PYO (V1.1B20140314(OS:Linux2.6.32-754.35.1.el6.x86_64,PHP:7.3.15))
 [2024-03-21 12:29:51] <50213> Connect to ssl://web.nicepay.co.kr:443
 [2024-03-21 12:29:51] <50213> ssl://web.nicepay.co.kr:443 Server Connect OK
 [2024-03-21 12:29:51] <50213> MSG_TO_SVR::[/lite/payProcess.jsp]
 [2024-03-21 12:29:52] <50213> TID -> [ilooda001m01012403211229524697]
 [2024-03-21 12:29:52] <50213> 3001[카드 결제 성공]
 [2024-03-21 12:29:52] <50213> END PYO  Laptime:[0.571sec]
 [2024-03-21 12:29:52] <50213> ===============================================================
 [2024-03-21 12:47:35] <46165> START NicepayLite PYO (V1.1B20140314(OS:Linux2.6.32-754.35.1.el6.x86_64,PHP:7.3.15))
 [2024-03-21 12:47:35] <46165> Connect to ssl://web.nicepay.co.kr:443
 [2024-03-21 12:47:35] <46165> ssl://web.nicepay.co.kr:443 Server Connect OK
 [2024-03-21 12:47:35] <46165> MSG_TO_SVR::[/lite/payProcess.jsp]
 [2024-03-21 12:47:36] <46165> TID -> [ilooda001m01012403211247366020]
 [2024-03-21 12:47:36] <46165> 3001[카드 결제 성공]
 [2024-03-21 12:47:36] <46165> END PYO  Laptime:[0.877sec]
 [2024-03-21 12:47:36] <46165> ===============================================================
 [2024-03-21 14:00:49] <35293> START NicepayLite PYO (V1.1B20140314(OS:Linux2.6.32-754.35.1.el6.x86_64,PHP:7.3.15))
 [2024-03-21 14:00:49] <35293> Connect to ssl://web.nicepay.co.kr:443
 [2024-03-21 14:00:49] <35293> ssl://web.nicepay.co.kr:443 Server Connect OK
 [2024-03-21 14:00:49] <35293> MSG_TO_SVR::[/lite/payProcess.jsp]
 [2024-03-21 14:00:49] <35293> TID -> [ilooda001m01012403211400502818]
 [2024-03-21 14:00:49] <35293> 3001[카드 결제 성공]
 [2024-03-21 14:00:49] <35293> END PYO  Laptime:[0.482sec]
 [2024-03-21 14:00:49] <35293> ===============================================================
 [2024-03-21 15:08:57] <136088> START NicepayLite PYO (V1.1B20140314(OS:Linux2.6.32-754.35.1.el6.x86_64,PHP:7.3.15))
 [2024-03-21 15:08:57] <136088> Connect to ssl://web.nicepay.co.kr:443
 [2024-03-21 15:08:57] <136088> ssl://web.nicepay.co.kr:443 Server Connect OK
 [2024-03-21 15:08:57] <136088> MSG_TO_SVR::[/lite/payProcess.jsp]
 [2024-03-21 15:08:57] <136088> TID -> [ilooda001m01012403211508585878]
 [2024-03-21 15:08:57] <136088> 3001[카드 결제 성공]
 [2024-03-21 15:08:57] <136088> END PYO  Laptime:[0.426sec]
 [2024-03-21 15:08:57] <136088> ===============================================================
 [2024-03-21 15:15:19] <37542> START NicepayLite PYO (V1.1B20140314(OS:Linux2.6.32-754.35.1.el6.x86_64,PHP:7.3.15))
 [2024-03-21 15:15:19] <37542> Connect to ssl://web.nicepay.co.kr:443
 [2024-03-21 15:15:19] <37542> ssl://web.nicepay.co.kr:443 Server Connect OK
 [2024-03-21 15:15:19] <37542> MSG_TO_SVR::[/lite/payProcess.jsp]
 [2024-03-21 15:15:19] <37542> TID -> [ilooda001m01012403211515203836]
 [2024-03-21 15:15:19] <37542> 3001[카드 결제 성공]
 [2024-03-21 15:15:19] <37542> END PYO  Laptime:[0.707sec]
 [2024-03-21 15:15:19] <37542> ===============================================================
 [2024-03-21 16:58:52] <129304> START NicepayLite PYO (V1.1B20140314(OS:Linux2.6.32-754.35.1.el6.x86_64,PHP:7.3.15))
 [2024-03-21 16:58:52] <129304> Connect to ssl://web.nicepay.co.kr:443
 [2024-03-21 16:58:52] <129304> ssl://web.nicepay.co.kr:443 Server Connect OK
 [2024-03-21 16:58:52] <129304> MSG_TO_SVR::[/lite/payProcess.jsp]
 [2024-03-21 16:58:52] <129304> TID -> [ilooda001m01012403211658533207]
 [2024-03-21 16:58:52] <129304> 3001[카드 결제 성공]
 [2024-03-21 16:58:52] <129304> END PYO  Laptime:[0.591sec]
 [2024-03-21 16:58:52] <129304> ===============================================================
 [2024-03-21 18:26:27] <92740> START NicepayLite PYO (V1.1B20140314(OS:Linux2.6.32-754.35.1.el6.x86_64,PHP:7.3.15))
 [2024-03-21 18:26:27] <92740> Connect to ssl://web.nicepay.co.kr:443
 [2024-03-21 18:26:27] <92740> ssl://web.nicepay.co.kr:443 Server Connect OK
 [2024-03-21 18:26:27] <92740> MSG_TO_SVR::[/lite/payProcess.jsp]
 [2024-03-21 18:26:28] <92740> TID -> [ilooda001m01012403211826288800]
 [2024-03-21 18:26:28] <92740> 3001[카드 결제 성공]
 [2024-03-21 18:26:28] <92740> END PYO  Laptime:[0.778sec]
 [2024-03-21 18:26:28] <92740> ===============================================================
