 [2024-01-09 10:46:23] <38409> START NicepayLite PYO (V1.1B20140314(OS:Linux2.6.32-754.35.1.el6.x86_64,PHP:7.3.15))
 [2024-01-09 10:46:23] <38409> Connect to ssl://web.nicepay.co.kr:443
 [2024-01-09 10:46:23] <38409> ssl://web.nicepay.co.kr:443 Server Connect OK
 [2024-01-09 10:46:23] <38409> MSG_TO_SVR::[/lite/payProcess.jsp]
 [2024-01-09 10:46:24] <38409> TID -> [ilooda001m01012401091046252718]
 [2024-01-09 10:46:24] <38409> 3001[카드 결제 성공]
 [2024-01-09 10:46:24] <38409> END PYO  Laptime:[0.757sec]
 [2024-01-09 10:46:24] <38409> ===============================================================
 [2024-01-09 10:53:19] <87764> START NicepayLite PYO (V1.1B20140314(OS:Linux2.6.32-754.35.1.el6.x86_64,PHP:7.3.15))
 [2024-01-09 10:53:19] <87764> Connect to ssl://web.nicepay.co.kr:443
 [2024-01-09 10:53:19] <87764> ssl://web.nicepay.co.kr:443 Server Connect OK
 [2024-01-09 10:53:19] <87764> MSG_TO_SVR::[/lite/payProcess.jsp]
 [2024-01-09 10:53:20] <87764> TID -> [ilooda001m01012401091053207460]
 [2024-01-09 10:53:20] <87764> 3001[카드 결제 성공]
 [2024-01-09 10:53:20] <87764> END PYO  Laptime:[0.761sec]
 [2024-01-09 10:53:20] <87764> ===============================================================
 [2024-01-09 10:55:19] <101754> START NicepayLite PYO (V1.1B20140314(OS:Linux2.6.32-754.35.1.el6.x86_64,PHP:7.3.15))
 [2024-01-09 10:55:19] <101754> Connect to ssl://web.nicepay.co.kr:443
 [2024-01-09 10:55:19] <101754> ssl://web.nicepay.co.kr:443 Server Connect OK
 [2024-01-09 10:55:19] <101754> MSG_TO_SVR::[/lite/payProcess.jsp]
 [2024-01-09 10:55:20] <101754> TID -> [ilooda001m01012401091055211094]
 [2024-01-09 10:55:20] <101754> 3001[카드 결제 성공]
 [2024-01-09 10:55:20] <101754> END PYO  Laptime:[0.499sec]
 [2024-01-09 10:55:20] <101754> ===============================================================
 [2024-01-09 11:13:41] <81124> START NicepayLite PYO (V1.1B20140314(OS:Linux2.6.32-754.35.1.el6.x86_64,PHP:7.3.15))
 [2024-01-09 11:13:41] <81124> Connect to ssl://web.nicepay.co.kr:443
 [2024-01-09 11:13:41] <81124> ssl://web.nicepay.co.kr:443 Server Connect OK
 [2024-01-09 11:13:41] <81124> MSG_TO_SVR::[/lite/payProcess.jsp]
 [2024-01-09 11:13:41] <81124> TID -> [ilooda001m01012401091113425099]
 [2024-01-09 11:13:41] <81124> 3001[카드 결제 성공]
 [2024-01-09 11:13:41] <81124> END PYO  Laptime:[0.596sec]
 [2024-01-09 11:13:41] <81124> ===============================================================
 [2024-01-09 11:15:32] <95244> START NicepayLite PYO (V1.1B20140314(OS:Linux2.6.32-754.35.1.el6.x86_64,PHP:7.3.15))
 [2024-01-09 11:15:32] <95244> Connect to ssl://web.nicepay.co.kr:443
 [2024-01-09 11:15:32] <95244> ssl://web.nicepay.co.kr:443 Server Connect OK
 [2024-01-09 11:15:32] <95244> MSG_TO_SVR::[/lite/payProcess.jsp]
 [2024-01-09 11:15:33] <95244> TID -> [ilooda001m01012401091115341254]
 [2024-01-09 11:15:33] <95244> 3001[카드 결제 성공]
 [2024-01-09 11:15:33] <95244> END PYO  Laptime:[0.546sec]
 [2024-01-09 11:15:33] <95244> ===============================================================
 [2024-01-09 11:17:20] <109915> START NicepayLite PYO (V1.1B20140314(OS:Linux2.6.32-754.35.1.el6.x86_64,PHP:7.3.15))
 [2024-01-09 11:17:20] <109915> Connect to ssl://web.nicepay.co.kr:443
 [2024-01-09 11:17:20] <109915> ssl://web.nicepay.co.kr:443 Server Connect OK
 [2024-01-09 11:17:20] <109915> MSG_TO_SVR::[/lite/payProcess.jsp]
 [2024-01-09 11:17:21] <109915> TID -> [ilooda001m01012401091117219144]
 [2024-01-09 11:17:21] <109915> 3001[카드 결제 성공]
 [2024-01-09 11:17:21] <109915> END PYO  Laptime:[1.198sec]
 [2024-01-09 11:17:21] <109915> ===============================================================
 [2024-01-09 12:30:40] <29503> START NicepayLite PYO (V1.1B20140314(OS:Linux2.6.32-754.35.1.el6.x86_64,PHP:7.3.15))
 [2024-01-09 12:30:40] <29503> Connect to ssl://web.nicepay.co.kr:443
 [2024-01-09 12:30:40] <29503> ssl://web.nicepay.co.kr:443 Server Connect OK
 [2024-01-09 12:30:40] <29503> MSG_TO_SVR::[/lite/payProcess.jsp]
 [2024-01-09 12:30:41] <29503> TID -> [ilooda001m01012401091230421629]
 [2024-01-09 12:30:41] <29503> 3001[카드 결제 성공]
 [2024-01-09 12:30:41] <29503> END PYO  Laptime:[0.546sec]
 [2024-01-09 12:30:41] <29503> ===============================================================
 [2024-01-09 12:49:34] <14417> START NicepayLite PYO (V1.1B20140314(OS:Linux2.6.32-754.35.1.el6.x86_64,PHP:7.3.15))
 [2024-01-09 12:49:34] <14417> Connect to ssl://web.nicepay.co.kr:443
 [2024-01-09 12:49:34] <14417> ssl://web.nicepay.co.kr:443 Server Connect OK
 [2024-01-09 12:49:34] <14417> MSG_TO_SVR::[/lite/payProcess.jsp]
 [2024-01-09 12:49:35] <14417> TID -> [ilooda001m01012401091249363191]
 [2024-01-09 12:49:35] <14417> 3001[카드 결제 성공]
 [2024-01-09 12:49:35] <14417> END PYO  Laptime:[0.605sec]
 [2024-01-09 12:49:35] <14417> ===============================================================
 [2024-01-09 15:09:29] <114308> START NicepayLite PYO (V1.1B20140314(OS:Linux2.6.32-754.35.1.el6.x86_64,PHP:7.3.15))
 [2024-01-09 15:09:29] <114308> Connect to ssl://web.nicepay.co.kr:443
 [2024-01-09 15:09:29] <114308> ssl://web.nicepay.co.kr:443 Server Connect OK
 [2024-01-09 15:09:29] <114308> MSG_TO_SVR::[/lite/payProcess.jsp]
 [2024-01-09 15:09:30] <114308> TID -> [ilooda001m01012401091509313569]
 [2024-01-09 15:09:30] <114308> 3001[카드 결제 성공]
 [2024-01-09 15:09:30] <114308> END PYO  Laptime:[1.033sec]
 [2024-01-09 15:09:30] <114308> ===============================================================
 [2024-01-09 15:13:14] <143878> START NicepayLite PYO (V1.1B20140314(OS:Linux2.6.32-754.35.1.el6.x86_64,PHP:7.3.15))
 [2024-01-09 15:13:14] <143878> Connect to ssl://web.nicepay.co.kr:443
 [2024-01-09 15:13:14] <143878> ssl://web.nicepay.co.kr:443 Server Connect OK
 [2024-01-09 15:13:14] <143878> MSG_TO_SVR::[/lite/payProcess.jsp]
 [2024-01-09 15:13:14] <143878> TID -> [ilooda001m01012401091513157737]
 [2024-01-09 15:13:14] <143878> 3001[카드 결제 성공]
 [2024-01-09 15:13:14] <143878> END PYO  Laptime:[0.438sec]
 [2024-01-09 15:13:14] <143878> ===============================================================
 [2024-01-09 16:35:30] <125718> START NicepayLite PYO (V1.1B20140314(OS:Linux2.6.32-754.35.1.el6.x86_64,PHP:7.3.15))
 [2024-01-09 16:35:30] <125718> Connect to ssl://web.nicepay.co.kr:443
 [2024-01-09 16:35:30] <125718> ssl://web.nicepay.co.kr:443 Server Connect OK
 [2024-01-09 16:35:30] <125718> MSG_TO_SVR::[/lite/payProcess.jsp]
 [2024-01-09 16:35:31] <125718> TID -> [ilooda001m01012401091635324271]
 [2024-01-09 16:35:31] <125718> 1006[승인 불가 가맹점]
 [2024-01-09 16:35:31] <125718> END PYO  Laptime:[0.894sec]
 [2024-01-09 16:35:31] <125718> ===============================================================
 [2024-01-09 17:40:30] <138930> START NicepayLite PYO (V1.1B20140314(OS:Linux2.6.32-754.35.1.el6.x86_64,PHP:7.3.15))
 [2024-01-09 17:40:30] <138930> Connect to ssl://web.nicepay.co.kr:443
 [2024-01-09 17:40:30] <138930> ssl://web.nicepay.co.kr:443 Server Connect OK
 [2024-01-09 17:40:30] <138930> MSG_TO_SVR::[/lite/payProcess.jsp]
 [2024-01-09 17:40:31] <138930> TID -> [ilooda001m01012401091740323994]
 [2024-01-09 17:40:31] <138930> 3001[카드 결제 성공]
 [2024-01-09 17:40:31] <138930> END PYO  Laptime:[0.404sec]
 [2024-01-09 17:40:31] <138930> ===============================================================
 [2024-01-09 18:01:27] <136873> START NicepayLite PYO (V1.1B20140314(OS:Linux2.6.32-754.35.1.el6.x86_64,PHP:7.3.15))
 [2024-01-09 18:01:27] <136873> Connect to ssl://web.nicepay.co.kr:443
 [2024-01-09 18:01:27] <136873> ssl://web.nicepay.co.kr:443 Server Connect OK
 [2024-01-09 18:01:27] <136873> MSG_TO_SVR::[/lite/payProcess.jsp]
 [2024-01-09 18:01:28] <136873> TID -> [ilooda001m01012401091801289906]
 [2024-01-09 18:01:28] <136873> 1006[승인 불가 가맹점]
 [2024-01-09 18:01:28] <136873> END PYO  Laptime:[0.782sec]
 [2024-01-09 18:01:28] <136873> ===============================================================
 [2024-01-09 18:03:16] <3670> START NicepayLite PYO (V1.1B20140314(OS:Linux2.6.32-754.35.1.el6.x86_64,PHP:7.3.15))
 [2024-01-09 18:03:16] <3670> Connect to ssl://web.nicepay.co.kr:443
 [2024-01-09 18:03:16] <3670> ssl://web.nicepay.co.kr:443 Server Connect OK
 [2024-01-09 18:03:16] <3670> MSG_TO_SVR::[/lite/payProcess.jsp]
 [2024-01-09 18:03:17] <3670> TID -> [ilooda001m01012401091803176452]
 [2024-01-09 18:03:17] <3670> 3001[카드 결제 성공]
 [2024-01-09 18:03:17] <3670> END PYO  Laptime:[1.098sec]
 [2024-01-09 18:03:17] <3670> ===============================================================
 [2024-01-09 18:57:18] <84661> START NicepayLite PYO (V1.1B20140314(OS:Linux2.6.32-754.35.1.el6.x86_64,PHP:7.3.15))
 [2024-01-09 18:57:18] <84661> Connect to ssl://web.nicepay.co.kr:443
 [2024-01-09 18:57:18] <84661> ssl://web.nicepay.co.kr:443 Server Connect OK
 [2024-01-09 18:57:18] <84661> MSG_TO_SVR::[/lite/payProcess.jsp]
 [2024-01-09 18:57:19] <84661> TID -> [ilooda001m01012401091857197942]
 [2024-01-09 18:57:19] <84661> 3001[카드 결제 성공]
 [2024-01-09 18:57:19] <84661> END PYO  Laptime:[0.959sec]
 [2024-01-09 18:57:19] <84661> ===============================================================
 [2024-01-09 20:24:23] <98126> START NicepayLite PYO (V1.1B20140314(OS:Linux2.6.32-754.35.1.el6.x86_64,PHP:7.3.15))
 [2024-01-09 20:24:23] <98126> Connect to ssl://web.nicepay.co.kr:443
 [2024-01-09 20:24:23] <98126> ssl://web.nicepay.co.kr:443 Server Connect OK
 [2024-01-09 20:24:23] <98126> MSG_TO_SVR::[/lite/payProcess.jsp]
 [2024-01-09 20:24:23] <98126> TID -> [ilooda001m01012401092024249259]
 [2024-01-09 20:24:23] <98126> 3001[카드 결제 성공]
 [2024-01-09 20:24:23] <98126> END PYO  Laptime:[0.711sec]
 [2024-01-09 20:24:23] <98126> ===============================================================
