 [2024-04-03 09:21:10] <98924> START NicepayLite PYO (V1.1B20140314(OS:Linux2.6.32-754.35.1.el6.x86_64,PHP:7.3.15))
 [2024-04-03 09:21:10] <98924> Connect to ssl://web.nicepay.co.kr:443
 [2024-04-03 09:21:10] <98924> ssl://web.nicepay.co.kr:443 Server Connect OK
 [2024-04-03 09:21:10] <98924> MSG_TO_SVR::[/lite/payProcess.jsp]
 [2024-04-03 09:21:11] <98924> TID -> [ilooda001m01012404030921117883]
 [2024-04-03 09:21:11] <98924> 3001[카드 결제 성공]
 [2024-04-03 09:21:11] <98924> END PYO  Laptime:[0.611sec]
 [2024-04-03 09:21:11] <98924> ===============================================================
 [2024-04-03 10:03:56] <10521> START NicepayLite PYO (V1.1B20140314(OS:Linux2.6.32-754.35.1.el6.x86_64,PHP:7.3.15))
 [2024-04-03 10:03:56] <10521> Connect to ssl://web.nicepay.co.kr:443
 [2024-04-03 10:03:56] <10521> ssl://web.nicepay.co.kr:443 Server Connect OK
 [2024-04-03 10:03:56] <10521> MSG_TO_SVR::[/lite/payProcess.jsp]
 [2024-04-03 10:03:56] <10521> TID -> [ilooda001m01012404031003572927]
 [2024-04-03 10:03:56] <10521> 3001[카드 결제 성공]
 [2024-04-03 10:03:56] <10521> END PYO  Laptime:[0.499sec]
 [2024-04-03 10:03:56] <10521> ===============================================================
 [2024-04-03 10:05:31] <29898> START NicepayLite PYO (V1.1B20140314(OS:Linux2.6.32-754.35.1.el6.x86_64,PHP:7.3.15))
 [2024-04-03 10:05:31] <29898> Connect to ssl://web.nicepay.co.kr:443
 [2024-04-03 10:05:31] <29898> ssl://web.nicepay.co.kr:443 Server Connect OK
 [2024-04-03 10:05:31] <29898> MSG_TO_SVR::[/lite/payProcess.jsp]
 [2024-04-03 10:05:33] <29898> TID -> [ilooda001m01012404031005326919]
 [2024-04-03 10:05:33] <29898> 3001[카드 결제 성공]
 [2024-04-03 10:05:33] <29898> END PYO  Laptime:[1.426sec]
 [2024-04-03 10:05:33] <29898> ===============================================================
 [2024-04-03 11:33:27] <34309> START NicepayLite PYO (V1.1B20140314(OS:Linux2.6.32-754.35.1.el6.x86_64,PHP:7.3.15))
 [2024-04-03 11:33:27] <34309> Connect to ssl://web.nicepay.co.kr:443
 [2024-04-03 11:33:27] <34309> ssl://web.nicepay.co.kr:443 Server Connect OK
 [2024-04-03 11:33:27] <34309> MSG_TO_SVR::[/lite/payProcess.jsp]
 [2024-04-03 11:33:28] <34309> TID -> [ilooda001m01012404031133279942]
 [2024-04-03 11:33:28] <34309> 3001[카드 결제 성공]
 [2024-04-03 11:33:28] <34309> END PYO  Laptime:[1.069sec]
 [2024-04-03 11:33:28] <34309> ===============================================================
 [2024-04-03 11:40:40] <92135> START NicepayLite PYO (V1.1B20140314(OS:Linux2.6.32-754.35.1.el6.x86_64,PHP:7.3.15))
 [2024-04-03 11:40:40] <92135> Connect to ssl://web.nicepay.co.kr:443
 [2024-04-03 11:40:40] <92135> ssl://web.nicepay.co.kr:443 Server Connect OK
 [2024-04-03 11:40:40] <92135> MSG_TO_SVR::[/lite/payProcess.jsp]
 [2024-04-03 11:40:41] <92135> TID -> [ilooda001m01012404031140414038]
 [2024-04-03 11:40:41] <92135> 3001[카드 결제 성공]
 [2024-04-03 11:40:41] <92135> END PYO  Laptime:[0.691sec]
 [2024-04-03 11:40:41] <92135> ===============================================================
 [2024-04-03 14:44:33] <16261> START NicepayLite PYO (V1.1B20140314(OS:Linux2.6.32-754.35.1.el6.x86_64,PHP:7.3.15))
 [2024-04-03 14:44:33] <16261> Connect to ssl://web.nicepay.co.kr:443
 [2024-04-03 14:44:33] <16261> ssl://web.nicepay.co.kr:443 Server Connect OK
 [2024-04-03 14:44:33] <16261> MSG_TO_SVR::[/lite/payProcess.jsp]
 [2024-04-03 14:44:34] <16261> TID -> [ilooda001m01012404031444343784]
 [2024-04-03 14:44:34] <16261> 3001[카드 결제 성공]
 [2024-04-03 14:44:34] <16261> END PYO  Laptime:[0.77sec]
 [2024-04-03 14:44:34] <16261> ===============================================================
 [2024-04-03 16:05:27] <106249> START NicepayLite PYO (V1.1B20140314(OS:Linux2.6.32-754.35.1.el6.x86_64,PHP:7.3.15))
 [2024-04-03 16:05:27] <106249> Connect to ssl://web.nicepay.co.kr:443
 [2024-04-03 16:05:27] <106249> ssl://web.nicepay.co.kr:443 Server Connect OK
 [2024-04-03 16:05:27] <106249> MSG_TO_SVR::[/lite/payProcess.jsp]
 [2024-04-03 16:05:28] <106249> TID -> [ilooda001m01012404031605287458]
 [2024-04-03 16:05:28] <106249> 3001[카드 결제 성공]
 [2024-04-03 16:05:28] <106249> END PYO  Laptime:[0.677sec]
 [2024-04-03 16:05:28] <106249> ===============================================================
 [2024-04-03 17:42:46] <27523> START NicepayLite PYO (V1.1B20140314(OS:Linux2.6.32-754.35.1.el6.x86_64,PHP:7.3.15))
 [2024-04-03 17:42:46] <27523> Connect to ssl://web.nicepay.co.kr:443
 [2024-04-03 17:42:46] <27523> ssl://web.nicepay.co.kr:443 Server Connect OK
 [2024-04-03 17:42:46] <27523> MSG_TO_SVR::[/lite/payProcess.jsp]
 [2024-04-03 17:42:46] <27523> TID -> [ilooda001m01012404031742475166]
 [2024-04-03 17:42:46] <27523> 3001[카드 결제 성공]
 [2024-04-03 17:42:46] <27523> END PYO  Laptime:[0.358sec]
 [2024-04-03 17:42:46] <27523> ===============================================================
 [2024-04-03 17:43:48] <35734> START NicepayLite PYO (V1.1B20140314(OS:Linux2.6.32-754.35.1.el6.x86_64,PHP:7.3.15))
 [2024-04-03 17:43:48] <35734> Connect to ssl://web.nicepay.co.kr:443
 [2024-04-03 17:43:48] <35734> ssl://web.nicepay.co.kr:443 Server Connect OK
 [2024-04-03 17:43:48] <35734> MSG_TO_SVR::[/lite/payProcess.jsp]
 [2024-04-03 17:43:49] <35734> TID -> [ilooda001m01012404031743495171]
 [2024-04-03 17:43:49] <35734> 3001[카드 결제 성공]
 [2024-04-03 17:43:49] <35734> END PYO  Laptime:[0.771sec]
 [2024-04-03 17:43:49] <35734> ===============================================================
 [2024-04-03 18:31:25] <141095> START NicepayLite PYO (V1.1B20140314(OS:Linux2.6.32-754.35.1.el6.x86_64,PHP:7.3.15))
 [2024-04-03 18:31:25] <141095> Connect to ssl://web.nicepay.co.kr:443
 [2024-04-03 18:31:25] <141095> ssl://web.nicepay.co.kr:443 Server Connect OK
 [2024-04-03 18:31:25] <141095> MSG_TO_SVR::[/lite/payProcess.jsp]
 [2024-04-03 18:31:25] <141095> TID -> [ilooda001m01012404031831262706]
 [2024-04-03 18:31:25] <141095> 3001[카드 결제 성공]
 [2024-04-03 18:31:25] <141095> END PYO  Laptime:[0.57sec]
 [2024-04-03 18:31:25] <141095> ===============================================================
 [2024-04-03 21:50:05] <39790> START NicepayLite PYO (V1.1B20140314(OS:Linux2.6.32-754.35.1.el6.x86_64,PHP:7.3.15))
 [2024-04-03 21:50:05] <39790> Connect to ssl://web.nicepay.co.kr:443
 [2024-04-03 21:50:05] <39790> ssl://web.nicepay.co.kr:443 Server Connect OK
 [2024-04-03 21:50:05] <39790> MSG_TO_SVR::[/lite/payProcess.jsp]
 [2024-04-03 21:50:07] <39790> TID -> [ilooda001m01012404032150070773]
 [2024-04-03 21:50:07] <39790> 3001[카드 결제 성공]
 [2024-04-03 21:50:07] <39790> END PYO  Laptime:[1.471sec]
 [2024-04-03 21:50:07] <39790> ===============================================================
